[2025-07-16T01:47:23.526-0700] {processor.py:157} INFO - Started process (PID=84805) to work on /Volumes/Personal Drive/GitHub/gdpr-ccpa-risk-pipeline/venv/lib/python3.11/site-packages/airflow/example_dags/example_setup_teardown.py
[2025-07-16T01:47:23.527-0700] {processor.py:829} INFO - Processing file /Volumes/Personal Drive/GitHub/gdpr-ccpa-risk-pipeline/venv/lib/python3.11/site-packages/airflow/example_dags/example_setup_teardown.py for tasks to queue
[2025-07-16T01:47:23.527-0700] {logging_mixin.py:151} INFO - [2025-07-16T01:47:23.527-0700] {dagbag.py:539} INFO - Filling up the DagBag from /Volumes/Personal Drive/GitHub/gdpr-ccpa-risk-pipeline/venv/lib/python3.11/site-packages/airflow/example_dags/example_setup_teardown.py
[2025-07-16T01:47:23.618-0700] {processor.py:839} INFO - DAG(s) dict_keys(['example_setup_teardown']) retrieved from /Volumes/Personal Drive/GitHub/gdpr-ccpa-risk-pipeline/venv/lib/python3.11/site-packages/airflow/example_dags/example_setup_teardown.py
[2025-07-16T01:47:23.787-0700] {logging_mixin.py:151} INFO - [2025-07-16T01:47:23.786-0700] {dag.py:2915} INFO - Sync 1 DAGs
[2025-07-16T01:47:23.803-0700] {logging_mixin.py:151} INFO - [2025-07-16T01:47:23.803-0700] {dag.py:3696} INFO - Setting next_dagrun for example_setup_teardown to 2025-07-15T08:47:23.803706+00:00, run_after=2025-07-16T08:47:23.803706+00:00
[2025-07-16T01:47:23.838-0700] {processor.py:179} INFO - Processing /Volumes/Personal Drive/GitHub/gdpr-ccpa-risk-pipeline/venv/lib/python3.11/site-packages/airflow/example_dags/example_setup_teardown.py took 0.313 seconds
[2025-07-16T01:49:59.516-0700] {processor.py:157} INFO - Started process (PID=84926) to work on /Volumes/Personal Drive/GitHub/gdpr-ccpa-risk-pipeline/venv/lib/python3.11/site-packages/airflow/example_dags/example_setup_teardown.py
[2025-07-16T01:49:59.528-0700] {processor.py:829} INFO - Processing file /Volumes/Personal Drive/GitHub/gdpr-ccpa-risk-pipeline/venv/lib/python3.11/site-packages/airflow/example_dags/example_setup_teardown.py for tasks to queue
[2025-07-16T01:49:59.529-0700] {logging_mixin.py:151} INFO - [2025-07-16T01:49:59.529-0700] {dagbag.py:539} INFO - Filling up the DagBag from /Volumes/Personal Drive/GitHub/gdpr-ccpa-risk-pipeline/venv/lib/python3.11/site-packages/airflow/example_dags/example_setup_teardown.py
[2025-07-16T01:49:59.562-0700] {processor.py:839} INFO - DAG(s) dict_keys(['example_setup_teardown']) retrieved from /Volumes/Personal Drive/GitHub/gdpr-ccpa-risk-pipeline/venv/lib/python3.11/site-packages/airflow/example_dags/example_setup_teardown.py
[2025-07-16T01:49:59.761-0700] {logging_mixin.py:151} INFO - [2025-07-16T01:49:59.761-0700] {dag.py:2915} INFO - Sync 1 DAGs
[2025-07-16T01:49:59.777-0700] {logging_mixin.py:151} INFO - [2025-07-16T01:49:59.777-0700] {dag.py:3696} INFO - Setting next_dagrun for example_setup_teardown to 2025-07-15T08:49:59.777439+00:00, run_after=2025-07-16T08:49:59.777439+00:00
[2025-07-16T01:49:59.795-0700] {processor.py:179} INFO - Processing /Volumes/Personal Drive/GitHub/gdpr-ccpa-risk-pipeline/venv/lib/python3.11/site-packages/airflow/example_dags/example_setup_teardown.py took 0.283 seconds
[2025-07-16T01:52:04.434-0700] {processor.py:157} INFO - Started process (PID=85021) to work on /Volumes/Personal Drive/GitHub/gdpr-ccpa-risk-pipeline/venv/lib/python3.11/site-packages/airflow/example_dags/example_setup_teardown.py
[2025-07-16T01:52:04.434-0700] {processor.py:829} INFO - Processing file /Volumes/Personal Drive/GitHub/gdpr-ccpa-risk-pipeline/venv/lib/python3.11/site-packages/airflow/example_dags/example_setup_teardown.py for tasks to queue
[2025-07-16T01:52:04.435-0700] {logging_mixin.py:151} INFO - [2025-07-16T01:52:04.435-0700] {dagbag.py:539} INFO - Filling up the DagBag from /Volumes/Personal Drive/GitHub/gdpr-ccpa-risk-pipeline/venv/lib/python3.11/site-packages/airflow/example_dags/example_setup_teardown.py
[2025-07-16T01:52:04.485-0700] {processor.py:839} INFO - DAG(s) dict_keys(['example_setup_teardown']) retrieved from /Volumes/Personal Drive/GitHub/gdpr-ccpa-risk-pipeline/venv/lib/python3.11/site-packages/airflow/example_dags/example_setup_teardown.py
[2025-07-16T01:52:04.676-0700] {logging_mixin.py:151} INFO - [2025-07-16T01:52:04.676-0700] {dag.py:2915} INFO - Sync 1 DAGs
[2025-07-16T01:52:04.691-0700] {logging_mixin.py:151} INFO - [2025-07-16T01:52:04.691-0700] {dag.py:3696} INFO - Setting next_dagrun for example_setup_teardown to 2025-07-15T08:52:04.691050+00:00, run_after=2025-07-16T08:52:04.691050+00:00
[2025-07-16T01:52:04.744-0700] {processor.py:179} INFO - Processing /Volumes/Personal Drive/GitHub/gdpr-ccpa-risk-pipeline/venv/lib/python3.11/site-packages/airflow/example_dags/example_setup_teardown.py took 0.312 seconds
[2025-07-16T01:54:05.926-0700] {processor.py:157} INFO - Started process (PID=85121) to work on /Volumes/Personal Drive/GitHub/gdpr-ccpa-risk-pipeline/venv/lib/python3.11/site-packages/airflow/example_dags/example_setup_teardown.py
[2025-07-16T01:54:05.926-0700] {processor.py:829} INFO - Processing file /Volumes/Personal Drive/GitHub/gdpr-ccpa-risk-pipeline/venv/lib/python3.11/site-packages/airflow/example_dags/example_setup_teardown.py for tasks to queue
[2025-07-16T01:54:05.927-0700] {logging_mixin.py:151} INFO - [2025-07-16T01:54:05.927-0700] {dagbag.py:539} INFO - Filling up the DagBag from /Volumes/Personal Drive/GitHub/gdpr-ccpa-risk-pipeline/venv/lib/python3.11/site-packages/airflow/example_dags/example_setup_teardown.py
[2025-07-16T01:54:05.967-0700] {processor.py:839} INFO - DAG(s) dict_keys(['example_setup_teardown']) retrieved from /Volumes/Personal Drive/GitHub/gdpr-ccpa-risk-pipeline/venv/lib/python3.11/site-packages/airflow/example_dags/example_setup_teardown.py
[2025-07-16T01:54:06.167-0700] {logging_mixin.py:151} INFO - [2025-07-16T01:54:06.167-0700] {dag.py:2915} INFO - Sync 1 DAGs
[2025-07-16T01:54:06.187-0700] {logging_mixin.py:151} INFO - [2025-07-16T01:54:06.186-0700] {dag.py:3696} INFO - Setting next_dagrun for example_setup_teardown to 2025-07-15T08:54:06.186465+00:00, run_after=2025-07-16T08:54:06.186465+00:00
[2025-07-16T01:54:06.207-0700] {processor.py:179} INFO - Processing /Volumes/Personal Drive/GitHub/gdpr-ccpa-risk-pipeline/venv/lib/python3.11/site-packages/airflow/example_dags/example_setup_teardown.py took 0.290 seconds
[2025-07-16T01:56:19.586-0700] {processor.py:157} INFO - Started process (PID=85233) to work on /Volumes/Personal Drive/GitHub/gdpr-ccpa-risk-pipeline/venv/lib/python3.11/site-packages/airflow/example_dags/example_setup_teardown.py
[2025-07-16T01:56:19.597-0700] {processor.py:829} INFO - Processing file /Volumes/Personal Drive/GitHub/gdpr-ccpa-risk-pipeline/venv/lib/python3.11/site-packages/airflow/example_dags/example_setup_teardown.py for tasks to queue
[2025-07-16T01:56:19.597-0700] {logging_mixin.py:151} INFO - [2025-07-16T01:56:19.597-0700] {dagbag.py:539} INFO - Filling up the DagBag from /Volumes/Personal Drive/GitHub/gdpr-ccpa-risk-pipeline/venv/lib/python3.11/site-packages/airflow/example_dags/example_setup_teardown.py
[2025-07-16T01:56:19.655-0700] {processor.py:839} INFO - DAG(s) dict_keys(['example_setup_teardown']) retrieved from /Volumes/Personal Drive/GitHub/gdpr-ccpa-risk-pipeline/venv/lib/python3.11/site-packages/airflow/example_dags/example_setup_teardown.py
[2025-07-16T01:56:19.940-0700] {logging_mixin.py:151} INFO - [2025-07-16T01:56:19.940-0700] {dag.py:2915} INFO - Sync 1 DAGs
[2025-07-16T01:56:19.970-0700] {logging_mixin.py:151} INFO - [2025-07-16T01:56:19.969-0700] {dag.py:3696} INFO - Setting next_dagrun for example_setup_teardown to 2025-07-15T08:56:19.969791+00:00, run_after=2025-07-16T08:56:19.969791+00:00
[2025-07-16T01:56:20.008-0700] {processor.py:179} INFO - Processing /Volumes/Personal Drive/GitHub/gdpr-ccpa-risk-pipeline/venv/lib/python3.11/site-packages/airflow/example_dags/example_setup_teardown.py took 0.425 seconds
[2025-07-16T01:59:07.747-0700] {processor.py:157} INFO - Started process (PID=85366) to work on /Volumes/Personal Drive/GitHub/gdpr-ccpa-risk-pipeline/venv/lib/python3.11/site-packages/airflow/example_dags/example_setup_teardown.py
[2025-07-16T01:59:07.751-0700] {processor.py:829} INFO - Processing file /Volumes/Personal Drive/GitHub/gdpr-ccpa-risk-pipeline/venv/lib/python3.11/site-packages/airflow/example_dags/example_setup_teardown.py for tasks to queue
[2025-07-16T01:59:07.752-0700] {logging_mixin.py:151} INFO - [2025-07-16T01:59:07.752-0700] {dagbag.py:539} INFO - Filling up the DagBag from /Volumes/Personal Drive/GitHub/gdpr-ccpa-risk-pipeline/venv/lib/python3.11/site-packages/airflow/example_dags/example_setup_teardown.py
[2025-07-16T01:59:07.785-0700] {processor.py:839} INFO - DAG(s) dict_keys(['example_setup_teardown']) retrieved from /Volumes/Personal Drive/GitHub/gdpr-ccpa-risk-pipeline/venv/lib/python3.11/site-packages/airflow/example_dags/example_setup_teardown.py
[2025-07-16T01:59:07.992-0700] {logging_mixin.py:151} INFO - [2025-07-16T01:59:07.989-0700] {dag.py:2915} INFO - Sync 1 DAGs
[2025-07-16T01:59:08.022-0700] {logging_mixin.py:151} INFO - [2025-07-16T01:59:08.022-0700] {dag.py:3696} INFO - Setting next_dagrun for example_setup_teardown to 2025-07-15T08:59:08.022016+00:00, run_after=2025-07-16T08:59:08.022016+00:00
[2025-07-16T01:59:08.042-0700] {processor.py:179} INFO - Processing /Volumes/Personal Drive/GitHub/gdpr-ccpa-risk-pipeline/venv/lib/python3.11/site-packages/airflow/example_dags/example_setup_teardown.py took 0.296 seconds
[2025-07-16T02:01:44.055-0700] {processor.py:157} INFO - Started process (PID=85481) to work on /Volumes/Personal Drive/GitHub/gdpr-ccpa-risk-pipeline/venv/lib/python3.11/site-packages/airflow/example_dags/example_setup_teardown.py
[2025-07-16T02:01:44.068-0700] {processor.py:829} INFO - Processing file /Volumes/Personal Drive/GitHub/gdpr-ccpa-risk-pipeline/venv/lib/python3.11/site-packages/airflow/example_dags/example_setup_teardown.py for tasks to queue
[2025-07-16T02:01:44.070-0700] {logging_mixin.py:151} INFO - [2025-07-16T02:01:44.070-0700] {dagbag.py:539} INFO - Filling up the DagBag from /Volumes/Personal Drive/GitHub/gdpr-ccpa-risk-pipeline/venv/lib/python3.11/site-packages/airflow/example_dags/example_setup_teardown.py
[2025-07-16T02:01:44.249-0700] {processor.py:839} INFO - DAG(s) dict_keys(['example_setup_teardown']) retrieved from /Volumes/Personal Drive/GitHub/gdpr-ccpa-risk-pipeline/venv/lib/python3.11/site-packages/airflow/example_dags/example_setup_teardown.py
[2025-07-16T02:01:44.470-0700] {logging_mixin.py:151} INFO - [2025-07-16T02:01:44.468-0700] {dag.py:2915} INFO - Sync 1 DAGs
[2025-07-16T02:01:44.485-0700] {logging_mixin.py:151} INFO - [2025-07-16T02:01:44.485-0700] {dag.py:3696} INFO - Setting next_dagrun for example_setup_teardown to 2025-07-15T09:01:44.485663+00:00, run_after=2025-07-16T09:01:44.485663+00:00
[2025-07-16T02:01:44.507-0700] {processor.py:179} INFO - Processing /Volumes/Personal Drive/GitHub/gdpr-ccpa-risk-pipeline/venv/lib/python3.11/site-packages/airflow/example_dags/example_setup_teardown.py took 0.452 seconds
