[2025-07-16T01:47:30.086-0700] {processor.py:157} INFO - Started process (PID=84811) to work on /Volumes/Personal Drive/GitHub/gdpr-ccpa-risk-pipeline/venv/lib/python3.11/site-packages/airflow/example_dags/example_sensor_decorator.py
[2025-07-16T01:47:30.086-0700] {processor.py:829} INFO - Processing file /Volumes/Personal Drive/GitHub/gdpr-ccpa-risk-pipeline/venv/lib/python3.11/site-packages/airflow/example_dags/example_sensor_decorator.py for tasks to queue
[2025-07-16T01:47:30.087-0700] {logging_mixin.py:151} INFO - [2025-07-16T01:47:30.087-0700] {dagbag.py:539} INFO - Filling up the DagBag from /Volumes/Personal Drive/GitHub/gdpr-ccpa-risk-pipeline/venv/lib/python3.11/site-packages/airflow/example_dags/example_sensor_decorator.py
[2025-07-16T01:47:30.164-0700] {processor.py:839} INFO - DAG(s) dict_keys(['example_sensor_decorator']) retrieved from /Volumes/Personal Drive/GitHub/gdpr-ccpa-risk-pipeline/venv/lib/python3.11/site-packages/airflow/example_dags/example_sensor_decorator.py
[2025-07-16T01:47:30.396-0700] {logging_mixin.py:151} INFO - [2025-07-16T01:47:30.395-0700] {dag.py:2915} INFO - Sync 1 DAGs
[2025-07-16T01:47:30.404-0700] {logging_mixin.py:151} INFO - [2025-07-16T01:47:30.404-0700] {dag.py:3696} INFO - Setting next_dagrun for example_sensor_decorator to None, run_after=None
[2025-07-16T01:47:30.424-0700] {processor.py:179} INFO - Processing /Volumes/Personal Drive/GitHub/gdpr-ccpa-risk-pipeline/venv/lib/python3.11/site-packages/airflow/example_dags/example_sensor_decorator.py took 0.339 seconds
[2025-07-16T01:50:05.750-0700] {processor.py:157} INFO - Started process (PID=84935) to work on /Volumes/Personal Drive/GitHub/gdpr-ccpa-risk-pipeline/venv/lib/python3.11/site-packages/airflow/example_dags/example_sensor_decorator.py
[2025-07-16T01:50:05.757-0700] {processor.py:829} INFO - Processing file /Volumes/Personal Drive/GitHub/gdpr-ccpa-risk-pipeline/venv/lib/python3.11/site-packages/airflow/example_dags/example_sensor_decorator.py for tasks to queue
[2025-07-16T01:50:05.758-0700] {logging_mixin.py:151} INFO - [2025-07-16T01:50:05.758-0700] {dagbag.py:539} INFO - Filling up the DagBag from /Volumes/Personal Drive/GitHub/gdpr-ccpa-risk-pipeline/venv/lib/python3.11/site-packages/airflow/example_dags/example_sensor_decorator.py
[2025-07-16T01:50:05.819-0700] {processor.py:839} INFO - DAG(s) dict_keys(['example_sensor_decorator']) retrieved from /Volumes/Personal Drive/GitHub/gdpr-ccpa-risk-pipeline/venv/lib/python3.11/site-packages/airflow/example_dags/example_sensor_decorator.py
[2025-07-16T01:50:06.002-0700] {logging_mixin.py:151} INFO - [2025-07-16T01:50:06.000-0700] {dag.py:2915} INFO - Sync 1 DAGs
[2025-07-16T01:50:06.012-0700] {logging_mixin.py:151} INFO - [2025-07-16T01:50:06.012-0700] {dag.py:3696} INFO - Setting next_dagrun for example_sensor_decorator to None, run_after=None
[2025-07-16T01:50:06.039-0700] {processor.py:179} INFO - Processing /Volumes/Personal Drive/GitHub/gdpr-ccpa-risk-pipeline/venv/lib/python3.11/site-packages/airflow/example_dags/example_sensor_decorator.py took 0.291 seconds
[2025-07-16T01:52:11.443-0700] {processor.py:157} INFO - Started process (PID=85024) to work on /Volumes/Personal Drive/GitHub/gdpr-ccpa-risk-pipeline/venv/lib/python3.11/site-packages/airflow/example_dags/example_sensor_decorator.py
[2025-07-16T01:52:11.443-0700] {processor.py:829} INFO - Processing file /Volumes/Personal Drive/GitHub/gdpr-ccpa-risk-pipeline/venv/lib/python3.11/site-packages/airflow/example_dags/example_sensor_decorator.py for tasks to queue
[2025-07-16T01:52:11.444-0700] {logging_mixin.py:151} INFO - [2025-07-16T01:52:11.444-0700] {dagbag.py:539} INFO - Filling up the DagBag from /Volumes/Personal Drive/GitHub/gdpr-ccpa-risk-pipeline/venv/lib/python3.11/site-packages/airflow/example_dags/example_sensor_decorator.py
[2025-07-16T01:52:11.521-0700] {processor.py:839} INFO - DAG(s) dict_keys(['example_sensor_decorator']) retrieved from /Volumes/Personal Drive/GitHub/gdpr-ccpa-risk-pipeline/venv/lib/python3.11/site-packages/airflow/example_dags/example_sensor_decorator.py
[2025-07-16T01:52:11.847-0700] {logging_mixin.py:151} INFO - [2025-07-16T01:52:11.847-0700] {dag.py:2915} INFO - Sync 1 DAGs
[2025-07-16T01:52:11.855-0700] {logging_mixin.py:151} INFO - [2025-07-16T01:52:11.855-0700] {dag.py:3696} INFO - Setting next_dagrun for example_sensor_decorator to None, run_after=None
[2025-07-16T01:52:11.881-0700] {processor.py:179} INFO - Processing /Volumes/Personal Drive/GitHub/gdpr-ccpa-risk-pipeline/venv/lib/python3.11/site-packages/airflow/example_dags/example_sensor_decorator.py took 0.439 seconds
[2025-07-16T01:54:11.796-0700] {processor.py:157} INFO - Started process (PID=85123) to work on /Volumes/Personal Drive/GitHub/gdpr-ccpa-risk-pipeline/venv/lib/python3.11/site-packages/airflow/example_dags/example_sensor_decorator.py
[2025-07-16T01:54:11.809-0700] {processor.py:829} INFO - Processing file /Volumes/Personal Drive/GitHub/gdpr-ccpa-risk-pipeline/venv/lib/python3.11/site-packages/airflow/example_dags/example_sensor_decorator.py for tasks to queue
[2025-07-16T01:54:11.810-0700] {logging_mixin.py:151} INFO - [2025-07-16T01:54:11.810-0700] {dagbag.py:539} INFO - Filling up the DagBag from /Volumes/Personal Drive/GitHub/gdpr-ccpa-risk-pipeline/venv/lib/python3.11/site-packages/airflow/example_dags/example_sensor_decorator.py
[2025-07-16T01:54:11.875-0700] {processor.py:839} INFO - DAG(s) dict_keys(['example_sensor_decorator']) retrieved from /Volumes/Personal Drive/GitHub/gdpr-ccpa-risk-pipeline/venv/lib/python3.11/site-packages/airflow/example_dags/example_sensor_decorator.py
[2025-07-16T01:54:12.072-0700] {logging_mixin.py:151} INFO - [2025-07-16T01:54:12.072-0700] {dag.py:2915} INFO - Sync 1 DAGs
[2025-07-16T01:54:12.090-0700] {logging_mixin.py:151} INFO - [2025-07-16T01:54:12.090-0700] {dag.py:3696} INFO - Setting next_dagrun for example_sensor_decorator to None, run_after=None
[2025-07-16T01:54:12.106-0700] {processor.py:179} INFO - Processing /Volumes/Personal Drive/GitHub/gdpr-ccpa-risk-pipeline/venv/lib/python3.11/site-packages/airflow/example_dags/example_sensor_decorator.py took 0.311 seconds
[2025-07-16T01:56:30.742-0700] {processor.py:157} INFO - Started process (PID=85242) to work on /Volumes/Personal Drive/GitHub/gdpr-ccpa-risk-pipeline/venv/lib/python3.11/site-packages/airflow/example_dags/example_sensor_decorator.py
[2025-07-16T01:56:30.749-0700] {processor.py:829} INFO - Processing file /Volumes/Personal Drive/GitHub/gdpr-ccpa-risk-pipeline/venv/lib/python3.11/site-packages/airflow/example_dags/example_sensor_decorator.py for tasks to queue
[2025-07-16T01:56:30.751-0700] {logging_mixin.py:151} INFO - [2025-07-16T01:56:30.751-0700] {dagbag.py:539} INFO - Filling up the DagBag from /Volumes/Personal Drive/GitHub/gdpr-ccpa-risk-pipeline/venv/lib/python3.11/site-packages/airflow/example_dags/example_sensor_decorator.py
[2025-07-16T01:56:30.835-0700] {processor.py:839} INFO - DAG(s) dict_keys(['example_sensor_decorator']) retrieved from /Volumes/Personal Drive/GitHub/gdpr-ccpa-risk-pipeline/venv/lib/python3.11/site-packages/airflow/example_dags/example_sensor_decorator.py
[2025-07-16T01:56:31.162-0700] {logging_mixin.py:151} INFO - [2025-07-16T01:56:31.162-0700] {dag.py:2915} INFO - Sync 1 DAGs
[2025-07-16T01:56:31.175-0700] {logging_mixin.py:151} INFO - [2025-07-16T01:56:31.175-0700] {dag.py:3696} INFO - Setting next_dagrun for example_sensor_decorator to None, run_after=None
[2025-07-16T01:56:31.197-0700] {processor.py:179} INFO - Processing /Volumes/Personal Drive/GitHub/gdpr-ccpa-risk-pipeline/venv/lib/python3.11/site-packages/airflow/example_dags/example_sensor_decorator.py took 0.456 seconds
[2025-07-16T01:59:13.415-0700] {processor.py:157} INFO - Started process (PID=85368) to work on /Volumes/Personal Drive/GitHub/gdpr-ccpa-risk-pipeline/venv/lib/python3.11/site-packages/airflow/example_dags/example_sensor_decorator.py
[2025-07-16T01:59:13.421-0700] {processor.py:829} INFO - Processing file /Volumes/Personal Drive/GitHub/gdpr-ccpa-risk-pipeline/venv/lib/python3.11/site-packages/airflow/example_dags/example_sensor_decorator.py for tasks to queue
[2025-07-16T01:59:13.425-0700] {logging_mixin.py:151} INFO - [2025-07-16T01:59:13.425-0700] {dagbag.py:539} INFO - Filling up the DagBag from /Volumes/Personal Drive/GitHub/gdpr-ccpa-risk-pipeline/venv/lib/python3.11/site-packages/airflow/example_dags/example_sensor_decorator.py
[2025-07-16T01:59:13.513-0700] {processor.py:839} INFO - DAG(s) dict_keys(['example_sensor_decorator']) retrieved from /Volumes/Personal Drive/GitHub/gdpr-ccpa-risk-pipeline/venv/lib/python3.11/site-packages/airflow/example_dags/example_sensor_decorator.py
[2025-07-16T01:59:13.778-0700] {logging_mixin.py:151} INFO - [2025-07-16T01:59:13.777-0700] {dag.py:2915} INFO - Sync 1 DAGs
[2025-07-16T01:59:13.785-0700] {logging_mixin.py:151} INFO - [2025-07-16T01:59:13.785-0700] {dag.py:3696} INFO - Setting next_dagrun for example_sensor_decorator to None, run_after=None
[2025-07-16T01:59:13.800-0700] {processor.py:179} INFO - Processing /Volumes/Personal Drive/GitHub/gdpr-ccpa-risk-pipeline/venv/lib/python3.11/site-packages/airflow/example_dags/example_sensor_decorator.py took 0.398 seconds
[2025-07-16T02:01:51.388-0700] {processor.py:157} INFO - Started process (PID=85490) to work on /Volumes/Personal Drive/GitHub/gdpr-ccpa-risk-pipeline/venv/lib/python3.11/site-packages/airflow/example_dags/example_sensor_decorator.py
[2025-07-16T02:01:51.395-0700] {processor.py:829} INFO - Processing file /Volumes/Personal Drive/GitHub/gdpr-ccpa-risk-pipeline/venv/lib/python3.11/site-packages/airflow/example_dags/example_sensor_decorator.py for tasks to queue
[2025-07-16T02:01:51.398-0700] {logging_mixin.py:151} INFO - [2025-07-16T02:01:51.398-0700] {dagbag.py:539} INFO - Filling up the DagBag from /Volumes/Personal Drive/GitHub/gdpr-ccpa-risk-pipeline/venv/lib/python3.11/site-packages/airflow/example_dags/example_sensor_decorator.py
[2025-07-16T02:01:51.464-0700] {processor.py:839} INFO - DAG(s) dict_keys(['example_sensor_decorator']) retrieved from /Volumes/Personal Drive/GitHub/gdpr-ccpa-risk-pipeline/venv/lib/python3.11/site-packages/airflow/example_dags/example_sensor_decorator.py
[2025-07-16T02:01:51.652-0700] {logging_mixin.py:151} INFO - [2025-07-16T02:01:51.651-0700] {dag.py:2915} INFO - Sync 1 DAGs
[2025-07-16T02:01:51.660-0700] {logging_mixin.py:151} INFO - [2025-07-16T02:01:51.660-0700] {dag.py:3696} INFO - Setting next_dagrun for example_sensor_decorator to None, run_after=None
[2025-07-16T02:01:51.690-0700] {processor.py:179} INFO - Processing /Volumes/Personal Drive/GitHub/gdpr-ccpa-risk-pipeline/venv/lib/python3.11/site-packages/airflow/example_dags/example_sensor_decorator.py took 0.306 seconds
