[2025-07-16T01:47:09.507-0700] {processor.py:157} INFO - Started process (PID=84797) to work on /Volumes/Personal Drive/GitHub/gdpr-ccpa-risk-pipeline/venv/lib/python3.11/site-packages/airflow/example_dags/example_skip_dag.py
[2025-07-16T01:47:09.507-0700] {processor.py:829} INFO - Processing file /Volumes/Personal Drive/GitHub/gdpr-ccpa-risk-pipeline/venv/lib/python3.11/site-packages/airflow/example_dags/example_skip_dag.py for tasks to queue
[2025-07-16T01:47:09.508-0700] {logging_mixin.py:151} INFO - [2025-07-16T01:47:09.508-0700] {dagbag.py:539} INFO - Filling up the DagBag from /Volumes/Personal Drive/GitHub/gdpr-ccpa-risk-pipeline/venv/lib/python3.11/site-packages/airflow/example_dags/example_skip_dag.py
[2025-07-16T01:47:09.541-0700] {processor.py:839} INFO - DAG(s) dict_keys(['example_skip_dag']) retrieved from /Volumes/Personal Drive/GitHub/gdpr-ccpa-risk-pipeline/venv/lib/python3.11/site-packages/airflow/example_dags/example_skip_dag.py
[2025-07-16T01:47:09.715-0700] {logging_mixin.py:151} INFO - [2025-07-16T01:47:09.715-0700] {dag.py:2915} INFO - Sync 1 DAGs
[2025-07-16T01:47:09.730-0700] {logging_mixin.py:151} INFO - [2025-07-16T01:47:09.729-0700] {dag.py:3696} INFO - Setting next_dagrun for example_skip_dag to 2025-07-15T08:47:09.729730+00:00, run_after=2025-07-16T08:47:09.729730+00:00
[2025-07-16T01:47:09.745-0700] {processor.py:179} INFO - Processing /Volumes/Personal Drive/GitHub/gdpr-ccpa-risk-pipeline/venv/lib/python3.11/site-packages/airflow/example_dags/example_skip_dag.py took 0.254 seconds
[2025-07-16T01:49:48.629-0700] {processor.py:157} INFO - Started process (PID=84922) to work on /Volumes/Personal Drive/GitHub/gdpr-ccpa-risk-pipeline/venv/lib/python3.11/site-packages/airflow/example_dags/example_skip_dag.py
[2025-07-16T01:49:48.641-0700] {processor.py:829} INFO - Processing file /Volumes/Personal Drive/GitHub/gdpr-ccpa-risk-pipeline/venv/lib/python3.11/site-packages/airflow/example_dags/example_skip_dag.py for tasks to queue
[2025-07-16T01:49:48.642-0700] {logging_mixin.py:151} INFO - [2025-07-16T01:49:48.642-0700] {dagbag.py:539} INFO - Filling up the DagBag from /Volumes/Personal Drive/GitHub/gdpr-ccpa-risk-pipeline/venv/lib/python3.11/site-packages/airflow/example_dags/example_skip_dag.py
[2025-07-16T01:49:48.670-0700] {processor.py:839} INFO - DAG(s) dict_keys(['example_skip_dag']) retrieved from /Volumes/Personal Drive/GitHub/gdpr-ccpa-risk-pipeline/venv/lib/python3.11/site-packages/airflow/example_dags/example_skip_dag.py
[2025-07-16T01:49:48.877-0700] {logging_mixin.py:151} INFO - [2025-07-16T01:49:48.877-0700] {dag.py:2915} INFO - Sync 1 DAGs
[2025-07-16T01:49:48.921-0700] {logging_mixin.py:151} INFO - [2025-07-16T01:49:48.921-0700] {dag.py:3696} INFO - Setting next_dagrun for example_skip_dag to 2025-07-15T08:49:48.921316+00:00, run_after=2025-07-16T08:49:48.921316+00:00
[2025-07-16T01:49:48.942-0700] {processor.py:179} INFO - Processing /Volumes/Personal Drive/GitHub/gdpr-ccpa-risk-pipeline/venv/lib/python3.11/site-packages/airflow/example_dags/example_skip_dag.py took 0.316 seconds
[2025-07-16T01:51:51.659-0700] {processor.py:157} INFO - Started process (PID=85010) to work on /Volumes/Personal Drive/GitHub/gdpr-ccpa-risk-pipeline/venv/lib/python3.11/site-packages/airflow/example_dags/example_skip_dag.py
[2025-07-16T01:51:51.661-0700] {processor.py:829} INFO - Processing file /Volumes/Personal Drive/GitHub/gdpr-ccpa-risk-pipeline/venv/lib/python3.11/site-packages/airflow/example_dags/example_skip_dag.py for tasks to queue
[2025-07-16T01:51:51.661-0700] {logging_mixin.py:151} INFO - [2025-07-16T01:51:51.661-0700] {dagbag.py:539} INFO - Filling up the DagBag from /Volumes/Personal Drive/GitHub/gdpr-ccpa-risk-pipeline/venv/lib/python3.11/site-packages/airflow/example_dags/example_skip_dag.py
[2025-07-16T01:51:51.705-0700] {processor.py:839} INFO - DAG(s) dict_keys(['example_skip_dag']) retrieved from /Volumes/Personal Drive/GitHub/gdpr-ccpa-risk-pipeline/venv/lib/python3.11/site-packages/airflow/example_dags/example_skip_dag.py
[2025-07-16T01:51:52.022-0700] {logging_mixin.py:151} INFO - [2025-07-16T01:51:52.022-0700] {dag.py:2915} INFO - Sync 1 DAGs
[2025-07-16T01:51:52.046-0700] {logging_mixin.py:151} INFO - [2025-07-16T01:51:52.045-0700] {dag.py:3696} INFO - Setting next_dagrun for example_skip_dag to 2025-07-15T08:51:52.045714+00:00, run_after=2025-07-16T08:51:52.045714+00:00
[2025-07-16T01:51:52.080-0700] {processor.py:179} INFO - Processing /Volumes/Personal Drive/GitHub/gdpr-ccpa-risk-pipeline/venv/lib/python3.11/site-packages/airflow/example_dags/example_skip_dag.py took 0.421 seconds
[2025-07-16T01:53:52.721-0700] {processor.py:157} INFO - Started process (PID=85107) to work on /Volumes/Personal Drive/GitHub/gdpr-ccpa-risk-pipeline/venv/lib/python3.11/site-packages/airflow/example_dags/example_skip_dag.py
[2025-07-16T01:53:52.724-0700] {processor.py:829} INFO - Processing file /Volumes/Personal Drive/GitHub/gdpr-ccpa-risk-pipeline/venv/lib/python3.11/site-packages/airflow/example_dags/example_skip_dag.py for tasks to queue
[2025-07-16T01:53:52.726-0700] {logging_mixin.py:151} INFO - [2025-07-16T01:53:52.726-0700] {dagbag.py:539} INFO - Filling up the DagBag from /Volumes/Personal Drive/GitHub/gdpr-ccpa-risk-pipeline/venv/lib/python3.11/site-packages/airflow/example_dags/example_skip_dag.py
[2025-07-16T01:53:52.776-0700] {processor.py:839} INFO - DAG(s) dict_keys(['example_skip_dag']) retrieved from /Volumes/Personal Drive/GitHub/gdpr-ccpa-risk-pipeline/venv/lib/python3.11/site-packages/airflow/example_dags/example_skip_dag.py
[2025-07-16T01:53:52.966-0700] {logging_mixin.py:151} INFO - [2025-07-16T01:53:52.965-0700] {dag.py:2915} INFO - Sync 1 DAGs
[2025-07-16T01:53:52.989-0700] {logging_mixin.py:151} INFO - [2025-07-16T01:53:52.988-0700] {dag.py:3696} INFO - Setting next_dagrun for example_skip_dag to 2025-07-15T08:53:52.988873+00:00, run_after=2025-07-16T08:53:52.988873+00:00
[2025-07-16T01:53:53.007-0700] {processor.py:179} INFO - Processing /Volumes/Personal Drive/GitHub/gdpr-ccpa-risk-pipeline/venv/lib/python3.11/site-packages/airflow/example_dags/example_skip_dag.py took 0.288 seconds
[2025-07-16T01:56:02.560-0700] {processor.py:157} INFO - Started process (PID=85220) to work on /Volumes/Personal Drive/GitHub/gdpr-ccpa-risk-pipeline/venv/lib/python3.11/site-packages/airflow/example_dags/example_skip_dag.py
[2025-07-16T01:56:02.562-0700] {processor.py:829} INFO - Processing file /Volumes/Personal Drive/GitHub/gdpr-ccpa-risk-pipeline/venv/lib/python3.11/site-packages/airflow/example_dags/example_skip_dag.py for tasks to queue
[2025-07-16T01:56:02.564-0700] {logging_mixin.py:151} INFO - [2025-07-16T01:56:02.563-0700] {dagbag.py:539} INFO - Filling up the DagBag from /Volumes/Personal Drive/GitHub/gdpr-ccpa-risk-pipeline/venv/lib/python3.11/site-packages/airflow/example_dags/example_skip_dag.py
[2025-07-16T01:56:02.590-0700] {processor.py:839} INFO - DAG(s) dict_keys(['example_skip_dag']) retrieved from /Volumes/Personal Drive/GitHub/gdpr-ccpa-risk-pipeline/venv/lib/python3.11/site-packages/airflow/example_dags/example_skip_dag.py
[2025-07-16T01:56:02.796-0700] {logging_mixin.py:151} INFO - [2025-07-16T01:56:02.795-0700] {dag.py:2915} INFO - Sync 1 DAGs
[2025-07-16T01:56:02.811-0700] {logging_mixin.py:151} INFO - [2025-07-16T01:56:02.811-0700] {dag.py:3696} INFO - Setting next_dagrun for example_skip_dag to 2025-07-15T08:56:02.811291+00:00, run_after=2025-07-16T08:56:02.811291+00:00
[2025-07-16T01:56:02.830-0700] {processor.py:179} INFO - Processing /Volumes/Personal Drive/GitHub/gdpr-ccpa-risk-pipeline/venv/lib/python3.11/site-packages/airflow/example_dags/example_skip_dag.py took 0.274 seconds
[2025-07-16T01:58:52.064-0700] {processor.py:157} INFO - Started process (PID=85348) to work on /Volumes/Personal Drive/GitHub/gdpr-ccpa-risk-pipeline/venv/lib/python3.11/site-packages/airflow/example_dags/example_skip_dag.py
[2025-07-16T01:58:52.099-0700] {processor.py:829} INFO - Processing file /Volumes/Personal Drive/GitHub/gdpr-ccpa-risk-pipeline/venv/lib/python3.11/site-packages/airflow/example_dags/example_skip_dag.py for tasks to queue
[2025-07-16T01:58:52.106-0700] {logging_mixin.py:151} INFO - [2025-07-16T01:58:52.106-0700] {dagbag.py:539} INFO - Filling up the DagBag from /Volumes/Personal Drive/GitHub/gdpr-ccpa-risk-pipeline/venv/lib/python3.11/site-packages/airflow/example_dags/example_skip_dag.py
[2025-07-16T01:58:52.182-0700] {processor.py:839} INFO - DAG(s) dict_keys(['example_skip_dag']) retrieved from /Volumes/Personal Drive/GitHub/gdpr-ccpa-risk-pipeline/venv/lib/python3.11/site-packages/airflow/example_dags/example_skip_dag.py
[2025-07-16T01:58:52.817-0700] {logging_mixin.py:151} INFO - [2025-07-16T01:58:52.817-0700] {dag.py:2915} INFO - Sync 1 DAGs
[2025-07-16T01:58:52.848-0700] {logging_mixin.py:151} INFO - [2025-07-16T01:58:52.848-0700] {dag.py:3696} INFO - Setting next_dagrun for example_skip_dag to 2025-07-15T08:58:52.848459+00:00, run_after=2025-07-16T08:58:52.848459+00:00
[2025-07-16T01:58:52.886-0700] {processor.py:179} INFO - Processing /Volumes/Personal Drive/GitHub/gdpr-ccpa-risk-pipeline/venv/lib/python3.11/site-packages/airflow/example_dags/example_skip_dag.py took 0.834 seconds
[2025-07-16T02:01:30.902-0700] {processor.py:157} INFO - Started process (PID=85468) to work on /Volumes/Personal Drive/GitHub/gdpr-ccpa-risk-pipeline/venv/lib/python3.11/site-packages/airflow/example_dags/example_skip_dag.py
[2025-07-16T02:01:30.919-0700] {processor.py:829} INFO - Processing file /Volumes/Personal Drive/GitHub/gdpr-ccpa-risk-pipeline/venv/lib/python3.11/site-packages/airflow/example_dags/example_skip_dag.py for tasks to queue
[2025-07-16T02:01:30.921-0700] {logging_mixin.py:151} INFO - [2025-07-16T02:01:30.921-0700] {dagbag.py:539} INFO - Filling up the DagBag from /Volumes/Personal Drive/GitHub/gdpr-ccpa-risk-pipeline/venv/lib/python3.11/site-packages/airflow/example_dags/example_skip_dag.py
[2025-07-16T02:01:30.957-0700] {processor.py:839} INFO - DAG(s) dict_keys(['example_skip_dag']) retrieved from /Volumes/Personal Drive/GitHub/gdpr-ccpa-risk-pipeline/venv/lib/python3.11/site-packages/airflow/example_dags/example_skip_dag.py
[2025-07-16T02:01:31.252-0700] {logging_mixin.py:151} INFO - [2025-07-16T02:01:31.252-0700] {dag.py:2915} INFO - Sync 1 DAGs
[2025-07-16T02:01:31.277-0700] {logging_mixin.py:151} INFO - [2025-07-16T02:01:31.277-0700] {dag.py:3696} INFO - Setting next_dagrun for example_skip_dag to 2025-07-15T09:01:31.277149+00:00, run_after=2025-07-16T09:01:31.277149+00:00
[2025-07-16T02:01:31.299-0700] {processor.py:179} INFO - Processing /Volumes/Personal Drive/GitHub/gdpr-ccpa-risk-pipeline/venv/lib/python3.11/site-packages/airflow/example_dags/example_skip_dag.py took 0.407 seconds
