[2025-07-16T01:47:56.977-0700] {processor.py:157} INFO - Started process (PID=84838) to work on /Volumes/Personal Drive/GitHub/gdpr-ccpa-risk-pipeline/venv/lib/python3.11/site-packages/airflow/example_dags/example_latest_only_with_trigger.py
[2025-07-16T01:47:56.985-0700] {processor.py:829} INFO - Processing file /Volumes/Personal Drive/GitHub/gdpr-ccpa-risk-pipeline/venv/lib/python3.11/site-packages/airflow/example_dags/example_latest_only_with_trigger.py for tasks to queue
[2025-07-16T01:47:56.988-0700] {logging_mixin.py:151} INFO - [2025-07-16T01:47:56.987-0700] {dagbag.py:539} INFO - Filling up the DagBag from /Volumes/Personal Drive/GitHub/gdpr-ccpa-risk-pipeline/venv/lib/python3.11/site-packages/airflow/example_dags/example_latest_only_with_trigger.py
[2025-07-16T01:47:57.041-0700] {processor.py:839} INFO - DAG(s) dict_keys(['latest_only_with_trigger']) retrieved from /Volumes/Personal Drive/GitHub/gdpr-ccpa-risk-pipeline/venv/lib/python3.11/site-packages/airflow/example_dags/example_latest_only_with_trigger.py
[2025-07-16T01:47:57.226-0700] {logging_mixin.py:151} INFO - [2025-07-16T01:47:57.225-0700] {dag.py:2915} INFO - Sync 1 DAGs
[2025-07-16T01:47:57.246-0700] {logging_mixin.py:151} INFO - [2025-07-16T01:47:57.246-0700] {dag.py:3696} INFO - Setting next_dagrun for latest_only_with_trigger to 2025-07-16T04:47:57.246481+00:00, run_after=2025-07-16T08:47:57.246481+00:00
[2025-07-16T01:47:57.266-0700] {processor.py:179} INFO - Processing /Volumes/Personal Drive/GitHub/gdpr-ccpa-risk-pipeline/venv/lib/python3.11/site-packages/airflow/example_dags/example_latest_only_with_trigger.py took 0.289 seconds
[2025-07-16T01:50:26.254-0700] {processor.py:157} INFO - Started process (PID=84949) to work on /Volumes/Personal Drive/GitHub/gdpr-ccpa-risk-pipeline/venv/lib/python3.11/site-packages/airflow/example_dags/example_latest_only_with_trigger.py
[2025-07-16T01:50:26.256-0700] {processor.py:829} INFO - Processing file /Volumes/Personal Drive/GitHub/gdpr-ccpa-risk-pipeline/venv/lib/python3.11/site-packages/airflow/example_dags/example_latest_only_with_trigger.py for tasks to queue
[2025-07-16T01:50:26.257-0700] {logging_mixin.py:151} INFO - [2025-07-16T01:50:26.257-0700] {dagbag.py:539} INFO - Filling up the DagBag from /Volumes/Personal Drive/GitHub/gdpr-ccpa-risk-pipeline/venv/lib/python3.11/site-packages/airflow/example_dags/example_latest_only_with_trigger.py
[2025-07-16T01:50:26.298-0700] {processor.py:839} INFO - DAG(s) dict_keys(['latest_only_with_trigger']) retrieved from /Volumes/Personal Drive/GitHub/gdpr-ccpa-risk-pipeline/venv/lib/python3.11/site-packages/airflow/example_dags/example_latest_only_with_trigger.py
[2025-07-16T01:50:26.483-0700] {logging_mixin.py:151} INFO - [2025-07-16T01:50:26.483-0700] {dag.py:2915} INFO - Sync 1 DAGs
[2025-07-16T01:50:26.500-0700] {logging_mixin.py:151} INFO - [2025-07-16T01:50:26.500-0700] {dag.py:3696} INFO - Setting next_dagrun for latest_only_with_trigger to 2025-07-16T04:50:26.500210+00:00, run_after=2025-07-16T08:50:26.500210+00:00
[2025-07-16T01:50:26.525-0700] {processor.py:179} INFO - Processing /Volumes/Personal Drive/GitHub/gdpr-ccpa-risk-pipeline/venv/lib/python3.11/site-packages/airflow/example_dags/example_latest_only_with_trigger.py took 0.276 seconds
[2025-07-16T01:54:35.457-0700] {processor.py:157} INFO - Started process (PID=85148) to work on /Volumes/Personal Drive/GitHub/gdpr-ccpa-risk-pipeline/venv/lib/python3.11/site-packages/airflow/example_dags/example_latest_only_with_trigger.py
[2025-07-16T01:54:35.475-0700] {processor.py:829} INFO - Processing file /Volumes/Personal Drive/GitHub/gdpr-ccpa-risk-pipeline/venv/lib/python3.11/site-packages/airflow/example_dags/example_latest_only_with_trigger.py for tasks to queue
[2025-07-16T01:54:35.477-0700] {logging_mixin.py:151} INFO - [2025-07-16T01:54:35.477-0700] {dagbag.py:539} INFO - Filling up the DagBag from /Volumes/Personal Drive/GitHub/gdpr-ccpa-risk-pipeline/venv/lib/python3.11/site-packages/airflow/example_dags/example_latest_only_with_trigger.py
[2025-07-16T01:54:35.512-0700] {processor.py:839} INFO - DAG(s) dict_keys(['latest_only_with_trigger']) retrieved from /Volumes/Personal Drive/GitHub/gdpr-ccpa-risk-pipeline/venv/lib/python3.11/site-packages/airflow/example_dags/example_latest_only_with_trigger.py
[2025-07-16T01:54:35.696-0700] {logging_mixin.py:151} INFO - [2025-07-16T01:54:35.696-0700] {dag.py:2915} INFO - Sync 1 DAGs
[2025-07-16T01:54:35.729-0700] {logging_mixin.py:151} INFO - [2025-07-16T01:54:35.729-0700] {dag.py:3696} INFO - Setting next_dagrun for latest_only_with_trigger to 2025-07-16T04:54:35.729190+00:00, run_after=2025-07-16T08:54:35.729190+00:00
[2025-07-16T01:54:35.747-0700] {processor.py:179} INFO - Processing /Volumes/Personal Drive/GitHub/gdpr-ccpa-risk-pipeline/venv/lib/python3.11/site-packages/airflow/example_dags/example_latest_only_with_trigger.py took 0.294 seconds
[2025-07-16T01:59:41.224-0700] {processor.py:157} INFO - Started process (PID=85390) to work on /Volumes/Personal Drive/GitHub/gdpr-ccpa-risk-pipeline/venv/lib/python3.11/site-packages/airflow/example_dags/example_latest_only_with_trigger.py
[2025-07-16T01:59:41.235-0700] {processor.py:829} INFO - Processing file /Volumes/Personal Drive/GitHub/gdpr-ccpa-risk-pipeline/venv/lib/python3.11/site-packages/airflow/example_dags/example_latest_only_with_trigger.py for tasks to queue
[2025-07-16T01:59:41.236-0700] {logging_mixin.py:151} INFO - [2025-07-16T01:59:41.236-0700] {dagbag.py:539} INFO - Filling up the DagBag from /Volumes/Personal Drive/GitHub/gdpr-ccpa-risk-pipeline/venv/lib/python3.11/site-packages/airflow/example_dags/example_latest_only_with_trigger.py
[2025-07-16T01:59:41.271-0700] {processor.py:839} INFO - DAG(s) dict_keys(['latest_only_with_trigger']) retrieved from /Volumes/Personal Drive/GitHub/gdpr-ccpa-risk-pipeline/venv/lib/python3.11/site-packages/airflow/example_dags/example_latest_only_with_trigger.py
[2025-07-16T01:59:41.469-0700] {logging_mixin.py:151} INFO - [2025-07-16T01:59:41.469-0700] {dag.py:2915} INFO - Sync 1 DAGs
[2025-07-16T01:59:41.485-0700] {logging_mixin.py:151} INFO - [2025-07-16T01:59:41.485-0700] {dag.py:3696} INFO - Setting next_dagrun for latest_only_with_trigger to 2025-07-16T04:59:41.484944+00:00, run_after=2025-07-16T08:59:41.484944+00:00
[2025-07-16T01:59:41.509-0700] {processor.py:179} INFO - Processing /Volumes/Personal Drive/GitHub/gdpr-ccpa-risk-pipeline/venv/lib/python3.11/site-packages/airflow/example_dags/example_latest_only_with_trigger.py took 0.285 seconds
[2025-07-16T02:02:13.239-0700] {processor.py:157} INFO - Started process (PID=85506) to work on /Volumes/Personal Drive/GitHub/gdpr-ccpa-risk-pipeline/venv/lib/python3.11/site-packages/airflow/example_dags/example_latest_only_with_trigger.py
[2025-07-16T02:02:13.247-0700] {processor.py:829} INFO - Processing file /Volumes/Personal Drive/GitHub/gdpr-ccpa-risk-pipeline/venv/lib/python3.11/site-packages/airflow/example_dags/example_latest_only_with_trigger.py for tasks to queue
[2025-07-16T02:02:13.248-0700] {logging_mixin.py:151} INFO - [2025-07-16T02:02:13.248-0700] {dagbag.py:539} INFO - Filling up the DagBag from /Volumes/Personal Drive/GitHub/gdpr-ccpa-risk-pipeline/venv/lib/python3.11/site-packages/airflow/example_dags/example_latest_only_with_trigger.py
[2025-07-16T02:02:13.282-0700] {processor.py:839} INFO - DAG(s) dict_keys(['latest_only_with_trigger']) retrieved from /Volumes/Personal Drive/GitHub/gdpr-ccpa-risk-pipeline/venv/lib/python3.11/site-packages/airflow/example_dags/example_latest_only_with_trigger.py
[2025-07-16T02:02:13.470-0700] {logging_mixin.py:151} INFO - [2025-07-16T02:02:13.469-0700] {dag.py:2915} INFO - Sync 1 DAGs
[2025-07-16T02:02:13.511-0700] {logging_mixin.py:151} INFO - [2025-07-16T02:02:13.510-0700] {dag.py:3696} INFO - Setting next_dagrun for latest_only_with_trigger to 2025-07-16T05:02:13.510476+00:00, run_after=2025-07-16T09:02:13.510476+00:00
[2025-07-16T02:02:13.531-0700] {processor.py:179} INFO - Processing /Volumes/Personal Drive/GitHub/gdpr-ccpa-risk-pipeline/venv/lib/python3.11/site-packages/airflow/example_dags/example_latest_only_with_trigger.py took 0.294 seconds
