[2025-07-16T01:46:54.929-0700] {processor.py:157} INFO - Started process (PID=84786) to work on /Volumes/Personal Drive/GitHub/gdpr-ccpa-risk-pipeline/venv/lib/python3.11/site-packages/airflow/example_dags/example_task_group_decorator.py
[2025-07-16T01:46:54.930-0700] {processor.py:829} INFO - Processing file /Volumes/Personal Drive/GitHub/gdpr-ccpa-risk-pipeline/venv/lib/python3.11/site-packages/airflow/example_dags/example_task_group_decorator.py for tasks to queue
[2025-07-16T01:46:54.931-0700] {logging_mixin.py:151} INFO - [2025-07-16T01:46:54.930-0700] {dagbag.py:539} INFO - Filling up the DagBag from /Volumes/Personal Drive/GitHub/gdpr-ccpa-risk-pipeline/venv/lib/python3.11/site-packages/airflow/example_dags/example_task_group_decorator.py
[2025-07-16T01:46:55.062-0700] {processor.py:839} INFO - DAG(s) dict_keys(['example_task_group_decorator']) retrieved from /Volumes/Personal Drive/GitHub/gdpr-ccpa-risk-pipeline/venv/lib/python3.11/site-packages/airflow/example_dags/example_task_group_decorator.py
[2025-07-16T01:46:55.385-0700] {logging_mixin.py:151} INFO - [2025-07-16T01:46:55.385-0700] {dag.py:2915} INFO - Sync 1 DAGs
[2025-07-16T01:46:55.406-0700] {logging_mixin.py:151} INFO - [2025-07-16T01:46:55.406-0700] {dag.py:3696} INFO - Setting next_dagrun for example_task_group_decorator to 2025-07-15T08:46:55.405921+00:00, run_after=2025-07-16T08:46:55.405921+00:00
[2025-07-16T01:46:55.431-0700] {processor.py:179} INFO - Processing /Volumes/Personal Drive/GitHub/gdpr-ccpa-risk-pipeline/venv/lib/python3.11/site-packages/airflow/example_dags/example_task_group_decorator.py took 0.504 seconds
[2025-07-16T01:49:36.498-0700] {processor.py:157} INFO - Started process (PID=84911) to work on /Volumes/Personal Drive/GitHub/gdpr-ccpa-risk-pipeline/venv/lib/python3.11/site-packages/airflow/example_dags/example_task_group_decorator.py
[2025-07-16T01:49:36.515-0700] {processor.py:829} INFO - Processing file /Volumes/Personal Drive/GitHub/gdpr-ccpa-risk-pipeline/venv/lib/python3.11/site-packages/airflow/example_dags/example_task_group_decorator.py for tasks to queue
[2025-07-16T01:49:36.515-0700] {logging_mixin.py:151} INFO - [2025-07-16T01:49:36.515-0700] {dagbag.py:539} INFO - Filling up the DagBag from /Volumes/Personal Drive/GitHub/gdpr-ccpa-risk-pipeline/venv/lib/python3.11/site-packages/airflow/example_dags/example_task_group_decorator.py
[2025-07-16T01:49:36.578-0700] {processor.py:839} INFO - DAG(s) dict_keys(['example_task_group_decorator']) retrieved from /Volumes/Personal Drive/GitHub/gdpr-ccpa-risk-pipeline/venv/lib/python3.11/site-packages/airflow/example_dags/example_task_group_decorator.py
[2025-07-16T01:49:36.786-0700] {logging_mixin.py:151} INFO - [2025-07-16T01:49:36.785-0700] {dag.py:2915} INFO - Sync 1 DAGs
[2025-07-16T01:49:36.802-0700] {logging_mixin.py:151} INFO - [2025-07-16T01:49:36.802-0700] {dag.py:3696} INFO - Setting next_dagrun for example_task_group_decorator to 2025-07-15T08:49:36.802467+00:00, run_after=2025-07-16T08:49:36.802467+00:00
[2025-07-16T01:49:36.819-0700] {processor.py:179} INFO - Processing /Volumes/Personal Drive/GitHub/gdpr-ccpa-risk-pipeline/venv/lib/python3.11/site-packages/airflow/example_dags/example_task_group_decorator.py took 0.322 seconds
[2025-07-16T01:51:37.262-0700] {processor.py:157} INFO - Started process (PID=84999) to work on /Volumes/Personal Drive/GitHub/gdpr-ccpa-risk-pipeline/venv/lib/python3.11/site-packages/airflow/example_dags/example_task_group_decorator.py
[2025-07-16T01:51:37.280-0700] {processor.py:829} INFO - Processing file /Volumes/Personal Drive/GitHub/gdpr-ccpa-risk-pipeline/venv/lib/python3.11/site-packages/airflow/example_dags/example_task_group_decorator.py for tasks to queue
[2025-07-16T01:51:37.281-0700] {logging_mixin.py:151} INFO - [2025-07-16T01:51:37.280-0700] {dagbag.py:539} INFO - Filling up the DagBag from /Volumes/Personal Drive/GitHub/gdpr-ccpa-risk-pipeline/venv/lib/python3.11/site-packages/airflow/example_dags/example_task_group_decorator.py
[2025-07-16T01:51:37.790-0700] {processor.py:839} INFO - DAG(s) dict_keys(['example_task_group_decorator']) retrieved from /Volumes/Personal Drive/GitHub/gdpr-ccpa-risk-pipeline/venv/lib/python3.11/site-packages/airflow/example_dags/example_task_group_decorator.py
[2025-07-16T01:51:38.122-0700] {logging_mixin.py:151} INFO - [2025-07-16T01:51:38.122-0700] {dag.py:2915} INFO - Sync 1 DAGs
[2025-07-16T01:51:38.247-0700] {logging_mixin.py:151} INFO - [2025-07-16T01:51:38.247-0700] {dag.py:3696} INFO - Setting next_dagrun for example_task_group_decorator to 2025-07-15T08:51:38.247452+00:00, run_after=2025-07-16T08:51:38.247452+00:00
[2025-07-16T01:51:38.277-0700] {processor.py:179} INFO - Processing /Volumes/Personal Drive/GitHub/gdpr-ccpa-risk-pipeline/venv/lib/python3.11/site-packages/airflow/example_dags/example_task_group_decorator.py took 1.029 seconds
[2025-07-16T01:53:39.781-0700] {processor.py:157} INFO - Started process (PID=85095) to work on /Volumes/Personal Drive/GitHub/gdpr-ccpa-risk-pipeline/venv/lib/python3.11/site-packages/airflow/example_dags/example_task_group_decorator.py
[2025-07-16T01:53:39.782-0700] {processor.py:829} INFO - Processing file /Volumes/Personal Drive/GitHub/gdpr-ccpa-risk-pipeline/venv/lib/python3.11/site-packages/airflow/example_dags/example_task_group_decorator.py for tasks to queue
[2025-07-16T01:53:39.783-0700] {logging_mixin.py:151} INFO - [2025-07-16T01:53:39.783-0700] {dagbag.py:539} INFO - Filling up the DagBag from /Volumes/Personal Drive/GitHub/gdpr-ccpa-risk-pipeline/venv/lib/python3.11/site-packages/airflow/example_dags/example_task_group_decorator.py
[2025-07-16T01:53:39.863-0700] {processor.py:839} INFO - DAG(s) dict_keys(['example_task_group_decorator']) retrieved from /Volumes/Personal Drive/GitHub/gdpr-ccpa-risk-pipeline/venv/lib/python3.11/site-packages/airflow/example_dags/example_task_group_decorator.py
[2025-07-16T01:53:40.056-0700] {logging_mixin.py:151} INFO - [2025-07-16T01:53:40.056-0700] {dag.py:2915} INFO - Sync 1 DAGs
[2025-07-16T01:53:40.071-0700] {logging_mixin.py:151} INFO - [2025-07-16T01:53:40.071-0700] {dag.py:3696} INFO - Setting next_dagrun for example_task_group_decorator to 2025-07-15T08:53:40.071434+00:00, run_after=2025-07-16T08:53:40.071434+00:00
[2025-07-16T01:53:40.122-0700] {processor.py:179} INFO - Processing /Volumes/Personal Drive/GitHub/gdpr-ccpa-risk-pipeline/venv/lib/python3.11/site-packages/airflow/example_dags/example_task_group_decorator.py took 0.343 seconds
[2025-07-16T01:55:45.494-0700] {processor.py:157} INFO - Started process (PID=85205) to work on /Volumes/Personal Drive/GitHub/gdpr-ccpa-risk-pipeline/venv/lib/python3.11/site-packages/airflow/example_dags/example_task_group_decorator.py
[2025-07-16T01:55:45.495-0700] {processor.py:829} INFO - Processing file /Volumes/Personal Drive/GitHub/gdpr-ccpa-risk-pipeline/venv/lib/python3.11/site-packages/airflow/example_dags/example_task_group_decorator.py for tasks to queue
[2025-07-16T01:55:45.498-0700] {logging_mixin.py:151} INFO - [2025-07-16T01:55:45.498-0700] {dagbag.py:539} INFO - Filling up the DagBag from /Volumes/Personal Drive/GitHub/gdpr-ccpa-risk-pipeline/venv/lib/python3.11/site-packages/airflow/example_dags/example_task_group_decorator.py
[2025-07-16T01:55:45.603-0700] {processor.py:839} INFO - DAG(s) dict_keys(['example_task_group_decorator']) retrieved from /Volumes/Personal Drive/GitHub/gdpr-ccpa-risk-pipeline/venv/lib/python3.11/site-packages/airflow/example_dags/example_task_group_decorator.py
[2025-07-16T01:55:45.804-0700] {logging_mixin.py:151} INFO - [2025-07-16T01:55:45.804-0700] {dag.py:2915} INFO - Sync 1 DAGs
[2025-07-16T01:55:45.828-0700] {logging_mixin.py:151} INFO - [2025-07-16T01:55:45.827-0700] {dag.py:3696} INFO - Setting next_dagrun for example_task_group_decorator to 2025-07-15T08:55:45.827833+00:00, run_after=2025-07-16T08:55:45.827833+00:00
[2025-07-16T01:55:45.907-0700] {processor.py:179} INFO - Processing /Volumes/Personal Drive/GitHub/gdpr-ccpa-risk-pipeline/venv/lib/python3.11/site-packages/airflow/example_dags/example_task_group_decorator.py took 0.443 seconds
[2025-07-16T01:58:14.590-0700] {processor.py:157} INFO - Started process (PID=85318) to work on /Volumes/Personal Drive/GitHub/gdpr-ccpa-risk-pipeline/venv/lib/python3.11/site-packages/airflow/example_dags/example_task_group_decorator.py
[2025-07-16T01:58:14.591-0700] {processor.py:829} INFO - Processing file /Volumes/Personal Drive/GitHub/gdpr-ccpa-risk-pipeline/venv/lib/python3.11/site-packages/airflow/example_dags/example_task_group_decorator.py for tasks to queue
[2025-07-16T01:58:14.594-0700] {logging_mixin.py:151} INFO - [2025-07-16T01:58:14.593-0700] {dagbag.py:539} INFO - Filling up the DagBag from /Volumes/Personal Drive/GitHub/gdpr-ccpa-risk-pipeline/venv/lib/python3.11/site-packages/airflow/example_dags/example_task_group_decorator.py
[2025-07-16T01:58:14.672-0700] {processor.py:839} INFO - DAG(s) dict_keys(['example_task_group_decorator']) retrieved from /Volumes/Personal Drive/GitHub/gdpr-ccpa-risk-pipeline/venv/lib/python3.11/site-packages/airflow/example_dags/example_task_group_decorator.py
[2025-07-16T01:58:15.077-0700] {logging_mixin.py:151} INFO - [2025-07-16T01:58:15.074-0700] {dag.py:2915} INFO - Sync 1 DAGs
[2025-07-16T01:58:15.095-0700] {logging_mixin.py:151} INFO - [2025-07-16T01:58:15.095-0700] {dag.py:3696} INFO - Setting next_dagrun for example_task_group_decorator to 2025-07-15T08:58:15.095341+00:00, run_after=2025-07-16T08:58:15.095341+00:00
[2025-07-16T01:58:15.127-0700] {processor.py:179} INFO - Processing /Volumes/Personal Drive/GitHub/gdpr-ccpa-risk-pipeline/venv/lib/python3.11/site-packages/airflow/example_dags/example_task_group_decorator.py took 0.538 seconds
[2025-07-16T02:01:15.078-0700] {processor.py:157} INFO - Started process (PID=85457) to work on /Volumes/Personal Drive/GitHub/gdpr-ccpa-risk-pipeline/venv/lib/python3.11/site-packages/airflow/example_dags/example_task_group_decorator.py
[2025-07-16T02:01:15.081-0700] {processor.py:829} INFO - Processing file /Volumes/Personal Drive/GitHub/gdpr-ccpa-risk-pipeline/venv/lib/python3.11/site-packages/airflow/example_dags/example_task_group_decorator.py for tasks to queue
[2025-07-16T02:01:15.086-0700] {logging_mixin.py:151} INFO - [2025-07-16T02:01:15.085-0700] {dagbag.py:539} INFO - Filling up the DagBag from /Volumes/Personal Drive/GitHub/gdpr-ccpa-risk-pipeline/venv/lib/python3.11/site-packages/airflow/example_dags/example_task_group_decorator.py
[2025-07-16T02:01:15.306-0700] {processor.py:839} INFO - DAG(s) dict_keys(['example_task_group_decorator']) retrieved from /Volumes/Personal Drive/GitHub/gdpr-ccpa-risk-pipeline/venv/lib/python3.11/site-packages/airflow/example_dags/example_task_group_decorator.py
[2025-07-16T02:01:15.772-0700] {logging_mixin.py:151} INFO - [2025-07-16T02:01:15.771-0700] {dag.py:2915} INFO - Sync 1 DAGs
[2025-07-16T02:01:15.807-0700] {logging_mixin.py:151} INFO - [2025-07-16T02:01:15.805-0700] {dag.py:3696} INFO - Setting next_dagrun for example_task_group_decorator to 2025-07-15T09:01:15.805675+00:00, run_after=2025-07-16T09:01:15.805675+00:00
[2025-07-16T02:01:15.862-0700] {processor.py:179} INFO - Processing /Volumes/Personal Drive/GitHub/gdpr-ccpa-risk-pipeline/venv/lib/python3.11/site-packages/airflow/example_dags/example_task_group_decorator.py took 0.794 seconds
