[2025-07-16T01:48:18.119-0700] {processor.py:157} INFO - Started process (PID=84850) to work on /Volumes/Personal Drive/GitHub/gdpr-ccpa-risk-pipeline/venv/lib/python3.11/site-packages/airflow/example_dags/example_dynamic_task_mapping.py
[2025-07-16T01:48:18.125-0700] {processor.py:829} INFO - Processing file /Volumes/Personal Drive/GitHub/gdpr-ccpa-risk-pipeline/venv/lib/python3.11/site-packages/airflow/example_dags/example_dynamic_task_mapping.py for tasks to queue
[2025-07-16T01:48:18.126-0700] {logging_mixin.py:151} INFO - [2025-07-16T01:48:18.126-0700] {dagbag.py:539} INFO - Filling up the DagBag from /Volumes/Personal Drive/GitHub/gdpr-ccpa-risk-pipeline/venv/lib/python3.11/site-packages/airflow/example_dags/example_dynamic_task_mapping.py
[2025-07-16T01:48:18.190-0700] {processor.py:839} INFO - DAG(s) dict_keys(['example_dynamic_task_mapping']) retrieved from /Volumes/Personal Drive/GitHub/gdpr-ccpa-risk-pipeline/venv/lib/python3.11/site-packages/airflow/example_dags/example_dynamic_task_mapping.py
[2025-07-16T01:48:18.397-0700] {logging_mixin.py:151} INFO - [2025-07-16T01:48:18.396-0700] {dag.py:2915} INFO - Sync 1 DAGs
[2025-07-16T01:48:18.453-0700] {logging_mixin.py:151} INFO - [2025-07-16T01:48:18.453-0700] {dag.py:3696} INFO - Setting next_dagrun for example_dynamic_task_mapping to 2022-03-04T00:00:00+00:00, run_after=2022-03-05T00:00:00+00:00
[2025-07-16T01:48:18.468-0700] {processor.py:179} INFO - Processing /Volumes/Personal Drive/GitHub/gdpr-ccpa-risk-pipeline/venv/lib/python3.11/site-packages/airflow/example_dags/example_dynamic_task_mapping.py took 0.350 seconds
[2025-07-16T01:50:40.942-0700] {processor.py:157} INFO - Started process (PID=84961) to work on /Volumes/Personal Drive/GitHub/gdpr-ccpa-risk-pipeline/venv/lib/python3.11/site-packages/airflow/example_dags/example_dynamic_task_mapping.py
[2025-07-16T01:50:40.943-0700] {processor.py:829} INFO - Processing file /Volumes/Personal Drive/GitHub/gdpr-ccpa-risk-pipeline/venv/lib/python3.11/site-packages/airflow/example_dags/example_dynamic_task_mapping.py for tasks to queue
[2025-07-16T01:50:40.944-0700] {logging_mixin.py:151} INFO - [2025-07-16T01:50:40.943-0700] {dagbag.py:539} INFO - Filling up the DagBag from /Volumes/Personal Drive/GitHub/gdpr-ccpa-risk-pipeline/venv/lib/python3.11/site-packages/airflow/example_dags/example_dynamic_task_mapping.py
[2025-07-16T01:50:41.015-0700] {processor.py:839} INFO - DAG(s) dict_keys(['example_dynamic_task_mapping']) retrieved from /Volumes/Personal Drive/GitHub/gdpr-ccpa-risk-pipeline/venv/lib/python3.11/site-packages/airflow/example_dags/example_dynamic_task_mapping.py
[2025-07-16T01:50:41.187-0700] {logging_mixin.py:151} INFO - [2025-07-16T01:50:41.186-0700] {dag.py:2915} INFO - Sync 1 DAGs
[2025-07-16T01:50:41.205-0700] {logging_mixin.py:151} INFO - [2025-07-16T01:50:41.205-0700] {dag.py:3696} INFO - Setting next_dagrun for example_dynamic_task_mapping to 2022-03-04T00:00:00+00:00, run_after=2022-03-05T00:00:00+00:00
[2025-07-16T01:50:41.220-0700] {processor.py:179} INFO - Processing /Volumes/Personal Drive/GitHub/gdpr-ccpa-risk-pipeline/venv/lib/python3.11/site-packages/airflow/example_dags/example_dynamic_task_mapping.py took 0.281 seconds
[2025-07-16T01:54:50.742-0700] {processor.py:157} INFO - Started process (PID=85159) to work on /Volumes/Personal Drive/GitHub/gdpr-ccpa-risk-pipeline/venv/lib/python3.11/site-packages/airflow/example_dags/example_dynamic_task_mapping.py
[2025-07-16T01:54:50.753-0700] {processor.py:829} INFO - Processing file /Volumes/Personal Drive/GitHub/gdpr-ccpa-risk-pipeline/venv/lib/python3.11/site-packages/airflow/example_dags/example_dynamic_task_mapping.py for tasks to queue
[2025-07-16T01:54:50.753-0700] {logging_mixin.py:151} INFO - [2025-07-16T01:54:50.753-0700] {dagbag.py:539} INFO - Filling up the DagBag from /Volumes/Personal Drive/GitHub/gdpr-ccpa-risk-pipeline/venv/lib/python3.11/site-packages/airflow/example_dags/example_dynamic_task_mapping.py
[2025-07-16T01:54:50.838-0700] {processor.py:839} INFO - DAG(s) dict_keys(['example_dynamic_task_mapping']) retrieved from /Volumes/Personal Drive/GitHub/gdpr-ccpa-risk-pipeline/venv/lib/python3.11/site-packages/airflow/example_dags/example_dynamic_task_mapping.py
[2025-07-16T01:54:51.045-0700] {logging_mixin.py:151} INFO - [2025-07-16T01:54:51.045-0700] {dag.py:2915} INFO - Sync 1 DAGs
[2025-07-16T01:54:51.064-0700] {logging_mixin.py:151} INFO - [2025-07-16T01:54:51.064-0700] {dag.py:3696} INFO - Setting next_dagrun for example_dynamic_task_mapping to 2022-03-04T00:00:00+00:00, run_after=2022-03-05T00:00:00+00:00
[2025-07-16T01:54:51.087-0700] {processor.py:179} INFO - Processing /Volumes/Personal Drive/GitHub/gdpr-ccpa-risk-pipeline/venv/lib/python3.11/site-packages/airflow/example_dags/example_dynamic_task_mapping.py took 0.347 seconds
[2025-07-16T01:59:59.257-0700] {processor.py:157} INFO - Started process (PID=85403) to work on /Volumes/Personal Drive/GitHub/gdpr-ccpa-risk-pipeline/venv/lib/python3.11/site-packages/airflow/example_dags/example_dynamic_task_mapping.py
[2025-07-16T01:59:59.264-0700] {processor.py:829} INFO - Processing file /Volumes/Personal Drive/GitHub/gdpr-ccpa-risk-pipeline/venv/lib/python3.11/site-packages/airflow/example_dags/example_dynamic_task_mapping.py for tasks to queue
[2025-07-16T01:59:59.265-0700] {logging_mixin.py:151} INFO - [2025-07-16T01:59:59.265-0700] {dagbag.py:539} INFO - Filling up the DagBag from /Volumes/Personal Drive/GitHub/gdpr-ccpa-risk-pipeline/venv/lib/python3.11/site-packages/airflow/example_dags/example_dynamic_task_mapping.py
[2025-07-16T01:59:59.338-0700] {processor.py:839} INFO - DAG(s) dict_keys(['example_dynamic_task_mapping']) retrieved from /Volumes/Personal Drive/GitHub/gdpr-ccpa-risk-pipeline/venv/lib/python3.11/site-packages/airflow/example_dags/example_dynamic_task_mapping.py
[2025-07-16T01:59:59.529-0700] {logging_mixin.py:151} INFO - [2025-07-16T01:59:59.529-0700] {dag.py:2915} INFO - Sync 1 DAGs
[2025-07-16T01:59:59.571-0700] {logging_mixin.py:151} INFO - [2025-07-16T01:59:59.559-0700] {dag.py:3696} INFO - Setting next_dagrun for example_dynamic_task_mapping to 2022-03-04T00:00:00+00:00, run_after=2022-03-05T00:00:00+00:00
[2025-07-16T01:59:59.594-0700] {processor.py:179} INFO - Processing /Volumes/Personal Drive/GitHub/gdpr-ccpa-risk-pipeline/venv/lib/python3.11/site-packages/airflow/example_dags/example_dynamic_task_mapping.py took 0.340 seconds
