[2025-07-16T01:48:30.441-0700] {processor.py:157} INFO - Started process (PID=84860) to work on /Volumes/Personal Drive/GitHub/gdpr-ccpa-risk-pipeline/venv/lib/python3.11/site-packages/airflow/example_dags/example_complex.py
[2025-07-16T01:48:30.447-0700] {processor.py:829} INFO - Processing file /Volumes/Personal Drive/GitHub/gdpr-ccpa-risk-pipeline/venv/lib/python3.11/site-packages/airflow/example_dags/example_complex.py for tasks to queue
[2025-07-16T01:48:30.448-0700] {logging_mixin.py:151} INFO - [2025-07-16T01:48:30.448-0700] {dagbag.py:539} INFO - Filling up the DagBag from /Volumes/Personal Drive/GitHub/gdpr-ccpa-risk-pipeline/venv/lib/python3.11/site-packages/airflow/example_dags/example_complex.py
[2025-07-16T01:48:30.485-0700] {processor.py:839} INFO - DAG(s) dict_keys(['example_complex']) retrieved from /Volumes/Personal Drive/GitHub/gdpr-ccpa-risk-pipeline/venv/lib/python3.11/site-packages/airflow/example_dags/example_complex.py
[2025-07-16T01:48:30.689-0700] {logging_mixin.py:151} INFO - [2025-07-16T01:48:30.689-0700] {dag.py:2915} INFO - Sync 1 DAGs
[2025-07-16T01:48:30.699-0700] {logging_mixin.py:151} INFO - [2025-07-16T01:48:30.699-0700] {dag.py:3696} INFO - Setting next_dagrun for example_complex to None, run_after=None
[2025-07-16T01:48:30.728-0700] {processor.py:179} INFO - Processing /Volumes/Personal Drive/GitHub/gdpr-ccpa-risk-pipeline/venv/lib/python3.11/site-packages/airflow/example_dags/example_complex.py took 0.288 seconds
[2025-07-16T01:52:33.147-0700] {processor.py:157} INFO - Started process (PID=85042) to work on /Volumes/Personal Drive/GitHub/gdpr-ccpa-risk-pipeline/venv/lib/python3.11/site-packages/airflow/example_dags/example_complex.py
[2025-07-16T01:52:33.157-0700] {processor.py:829} INFO - Processing file /Volumes/Personal Drive/GitHub/gdpr-ccpa-risk-pipeline/venv/lib/python3.11/site-packages/airflow/example_dags/example_complex.py for tasks to queue
[2025-07-16T01:52:33.158-0700] {logging_mixin.py:151} INFO - [2025-07-16T01:52:33.158-0700] {dagbag.py:539} INFO - Filling up the DagBag from /Volumes/Personal Drive/GitHub/gdpr-ccpa-risk-pipeline/venv/lib/python3.11/site-packages/airflow/example_dags/example_complex.py
[2025-07-16T01:52:33.208-0700] {processor.py:839} INFO - DAG(s) dict_keys(['example_complex']) retrieved from /Volumes/Personal Drive/GitHub/gdpr-ccpa-risk-pipeline/venv/lib/python3.11/site-packages/airflow/example_dags/example_complex.py
[2025-07-16T01:52:33.426-0700] {logging_mixin.py:151} INFO - [2025-07-16T01:52:33.425-0700] {dag.py:2915} INFO - Sync 1 DAGs
[2025-07-16T01:52:33.434-0700] {logging_mixin.py:151} INFO - [2025-07-16T01:52:33.433-0700] {dag.py:3696} INFO - Setting next_dagrun for example_complex to None, run_after=None
[2025-07-16T01:52:33.449-0700] {processor.py:179} INFO - Processing /Volumes/Personal Drive/GitHub/gdpr-ccpa-risk-pipeline/venv/lib/python3.11/site-packages/airflow/example_dags/example_complex.py took 0.303 seconds
[2025-07-16T01:56:50.009-0700] {processor.py:157} INFO - Started process (PID=85254) to work on /Volumes/Personal Drive/GitHub/gdpr-ccpa-risk-pipeline/venv/lib/python3.11/site-packages/airflow/example_dags/example_complex.py
[2025-07-16T01:56:50.018-0700] {processor.py:829} INFO - Processing file /Volumes/Personal Drive/GitHub/gdpr-ccpa-risk-pipeline/venv/lib/python3.11/site-packages/airflow/example_dags/example_complex.py for tasks to queue
[2025-07-16T01:56:50.019-0700] {logging_mixin.py:151} INFO - [2025-07-16T01:56:50.019-0700] {dagbag.py:539} INFO - Filling up the DagBag from /Volumes/Personal Drive/GitHub/gdpr-ccpa-risk-pipeline/venv/lib/python3.11/site-packages/airflow/example_dags/example_complex.py
[2025-07-16T01:56:50.060-0700] {processor.py:839} INFO - DAG(s) dict_keys(['example_complex']) retrieved from /Volumes/Personal Drive/GitHub/gdpr-ccpa-risk-pipeline/venv/lib/python3.11/site-packages/airflow/example_dags/example_complex.py
[2025-07-16T01:56:50.371-0700] {logging_mixin.py:151} INFO - [2025-07-16T01:56:50.371-0700] {dag.py:2915} INFO - Sync 1 DAGs
[2025-07-16T01:56:50.382-0700] {logging_mixin.py:151} INFO - [2025-07-16T01:56:50.381-0700] {dag.py:3696} INFO - Setting next_dagrun for example_complex to None, run_after=None
[2025-07-16T01:56:50.407-0700] {processor.py:179} INFO - Processing /Volumes/Personal Drive/GitHub/gdpr-ccpa-risk-pipeline/venv/lib/python3.11/site-packages/airflow/example_dags/example_complex.py took 0.399 seconds
[2025-07-16T02:02:16.231-0700] {processor.py:157} INFO - Started process (PID=85507) to work on /Volumes/Personal Drive/GitHub/gdpr-ccpa-risk-pipeline/venv/lib/python3.11/site-packages/airflow/example_dags/example_complex.py
[2025-07-16T02:02:16.232-0700] {processor.py:829} INFO - Processing file /Volumes/Personal Drive/GitHub/gdpr-ccpa-risk-pipeline/venv/lib/python3.11/site-packages/airflow/example_dags/example_complex.py for tasks to queue
[2025-07-16T02:02:16.234-0700] {logging_mixin.py:151} INFO - [2025-07-16T02:02:16.234-0700] {dagbag.py:539} INFO - Filling up the DagBag from /Volumes/Personal Drive/GitHub/gdpr-ccpa-risk-pipeline/venv/lib/python3.11/site-packages/airflow/example_dags/example_complex.py
[2025-07-16T02:02:16.279-0700] {processor.py:839} INFO - DAG(s) dict_keys(['example_complex']) retrieved from /Volumes/Personal Drive/GitHub/gdpr-ccpa-risk-pipeline/venv/lib/python3.11/site-packages/airflow/example_dags/example_complex.py
[2025-07-16T02:02:16.477-0700] {logging_mixin.py:151} INFO - [2025-07-16T02:02:16.477-0700] {dag.py:2915} INFO - Sync 1 DAGs
[2025-07-16T02:02:16.486-0700] {logging_mixin.py:151} INFO - [2025-07-16T02:02:16.486-0700] {dag.py:3696} INFO - Setting next_dagrun for example_complex to None, run_after=None
[2025-07-16T02:02:16.508-0700] {processor.py:179} INFO - Processing /Volumes/Personal Drive/GitHub/gdpr-ccpa-risk-pipeline/venv/lib/python3.11/site-packages/airflow/example_dags/example_complex.py took 0.279 seconds
