[2025-07-16T01:48:49.118-0700] {processor.py:157} INFO - Started process (PID=84873) to work on /Volumes/Personal Drive/GitHub/gdpr-ccpa-risk-pipeline/venv/lib/python3.11/site-packages/airflow/example_dags/example_branch_datetime_operator.py
[2025-07-16T01:48:49.119-0700] {processor.py:829} INFO - Processing file /Volumes/Personal Drive/GitHub/gdpr-ccpa-risk-pipeline/venv/lib/python3.11/site-packages/airflow/example_dags/example_branch_datetime_operator.py for tasks to queue
[2025-07-16T01:48:49.119-0700] {logging_mixin.py:151} INFO - [2025-07-16T01:48:49.119-0700] {dagbag.py:539} INFO - Filling up the DagBag from /Volumes/Personal Drive/GitHub/gdpr-ccpa-risk-pipeline/venv/lib/python3.11/site-packages/airflow/example_dags/example_branch_datetime_operator.py
[2025-07-16T01:48:49.334-0700] {processor.py:839} INFO - DAG(s) dict_keys(['example_branch_datetime_operator', 'example_branch_datetime_operator_2', 'example_branch_datetime_operator_3']) retrieved from /Volumes/Personal Drive/GitHub/gdpr-ccpa-risk-pipeline/venv/lib/python3.11/site-packages/airflow/example_dags/example_branch_datetime_operator.py
[2025-07-16T01:48:49.748-0700] {logging_mixin.py:151} INFO - [2025-07-16T01:48:49.748-0700] {dag.py:2915} INFO - Sync 3 DAGs
[2025-07-16T01:48:49.773-0700] {logging_mixin.py:151} INFO - [2025-07-16T01:48:49.773-0700] {dag.py:3696} INFO - Setting next_dagrun for example_branch_datetime_operator to 2025-07-15T00:00:00+00:00, run_after=2025-07-16T00:00:00+00:00
[2025-07-16T01:48:49.779-0700] {logging_mixin.py:151} INFO - [2025-07-16T01:48:49.779-0700] {dag.py:3696} INFO - Setting next_dagrun for example_branch_datetime_operator_2 to 2025-07-15T00:00:00+00:00, run_after=2025-07-16T00:00:00+00:00
[2025-07-16T01:48:49.781-0700] {logging_mixin.py:151} INFO - [2025-07-16T01:48:49.780-0700] {dag.py:3696} INFO - Setting next_dagrun for example_branch_datetime_operator_3 to 2025-07-15T00:00:00+00:00, run_after=2025-07-16T00:00:00+00:00
[2025-07-16T01:48:49.801-0700] {processor.py:179} INFO - Processing /Volumes/Personal Drive/GitHub/gdpr-ccpa-risk-pipeline/venv/lib/python3.11/site-packages/airflow/example_dags/example_branch_datetime_operator.py took 0.684 seconds
[2025-07-16T01:52:52.096-0700] {processor.py:157} INFO - Started process (PID=85056) to work on /Volumes/Personal Drive/GitHub/gdpr-ccpa-risk-pipeline/venv/lib/python3.11/site-packages/airflow/example_dags/example_branch_datetime_operator.py
[2025-07-16T01:52:52.097-0700] {processor.py:829} INFO - Processing file /Volumes/Personal Drive/GitHub/gdpr-ccpa-risk-pipeline/venv/lib/python3.11/site-packages/airflow/example_dags/example_branch_datetime_operator.py for tasks to queue
[2025-07-16T01:52:52.098-0700] {logging_mixin.py:151} INFO - [2025-07-16T01:52:52.097-0700] {dagbag.py:539} INFO - Filling up the DagBag from /Volumes/Personal Drive/GitHub/gdpr-ccpa-risk-pipeline/venv/lib/python3.11/site-packages/airflow/example_dags/example_branch_datetime_operator.py
[2025-07-16T01:52:52.141-0700] {processor.py:839} INFO - DAG(s) dict_keys(['example_branch_datetime_operator_2', 'example_branch_datetime_operator', 'example_branch_datetime_operator_3']) retrieved from /Volumes/Personal Drive/GitHub/gdpr-ccpa-risk-pipeline/venv/lib/python3.11/site-packages/airflow/example_dags/example_branch_datetime_operator.py
[2025-07-16T01:52:52.321-0700] {logging_mixin.py:151} INFO - [2025-07-16T01:52:52.321-0700] {dag.py:2915} INFO - Sync 3 DAGs
[2025-07-16T01:52:52.336-0700] {logging_mixin.py:151} INFO - [2025-07-16T01:52:52.336-0700] {dag.py:3696} INFO - Setting next_dagrun for example_branch_datetime_operator to 2025-07-15T00:00:00+00:00, run_after=2025-07-16T00:00:00+00:00
[2025-07-16T01:52:52.348-0700] {logging_mixin.py:151} INFO - [2025-07-16T01:52:52.348-0700] {dag.py:3696} INFO - Setting next_dagrun for example_branch_datetime_operator_2 to 2025-07-15T00:00:00+00:00, run_after=2025-07-16T00:00:00+00:00
[2025-07-16T01:52:52.350-0700] {logging_mixin.py:151} INFO - [2025-07-16T01:52:52.350-0700] {dag.py:3696} INFO - Setting next_dagrun for example_branch_datetime_operator_3 to 2025-07-15T00:00:00+00:00, run_after=2025-07-16T00:00:00+00:00
[2025-07-16T01:52:52.370-0700] {processor.py:179} INFO - Processing /Volumes/Personal Drive/GitHub/gdpr-ccpa-risk-pipeline/venv/lib/python3.11/site-packages/airflow/example_dags/example_branch_datetime_operator.py took 0.269 seconds
[2025-07-16T01:57:14.847-0700] {processor.py:157} INFO - Started process (PID=85272) to work on /Volumes/Personal Drive/GitHub/gdpr-ccpa-risk-pipeline/venv/lib/python3.11/site-packages/airflow/example_dags/example_branch_datetime_operator.py
[2025-07-16T01:57:14.849-0700] {processor.py:829} INFO - Processing file /Volumes/Personal Drive/GitHub/gdpr-ccpa-risk-pipeline/venv/lib/python3.11/site-packages/airflow/example_dags/example_branch_datetime_operator.py for tasks to queue
[2025-07-16T01:57:14.850-0700] {logging_mixin.py:151} INFO - [2025-07-16T01:57:14.849-0700] {dagbag.py:539} INFO - Filling up the DagBag from /Volumes/Personal Drive/GitHub/gdpr-ccpa-risk-pipeline/venv/lib/python3.11/site-packages/airflow/example_dags/example_branch_datetime_operator.py
[2025-07-16T01:57:15.098-0700] {processor.py:839} INFO - DAG(s) dict_keys(['example_branch_datetime_operator', 'example_branch_datetime_operator_2', 'example_branch_datetime_operator_3']) retrieved from /Volumes/Personal Drive/GitHub/gdpr-ccpa-risk-pipeline/venv/lib/python3.11/site-packages/airflow/example_dags/example_branch_datetime_operator.py
[2025-07-16T01:57:15.370-0700] {logging_mixin.py:151} INFO - [2025-07-16T01:57:15.370-0700] {dag.py:2915} INFO - Sync 3 DAGs
[2025-07-16T01:57:15.387-0700] {logging_mixin.py:151} INFO - [2025-07-16T01:57:15.386-0700] {dag.py:3696} INFO - Setting next_dagrun for example_branch_datetime_operator to 2025-07-15T00:00:00+00:00, run_after=2025-07-16T00:00:00+00:00
[2025-07-16T01:57:15.390-0700] {logging_mixin.py:151} INFO - [2025-07-16T01:57:15.390-0700] {dag.py:3696} INFO - Setting next_dagrun for example_branch_datetime_operator_2 to 2025-07-15T00:00:00+00:00, run_after=2025-07-16T00:00:00+00:00
[2025-07-16T01:57:15.394-0700] {logging_mixin.py:151} INFO - [2025-07-16T01:57:15.394-0700] {dag.py:3696} INFO - Setting next_dagrun for example_branch_datetime_operator_3 to 2025-07-15T00:00:00+00:00, run_after=2025-07-16T00:00:00+00:00
[2025-07-16T01:57:15.427-0700] {processor.py:179} INFO - Processing /Volumes/Personal Drive/GitHub/gdpr-ccpa-risk-pipeline/venv/lib/python3.11/site-packages/airflow/example_dags/example_branch_datetime_operator.py took 0.588 seconds
[2025-07-16T02:02:42.850-0700] {processor.py:157} INFO - Started process (PID=85529) to work on /Volumes/Personal Drive/GitHub/gdpr-ccpa-risk-pipeline/venv/lib/python3.11/site-packages/airflow/example_dags/example_branch_datetime_operator.py
[2025-07-16T02:02:42.886-0700] {processor.py:829} INFO - Processing file /Volumes/Personal Drive/GitHub/gdpr-ccpa-risk-pipeline/venv/lib/python3.11/site-packages/airflow/example_dags/example_branch_datetime_operator.py for tasks to queue
[2025-07-16T02:02:42.887-0700] {logging_mixin.py:151} INFO - [2025-07-16T02:02:42.887-0700] {dagbag.py:539} INFO - Filling up the DagBag from /Volumes/Personal Drive/GitHub/gdpr-ccpa-risk-pipeline/venv/lib/python3.11/site-packages/airflow/example_dags/example_branch_datetime_operator.py
[2025-07-16T02:02:42.931-0700] {processor.py:839} INFO - DAG(s) dict_keys(['example_branch_datetime_operator_2', 'example_branch_datetime_operator_3', 'example_branch_datetime_operator']) retrieved from /Volumes/Personal Drive/GitHub/gdpr-ccpa-risk-pipeline/venv/lib/python3.11/site-packages/airflow/example_dags/example_branch_datetime_operator.py
[2025-07-16T02:02:43.158-0700] {logging_mixin.py:151} INFO - [2025-07-16T02:02:43.143-0700] {dag.py:2915} INFO - Sync 3 DAGs
[2025-07-16T02:02:43.178-0700] {logging_mixin.py:151} INFO - [2025-07-16T02:02:43.178-0700] {dag.py:3696} INFO - Setting next_dagrun for example_branch_datetime_operator to 2025-07-15T00:00:00+00:00, run_after=2025-07-16T00:00:00+00:00
[2025-07-16T02:02:43.182-0700] {logging_mixin.py:151} INFO - [2025-07-16T02:02:43.181-0700] {dag.py:3696} INFO - Setting next_dagrun for example_branch_datetime_operator_2 to 2025-07-15T00:00:00+00:00, run_after=2025-07-16T00:00:00+00:00
[2025-07-16T02:02:43.184-0700] {logging_mixin.py:151} INFO - [2025-07-16T02:02:43.184-0700] {dag.py:3696} INFO - Setting next_dagrun for example_branch_datetime_operator_3 to 2025-07-15T00:00:00+00:00, run_after=2025-07-16T00:00:00+00:00
[2025-07-16T02:02:43.202-0700] {processor.py:179} INFO - Processing /Volumes/Personal Drive/GitHub/gdpr-ccpa-risk-pipeline/venv/lib/python3.11/site-packages/airflow/example_dags/example_branch_datetime_operator.py took 0.354 seconds
