[2025-07-16T01:46:45.756-0700] {processor.py:157} INFO - Started process (PID=84777) to work on /Volumes/Personal Drive/GitHub/gdpr-ccpa-risk-pipeline/venv/lib/python3.11/site-packages/airflow/example_dags/example_trigger_controller_dag.py
[2025-07-16T01:46:45.757-0700] {processor.py:829} INFO - Processing file /Volumes/Personal Drive/GitHub/gdpr-ccpa-risk-pipeline/venv/lib/python3.11/site-packages/airflow/example_dags/example_trigger_controller_dag.py for tasks to queue
[2025-07-16T01:46:45.768-0700] {logging_mixin.py:151} INFO - [2025-07-16T01:46:45.768-0700] {dagbag.py:539} INFO - Filling up the DagBag from /Volumes/Personal Drive/GitHub/gdpr-ccpa-risk-pipeline/venv/lib/python3.11/site-packages/airflow/example_dags/example_trigger_controller_dag.py
[2025-07-16T01:46:45.813-0700] {processor.py:839} INFO - DAG(s) dict_keys(['example_trigger_controller_dag']) retrieved from /Volumes/Personal Drive/GitHub/gdpr-ccpa-risk-pipeline/venv/lib/python3.11/site-packages/airflow/example_dags/example_trigger_controller_dag.py
[2025-07-16T01:46:46.003-0700] {logging_mixin.py:151} INFO - [2025-07-16T01:46:46.003-0700] {dag.py:2915} INFO - Sync 1 DAGs
[2025-07-16T01:46:46.018-0700] {logging_mixin.py:151} INFO - [2025-07-16T01:46:46.018-0700] {dag.py:3696} INFO - Setting next_dagrun for example_trigger_controller_dag to 2021-01-01T00:00:00+00:00, run_after=2021-01-01T00:00:00+00:00
[2025-07-16T01:46:46.038-0700] {processor.py:179} INFO - Processing /Volumes/Personal Drive/GitHub/gdpr-ccpa-risk-pipeline/venv/lib/python3.11/site-packages/airflow/example_dags/example_trigger_controller_dag.py took 0.282 seconds
[2025-07-16T01:49:30.424-0700] {processor.py:157} INFO - Started process (PID=84902) to work on /Volumes/Personal Drive/GitHub/gdpr-ccpa-risk-pipeline/venv/lib/python3.11/site-packages/airflow/example_dags/example_trigger_controller_dag.py
[2025-07-16T01:49:30.442-0700] {processor.py:829} INFO - Processing file /Volumes/Personal Drive/GitHub/gdpr-ccpa-risk-pipeline/venv/lib/python3.11/site-packages/airflow/example_dags/example_trigger_controller_dag.py for tasks to queue
[2025-07-16T01:49:30.445-0700] {logging_mixin.py:151} INFO - [2025-07-16T01:49:30.445-0700] {dagbag.py:539} INFO - Filling up the DagBag from /Volumes/Personal Drive/GitHub/gdpr-ccpa-risk-pipeline/venv/lib/python3.11/site-packages/airflow/example_dags/example_trigger_controller_dag.py
[2025-07-16T01:49:30.517-0700] {processor.py:839} INFO - DAG(s) dict_keys(['example_trigger_controller_dag']) retrieved from /Volumes/Personal Drive/GitHub/gdpr-ccpa-risk-pipeline/venv/lib/python3.11/site-packages/airflow/example_dags/example_trigger_controller_dag.py
[2025-07-16T01:49:30.804-0700] {logging_mixin.py:151} INFO - [2025-07-16T01:49:30.803-0700] {dag.py:2915} INFO - Sync 1 DAGs
[2025-07-16T01:49:30.822-0700] {logging_mixin.py:151} INFO - [2025-07-16T01:49:30.822-0700] {dag.py:3696} INFO - Setting next_dagrun for example_trigger_controller_dag to 2021-01-01T00:00:00+00:00, run_after=2021-01-01T00:00:00+00:00
[2025-07-16T01:49:30.856-0700] {processor.py:179} INFO - Processing /Volumes/Personal Drive/GitHub/gdpr-ccpa-risk-pipeline/venv/lib/python3.11/site-packages/airflow/example_dags/example_trigger_controller_dag.py took 0.457 seconds
[2025-07-16T01:51:30.984-0700] {processor.py:157} INFO - Started process (PID=84997) to work on /Volumes/Personal Drive/GitHub/gdpr-ccpa-risk-pipeline/venv/lib/python3.11/site-packages/airflow/example_dags/example_trigger_controller_dag.py
[2025-07-16T01:51:30.984-0700] {processor.py:829} INFO - Processing file /Volumes/Personal Drive/GitHub/gdpr-ccpa-risk-pipeline/venv/lib/python3.11/site-packages/airflow/example_dags/example_trigger_controller_dag.py for tasks to queue
[2025-07-16T01:51:30.985-0700] {logging_mixin.py:151} INFO - [2025-07-16T01:51:30.984-0700] {dagbag.py:539} INFO - Filling up the DagBag from /Volumes/Personal Drive/GitHub/gdpr-ccpa-risk-pipeline/venv/lib/python3.11/site-packages/airflow/example_dags/example_trigger_controller_dag.py
[2025-07-16T01:51:31.117-0700] {processor.py:839} INFO - DAG(s) dict_keys(['example_trigger_controller_dag']) retrieved from /Volumes/Personal Drive/GitHub/gdpr-ccpa-risk-pipeline/venv/lib/python3.11/site-packages/airflow/example_dags/example_trigger_controller_dag.py
[2025-07-16T01:51:31.370-0700] {logging_mixin.py:151} INFO - [2025-07-16T01:51:31.369-0700] {dag.py:2915} INFO - Sync 1 DAGs
[2025-07-16T01:51:31.387-0700] {logging_mixin.py:151} INFO - [2025-07-16T01:51:31.387-0700] {dag.py:3696} INFO - Setting next_dagrun for example_trigger_controller_dag to 2021-01-01T00:00:00+00:00, run_after=2021-01-01T00:00:00+00:00
[2025-07-16T01:51:31.412-0700] {processor.py:179} INFO - Processing /Volumes/Personal Drive/GitHub/gdpr-ccpa-risk-pipeline/venv/lib/python3.11/site-packages/airflow/example_dags/example_trigger_controller_dag.py took 0.429 seconds
[2025-07-16T01:53:33.891-0700] {processor.py:157} INFO - Started process (PID=85093) to work on /Volumes/Personal Drive/GitHub/gdpr-ccpa-risk-pipeline/venv/lib/python3.11/site-packages/airflow/example_dags/example_trigger_controller_dag.py
[2025-07-16T01:53:33.892-0700] {processor.py:829} INFO - Processing file /Volumes/Personal Drive/GitHub/gdpr-ccpa-risk-pipeline/venv/lib/python3.11/site-packages/airflow/example_dags/example_trigger_controller_dag.py for tasks to queue
[2025-07-16T01:53:33.893-0700] {logging_mixin.py:151} INFO - [2025-07-16T01:53:33.892-0700] {dagbag.py:539} INFO - Filling up the DagBag from /Volumes/Personal Drive/GitHub/gdpr-ccpa-risk-pipeline/venv/lib/python3.11/site-packages/airflow/example_dags/example_trigger_controller_dag.py
[2025-07-16T01:53:33.938-0700] {processor.py:839} INFO - DAG(s) dict_keys(['example_trigger_controller_dag']) retrieved from /Volumes/Personal Drive/GitHub/gdpr-ccpa-risk-pipeline/venv/lib/python3.11/site-packages/airflow/example_dags/example_trigger_controller_dag.py
[2025-07-16T01:53:34.126-0700] {logging_mixin.py:151} INFO - [2025-07-16T01:53:34.126-0700] {dag.py:2915} INFO - Sync 1 DAGs
[2025-07-16T01:53:34.141-0700] {logging_mixin.py:151} INFO - [2025-07-16T01:53:34.141-0700] {dag.py:3696} INFO - Setting next_dagrun for example_trigger_controller_dag to 2021-01-01T00:00:00+00:00, run_after=2021-01-01T00:00:00+00:00
[2025-07-16T01:53:34.162-0700] {processor.py:179} INFO - Processing /Volumes/Personal Drive/GitHub/gdpr-ccpa-risk-pipeline/venv/lib/python3.11/site-packages/airflow/example_dags/example_trigger_controller_dag.py took 0.272 seconds
[2025-07-16T01:55:36.669-0700] {processor.py:157} INFO - Started process (PID=85196) to work on /Volumes/Personal Drive/GitHub/gdpr-ccpa-risk-pipeline/venv/lib/python3.11/site-packages/airflow/example_dags/example_trigger_controller_dag.py
[2025-07-16T01:55:36.675-0700] {processor.py:829} INFO - Processing file /Volumes/Personal Drive/GitHub/gdpr-ccpa-risk-pipeline/venv/lib/python3.11/site-packages/airflow/example_dags/example_trigger_controller_dag.py for tasks to queue
[2025-07-16T01:55:36.676-0700] {logging_mixin.py:151} INFO - [2025-07-16T01:55:36.676-0700] {dagbag.py:539} INFO - Filling up the DagBag from /Volumes/Personal Drive/GitHub/gdpr-ccpa-risk-pipeline/venv/lib/python3.11/site-packages/airflow/example_dags/example_trigger_controller_dag.py
[2025-07-16T01:55:36.710-0700] {processor.py:839} INFO - DAG(s) dict_keys(['example_trigger_controller_dag']) retrieved from /Volumes/Personal Drive/GitHub/gdpr-ccpa-risk-pipeline/venv/lib/python3.11/site-packages/airflow/example_dags/example_trigger_controller_dag.py
[2025-07-16T01:55:37.161-0700] {logging_mixin.py:151} INFO - [2025-07-16T01:55:37.161-0700] {dag.py:2915} INFO - Sync 1 DAGs
[2025-07-16T01:55:37.443-0700] {logging_mixin.py:151} INFO - [2025-07-16T01:55:37.442-0700] {dag.py:3696} INFO - Setting next_dagrun for example_trigger_controller_dag to 2021-01-01T00:00:00+00:00, run_after=2021-01-01T00:00:00+00:00
[2025-07-16T01:55:37.606-0700] {processor.py:179} INFO - Processing /Volumes/Personal Drive/GitHub/gdpr-ccpa-risk-pipeline/venv/lib/python3.11/site-packages/airflow/example_dags/example_trigger_controller_dag.py took 0.937 seconds
[2025-07-16T01:58:07.166-0700] {processor.py:157} INFO - Started process (PID=85316) to work on /Volumes/Personal Drive/GitHub/gdpr-ccpa-risk-pipeline/venv/lib/python3.11/site-packages/airflow/example_dags/example_trigger_controller_dag.py
[2025-07-16T01:58:07.175-0700] {processor.py:829} INFO - Processing file /Volumes/Personal Drive/GitHub/gdpr-ccpa-risk-pipeline/venv/lib/python3.11/site-packages/airflow/example_dags/example_trigger_controller_dag.py for tasks to queue
[2025-07-16T01:58:07.177-0700] {logging_mixin.py:151} INFO - [2025-07-16T01:58:07.177-0700] {dagbag.py:539} INFO - Filling up the DagBag from /Volumes/Personal Drive/GitHub/gdpr-ccpa-risk-pipeline/venv/lib/python3.11/site-packages/airflow/example_dags/example_trigger_controller_dag.py
[2025-07-16T01:58:07.214-0700] {processor.py:839} INFO - DAG(s) dict_keys(['example_trigger_controller_dag']) retrieved from /Volumes/Personal Drive/GitHub/gdpr-ccpa-risk-pipeline/venv/lib/python3.11/site-packages/airflow/example_dags/example_trigger_controller_dag.py
[2025-07-16T01:58:07.419-0700] {logging_mixin.py:151} INFO - [2025-07-16T01:58:07.418-0700] {dag.py:2915} INFO - Sync 1 DAGs
[2025-07-16T01:58:07.433-0700] {logging_mixin.py:151} INFO - [2025-07-16T01:58:07.432-0700] {dag.py:3696} INFO - Setting next_dagrun for example_trigger_controller_dag to 2021-01-01T00:00:00+00:00, run_after=2021-01-01T00:00:00+00:00
[2025-07-16T01:58:07.490-0700] {processor.py:179} INFO - Processing /Volumes/Personal Drive/GitHub/gdpr-ccpa-risk-pipeline/venv/lib/python3.11/site-packages/airflow/example_dags/example_trigger_controller_dag.py took 0.324 seconds
[2025-07-16T02:01:07.815-0700] {processor.py:157} INFO - Started process (PID=85455) to work on /Volumes/Personal Drive/GitHub/gdpr-ccpa-risk-pipeline/venv/lib/python3.11/site-packages/airflow/example_dags/example_trigger_controller_dag.py
[2025-07-16T02:01:07.821-0700] {processor.py:829} INFO - Processing file /Volumes/Personal Drive/GitHub/gdpr-ccpa-risk-pipeline/venv/lib/python3.11/site-packages/airflow/example_dags/example_trigger_controller_dag.py for tasks to queue
[2025-07-16T02:01:07.822-0700] {logging_mixin.py:151} INFO - [2025-07-16T02:01:07.822-0700] {dagbag.py:539} INFO - Filling up the DagBag from /Volumes/Personal Drive/GitHub/gdpr-ccpa-risk-pipeline/venv/lib/python3.11/site-packages/airflow/example_dags/example_trigger_controller_dag.py
[2025-07-16T02:01:07.851-0700] {processor.py:839} INFO - DAG(s) dict_keys(['example_trigger_controller_dag']) retrieved from /Volumes/Personal Drive/GitHub/gdpr-ccpa-risk-pipeline/venv/lib/python3.11/site-packages/airflow/example_dags/example_trigger_controller_dag.py
[2025-07-16T02:01:08.038-0700] {logging_mixin.py:151} INFO - [2025-07-16T02:01:08.037-0700] {dag.py:2915} INFO - Sync 1 DAGs
[2025-07-16T02:01:08.060-0700] {logging_mixin.py:151} INFO - [2025-07-16T02:01:08.060-0700] {dag.py:3696} INFO - Setting next_dagrun for example_trigger_controller_dag to 2021-01-01T00:00:00+00:00, run_after=2021-01-01T00:00:00+00:00
[2025-07-16T02:01:08.081-0700] {processor.py:179} INFO - Processing /Volumes/Personal Drive/GitHub/gdpr-ccpa-risk-pipeline/venv/lib/python3.11/site-packages/airflow/example_dags/example_trigger_controller_dag.py took 0.267 seconds
