[2025-07-16T01:46:51.038-0700] {processor.py:157} INFO - Started process (PID=84778) to work on /Volumes/Personal Drive/GitHub/gdpr-ccpa-risk-pipeline/venv/lib/python3.11/site-packages/airflow/example_dags/example_time_delta_sensor_async.py
[2025-07-16T01:46:51.038-0700] {processor.py:829} INFO - Processing file /Volumes/Personal Drive/GitHub/gdpr-ccpa-risk-pipeline/venv/lib/python3.11/site-packages/airflow/example_dags/example_time_delta_sensor_async.py for tasks to queue
[2025-07-16T01:46:51.040-0700] {logging_mixin.py:151} INFO - [2025-07-16T01:46:51.040-0700] {dagbag.py:539} INFO - Filling up the DagBag from /Volumes/Personal Drive/GitHub/gdpr-ccpa-risk-pipeline/venv/lib/python3.11/site-packages/airflow/example_dags/example_time_delta_sensor_async.py
[2025-07-16T01:46:51.128-0700] {processor.py:839} INFO - DAG(s) dict_keys(['example_time_delta_sensor_async']) retrieved from /Volumes/Personal Drive/GitHub/gdpr-ccpa-risk-pipeline/venv/lib/python3.11/site-packages/airflow/example_dags/example_time_delta_sensor_async.py
[2025-07-16T01:46:51.511-0700] {logging_mixin.py:151} INFO - [2025-07-16T01:46:51.510-0700] {dag.py:2915} INFO - Sync 1 DAGs
[2025-07-16T01:46:51.523-0700] {logging_mixin.py:151} INFO - [2025-07-16T01:46:51.523-0700] {dag.py:3696} INFO - Setting next_dagrun for example_time_delta_sensor_async to None, run_after=None
[2025-07-16T01:46:51.546-0700] {processor.py:179} INFO - Processing /Volumes/Personal Drive/GitHub/gdpr-ccpa-risk-pipeline/venv/lib/python3.11/site-packages/airflow/example_dags/example_time_delta_sensor_async.py took 0.518 seconds
[2025-07-16T01:49:33.599-0700] {processor.py:157} INFO - Started process (PID=84910) to work on /Volumes/Personal Drive/GitHub/gdpr-ccpa-risk-pipeline/venv/lib/python3.11/site-packages/airflow/example_dags/example_time_delta_sensor_async.py
[2025-07-16T01:49:33.613-0700] {processor.py:829} INFO - Processing file /Volumes/Personal Drive/GitHub/gdpr-ccpa-risk-pipeline/venv/lib/python3.11/site-packages/airflow/example_dags/example_time_delta_sensor_async.py for tasks to queue
[2025-07-16T01:49:33.613-0700] {logging_mixin.py:151} INFO - [2025-07-16T01:49:33.613-0700] {dagbag.py:539} INFO - Filling up the DagBag from /Volumes/Personal Drive/GitHub/gdpr-ccpa-risk-pipeline/venv/lib/python3.11/site-packages/airflow/example_dags/example_time_delta_sensor_async.py
[2025-07-16T01:49:33.646-0700] {processor.py:839} INFO - DAG(s) dict_keys(['example_time_delta_sensor_async']) retrieved from /Volumes/Personal Drive/GitHub/gdpr-ccpa-risk-pipeline/venv/lib/python3.11/site-packages/airflow/example_dags/example_time_delta_sensor_async.py
[2025-07-16T01:49:33.839-0700] {logging_mixin.py:151} INFO - [2025-07-16T01:49:33.838-0700] {dag.py:2915} INFO - Sync 1 DAGs
[2025-07-16T01:49:33.850-0700] {logging_mixin.py:151} INFO - [2025-07-16T01:49:33.850-0700] {dag.py:3696} INFO - Setting next_dagrun for example_time_delta_sensor_async to None, run_after=None
[2025-07-16T01:49:33.872-0700] {processor.py:179} INFO - Processing /Volumes/Personal Drive/GitHub/gdpr-ccpa-risk-pipeline/venv/lib/python3.11/site-packages/airflow/example_dags/example_time_delta_sensor_async.py took 0.275 seconds
[2025-07-16T01:51:34.098-0700] {processor.py:157} INFO - Started process (PID=84998) to work on /Volumes/Personal Drive/GitHub/gdpr-ccpa-risk-pipeline/venv/lib/python3.11/site-packages/airflow/example_dags/example_time_delta_sensor_async.py
[2025-07-16T01:51:34.108-0700] {processor.py:829} INFO - Processing file /Volumes/Personal Drive/GitHub/gdpr-ccpa-risk-pipeline/venv/lib/python3.11/site-packages/airflow/example_dags/example_time_delta_sensor_async.py for tasks to queue
[2025-07-16T01:51:34.109-0700] {logging_mixin.py:151} INFO - [2025-07-16T01:51:34.108-0700] {dagbag.py:539} INFO - Filling up the DagBag from /Volumes/Personal Drive/GitHub/gdpr-ccpa-risk-pipeline/venv/lib/python3.11/site-packages/airflow/example_dags/example_time_delta_sensor_async.py
[2025-07-16T01:51:34.143-0700] {processor.py:839} INFO - DAG(s) dict_keys(['example_time_delta_sensor_async']) retrieved from /Volumes/Personal Drive/GitHub/gdpr-ccpa-risk-pipeline/venv/lib/python3.11/site-packages/airflow/example_dags/example_time_delta_sensor_async.py
[2025-07-16T01:51:34.337-0700] {logging_mixin.py:151} INFO - [2025-07-16T01:51:34.336-0700] {dag.py:2915} INFO - Sync 1 DAGs
[2025-07-16T01:51:34.347-0700] {logging_mixin.py:151} INFO - [2025-07-16T01:51:34.347-0700] {dag.py:3696} INFO - Setting next_dagrun for example_time_delta_sensor_async to None, run_after=None
[2025-07-16T01:51:34.369-0700] {processor.py:179} INFO - Processing /Volumes/Personal Drive/GitHub/gdpr-ccpa-risk-pipeline/venv/lib/python3.11/site-packages/airflow/example_dags/example_time_delta_sensor_async.py took 0.273 seconds
[2025-07-16T01:53:36.833-0700] {processor.py:157} INFO - Started process (PID=85094) to work on /Volumes/Personal Drive/GitHub/gdpr-ccpa-risk-pipeline/venv/lib/python3.11/site-packages/airflow/example_dags/example_time_delta_sensor_async.py
[2025-07-16T01:53:36.834-0700] {processor.py:829} INFO - Processing file /Volumes/Personal Drive/GitHub/gdpr-ccpa-risk-pipeline/venv/lib/python3.11/site-packages/airflow/example_dags/example_time_delta_sensor_async.py for tasks to queue
[2025-07-16T01:53:36.834-0700] {logging_mixin.py:151} INFO - [2025-07-16T01:53:36.834-0700] {dagbag.py:539} INFO - Filling up the DagBag from /Volumes/Personal Drive/GitHub/gdpr-ccpa-risk-pipeline/venv/lib/python3.11/site-packages/airflow/example_dags/example_time_delta_sensor_async.py
[2025-07-16T01:53:36.877-0700] {processor.py:839} INFO - DAG(s) dict_keys(['example_time_delta_sensor_async']) retrieved from /Volumes/Personal Drive/GitHub/gdpr-ccpa-risk-pipeline/venv/lib/python3.11/site-packages/airflow/example_dags/example_time_delta_sensor_async.py
[2025-07-16T01:53:37.082-0700] {logging_mixin.py:151} INFO - [2025-07-16T01:53:37.082-0700] {dag.py:2915} INFO - Sync 1 DAGs
[2025-07-16T01:53:37.100-0700] {logging_mixin.py:151} INFO - [2025-07-16T01:53:37.099-0700] {dag.py:3696} INFO - Setting next_dagrun for example_time_delta_sensor_async to None, run_after=None
[2025-07-16T01:53:37.118-0700] {processor.py:179} INFO - Processing /Volumes/Personal Drive/GitHub/gdpr-ccpa-risk-pipeline/venv/lib/python3.11/site-packages/airflow/example_dags/example_time_delta_sensor_async.py took 0.295 seconds
[2025-07-16T01:55:41.571-0700] {processor.py:157} INFO - Started process (PID=85204) to work on /Volumes/Personal Drive/GitHub/gdpr-ccpa-risk-pipeline/venv/lib/python3.11/site-packages/airflow/example_dags/example_time_delta_sensor_async.py
[2025-07-16T01:55:41.572-0700] {processor.py:829} INFO - Processing file /Volumes/Personal Drive/GitHub/gdpr-ccpa-risk-pipeline/venv/lib/python3.11/site-packages/airflow/example_dags/example_time_delta_sensor_async.py for tasks to queue
[2025-07-16T01:55:41.574-0700] {logging_mixin.py:151} INFO - [2025-07-16T01:55:41.574-0700] {dagbag.py:539} INFO - Filling up the DagBag from /Volumes/Personal Drive/GitHub/gdpr-ccpa-risk-pipeline/venv/lib/python3.11/site-packages/airflow/example_dags/example_time_delta_sensor_async.py
[2025-07-16T01:55:41.642-0700] {processor.py:839} INFO - DAG(s) dict_keys(['example_time_delta_sensor_async']) retrieved from /Volumes/Personal Drive/GitHub/gdpr-ccpa-risk-pipeline/venv/lib/python3.11/site-packages/airflow/example_dags/example_time_delta_sensor_async.py
[2025-07-16T01:55:41.998-0700] {logging_mixin.py:151} INFO - [2025-07-16T01:55:41.998-0700] {dag.py:2915} INFO - Sync 1 DAGs
[2025-07-16T01:55:42.037-0700] {logging_mixin.py:151} INFO - [2025-07-16T01:55:42.036-0700] {dag.py:3696} INFO - Setting next_dagrun for example_time_delta_sensor_async to None, run_after=None
[2025-07-16T01:55:42.065-0700] {processor.py:179} INFO - Processing /Volumes/Personal Drive/GitHub/gdpr-ccpa-risk-pipeline/venv/lib/python3.11/site-packages/airflow/example_dags/example_time_delta_sensor_async.py took 0.504 seconds
[2025-07-16T01:58:10.975-0700] {processor.py:157} INFO - Started process (PID=85317) to work on /Volumes/Personal Drive/GitHub/gdpr-ccpa-risk-pipeline/venv/lib/python3.11/site-packages/airflow/example_dags/example_time_delta_sensor_async.py
[2025-07-16T01:58:10.984-0700] {processor.py:829} INFO - Processing file /Volumes/Personal Drive/GitHub/gdpr-ccpa-risk-pipeline/venv/lib/python3.11/site-packages/airflow/example_dags/example_time_delta_sensor_async.py for tasks to queue
[2025-07-16T01:58:10.985-0700] {logging_mixin.py:151} INFO - [2025-07-16T01:58:10.985-0700] {dagbag.py:539} INFO - Filling up the DagBag from /Volumes/Personal Drive/GitHub/gdpr-ccpa-risk-pipeline/venv/lib/python3.11/site-packages/airflow/example_dags/example_time_delta_sensor_async.py
[2025-07-16T01:58:11.055-0700] {processor.py:839} INFO - DAG(s) dict_keys(['example_time_delta_sensor_async']) retrieved from /Volumes/Personal Drive/GitHub/gdpr-ccpa-risk-pipeline/venv/lib/python3.11/site-packages/airflow/example_dags/example_time_delta_sensor_async.py
[2025-07-16T01:58:11.417-0700] {logging_mixin.py:151} INFO - [2025-07-16T01:58:11.417-0700] {dag.py:2915} INFO - Sync 1 DAGs
[2025-07-16T01:58:11.428-0700] {logging_mixin.py:151} INFO - [2025-07-16T01:58:11.428-0700] {dag.py:3696} INFO - Setting next_dagrun for example_time_delta_sensor_async to None, run_after=None
[2025-07-16T01:58:11.457-0700] {processor.py:179} INFO - Processing /Volumes/Personal Drive/GitHub/gdpr-ccpa-risk-pipeline/venv/lib/python3.11/site-packages/airflow/example_dags/example_time_delta_sensor_async.py took 0.484 seconds
[2025-07-16T02:01:10.718-0700] {processor.py:157} INFO - Started process (PID=85456) to work on /Volumes/Personal Drive/GitHub/gdpr-ccpa-risk-pipeline/venv/lib/python3.11/site-packages/airflow/example_dags/example_time_delta_sensor_async.py
[2025-07-16T02:01:10.733-0700] {processor.py:829} INFO - Processing file /Volumes/Personal Drive/GitHub/gdpr-ccpa-risk-pipeline/venv/lib/python3.11/site-packages/airflow/example_dags/example_time_delta_sensor_async.py for tasks to queue
[2025-07-16T02:01:10.736-0700] {logging_mixin.py:151} INFO - [2025-07-16T02:01:10.736-0700] {dagbag.py:539} INFO - Filling up the DagBag from /Volumes/Personal Drive/GitHub/gdpr-ccpa-risk-pipeline/venv/lib/python3.11/site-packages/airflow/example_dags/example_time_delta_sensor_async.py
[2025-07-16T02:01:10.785-0700] {processor.py:839} INFO - DAG(s) dict_keys(['example_time_delta_sensor_async']) retrieved from /Volumes/Personal Drive/GitHub/gdpr-ccpa-risk-pipeline/venv/lib/python3.11/site-packages/airflow/example_dags/example_time_delta_sensor_async.py
[2025-07-16T02:01:11.002-0700] {logging_mixin.py:151} INFO - [2025-07-16T02:01:11.002-0700] {dag.py:2915} INFO - Sync 1 DAGs
[2025-07-16T02:01:11.010-0700] {logging_mixin.py:151} INFO - [2025-07-16T02:01:11.010-0700] {dag.py:3696} INFO - Setting next_dagrun for example_time_delta_sensor_async to None, run_after=None
[2025-07-16T02:01:11.030-0700] {processor.py:179} INFO - Processing /Volumes/Personal Drive/GitHub/gdpr-ccpa-risk-pipeline/venv/lib/python3.11/site-packages/airflow/example_dags/example_time_delta_sensor_async.py took 0.313 seconds
