[2025-07-16T01:48:09.634-0700] {processor.py:157} INFO - Started process (PID=84841) to work on /Volumes/Personal Drive/GitHub/gdpr-ccpa-risk-pipeline/venv/lib/python3.11/site-packages/airflow/example_dags/example_external_task_marker_dag.py
[2025-07-16T01:48:09.639-0700] {processor.py:829} INFO - Processing file /Volumes/Personal Drive/GitHub/gdpr-ccpa-risk-pipeline/venv/lib/python3.11/site-packages/airflow/example_dags/example_external_task_marker_dag.py for tasks to queue
[2025-07-16T01:48:09.649-0700] {logging_mixin.py:151} INFO - [2025-07-16T01:48:09.647-0700] {dagbag.py:539} INFO - Filling up the DagBag from /Volumes/Personal Drive/GitHub/gdpr-ccpa-risk-pipeline/venv/lib/python3.11/site-packages/airflow/example_dags/example_external_task_marker_dag.py
[2025-07-16T01:48:09.809-0700] {processor.py:839} INFO - DAG(s) dict_keys(['example_external_task_marker_child', 'example_external_task_marker_parent']) retrieved from /Volumes/Personal Drive/GitHub/gdpr-ccpa-risk-pipeline/venv/lib/python3.11/site-packages/airflow/example_dags/example_external_task_marker_dag.py
[2025-07-16T01:48:10.687-0700] {logging_mixin.py:151} INFO - [2025-07-16T01:48:10.686-0700] {dag.py:2915} INFO - Sync 2 DAGs
[2025-07-16T01:48:10.715-0700] {logging_mixin.py:151} INFO - [2025-07-16T01:48:10.715-0700] {dag.py:3696} INFO - Setting next_dagrun for example_external_task_marker_child to None, run_after=None
[2025-07-16T01:48:10.732-0700] {logging_mixin.py:151} INFO - [2025-07-16T01:48:10.732-0700] {dag.py:3696} INFO - Setting next_dagrun for example_external_task_marker_parent to None, run_after=None
[2025-07-16T01:48:10.781-0700] {processor.py:179} INFO - Processing /Volumes/Personal Drive/GitHub/gdpr-ccpa-risk-pipeline/venv/lib/python3.11/site-packages/airflow/example_dags/example_external_task_marker_dag.py took 1.171 seconds
[2025-07-16T01:50:35.074-0700] {processor.py:157} INFO - Started process (PID=84953) to work on /Volumes/Personal Drive/GitHub/gdpr-ccpa-risk-pipeline/venv/lib/python3.11/site-packages/airflow/example_dags/example_external_task_marker_dag.py
[2025-07-16T01:50:35.102-0700] {processor.py:829} INFO - Processing file /Volumes/Personal Drive/GitHub/gdpr-ccpa-risk-pipeline/venv/lib/python3.11/site-packages/airflow/example_dags/example_external_task_marker_dag.py for tasks to queue
[2025-07-16T01:50:35.104-0700] {logging_mixin.py:151} INFO - [2025-07-16T01:50:35.104-0700] {dagbag.py:539} INFO - Filling up the DagBag from /Volumes/Personal Drive/GitHub/gdpr-ccpa-risk-pipeline/venv/lib/python3.11/site-packages/airflow/example_dags/example_external_task_marker_dag.py
[2025-07-16T01:50:35.207-0700] {processor.py:839} INFO - DAG(s) dict_keys(['example_external_task_marker_parent', 'example_external_task_marker_child']) retrieved from /Volumes/Personal Drive/GitHub/gdpr-ccpa-risk-pipeline/venv/lib/python3.11/site-packages/airflow/example_dags/example_external_task_marker_dag.py
[2025-07-16T01:50:35.437-0700] {logging_mixin.py:151} INFO - [2025-07-16T01:50:35.437-0700] {dag.py:2915} INFO - Sync 2 DAGs
[2025-07-16T01:50:35.445-0700] {logging_mixin.py:151} INFO - [2025-07-16T01:50:35.445-0700] {dag.py:3696} INFO - Setting next_dagrun for example_external_task_marker_child to None, run_after=None
[2025-07-16T01:50:35.448-0700] {logging_mixin.py:151} INFO - [2025-07-16T01:50:35.448-0700] {dag.py:3696} INFO - Setting next_dagrun for example_external_task_marker_parent to None, run_after=None
[2025-07-16T01:50:35.467-0700] {processor.py:179} INFO - Processing /Volumes/Personal Drive/GitHub/gdpr-ccpa-risk-pipeline/venv/lib/python3.11/site-packages/airflow/example_dags/example_external_task_marker_dag.py took 0.393 seconds
[2025-07-16T01:54:43.537-0700] {processor.py:157} INFO - Started process (PID=85156) to work on /Volumes/Personal Drive/GitHub/gdpr-ccpa-risk-pipeline/venv/lib/python3.11/site-packages/airflow/example_dags/example_external_task_marker_dag.py
[2025-07-16T01:54:43.546-0700] {processor.py:829} INFO - Processing file /Volumes/Personal Drive/GitHub/gdpr-ccpa-risk-pipeline/venv/lib/python3.11/site-packages/airflow/example_dags/example_external_task_marker_dag.py for tasks to queue
[2025-07-16T01:54:43.547-0700] {logging_mixin.py:151} INFO - [2025-07-16T01:54:43.547-0700] {dagbag.py:539} INFO - Filling up the DagBag from /Volumes/Personal Drive/GitHub/gdpr-ccpa-risk-pipeline/venv/lib/python3.11/site-packages/airflow/example_dags/example_external_task_marker_dag.py
[2025-07-16T01:54:43.589-0700] {processor.py:839} INFO - DAG(s) dict_keys(['example_external_task_marker_child', 'example_external_task_marker_parent']) retrieved from /Volumes/Personal Drive/GitHub/gdpr-ccpa-risk-pipeline/venv/lib/python3.11/site-packages/airflow/example_dags/example_external_task_marker_dag.py
[2025-07-16T01:54:43.763-0700] {logging_mixin.py:151} INFO - [2025-07-16T01:54:43.762-0700] {dag.py:2915} INFO - Sync 2 DAGs
[2025-07-16T01:54:43.804-0700] {logging_mixin.py:151} INFO - [2025-07-16T01:54:43.804-0700] {dag.py:3696} INFO - Setting next_dagrun for example_external_task_marker_child to None, run_after=None
[2025-07-16T01:54:43.807-0700] {logging_mixin.py:151} INFO - [2025-07-16T01:54:43.807-0700] {dag.py:3696} INFO - Setting next_dagrun for example_external_task_marker_parent to None, run_after=None
[2025-07-16T01:54:43.825-0700] {processor.py:179} INFO - Processing /Volumes/Personal Drive/GitHub/gdpr-ccpa-risk-pipeline/venv/lib/python3.11/site-packages/airflow/example_dags/example_external_task_marker_dag.py took 0.289 seconds
[2025-07-16T01:59:50.012-0700] {processor.py:157} INFO - Started process (PID=85393) to work on /Volumes/Personal Drive/GitHub/gdpr-ccpa-risk-pipeline/venv/lib/python3.11/site-packages/airflow/example_dags/example_external_task_marker_dag.py
[2025-07-16T01:59:50.013-0700] {processor.py:829} INFO - Processing file /Volumes/Personal Drive/GitHub/gdpr-ccpa-risk-pipeline/venv/lib/python3.11/site-packages/airflow/example_dags/example_external_task_marker_dag.py for tasks to queue
[2025-07-16T01:59:50.014-0700] {logging_mixin.py:151} INFO - [2025-07-16T01:59:50.013-0700] {dagbag.py:539} INFO - Filling up the DagBag from /Volumes/Personal Drive/GitHub/gdpr-ccpa-risk-pipeline/venv/lib/python3.11/site-packages/airflow/example_dags/example_external_task_marker_dag.py
[2025-07-16T01:59:50.073-0700] {processor.py:839} INFO - DAG(s) dict_keys(['example_external_task_marker_child', 'example_external_task_marker_parent']) retrieved from /Volumes/Personal Drive/GitHub/gdpr-ccpa-risk-pipeline/venv/lib/python3.11/site-packages/airflow/example_dags/example_external_task_marker_dag.py
[2025-07-16T01:59:50.284-0700] {logging_mixin.py:151} INFO - [2025-07-16T01:59:50.282-0700] {dag.py:2915} INFO - Sync 2 DAGs
[2025-07-16T01:59:50.296-0700] {logging_mixin.py:151} INFO - [2025-07-16T01:59:50.296-0700] {dag.py:3696} INFO - Setting next_dagrun for example_external_task_marker_child to None, run_after=None
[2025-07-16T01:59:50.298-0700] {logging_mixin.py:151} INFO - [2025-07-16T01:59:50.298-0700] {dag.py:3696} INFO - Setting next_dagrun for example_external_task_marker_parent to None, run_after=None
[2025-07-16T01:59:50.326-0700] {processor.py:179} INFO - Processing /Volumes/Personal Drive/GitHub/gdpr-ccpa-risk-pipeline/venv/lib/python3.11/site-packages/airflow/example_dags/example_external_task_marker_dag.py took 0.315 seconds
