[2025-07-16T01:48:00.833-0700] {processor.py:157} INFO - Started process (PID=84839) to work on /Volumes/Personal Drive/GitHub/gdpr-ccpa-risk-pipeline/venv/lib/python3.11/site-packages/airflow/example_dags/example_latest_only.py
[2025-07-16T01:48:00.834-0700] {processor.py:829} INFO - Processing file /Volumes/Personal Drive/GitHub/gdpr-ccpa-risk-pipeline/venv/lib/python3.11/site-packages/airflow/example_dags/example_latest_only.py for tasks to queue
[2025-07-16T01:48:00.836-0700] {logging_mixin.py:151} INFO - [2025-07-16T01:48:00.836-0700] {dagbag.py:539} INFO - Filling up the DagBag from /Volumes/Personal Drive/GitHub/gdpr-ccpa-risk-pipeline/venv/lib/python3.11/site-packages/airflow/example_dags/example_latest_only.py
[2025-07-16T01:48:00.880-0700] {processor.py:839} INFO - DAG(s) dict_keys(['latest_only']) retrieved from /Volumes/Personal Drive/GitHub/gdpr-ccpa-risk-pipeline/venv/lib/python3.11/site-packages/airflow/example_dags/example_latest_only.py
[2025-07-16T01:48:01.195-0700] {logging_mixin.py:151} INFO - [2025-07-16T01:48:01.195-0700] {dag.py:2915} INFO - Sync 1 DAGs
[2025-07-16T01:48:01.213-0700] {logging_mixin.py:151} INFO - [2025-07-16T01:48:01.213-0700] {dag.py:3696} INFO - Setting next_dagrun for latest_only to 2025-07-16T04:48:01.213041+00:00, run_after=2025-07-16T08:48:01.213041+00:00
[2025-07-16T01:48:01.319-0700] {processor.py:179} INFO - Processing /Volumes/Personal Drive/GitHub/gdpr-ccpa-risk-pipeline/venv/lib/python3.11/site-packages/airflow/example_dags/example_latest_only.py took 0.492 seconds
[2025-07-16T01:50:28.422-0700] {processor.py:157} INFO - Started process (PID=84950) to work on /Volumes/Personal Drive/GitHub/gdpr-ccpa-risk-pipeline/venv/lib/python3.11/site-packages/airflow/example_dags/example_latest_only.py
[2025-07-16T01:50:28.437-0700] {processor.py:829} INFO - Processing file /Volumes/Personal Drive/GitHub/gdpr-ccpa-risk-pipeline/venv/lib/python3.11/site-packages/airflow/example_dags/example_latest_only.py for tasks to queue
[2025-07-16T01:50:28.438-0700] {logging_mixin.py:151} INFO - [2025-07-16T01:50:28.438-0700] {dagbag.py:539} INFO - Filling up the DagBag from /Volumes/Personal Drive/GitHub/gdpr-ccpa-risk-pipeline/venv/lib/python3.11/site-packages/airflow/example_dags/example_latest_only.py
[2025-07-16T01:50:28.462-0700] {processor.py:839} INFO - DAG(s) dict_keys(['latest_only']) retrieved from /Volumes/Personal Drive/GitHub/gdpr-ccpa-risk-pipeline/venv/lib/python3.11/site-packages/airflow/example_dags/example_latest_only.py
[2025-07-16T01:50:28.630-0700] {logging_mixin.py:151} INFO - [2025-07-16T01:50:28.630-0700] {dag.py:2915} INFO - Sync 1 DAGs
[2025-07-16T01:50:28.646-0700] {logging_mixin.py:151} INFO - [2025-07-16T01:50:28.645-0700] {dag.py:3696} INFO - Setting next_dagrun for latest_only to 2025-07-16T04:50:28.645859+00:00, run_after=2025-07-16T08:50:28.645859+00:00
[2025-07-16T01:50:28.666-0700] {processor.py:179} INFO - Processing /Volumes/Personal Drive/GitHub/gdpr-ccpa-risk-pipeline/venv/lib/python3.11/site-packages/airflow/example_dags/example_latest_only.py took 0.245 seconds
[2025-07-16T01:54:37.516-0700] {processor.py:157} INFO - Started process (PID=85154) to work on /Volumes/Personal Drive/GitHub/gdpr-ccpa-risk-pipeline/venv/lib/python3.11/site-packages/airflow/example_dags/example_latest_only.py
[2025-07-16T01:54:37.523-0700] {processor.py:829} INFO - Processing file /Volumes/Personal Drive/GitHub/gdpr-ccpa-risk-pipeline/venv/lib/python3.11/site-packages/airflow/example_dags/example_latest_only.py for tasks to queue
[2025-07-16T01:54:37.524-0700] {logging_mixin.py:151} INFO - [2025-07-16T01:54:37.524-0700] {dagbag.py:539} INFO - Filling up the DagBag from /Volumes/Personal Drive/GitHub/gdpr-ccpa-risk-pipeline/venv/lib/python3.11/site-packages/airflow/example_dags/example_latest_only.py
[2025-07-16T01:54:37.561-0700] {processor.py:839} INFO - DAG(s) dict_keys(['latest_only']) retrieved from /Volumes/Personal Drive/GitHub/gdpr-ccpa-risk-pipeline/venv/lib/python3.11/site-packages/airflow/example_dags/example_latest_only.py
[2025-07-16T01:54:37.738-0700] {logging_mixin.py:151} INFO - [2025-07-16T01:54:37.738-0700] {dag.py:2915} INFO - Sync 1 DAGs
[2025-07-16T01:54:37.749-0700] {logging_mixin.py:151} INFO - [2025-07-16T01:54:37.749-0700] {dag.py:3696} INFO - Setting next_dagrun for latest_only to 2025-07-16T04:54:37.749583+00:00, run_after=2025-07-16T08:54:37.749583+00:00
[2025-07-16T01:54:37.782-0700] {processor.py:179} INFO - Processing /Volumes/Personal Drive/GitHub/gdpr-ccpa-risk-pipeline/venv/lib/python3.11/site-packages/airflow/example_dags/example_latest_only.py took 0.269 seconds
[2025-07-16T01:59:44.167-0700] {processor.py:157} INFO - Started process (PID=85391) to work on /Volumes/Personal Drive/GitHub/gdpr-ccpa-risk-pipeline/venv/lib/python3.11/site-packages/airflow/example_dags/example_latest_only.py
[2025-07-16T01:59:44.169-0700] {processor.py:829} INFO - Processing file /Volumes/Personal Drive/GitHub/gdpr-ccpa-risk-pipeline/venv/lib/python3.11/site-packages/airflow/example_dags/example_latest_only.py for tasks to queue
[2025-07-16T01:59:44.170-0700] {logging_mixin.py:151} INFO - [2025-07-16T01:59:44.170-0700] {dagbag.py:539} INFO - Filling up the DagBag from /Volumes/Personal Drive/GitHub/gdpr-ccpa-risk-pipeline/venv/lib/python3.11/site-packages/airflow/example_dags/example_latest_only.py
[2025-07-16T01:59:44.203-0700] {processor.py:839} INFO - DAG(s) dict_keys(['latest_only']) retrieved from /Volumes/Personal Drive/GitHub/gdpr-ccpa-risk-pipeline/venv/lib/python3.11/site-packages/airflow/example_dags/example_latest_only.py
[2025-07-16T01:59:44.410-0700] {logging_mixin.py:151} INFO - [2025-07-16T01:59:44.410-0700] {dag.py:2915} INFO - Sync 1 DAGs
[2025-07-16T01:59:44.424-0700] {logging_mixin.py:151} INFO - [2025-07-16T01:59:44.424-0700] {dag.py:3696} INFO - Setting next_dagrun for latest_only to 2025-07-16T04:59:44.424068+00:00, run_after=2025-07-16T08:59:44.424068+00:00
[2025-07-16T01:59:44.445-0700] {processor.py:179} INFO - Processing /Volumes/Personal Drive/GitHub/gdpr-ccpa-risk-pipeline/venv/lib/python3.11/site-packages/airflow/example_dags/example_latest_only.py took 0.279 seconds
