[2025-07-16T01:47:01.863-0700] {processor.py:157} INFO - Started process (PID=84788) to work on /Volumes/Personal Drive/GitHub/gdpr-ccpa-risk-pipeline/venv/lib/python3.11/site-packages/airflow/example_dags/example_subdag_operator.py
[2025-07-16T01:47:01.876-0700] {processor.py:829} INFO - Processing file /Volumes/Personal Drive/GitHub/gdpr-ccpa-risk-pipeline/venv/lib/python3.11/site-packages/airflow/example_dags/example_subdag_operator.py for tasks to queue
[2025-07-16T01:47:01.883-0700] {logging_mixin.py:151} INFO - [2025-07-16T01:47:01.877-0700] {dagbag.py:539} INFO - Filling up the DagBag from /Volumes/Personal Drive/GitHub/gdpr-ccpa-risk-pipeline/venv/lib/python3.11/site-packages/airflow/example_dags/example_subdag_operator.py
[2025-07-16T01:47:02.070-0700] {processor.py:839} INFO - DAG(s) dict_keys(['example_subdag_operator.section-1', 'example_subdag_operator.section-2', 'example_subdag_operator']) retrieved from /Volumes/Personal Drive/GitHub/gdpr-ccpa-risk-pipeline/venv/lib/python3.11/site-packages/airflow/example_dags/example_subdag_operator.py
[2025-07-16T01:47:02.177-0700] {logging_mixin.py:151} INFO - [2025-07-16T01:47:02.177-0700] {dag.py:2915} INFO - Sync 3 DAGs
[2025-07-16T01:47:02.214-0700] {logging_mixin.py:151} INFO - [2025-07-16T01:47:02.214-0700] {dag.py:3696} INFO - Setting next_dagrun for example_subdag_operator to 2022-01-01T00:00:00+00:00, run_after=2022-01-01T00:00:00+00:00
[2025-07-16T01:47:02.248-0700] {logging_mixin.py:151} INFO - [2025-07-16T01:47:02.247-0700] {dag.py:3696} INFO - Setting next_dagrun for example_subdag_operator.section-1 to None, run_after=None
[2025-07-16T01:47:02.261-0700] {logging_mixin.py:151} INFO - [2025-07-16T01:47:02.261-0700] {dag.py:3696} INFO - Setting next_dagrun for example_subdag_operator.section-2 to None, run_after=None
[2025-07-16T01:47:02.270-0700] {logging_mixin.py:151} INFO - [2025-07-16T01:47:02.270-0700] {dag.py:2915} INFO - Sync 2 DAGs
[2025-07-16T01:47:02.297-0700] {logging_mixin.py:151} INFO - [2025-07-16T01:47:02.294-0700] {dag.py:3696} INFO - Setting next_dagrun for example_subdag_operator.section-1 to None, run_after=None
[2025-07-16T01:47:02.297-0700] {logging_mixin.py:151} INFO - [2025-07-16T01:47:02.297-0700] {dag.py:3696} INFO - Setting next_dagrun for example_subdag_operator.section-2 to None, run_after=None
[2025-07-16T01:47:02.321-0700] {processor.py:179} INFO - Processing /Volumes/Personal Drive/GitHub/gdpr-ccpa-risk-pipeline/venv/lib/python3.11/site-packages/airflow/example_dags/example_subdag_operator.py took 0.459 seconds
[2025-07-16T01:49:42.338-0700] {processor.py:157} INFO - Started process (PID=84913) to work on /Volumes/Personal Drive/GitHub/gdpr-ccpa-risk-pipeline/venv/lib/python3.11/site-packages/airflow/example_dags/example_subdag_operator.py
[2025-07-16T01:49:42.351-0700] {processor.py:829} INFO - Processing file /Volumes/Personal Drive/GitHub/gdpr-ccpa-risk-pipeline/venv/lib/python3.11/site-packages/airflow/example_dags/example_subdag_operator.py for tasks to queue
[2025-07-16T01:49:42.351-0700] {logging_mixin.py:151} INFO - [2025-07-16T01:49:42.351-0700] {dagbag.py:539} INFO - Filling up the DagBag from /Volumes/Personal Drive/GitHub/gdpr-ccpa-risk-pipeline/venv/lib/python3.11/site-packages/airflow/example_dags/example_subdag_operator.py
[2025-07-16T01:49:42.572-0700] {processor.py:839} INFO - DAG(s) dict_keys(['example_subdag_operator.section-1', 'example_subdag_operator.section-2', 'example_subdag_operator']) retrieved from /Volumes/Personal Drive/GitHub/gdpr-ccpa-risk-pipeline/venv/lib/python3.11/site-packages/airflow/example_dags/example_subdag_operator.py
[2025-07-16T01:49:42.655-0700] {logging_mixin.py:151} INFO - [2025-07-16T01:49:42.655-0700] {dag.py:2915} INFO - Sync 3 DAGs
[2025-07-16T01:49:42.670-0700] {logging_mixin.py:151} INFO - [2025-07-16T01:49:42.670-0700] {dag.py:3696} INFO - Setting next_dagrun for example_subdag_operator to 2022-01-01T00:00:00+00:00, run_after=2022-01-01T00:00:00+00:00
[2025-07-16T01:49:42.673-0700] {logging_mixin.py:151} INFO - [2025-07-16T01:49:42.673-0700] {dag.py:3696} INFO - Setting next_dagrun for example_subdag_operator.section-1 to None, run_after=None
[2025-07-16T01:49:42.674-0700] {logging_mixin.py:151} INFO - [2025-07-16T01:49:42.674-0700] {dag.py:3696} INFO - Setting next_dagrun for example_subdag_operator.section-2 to None, run_after=None
[2025-07-16T01:49:42.679-0700] {logging_mixin.py:151} INFO - [2025-07-16T01:49:42.679-0700] {dag.py:2915} INFO - Sync 2 DAGs
[2025-07-16T01:49:42.693-0700] {logging_mixin.py:151} INFO - [2025-07-16T01:49:42.693-0700] {dag.py:3696} INFO - Setting next_dagrun for example_subdag_operator.section-1 to None, run_after=None
[2025-07-16T01:49:42.693-0700] {logging_mixin.py:151} INFO - [2025-07-16T01:49:42.693-0700] {dag.py:3696} INFO - Setting next_dagrun for example_subdag_operator.section-2 to None, run_after=None
[2025-07-16T01:49:42.740-0700] {processor.py:179} INFO - Processing /Volumes/Personal Drive/GitHub/gdpr-ccpa-risk-pipeline/venv/lib/python3.11/site-packages/airflow/example_dags/example_subdag_operator.py took 0.406 seconds
[2025-07-16T01:51:44.255-0700] {processor.py:157} INFO - Started process (PID=85008) to work on /Volumes/Personal Drive/GitHub/gdpr-ccpa-risk-pipeline/venv/lib/python3.11/site-packages/airflow/example_dags/example_subdag_operator.py
[2025-07-16T01:51:44.257-0700] {processor.py:829} INFO - Processing file /Volumes/Personal Drive/GitHub/gdpr-ccpa-risk-pipeline/venv/lib/python3.11/site-packages/airflow/example_dags/example_subdag_operator.py for tasks to queue
[2025-07-16T01:51:44.259-0700] {logging_mixin.py:151} INFO - [2025-07-16T01:51:44.259-0700] {dagbag.py:539} INFO - Filling up the DagBag from /Volumes/Personal Drive/GitHub/gdpr-ccpa-risk-pipeline/venv/lib/python3.11/site-packages/airflow/example_dags/example_subdag_operator.py
[2025-07-16T01:51:44.555-0700] {processor.py:839} INFO - DAG(s) dict_keys(['example_subdag_operator.section-1', 'example_subdag_operator.section-2', 'example_subdag_operator']) retrieved from /Volumes/Personal Drive/GitHub/gdpr-ccpa-risk-pipeline/venv/lib/python3.11/site-packages/airflow/example_dags/example_subdag_operator.py
[2025-07-16T01:51:44.705-0700] {logging_mixin.py:151} INFO - [2025-07-16T01:51:44.705-0700] {dag.py:2915} INFO - Sync 3 DAGs
[2025-07-16T01:51:44.749-0700] {logging_mixin.py:151} INFO - [2025-07-16T01:51:44.749-0700] {dag.py:3696} INFO - Setting next_dagrun for example_subdag_operator to 2022-01-01T00:00:00+00:00, run_after=2022-01-01T00:00:00+00:00
[2025-07-16T01:51:44.752-0700] {logging_mixin.py:151} INFO - [2025-07-16T01:51:44.752-0700] {dag.py:3696} INFO - Setting next_dagrun for example_subdag_operator.section-1 to None, run_after=None
[2025-07-16T01:51:44.753-0700] {logging_mixin.py:151} INFO - [2025-07-16T01:51:44.753-0700] {dag.py:3696} INFO - Setting next_dagrun for example_subdag_operator.section-2 to None, run_after=None
[2025-07-16T01:51:44.760-0700] {logging_mixin.py:151} INFO - [2025-07-16T01:51:44.759-0700] {dag.py:2915} INFO - Sync 2 DAGs
[2025-07-16T01:51:44.769-0700] {logging_mixin.py:151} INFO - [2025-07-16T01:51:44.768-0700] {dag.py:3696} INFO - Setting next_dagrun for example_subdag_operator.section-1 to None, run_after=None
[2025-07-16T01:51:44.769-0700] {logging_mixin.py:151} INFO - [2025-07-16T01:51:44.769-0700] {dag.py:3696} INFO - Setting next_dagrun for example_subdag_operator.section-2 to None, run_after=None
[2025-07-16T01:51:44.787-0700] {processor.py:179} INFO - Processing /Volumes/Personal Drive/GitHub/gdpr-ccpa-risk-pipeline/venv/lib/python3.11/site-packages/airflow/example_dags/example_subdag_operator.py took 0.534 seconds
[2025-07-16T01:53:46.823-0700] {processor.py:157} INFO - Started process (PID=85098) to work on /Volumes/Personal Drive/GitHub/gdpr-ccpa-risk-pipeline/venv/lib/python3.11/site-packages/airflow/example_dags/example_subdag_operator.py
[2025-07-16T01:53:46.824-0700] {processor.py:829} INFO - Processing file /Volumes/Personal Drive/GitHub/gdpr-ccpa-risk-pipeline/venv/lib/python3.11/site-packages/airflow/example_dags/example_subdag_operator.py for tasks to queue
[2025-07-16T01:53:46.826-0700] {logging_mixin.py:151} INFO - [2025-07-16T01:53:46.825-0700] {dagbag.py:539} INFO - Filling up the DagBag from /Volumes/Personal Drive/GitHub/gdpr-ccpa-risk-pipeline/venv/lib/python3.11/site-packages/airflow/example_dags/example_subdag_operator.py
[2025-07-16T01:53:47.024-0700] {processor.py:839} INFO - DAG(s) dict_keys(['example_subdag_operator.section-1', 'example_subdag_operator.section-2', 'example_subdag_operator']) retrieved from /Volumes/Personal Drive/GitHub/gdpr-ccpa-risk-pipeline/venv/lib/python3.11/site-packages/airflow/example_dags/example_subdag_operator.py
[2025-07-16T01:53:47.142-0700] {logging_mixin.py:151} INFO - [2025-07-16T01:53:47.142-0700] {dag.py:2915} INFO - Sync 3 DAGs
[2025-07-16T01:53:47.156-0700] {logging_mixin.py:151} INFO - [2025-07-16T01:53:47.156-0700] {dag.py:3696} INFO - Setting next_dagrun for example_subdag_operator to 2022-01-01T00:00:00+00:00, run_after=2022-01-01T00:00:00+00:00
[2025-07-16T01:53:47.158-0700] {logging_mixin.py:151} INFO - [2025-07-16T01:53:47.158-0700] {dag.py:3696} INFO - Setting next_dagrun for example_subdag_operator.section-1 to None, run_after=None
[2025-07-16T01:53:47.159-0700] {logging_mixin.py:151} INFO - [2025-07-16T01:53:47.159-0700] {dag.py:3696} INFO - Setting next_dagrun for example_subdag_operator.section-2 to None, run_after=None
[2025-07-16T01:53:47.163-0700] {logging_mixin.py:151} INFO - [2025-07-16T01:53:47.163-0700] {dag.py:2915} INFO - Sync 2 DAGs
[2025-07-16T01:53:47.167-0700] {logging_mixin.py:151} INFO - [2025-07-16T01:53:47.167-0700] {dag.py:3696} INFO - Setting next_dagrun for example_subdag_operator.section-1 to None, run_after=None
[2025-07-16T01:53:47.167-0700] {logging_mixin.py:151} INFO - [2025-07-16T01:53:47.167-0700] {dag.py:3696} INFO - Setting next_dagrun for example_subdag_operator.section-2 to None, run_after=None
[2025-07-16T01:53:47.184-0700] {processor.py:179} INFO - Processing /Volumes/Personal Drive/GitHub/gdpr-ccpa-risk-pipeline/venv/lib/python3.11/site-packages/airflow/example_dags/example_subdag_operator.py took 0.361 seconds
[2025-07-16T01:55:55.091-0700] {processor.py:157} INFO - Started process (PID=85211) to work on /Volumes/Personal Drive/GitHub/gdpr-ccpa-risk-pipeline/venv/lib/python3.11/site-packages/airflow/example_dags/example_subdag_operator.py
[2025-07-16T01:55:55.103-0700] {processor.py:829} INFO - Processing file /Volumes/Personal Drive/GitHub/gdpr-ccpa-risk-pipeline/venv/lib/python3.11/site-packages/airflow/example_dags/example_subdag_operator.py for tasks to queue
[2025-07-16T01:55:55.103-0700] {logging_mixin.py:151} INFO - [2025-07-16T01:55:55.103-0700] {dagbag.py:539} INFO - Filling up the DagBag from /Volumes/Personal Drive/GitHub/gdpr-ccpa-risk-pipeline/venv/lib/python3.11/site-packages/airflow/example_dags/example_subdag_operator.py
[2025-07-16T01:55:55.426-0700] {processor.py:839} INFO - DAG(s) dict_keys(['example_subdag_operator.section-1', 'example_subdag_operator.section-2', 'example_subdag_operator']) retrieved from /Volumes/Personal Drive/GitHub/gdpr-ccpa-risk-pipeline/venv/lib/python3.11/site-packages/airflow/example_dags/example_subdag_operator.py
[2025-07-16T01:55:55.549-0700] {logging_mixin.py:151} INFO - [2025-07-16T01:55:55.549-0700] {dag.py:2915} INFO - Sync 3 DAGs
[2025-07-16T01:55:55.568-0700] {logging_mixin.py:151} INFO - [2025-07-16T01:55:55.568-0700] {dag.py:3696} INFO - Setting next_dagrun for example_subdag_operator to 2022-01-01T00:00:00+00:00, run_after=2022-01-01T00:00:00+00:00
[2025-07-16T01:55:55.571-0700] {logging_mixin.py:151} INFO - [2025-07-16T01:55:55.571-0700] {dag.py:3696} INFO - Setting next_dagrun for example_subdag_operator.section-1 to None, run_after=None
[2025-07-16T01:55:55.572-0700] {logging_mixin.py:151} INFO - [2025-07-16T01:55:55.572-0700] {dag.py:3696} INFO - Setting next_dagrun for example_subdag_operator.section-2 to None, run_after=None
[2025-07-16T01:55:55.578-0700] {logging_mixin.py:151} INFO - [2025-07-16T01:55:55.578-0700] {dag.py:2915} INFO - Sync 2 DAGs
[2025-07-16T01:55:55.582-0700] {logging_mixin.py:151} INFO - [2025-07-16T01:55:55.582-0700] {dag.py:3696} INFO - Setting next_dagrun for example_subdag_operator.section-1 to None, run_after=None
[2025-07-16T01:55:55.582-0700] {logging_mixin.py:151} INFO - [2025-07-16T01:55:55.582-0700] {dag.py:3696} INFO - Setting next_dagrun for example_subdag_operator.section-2 to None, run_after=None
[2025-07-16T01:55:55.596-0700] {processor.py:179} INFO - Processing /Volumes/Personal Drive/GitHub/gdpr-ccpa-risk-pipeline/venv/lib/python3.11/site-packages/airflow/example_dags/example_subdag_operator.py took 0.507 seconds
[2025-07-16T01:58:41.434-0700] {processor.py:157} INFO - Started process (PID=85346) to work on /Volumes/Personal Drive/GitHub/gdpr-ccpa-risk-pipeline/venv/lib/python3.11/site-packages/airflow/example_dags/example_subdag_operator.py
[2025-07-16T01:58:41.454-0700] {processor.py:829} INFO - Processing file /Volumes/Personal Drive/GitHub/gdpr-ccpa-risk-pipeline/venv/lib/python3.11/site-packages/airflow/example_dags/example_subdag_operator.py for tasks to queue
[2025-07-16T01:58:41.455-0700] {logging_mixin.py:151} INFO - [2025-07-16T01:58:41.455-0700] {dagbag.py:539} INFO - Filling up the DagBag from /Volumes/Personal Drive/GitHub/gdpr-ccpa-risk-pipeline/venv/lib/python3.11/site-packages/airflow/example_dags/example_subdag_operator.py
[2025-07-16T01:58:41.795-0700] {processor.py:839} INFO - DAG(s) dict_keys(['example_subdag_operator.section-1', 'example_subdag_operator.section-2', 'example_subdag_operator']) retrieved from /Volumes/Personal Drive/GitHub/gdpr-ccpa-risk-pipeline/venv/lib/python3.11/site-packages/airflow/example_dags/example_subdag_operator.py
[2025-07-16T01:58:41.946-0700] {logging_mixin.py:151} INFO - [2025-07-16T01:58:41.946-0700] {dag.py:2915} INFO - Sync 3 DAGs
[2025-07-16T01:58:41.961-0700] {logging_mixin.py:151} INFO - [2025-07-16T01:58:41.961-0700] {dag.py:3696} INFO - Setting next_dagrun for example_subdag_operator to 2022-01-01T00:00:00+00:00, run_after=2022-01-01T00:00:00+00:00
[2025-07-16T01:58:41.964-0700] {logging_mixin.py:151} INFO - [2025-07-16T01:58:41.964-0700] {dag.py:3696} INFO - Setting next_dagrun for example_subdag_operator.section-1 to None, run_after=None
[2025-07-16T01:58:41.967-0700] {logging_mixin.py:151} INFO - [2025-07-16T01:58:41.967-0700] {dag.py:3696} INFO - Setting next_dagrun for example_subdag_operator.section-2 to None, run_after=None
[2025-07-16T01:58:41.985-0700] {logging_mixin.py:151} INFO - [2025-07-16T01:58:41.985-0700] {dag.py:2915} INFO - Sync 2 DAGs
[2025-07-16T01:58:42.000-0700] {logging_mixin.py:151} INFO - [2025-07-16T01:58:42.000-0700] {dag.py:3696} INFO - Setting next_dagrun for example_subdag_operator.section-1 to None, run_after=None
[2025-07-16T01:58:42.002-0700] {logging_mixin.py:151} INFO - [2025-07-16T01:58:42.001-0700] {dag.py:3696} INFO - Setting next_dagrun for example_subdag_operator.section-2 to None, run_after=None
[2025-07-16T01:58:42.020-0700] {processor.py:179} INFO - Processing /Volumes/Personal Drive/GitHub/gdpr-ccpa-risk-pipeline/venv/lib/python3.11/site-packages/airflow/example_dags/example_subdag_operator.py took 0.587 seconds
[2025-07-16T02:01:22.526-0700] {processor.py:157} INFO - Started process (PID=85466) to work on /Volumes/Personal Drive/GitHub/gdpr-ccpa-risk-pipeline/venv/lib/python3.11/site-packages/airflow/example_dags/example_subdag_operator.py
[2025-07-16T02:01:22.543-0700] {processor.py:829} INFO - Processing file /Volumes/Personal Drive/GitHub/gdpr-ccpa-risk-pipeline/venv/lib/python3.11/site-packages/airflow/example_dags/example_subdag_operator.py for tasks to queue
[2025-07-16T02:01:22.545-0700] {logging_mixin.py:151} INFO - [2025-07-16T02:01:22.545-0700] {dagbag.py:539} INFO - Filling up the DagBag from /Volumes/Personal Drive/GitHub/gdpr-ccpa-risk-pipeline/venv/lib/python3.11/site-packages/airflow/example_dags/example_subdag_operator.py
[2025-07-16T02:01:22.795-0700] {processor.py:839} INFO - DAG(s) dict_keys(['example_subdag_operator.section-1', 'example_subdag_operator.section-2', 'example_subdag_operator']) retrieved from /Volumes/Personal Drive/GitHub/gdpr-ccpa-risk-pipeline/venv/lib/python3.11/site-packages/airflow/example_dags/example_subdag_operator.py
[2025-07-16T02:01:22.970-0700] {logging_mixin.py:151} INFO - [2025-07-16T02:01:22.969-0700] {dag.py:2915} INFO - Sync 3 DAGs
[2025-07-16T02:01:23.000-0700] {logging_mixin.py:151} INFO - [2025-07-16T02:01:23.000-0700] {dag.py:3696} INFO - Setting next_dagrun for example_subdag_operator to 2022-01-01T00:00:00+00:00, run_after=2022-01-01T00:00:00+00:00
[2025-07-16T02:01:23.002-0700] {logging_mixin.py:151} INFO - [2025-07-16T02:01:23.002-0700] {dag.py:3696} INFO - Setting next_dagrun for example_subdag_operator.section-1 to None, run_after=None
[2025-07-16T02:01:23.003-0700] {logging_mixin.py:151} INFO - [2025-07-16T02:01:23.003-0700] {dag.py:3696} INFO - Setting next_dagrun for example_subdag_operator.section-2 to None, run_after=None
[2025-07-16T02:01:23.008-0700] {logging_mixin.py:151} INFO - [2025-07-16T02:01:23.007-0700] {dag.py:2915} INFO - Sync 2 DAGs
[2025-07-16T02:01:23.015-0700] {logging_mixin.py:151} INFO - [2025-07-16T02:01:23.015-0700] {dag.py:3696} INFO - Setting next_dagrun for example_subdag_operator.section-1 to None, run_after=None
[2025-07-16T02:01:23.015-0700] {logging_mixin.py:151} INFO - [2025-07-16T02:01:23.015-0700] {dag.py:3696} INFO - Setting next_dagrun for example_subdag_operator.section-2 to None, run_after=None
[2025-07-16T02:01:23.041-0700] {processor.py:179} INFO - Processing /Volumes/Personal Drive/GitHub/gdpr-ccpa-risk-pipeline/venv/lib/python3.11/site-packages/airflow/example_dags/example_subdag_operator.py took 0.515 seconds
