[2025-07-16T01:47:16.466-0700] {processor.py:157} INFO - Started process (PID=84799) to work on /Volumes/Personal Drive/GitHub/gdpr-ccpa-risk-pipeline/venv/lib/python3.11/site-packages/airflow/example_dags/example_short_circuit_decorator.py
[2025-07-16T01:47:16.468-0700] {processor.py:829} INFO - Processing file /Volumes/Personal Drive/GitHub/gdpr-ccpa-risk-pipeline/venv/lib/python3.11/site-packages/airflow/example_dags/example_short_circuit_decorator.py for tasks to queue
[2025-07-16T01:47:16.472-0700] {logging_mixin.py:151} INFO - [2025-07-16T01:47:16.469-0700] {dagbag.py:539} INFO - Filling up the DagBag from /Volumes/Personal Drive/GitHub/gdpr-ccpa-risk-pipeline/venv/lib/python3.11/site-packages/airflow/example_dags/example_short_circuit_decorator.py
[2025-07-16T01:47:16.568-0700] {processor.py:839} INFO - DAG(s) dict_keys(['example_short_circuit_decorator']) retrieved from /Volumes/Personal Drive/GitHub/gdpr-ccpa-risk-pipeline/venv/lib/python3.11/site-packages/airflow/example_dags/example_short_circuit_decorator.py
[2025-07-16T01:47:16.832-0700] {logging_mixin.py:151} INFO - [2025-07-16T01:47:16.832-0700] {dag.py:2915} INFO - Sync 1 DAGs
[2025-07-16T01:47:16.848-0700] {logging_mixin.py:151} INFO - [2025-07-16T01:47:16.848-0700] {dag.py:3696} INFO - Setting next_dagrun for example_short_circuit_decorator to 2025-07-15T08:47:16.848410+00:00, run_after=2025-07-16T08:47:16.848410+00:00
[2025-07-16T01:47:16.873-0700] {processor.py:179} INFO - Processing /Volumes/Personal Drive/GitHub/gdpr-ccpa-risk-pipeline/venv/lib/python3.11/site-packages/airflow/example_dags/example_short_circuit_decorator.py took 0.409 seconds
[2025-07-16T01:49:54.530-0700] {processor.py:157} INFO - Started process (PID=84924) to work on /Volumes/Personal Drive/GitHub/gdpr-ccpa-risk-pipeline/venv/lib/python3.11/site-packages/airflow/example_dags/example_short_circuit_decorator.py
[2025-07-16T01:49:54.531-0700] {processor.py:829} INFO - Processing file /Volumes/Personal Drive/GitHub/gdpr-ccpa-risk-pipeline/venv/lib/python3.11/site-packages/airflow/example_dags/example_short_circuit_decorator.py for tasks to queue
[2025-07-16T01:49:54.532-0700] {logging_mixin.py:151} INFO - [2025-07-16T01:49:54.532-0700] {dagbag.py:539} INFO - Filling up the DagBag from /Volumes/Personal Drive/GitHub/gdpr-ccpa-risk-pipeline/venv/lib/python3.11/site-packages/airflow/example_dags/example_short_circuit_decorator.py
[2025-07-16T01:49:54.599-0700] {processor.py:839} INFO - DAG(s) dict_keys(['example_short_circuit_decorator']) retrieved from /Volumes/Personal Drive/GitHub/gdpr-ccpa-risk-pipeline/venv/lib/python3.11/site-packages/airflow/example_dags/example_short_circuit_decorator.py
[2025-07-16T01:49:54.790-0700] {logging_mixin.py:151} INFO - [2025-07-16T01:49:54.789-0700] {dag.py:2915} INFO - Sync 1 DAGs
[2025-07-16T01:49:54.808-0700] {logging_mixin.py:151} INFO - [2025-07-16T01:49:54.808-0700] {dag.py:3696} INFO - Setting next_dagrun for example_short_circuit_decorator to 2025-07-15T08:49:54.808425+00:00, run_after=2025-07-16T08:49:54.808425+00:00
[2025-07-16T01:49:54.829-0700] {processor.py:179} INFO - Processing /Volumes/Personal Drive/GitHub/gdpr-ccpa-risk-pipeline/venv/lib/python3.11/site-packages/airflow/example_dags/example_short_circuit_decorator.py took 0.301 seconds
[2025-07-16T01:51:58.731-0700] {processor.py:157} INFO - Started process (PID=85019) to work on /Volumes/Personal Drive/GitHub/gdpr-ccpa-risk-pipeline/venv/lib/python3.11/site-packages/airflow/example_dags/example_short_circuit_decorator.py
[2025-07-16T01:51:58.731-0700] {processor.py:829} INFO - Processing file /Volumes/Personal Drive/GitHub/gdpr-ccpa-risk-pipeline/venv/lib/python3.11/site-packages/airflow/example_dags/example_short_circuit_decorator.py for tasks to queue
[2025-07-16T01:51:58.732-0700] {logging_mixin.py:151} INFO - [2025-07-16T01:51:58.732-0700] {dagbag.py:539} INFO - Filling up the DagBag from /Volumes/Personal Drive/GitHub/gdpr-ccpa-risk-pipeline/venv/lib/python3.11/site-packages/airflow/example_dags/example_short_circuit_decorator.py
[2025-07-16T01:51:58.814-0700] {processor.py:839} INFO - DAG(s) dict_keys(['example_short_circuit_decorator']) retrieved from /Volumes/Personal Drive/GitHub/gdpr-ccpa-risk-pipeline/venv/lib/python3.11/site-packages/airflow/example_dags/example_short_circuit_decorator.py
[2025-07-16T01:51:58.980-0700] {logging_mixin.py:151} INFO - [2025-07-16T01:51:58.979-0700] {dag.py:2915} INFO - Sync 1 DAGs
[2025-07-16T01:51:59.030-0700] {logging_mixin.py:151} INFO - [2025-07-16T01:51:59.030-0700] {dag.py:3696} INFO - Setting next_dagrun for example_short_circuit_decorator to 2025-07-15T08:51:59.030345+00:00, run_after=2025-07-16T08:51:59.030345+00:00
[2025-07-16T01:51:59.049-0700] {processor.py:179} INFO - Processing /Volumes/Personal Drive/GitHub/gdpr-ccpa-risk-pipeline/venv/lib/python3.11/site-packages/airflow/example_dags/example_short_circuit_decorator.py took 0.321 seconds
[2025-07-16T01:53:58.858-0700] {processor.py:157} INFO - Started process (PID=85112) to work on /Volumes/Personal Drive/GitHub/gdpr-ccpa-risk-pipeline/venv/lib/python3.11/site-packages/airflow/example_dags/example_short_circuit_decorator.py
[2025-07-16T01:53:58.867-0700] {processor.py:829} INFO - Processing file /Volumes/Personal Drive/GitHub/gdpr-ccpa-risk-pipeline/venv/lib/python3.11/site-packages/airflow/example_dags/example_short_circuit_decorator.py for tasks to queue
[2025-07-16T01:53:58.868-0700] {logging_mixin.py:151} INFO - [2025-07-16T01:53:58.868-0700] {dagbag.py:539} INFO - Filling up the DagBag from /Volumes/Personal Drive/GitHub/gdpr-ccpa-risk-pipeline/venv/lib/python3.11/site-packages/airflow/example_dags/example_short_circuit_decorator.py
[2025-07-16T01:53:58.936-0700] {processor.py:839} INFO - DAG(s) dict_keys(['example_short_circuit_decorator']) retrieved from /Volumes/Personal Drive/GitHub/gdpr-ccpa-risk-pipeline/venv/lib/python3.11/site-packages/airflow/example_dags/example_short_circuit_decorator.py
[2025-07-16T01:53:59.150-0700] {logging_mixin.py:151} INFO - [2025-07-16T01:53:59.149-0700] {dag.py:2915} INFO - Sync 1 DAGs
[2025-07-16T01:53:59.163-0700] {logging_mixin.py:151} INFO - [2025-07-16T01:53:59.163-0700] {dag.py:3696} INFO - Setting next_dagrun for example_short_circuit_decorator to 2025-07-15T08:53:59.163434+00:00, run_after=2025-07-16T08:53:59.163434+00:00
[2025-07-16T01:53:59.188-0700] {processor.py:179} INFO - Processing /Volumes/Personal Drive/GitHub/gdpr-ccpa-risk-pipeline/venv/lib/python3.11/site-packages/airflow/example_dags/example_short_circuit_decorator.py took 0.331 seconds
[2025-07-16T01:56:09.629-0700] {processor.py:157} INFO - Started process (PID=85224) to work on /Volumes/Personal Drive/GitHub/gdpr-ccpa-risk-pipeline/venv/lib/python3.11/site-packages/airflow/example_dags/example_short_circuit_decorator.py
[2025-07-16T01:56:09.649-0700] {processor.py:829} INFO - Processing file /Volumes/Personal Drive/GitHub/gdpr-ccpa-risk-pipeline/venv/lib/python3.11/site-packages/airflow/example_dags/example_short_circuit_decorator.py for tasks to queue
[2025-07-16T01:56:09.667-0700] {logging_mixin.py:151} INFO - [2025-07-16T01:56:09.659-0700] {dagbag.py:539} INFO - Filling up the DagBag from /Volumes/Personal Drive/GitHub/gdpr-ccpa-risk-pipeline/venv/lib/python3.11/site-packages/airflow/example_dags/example_short_circuit_decorator.py
[2025-07-16T01:56:10.291-0700] {processor.py:839} INFO - DAG(s) dict_keys(['example_short_circuit_decorator']) retrieved from /Volumes/Personal Drive/GitHub/gdpr-ccpa-risk-pipeline/venv/lib/python3.11/site-packages/airflow/example_dags/example_short_circuit_decorator.py
[2025-07-16T01:56:11.006-0700] {logging_mixin.py:151} INFO - [2025-07-16T01:56:11.005-0700] {dag.py:2915} INFO - Sync 1 DAGs
[2025-07-16T01:56:11.035-0700] {logging_mixin.py:151} INFO - [2025-07-16T01:56:11.035-0700] {dag.py:3696} INFO - Setting next_dagrun for example_short_circuit_decorator to 2025-07-15T08:56:11.035490+00:00, run_after=2025-07-16T08:56:11.035490+00:00
[2025-07-16T01:56:11.088-0700] {processor.py:179} INFO - Processing /Volumes/Personal Drive/GitHub/gdpr-ccpa-risk-pipeline/venv/lib/python3.11/site-packages/airflow/example_dags/example_short_circuit_decorator.py took 1.491 seconds
[2025-07-16T01:59:00.130-0700] {processor.py:157} INFO - Started process (PID=85357) to work on /Volumes/Personal Drive/GitHub/gdpr-ccpa-risk-pipeline/venv/lib/python3.11/site-packages/airflow/example_dags/example_short_circuit_decorator.py
[2025-07-16T01:59:00.132-0700] {processor.py:829} INFO - Processing file /Volumes/Personal Drive/GitHub/gdpr-ccpa-risk-pipeline/venv/lib/python3.11/site-packages/airflow/example_dags/example_short_circuit_decorator.py for tasks to queue
[2025-07-16T01:59:00.133-0700] {logging_mixin.py:151} INFO - [2025-07-16T01:59:00.132-0700] {dagbag.py:539} INFO - Filling up the DagBag from /Volumes/Personal Drive/GitHub/gdpr-ccpa-risk-pipeline/venv/lib/python3.11/site-packages/airflow/example_dags/example_short_circuit_decorator.py
[2025-07-16T01:59:00.262-0700] {processor.py:839} INFO - DAG(s) dict_keys(['example_short_circuit_decorator']) retrieved from /Volumes/Personal Drive/GitHub/gdpr-ccpa-risk-pipeline/venv/lib/python3.11/site-packages/airflow/example_dags/example_short_circuit_decorator.py
[2025-07-16T01:59:00.543-0700] {logging_mixin.py:151} INFO - [2025-07-16T01:59:00.543-0700] {dag.py:2915} INFO - Sync 1 DAGs
[2025-07-16T01:59:00.561-0700] {logging_mixin.py:151} INFO - [2025-07-16T01:59:00.561-0700] {dag.py:3696} INFO - Setting next_dagrun for example_short_circuit_decorator to 2025-07-15T08:59:00.561332+00:00, run_after=2025-07-16T08:59:00.561332+00:00
[2025-07-16T01:59:00.583-0700] {processor.py:179} INFO - Processing /Volumes/Personal Drive/GitHub/gdpr-ccpa-risk-pipeline/venv/lib/python3.11/site-packages/airflow/example_dags/example_short_circuit_decorator.py took 0.462 seconds
[2025-07-16T02:01:37.228-0700] {processor.py:157} INFO - Started process (PID=85477) to work on /Volumes/Personal Drive/GitHub/gdpr-ccpa-risk-pipeline/venv/lib/python3.11/site-packages/airflow/example_dags/example_short_circuit_decorator.py
[2025-07-16T02:01:37.232-0700] {processor.py:829} INFO - Processing file /Volumes/Personal Drive/GitHub/gdpr-ccpa-risk-pipeline/venv/lib/python3.11/site-packages/airflow/example_dags/example_short_circuit_decorator.py for tasks to queue
[2025-07-16T02:01:37.232-0700] {logging_mixin.py:151} INFO - [2025-07-16T02:01:37.232-0700] {dagbag.py:539} INFO - Filling up the DagBag from /Volumes/Personal Drive/GitHub/gdpr-ccpa-risk-pipeline/venv/lib/python3.11/site-packages/airflow/example_dags/example_short_circuit_decorator.py
[2025-07-16T02:01:37.384-0700] {processor.py:839} INFO - DAG(s) dict_keys(['example_short_circuit_decorator']) retrieved from /Volumes/Personal Drive/GitHub/gdpr-ccpa-risk-pipeline/venv/lib/python3.11/site-packages/airflow/example_dags/example_short_circuit_decorator.py
[2025-07-16T02:01:37.653-0700] {logging_mixin.py:151} INFO - [2025-07-16T02:01:37.652-0700] {dag.py:2915} INFO - Sync 1 DAGs
[2025-07-16T02:01:37.672-0700] {logging_mixin.py:151} INFO - [2025-07-16T02:01:37.672-0700] {dag.py:3696} INFO - Setting next_dagrun for example_short_circuit_decorator to 2025-07-15T09:01:37.672319+00:00, run_after=2025-07-16T09:01:37.672319+00:00
[2025-07-16T02:01:37.692-0700] {processor.py:179} INFO - Processing /Volumes/Personal Drive/GitHub/gdpr-ccpa-risk-pipeline/venv/lib/python3.11/site-packages/airflow/example_dags/example_short_circuit_decorator.py took 0.468 seconds
