[2025-07-16T01:47:40.914-0700] {processor.py:157} INFO - Started process (PID=84821) to work on /Volumes/Personal Drive/GitHub/gdpr-ccpa-risk-pipeline/venv/lib/python3.11/site-packages/airflow/example_dags/example_params_ui_tutorial.py
[2025-07-16T01:47:40.917-0700] {processor.py:829} INFO - Processing file /Volumes/Personal Drive/GitHub/gdpr-ccpa-risk-pipeline/venv/lib/python3.11/site-packages/airflow/example_dags/example_params_ui_tutorial.py for tasks to queue
[2025-07-16T01:47:40.918-0700] {logging_mixin.py:151} INFO - [2025-07-16T01:47:40.917-0700] {dagbag.py:539} INFO - Filling up the DagBag from /Volumes/Personal Drive/GitHub/gdpr-ccpa-risk-pipeline/venv/lib/python3.11/site-packages/airflow/example_dags/example_params_ui_tutorial.py
[2025-07-16T01:47:41.114-0700] {processor.py:839} INFO - DAG(s) dict_keys(['example_params_ui_tutorial']) retrieved from /Volumes/Personal Drive/GitHub/gdpr-ccpa-risk-pipeline/venv/lib/python3.11/site-packages/airflow/example_dags/example_params_ui_tutorial.py
[2025-07-16T01:47:41.357-0700] {logging_mixin.py:151} INFO - [2025-07-16T01:47:41.355-0700] {dag.py:2915} INFO - Sync 1 DAGs
[2025-07-16T01:47:41.400-0700] {logging_mixin.py:151} INFO - [2025-07-16T01:47:41.400-0700] {dag.py:3696} INFO - Setting next_dagrun for example_params_ui_tutorial to None, run_after=None
[2025-07-16T01:47:41.482-0700] {processor.py:179} INFO - Processing /Volumes/Personal Drive/GitHub/gdpr-ccpa-risk-pipeline/venv/lib/python3.11/site-packages/airflow/example_dags/example_params_ui_tutorial.py took 0.571 seconds
[2025-07-16T01:50:14.384-0700] {processor.py:157} INFO - Started process (PID=84938) to work on /Volumes/Personal Drive/GitHub/gdpr-ccpa-risk-pipeline/venv/lib/python3.11/site-packages/airflow/example_dags/example_params_ui_tutorial.py
[2025-07-16T01:50:14.388-0700] {processor.py:829} INFO - Processing file /Volumes/Personal Drive/GitHub/gdpr-ccpa-risk-pipeline/venv/lib/python3.11/site-packages/airflow/example_dags/example_params_ui_tutorial.py for tasks to queue
[2025-07-16T01:50:14.389-0700] {logging_mixin.py:151} INFO - [2025-07-16T01:50:14.389-0700] {dagbag.py:539} INFO - Filling up the DagBag from /Volumes/Personal Drive/GitHub/gdpr-ccpa-risk-pipeline/venv/lib/python3.11/site-packages/airflow/example_dags/example_params_ui_tutorial.py
[2025-07-16T01:50:14.527-0700] {processor.py:839} INFO - DAG(s) dict_keys(['example_params_ui_tutorial']) retrieved from /Volumes/Personal Drive/GitHub/gdpr-ccpa-risk-pipeline/venv/lib/python3.11/site-packages/airflow/example_dags/example_params_ui_tutorial.py
[2025-07-16T01:50:14.707-0700] {logging_mixin.py:151} INFO - [2025-07-16T01:50:14.707-0700] {dag.py:2915} INFO - Sync 1 DAGs
[2025-07-16T01:50:14.716-0700] {logging_mixin.py:151} INFO - [2025-07-16T01:50:14.716-0700] {dag.py:3696} INFO - Setting next_dagrun for example_params_ui_tutorial to None, run_after=None
[2025-07-16T01:50:14.740-0700] {processor.py:179} INFO - Processing /Volumes/Personal Drive/GitHub/gdpr-ccpa-risk-pipeline/venv/lib/python3.11/site-packages/airflow/example_dags/example_params_ui_tutorial.py took 0.360 seconds
[2025-07-16T01:52:24.779-0700] {processor.py:157} INFO - Started process (PID=85033) to work on /Volumes/Personal Drive/GitHub/gdpr-ccpa-risk-pipeline/venv/lib/python3.11/site-packages/airflow/example_dags/example_params_ui_tutorial.py
[2025-07-16T01:52:24.789-0700] {processor.py:829} INFO - Processing file /Volumes/Personal Drive/GitHub/gdpr-ccpa-risk-pipeline/venv/lib/python3.11/site-packages/airflow/example_dags/example_params_ui_tutorial.py for tasks to queue
[2025-07-16T01:52:24.790-0700] {logging_mixin.py:151} INFO - [2025-07-16T01:52:24.790-0700] {dagbag.py:539} INFO - Filling up the DagBag from /Volumes/Personal Drive/GitHub/gdpr-ccpa-risk-pipeline/venv/lib/python3.11/site-packages/airflow/example_dags/example_params_ui_tutorial.py
[2025-07-16T01:52:25.429-0700] {processor.py:839} INFO - DAG(s) dict_keys(['example_params_ui_tutorial']) retrieved from /Volumes/Personal Drive/GitHub/gdpr-ccpa-risk-pipeline/venv/lib/python3.11/site-packages/airflow/example_dags/example_params_ui_tutorial.py
[2025-07-16T01:52:26.021-0700] {logging_mixin.py:151} INFO - [2025-07-16T01:52:26.021-0700] {dag.py:2915} INFO - Sync 1 DAGs
[2025-07-16T01:52:26.033-0700] {logging_mixin.py:151} INFO - [2025-07-16T01:52:26.033-0700] {dag.py:3696} INFO - Setting next_dagrun for example_params_ui_tutorial to None, run_after=None
[2025-07-16T01:52:26.074-0700] {processor.py:179} INFO - Processing /Volumes/Personal Drive/GitHub/gdpr-ccpa-risk-pipeline/venv/lib/python3.11/site-packages/airflow/example_dags/example_params_ui_tutorial.py took 1.295 seconds
[2025-07-16T01:54:22.273-0700] {processor.py:157} INFO - Started process (PID=85133) to work on /Volumes/Personal Drive/GitHub/gdpr-ccpa-risk-pipeline/venv/lib/python3.11/site-packages/airflow/example_dags/example_params_ui_tutorial.py
[2025-07-16T01:54:22.274-0700] {processor.py:829} INFO - Processing file /Volumes/Personal Drive/GitHub/gdpr-ccpa-risk-pipeline/venv/lib/python3.11/site-packages/airflow/example_dags/example_params_ui_tutorial.py for tasks to queue
[2025-07-16T01:54:22.323-0700] {logging_mixin.py:151} INFO - [2025-07-16T01:54:22.323-0700] {dagbag.py:539} INFO - Filling up the DagBag from /Volumes/Personal Drive/GitHub/gdpr-ccpa-risk-pipeline/venv/lib/python3.11/site-packages/airflow/example_dags/example_params_ui_tutorial.py
[2025-07-16T01:54:22.661-0700] {processor.py:839} INFO - DAG(s) dict_keys(['example_params_ui_tutorial']) retrieved from /Volumes/Personal Drive/GitHub/gdpr-ccpa-risk-pipeline/venv/lib/python3.11/site-packages/airflow/example_dags/example_params_ui_tutorial.py
[2025-07-16T01:54:22.832-0700] {logging_mixin.py:151} INFO - [2025-07-16T01:54:22.831-0700] {dag.py:2915} INFO - Sync 1 DAGs
[2025-07-16T01:54:22.841-0700] {logging_mixin.py:151} INFO - [2025-07-16T01:54:22.840-0700] {dag.py:3696} INFO - Setting next_dagrun for example_params_ui_tutorial to None, run_after=None
[2025-07-16T01:54:22.862-0700] {processor.py:179} INFO - Processing /Volumes/Personal Drive/GitHub/gdpr-ccpa-risk-pipeline/venv/lib/python3.11/site-packages/airflow/example_dags/example_params_ui_tutorial.py took 0.590 seconds
[2025-07-16T01:56:40.715-0700] {processor.py:157} INFO - Started process (PID=85245) to work on /Volumes/Personal Drive/GitHub/gdpr-ccpa-risk-pipeline/venv/lib/python3.11/site-packages/airflow/example_dags/example_params_ui_tutorial.py
[2025-07-16T01:56:40.733-0700] {processor.py:829} INFO - Processing file /Volumes/Personal Drive/GitHub/gdpr-ccpa-risk-pipeline/venv/lib/python3.11/site-packages/airflow/example_dags/example_params_ui_tutorial.py for tasks to queue
[2025-07-16T01:56:40.734-0700] {logging_mixin.py:151} INFO - [2025-07-16T01:56:40.734-0700] {dagbag.py:539} INFO - Filling up the DagBag from /Volumes/Personal Drive/GitHub/gdpr-ccpa-risk-pipeline/venv/lib/python3.11/site-packages/airflow/example_dags/example_params_ui_tutorial.py
[2025-07-16T01:56:40.862-0700] {processor.py:839} INFO - DAG(s) dict_keys(['example_params_ui_tutorial']) retrieved from /Volumes/Personal Drive/GitHub/gdpr-ccpa-risk-pipeline/venv/lib/python3.11/site-packages/airflow/example_dags/example_params_ui_tutorial.py
[2025-07-16T01:56:41.944-0700] {logging_mixin.py:151} INFO - [2025-07-16T01:56:41.944-0700] {dag.py:2915} INFO - Sync 1 DAGs
[2025-07-16T01:56:41.960-0700] {logging_mixin.py:151} INFO - [2025-07-16T01:56:41.959-0700] {dag.py:3696} INFO - Setting next_dagrun for example_params_ui_tutorial to None, run_after=None
[2025-07-16T01:56:42.016-0700] {processor.py:179} INFO - Processing /Volumes/Personal Drive/GitHub/gdpr-ccpa-risk-pipeline/venv/lib/python3.11/site-packages/airflow/example_dags/example_params_ui_tutorial.py took 1.306 seconds
[2025-07-16T01:59:26.479-0700] {processor.py:157} INFO - Started process (PID=85374) to work on /Volumes/Personal Drive/GitHub/gdpr-ccpa-risk-pipeline/venv/lib/python3.11/site-packages/airflow/example_dags/example_params_ui_tutorial.py
[2025-07-16T01:59:26.488-0700] {processor.py:829} INFO - Processing file /Volumes/Personal Drive/GitHub/gdpr-ccpa-risk-pipeline/venv/lib/python3.11/site-packages/airflow/example_dags/example_params_ui_tutorial.py for tasks to queue
[2025-07-16T01:59:26.492-0700] {logging_mixin.py:151} INFO - [2025-07-16T01:59:26.492-0700] {dagbag.py:539} INFO - Filling up the DagBag from /Volumes/Personal Drive/GitHub/gdpr-ccpa-risk-pipeline/venv/lib/python3.11/site-packages/airflow/example_dags/example_params_ui_tutorial.py
[2025-07-16T01:59:26.659-0700] {processor.py:839} INFO - DAG(s) dict_keys(['example_params_ui_tutorial']) retrieved from /Volumes/Personal Drive/GitHub/gdpr-ccpa-risk-pipeline/venv/lib/python3.11/site-packages/airflow/example_dags/example_params_ui_tutorial.py
[2025-07-16T01:59:27.441-0700] {logging_mixin.py:151} INFO - [2025-07-16T01:59:27.441-0700] {dag.py:2915} INFO - Sync 1 DAGs
[2025-07-16T01:59:27.540-0700] {logging_mixin.py:151} INFO - [2025-07-16T01:59:27.522-0700] {dag.py:3696} INFO - Setting next_dagrun for example_params_ui_tutorial to None, run_after=None
[2025-07-16T01:59:27.757-0700] {processor.py:179} INFO - Processing /Volumes/Personal Drive/GitHub/gdpr-ccpa-risk-pipeline/venv/lib/python3.11/site-packages/airflow/example_dags/example_params_ui_tutorial.py took 1.280 seconds
[2025-07-16T02:02:00.334-0700] {processor.py:157} INFO - Started process (PID=85495) to work on /Volumes/Personal Drive/GitHub/gdpr-ccpa-risk-pipeline/venv/lib/python3.11/site-packages/airflow/example_dags/example_params_ui_tutorial.py
[2025-07-16T02:02:00.336-0700] {processor.py:829} INFO - Processing file /Volumes/Personal Drive/GitHub/gdpr-ccpa-risk-pipeline/venv/lib/python3.11/site-packages/airflow/example_dags/example_params_ui_tutorial.py for tasks to queue
[2025-07-16T02:02:00.343-0700] {logging_mixin.py:151} INFO - [2025-07-16T02:02:00.343-0700] {dagbag.py:539} INFO - Filling up the DagBag from /Volumes/Personal Drive/GitHub/gdpr-ccpa-risk-pipeline/venv/lib/python3.11/site-packages/airflow/example_dags/example_params_ui_tutorial.py
[2025-07-16T02:02:00.499-0700] {processor.py:839} INFO - DAG(s) dict_keys(['example_params_ui_tutorial']) retrieved from /Volumes/Personal Drive/GitHub/gdpr-ccpa-risk-pipeline/venv/lib/python3.11/site-packages/airflow/example_dags/example_params_ui_tutorial.py
[2025-07-16T02:02:00.660-0700] {logging_mixin.py:151} INFO - [2025-07-16T02:02:00.660-0700] {dag.py:2915} INFO - Sync 1 DAGs
[2025-07-16T02:02:00.671-0700] {logging_mixin.py:151} INFO - [2025-07-16T02:02:00.671-0700] {dag.py:3696} INFO - Setting next_dagrun for example_params_ui_tutorial to None, run_after=None
[2025-07-16T02:02:00.728-0700] {processor.py:179} INFO - Processing /Volumes/Personal Drive/GitHub/gdpr-ccpa-risk-pipeline/venv/lib/python3.11/site-packages/airflow/example_dags/example_params_ui_tutorial.py took 0.395 seconds
