[2025-07-16T01:48:39.394-0700] {processor.py:157} INFO - Started process (PID=84863) to work on /Volumes/Personal Drive/GitHub/gdpr-ccpa-risk-pipeline/venv/lib/python3.11/site-packages/airflow/example_dags/example_branch_operator.py
[2025-07-16T01:48:39.399-0700] {processor.py:829} INFO - Processing file /Volumes/Personal Drive/GitHub/gdpr-ccpa-risk-pipeline/venv/lib/python3.11/site-packages/airflow/example_dags/example_branch_operator.py for tasks to queue
[2025-07-16T01:48:39.403-0700] {logging_mixin.py:151} INFO - [2025-07-16T01:48:39.403-0700] {dagbag.py:539} INFO - Filling up the DagBag from /Volumes/Personal Drive/GitHub/gdpr-ccpa-risk-pipeline/venv/lib/python3.11/site-packages/airflow/example_dags/example_branch_operator.py
[2025-07-16T01:48:39.470-0700] {processor.py:839} INFO - DAG(s) dict_keys(['example_branch_operator']) retrieved from /Volumes/Personal Drive/GitHub/gdpr-ccpa-risk-pipeline/venv/lib/python3.11/site-packages/airflow/example_dags/example_branch_operator.py
[2025-07-16T01:48:39.671-0700] {logging_mixin.py:151} INFO - [2025-07-16T01:48:39.671-0700] {dag.py:2915} INFO - Sync 1 DAGs
[2025-07-16T01:48:39.690-0700] {logging_mixin.py:151} INFO - [2025-07-16T01:48:39.687-0700] {dag.py:3696} INFO - Setting next_dagrun for example_branch_operator to 2025-07-15T00:00:00+00:00, run_after=2025-07-16T00:00:00+00:00
[2025-07-16T01:48:39.739-0700] {processor.py:179} INFO - Processing /Volumes/Personal Drive/GitHub/gdpr-ccpa-risk-pipeline/venv/lib/python3.11/site-packages/airflow/example_dags/example_branch_operator.py took 0.347 seconds
[2025-07-16T01:52:43.095-0700] {processor.py:157} INFO - Started process (PID=85047) to work on /Volumes/Personal Drive/GitHub/gdpr-ccpa-risk-pipeline/venv/lib/python3.11/site-packages/airflow/example_dags/example_branch_operator.py
[2025-07-16T01:52:43.106-0700] {processor.py:829} INFO - Processing file /Volumes/Personal Drive/GitHub/gdpr-ccpa-risk-pipeline/venv/lib/python3.11/site-packages/airflow/example_dags/example_branch_operator.py for tasks to queue
[2025-07-16T01:52:43.109-0700] {logging_mixin.py:151} INFO - [2025-07-16T01:52:43.109-0700] {dagbag.py:539} INFO - Filling up the DagBag from /Volumes/Personal Drive/GitHub/gdpr-ccpa-risk-pipeline/venv/lib/python3.11/site-packages/airflow/example_dags/example_branch_operator.py
[2025-07-16T01:52:43.229-0700] {processor.py:839} INFO - DAG(s) dict_keys(['example_branch_operator']) retrieved from /Volumes/Personal Drive/GitHub/gdpr-ccpa-risk-pipeline/venv/lib/python3.11/site-packages/airflow/example_dags/example_branch_operator.py
[2025-07-16T01:52:43.480-0700] {logging_mixin.py:151} INFO - [2025-07-16T01:52:43.480-0700] {dag.py:2915} INFO - Sync 1 DAGs
[2025-07-16T01:52:43.501-0700] {logging_mixin.py:151} INFO - [2025-07-16T01:52:43.500-0700] {dag.py:3696} INFO - Setting next_dagrun for example_branch_operator to 2025-07-15T00:00:00+00:00, run_after=2025-07-16T00:00:00+00:00
[2025-07-16T01:52:43.522-0700] {processor.py:179} INFO - Processing /Volumes/Personal Drive/GitHub/gdpr-ccpa-risk-pipeline/venv/lib/python3.11/site-packages/airflow/example_dags/example_branch_operator.py took 0.461 seconds
[2025-07-16T01:57:02.276-0700] {processor.py:157} INFO - Started process (PID=85269) to work on /Volumes/Personal Drive/GitHub/gdpr-ccpa-risk-pipeline/venv/lib/python3.11/site-packages/airflow/example_dags/example_branch_operator.py
[2025-07-16T01:57:02.284-0700] {processor.py:829} INFO - Processing file /Volumes/Personal Drive/GitHub/gdpr-ccpa-risk-pipeline/venv/lib/python3.11/site-packages/airflow/example_dags/example_branch_operator.py for tasks to queue
[2025-07-16T01:57:02.285-0700] {logging_mixin.py:151} INFO - [2025-07-16T01:57:02.285-0700] {dagbag.py:539} INFO - Filling up the DagBag from /Volumes/Personal Drive/GitHub/gdpr-ccpa-risk-pipeline/venv/lib/python3.11/site-packages/airflow/example_dags/example_branch_operator.py
[2025-07-16T01:57:02.345-0700] {processor.py:839} INFO - DAG(s) dict_keys(['example_branch_operator']) retrieved from /Volumes/Personal Drive/GitHub/gdpr-ccpa-risk-pipeline/venv/lib/python3.11/site-packages/airflow/example_dags/example_branch_operator.py
[2025-07-16T01:57:02.579-0700] {logging_mixin.py:151} INFO - [2025-07-16T01:57:02.578-0700] {dag.py:2915} INFO - Sync 1 DAGs
[2025-07-16T01:57:02.598-0700] {logging_mixin.py:151} INFO - [2025-07-16T01:57:02.598-0700] {dag.py:3696} INFO - Setting next_dagrun for example_branch_operator to 2025-07-15T00:00:00+00:00, run_after=2025-07-16T00:00:00+00:00
[2025-07-16T01:57:02.622-0700] {processor.py:179} INFO - Processing /Volumes/Personal Drive/GitHub/gdpr-ccpa-risk-pipeline/venv/lib/python3.11/site-packages/airflow/example_dags/example_branch_operator.py took 0.347 seconds
[2025-07-16T02:02:34.840-0700] {processor.py:157} INFO - Started process (PID=85519) to work on /Volumes/Personal Drive/GitHub/gdpr-ccpa-risk-pipeline/venv/lib/python3.11/site-packages/airflow/example_dags/example_branch_operator.py
[2025-07-16T02:02:34.854-0700] {processor.py:829} INFO - Processing file /Volumes/Personal Drive/GitHub/gdpr-ccpa-risk-pipeline/venv/lib/python3.11/site-packages/airflow/example_dags/example_branch_operator.py for tasks to queue
[2025-07-16T02:02:34.854-0700] {logging_mixin.py:151} INFO - [2025-07-16T02:02:34.854-0700] {dagbag.py:539} INFO - Filling up the DagBag from /Volumes/Personal Drive/GitHub/gdpr-ccpa-risk-pipeline/venv/lib/python3.11/site-packages/airflow/example_dags/example_branch_operator.py
[2025-07-16T02:02:34.953-0700] {processor.py:839} INFO - DAG(s) dict_keys(['example_branch_operator']) retrieved from /Volumes/Personal Drive/GitHub/gdpr-ccpa-risk-pipeline/venv/lib/python3.11/site-packages/airflow/example_dags/example_branch_operator.py
[2025-07-16T02:02:35.144-0700] {logging_mixin.py:151} INFO - [2025-07-16T02:02:35.144-0700] {dag.py:2915} INFO - Sync 1 DAGs
[2025-07-16T02:02:35.161-0700] {logging_mixin.py:151} INFO - [2025-07-16T02:02:35.161-0700] {dag.py:3696} INFO - Setting next_dagrun for example_branch_operator to 2025-07-15T00:00:00+00:00, run_after=2025-07-16T00:00:00+00:00
[2025-07-16T02:02:35.178-0700] {processor.py:179} INFO - Processing /Volumes/Personal Drive/GitHub/gdpr-ccpa-risk-pipeline/venv/lib/python3.11/site-packages/airflow/example_dags/example_branch_operator.py took 0.339 seconds
