[2025-07-16T01:46:37.134-0700] {processor.py:157} INFO - Started process (PID=84774) to work on /Volumes/Personal Drive/GitHub/gdpr-ccpa-risk-pipeline/venv/lib/python3.11/site-packages/airflow/example_dags/example_xcomargs.py
[2025-07-16T01:46:37.135-0700] {processor.py:829} INFO - Processing file /Volumes/Personal Drive/GitHub/gdpr-ccpa-risk-pipeline/venv/lib/python3.11/site-packages/airflow/example_dags/example_xcomargs.py for tasks to queue
[2025-07-16T01:46:37.136-0700] {logging_mixin.py:151} INFO - [2025-07-16T01:46:37.135-0700] {dagbag.py:539} INFO - Filling up the DagBag from /Volumes/Personal Drive/GitHub/gdpr-ccpa-risk-pipeline/venv/lib/python3.11/site-packages/airflow/example_dags/example_xcomargs.py
[2025-07-16T01:46:37.274-0700] {processor.py:839} INFO - DAG(s) dict_keys(['example_xcom_args_with_operators', 'example_xcom_args']) retrieved from /Volumes/Personal Drive/GitHub/gdpr-ccpa-risk-pipeline/venv/lib/python3.11/site-packages/airflow/example_dags/example_xcomargs.py
[2025-07-16T01:46:37.511-0700] {logging_mixin.py:151} INFO - [2025-07-16T01:46:37.511-0700] {dag.py:2915} INFO - Sync 2 DAGs
[2025-07-16T01:46:37.522-0700] {logging_mixin.py:151} INFO - [2025-07-16T01:46:37.522-0700] {dag.py:3696} INFO - Setting next_dagrun for example_xcom_args to None, run_after=None
[2025-07-16T01:46:37.526-0700] {logging_mixin.py:151} INFO - [2025-07-16T01:46:37.526-0700] {dag.py:3696} INFO - Setting next_dagrun for example_xcom_args_with_operators to None, run_after=None
[2025-07-16T01:46:37.546-0700] {processor.py:179} INFO - Processing /Volumes/Personal Drive/GitHub/gdpr-ccpa-risk-pipeline/venv/lib/python3.11/site-packages/airflow/example_dags/example_xcomargs.py took 0.413 seconds
[2025-07-16T01:49:20.574-0700] {processor.py:157} INFO - Started process (PID=84898) to work on /Volumes/Personal Drive/GitHub/gdpr-ccpa-risk-pipeline/venv/lib/python3.11/site-packages/airflow/example_dags/example_xcomargs.py
[2025-07-16T01:49:20.584-0700] {processor.py:829} INFO - Processing file /Volumes/Personal Drive/GitHub/gdpr-ccpa-risk-pipeline/venv/lib/python3.11/site-packages/airflow/example_dags/example_xcomargs.py for tasks to queue
[2025-07-16T01:49:20.584-0700] {logging_mixin.py:151} INFO - [2025-07-16T01:49:20.584-0700] {dagbag.py:539} INFO - Filling up the DagBag from /Volumes/Personal Drive/GitHub/gdpr-ccpa-risk-pipeline/venv/lib/python3.11/site-packages/airflow/example_dags/example_xcomargs.py
[2025-07-16T01:49:20.644-0700] {processor.py:839} INFO - DAG(s) dict_keys(['example_xcom_args_with_operators', 'example_xcom_args']) retrieved from /Volumes/Personal Drive/GitHub/gdpr-ccpa-risk-pipeline/venv/lib/python3.11/site-packages/airflow/example_dags/example_xcomargs.py
[2025-07-16T01:49:20.841-0700] {logging_mixin.py:151} INFO - [2025-07-16T01:49:20.841-0700] {dag.py:2915} INFO - Sync 2 DAGs
[2025-07-16T01:49:20.852-0700] {logging_mixin.py:151} INFO - [2025-07-16T01:49:20.851-0700] {dag.py:3696} INFO - Setting next_dagrun for example_xcom_args to None, run_after=None
[2025-07-16T01:49:20.854-0700] {logging_mixin.py:151} INFO - [2025-07-16T01:49:20.854-0700] {dag.py:3696} INFO - Setting next_dagrun for example_xcom_args_with_operators to None, run_after=None
[2025-07-16T01:49:20.874-0700] {processor.py:179} INFO - Processing /Volumes/Personal Drive/GitHub/gdpr-ccpa-risk-pipeline/venv/lib/python3.11/site-packages/airflow/example_dags/example_xcomargs.py took 0.303 seconds
[2025-07-16T01:51:22.229-0700] {processor.py:157} INFO - Started process (PID=84986) to work on /Volumes/Personal Drive/GitHub/gdpr-ccpa-risk-pipeline/venv/lib/python3.11/site-packages/airflow/example_dags/example_xcomargs.py
[2025-07-16T01:51:22.229-0700] {processor.py:829} INFO - Processing file /Volumes/Personal Drive/GitHub/gdpr-ccpa-risk-pipeline/venv/lib/python3.11/site-packages/airflow/example_dags/example_xcomargs.py for tasks to queue
[2025-07-16T01:51:22.230-0700] {logging_mixin.py:151} INFO - [2025-07-16T01:51:22.230-0700] {dagbag.py:539} INFO - Filling up the DagBag from /Volumes/Personal Drive/GitHub/gdpr-ccpa-risk-pipeline/venv/lib/python3.11/site-packages/airflow/example_dags/example_xcomargs.py
[2025-07-16T01:51:22.336-0700] {processor.py:839} INFO - DAG(s) dict_keys(['example_xcom_args_with_operators', 'example_xcom_args']) retrieved from /Volumes/Personal Drive/GitHub/gdpr-ccpa-risk-pipeline/venv/lib/python3.11/site-packages/airflow/example_dags/example_xcomargs.py
[2025-07-16T01:51:22.614-0700] {logging_mixin.py:151} INFO - [2025-07-16T01:51:22.614-0700] {dag.py:2915} INFO - Sync 2 DAGs
[2025-07-16T01:51:22.625-0700] {logging_mixin.py:151} INFO - [2025-07-16T01:51:22.625-0700] {dag.py:3696} INFO - Setting next_dagrun for example_xcom_args to None, run_after=None
[2025-07-16T01:51:22.627-0700] {logging_mixin.py:151} INFO - [2025-07-16T01:51:22.627-0700] {dag.py:3696} INFO - Setting next_dagrun for example_xcom_args_with_operators to None, run_after=None
[2025-07-16T01:51:22.644-0700] {processor.py:179} INFO - Processing /Volumes/Personal Drive/GitHub/gdpr-ccpa-risk-pipeline/venv/lib/python3.11/site-packages/airflow/example_dags/example_xcomargs.py took 0.416 seconds
[2025-07-16T01:53:23.988-0700] {processor.py:157} INFO - Started process (PID=85083) to work on /Volumes/Personal Drive/GitHub/gdpr-ccpa-risk-pipeline/venv/lib/python3.11/site-packages/airflow/example_dags/example_xcomargs.py
[2025-07-16T01:53:23.990-0700] {processor.py:829} INFO - Processing file /Volumes/Personal Drive/GitHub/gdpr-ccpa-risk-pipeline/venv/lib/python3.11/site-packages/airflow/example_dags/example_xcomargs.py for tasks to queue
[2025-07-16T01:53:23.990-0700] {logging_mixin.py:151} INFO - [2025-07-16T01:53:23.990-0700] {dagbag.py:539} INFO - Filling up the DagBag from /Volumes/Personal Drive/GitHub/gdpr-ccpa-risk-pipeline/venv/lib/python3.11/site-packages/airflow/example_dags/example_xcomargs.py
[2025-07-16T01:53:24.061-0700] {processor.py:839} INFO - DAG(s) dict_keys(['example_xcom_args', 'example_xcom_args_with_operators']) retrieved from /Volumes/Personal Drive/GitHub/gdpr-ccpa-risk-pipeline/venv/lib/python3.11/site-packages/airflow/example_dags/example_xcomargs.py
[2025-07-16T01:53:24.244-0700] {logging_mixin.py:151} INFO - [2025-07-16T01:53:24.243-0700] {dag.py:2915} INFO - Sync 2 DAGs
[2025-07-16T01:53:24.252-0700] {logging_mixin.py:151} INFO - [2025-07-16T01:53:24.252-0700] {dag.py:3696} INFO - Setting next_dagrun for example_xcom_args to None, run_after=None
[2025-07-16T01:53:24.254-0700] {logging_mixin.py:151} INFO - [2025-07-16T01:53:24.254-0700] {dag.py:3696} INFO - Setting next_dagrun for example_xcom_args_with_operators to None, run_after=None
[2025-07-16T01:53:24.274-0700] {processor.py:179} INFO - Processing /Volumes/Personal Drive/GitHub/gdpr-ccpa-risk-pipeline/venv/lib/python3.11/site-packages/airflow/example_dags/example_xcomargs.py took 0.293 seconds
[2025-07-16T01:55:27.838-0700] {processor.py:157} INFO - Started process (PID=85193) to work on /Volumes/Personal Drive/GitHub/gdpr-ccpa-risk-pipeline/venv/lib/python3.11/site-packages/airflow/example_dags/example_xcomargs.py
[2025-07-16T01:55:27.840-0700] {processor.py:829} INFO - Processing file /Volumes/Personal Drive/GitHub/gdpr-ccpa-risk-pipeline/venv/lib/python3.11/site-packages/airflow/example_dags/example_xcomargs.py for tasks to queue
[2025-07-16T01:55:27.840-0700] {logging_mixin.py:151} INFO - [2025-07-16T01:55:27.840-0700] {dagbag.py:539} INFO - Filling up the DagBag from /Volumes/Personal Drive/GitHub/gdpr-ccpa-risk-pipeline/venv/lib/python3.11/site-packages/airflow/example_dags/example_xcomargs.py
[2025-07-16T01:55:27.926-0700] {processor.py:839} INFO - DAG(s) dict_keys(['example_xcom_args', 'example_xcom_args_with_operators']) retrieved from /Volumes/Personal Drive/GitHub/gdpr-ccpa-risk-pipeline/venv/lib/python3.11/site-packages/airflow/example_dags/example_xcomargs.py
[2025-07-16T01:55:28.163-0700] {logging_mixin.py:151} INFO - [2025-07-16T01:55:28.163-0700] {dag.py:2915} INFO - Sync 2 DAGs
[2025-07-16T01:55:28.173-0700] {logging_mixin.py:151} INFO - [2025-07-16T01:55:28.172-0700] {dag.py:3696} INFO - Setting next_dagrun for example_xcom_args to None, run_after=None
[2025-07-16T01:55:28.176-0700] {logging_mixin.py:151} INFO - [2025-07-16T01:55:28.175-0700] {dag.py:3696} INFO - Setting next_dagrun for example_xcom_args_with_operators to None, run_after=None
[2025-07-16T01:55:28.189-0700] {processor.py:179} INFO - Processing /Volumes/Personal Drive/GitHub/gdpr-ccpa-risk-pipeline/venv/lib/python3.11/site-packages/airflow/example_dags/example_xcomargs.py took 0.351 seconds
[2025-07-16T01:57:56.408-0700] {processor.py:157} INFO - Started process (PID=85306) to work on /Volumes/Personal Drive/GitHub/gdpr-ccpa-risk-pipeline/venv/lib/python3.11/site-packages/airflow/example_dags/example_xcomargs.py
[2025-07-16T01:57:56.427-0700] {processor.py:829} INFO - Processing file /Volumes/Personal Drive/GitHub/gdpr-ccpa-risk-pipeline/venv/lib/python3.11/site-packages/airflow/example_dags/example_xcomargs.py for tasks to queue
[2025-07-16T01:57:56.428-0700] {logging_mixin.py:151} INFO - [2025-07-16T01:57:56.427-0700] {dagbag.py:539} INFO - Filling up the DagBag from /Volumes/Personal Drive/GitHub/gdpr-ccpa-risk-pipeline/venv/lib/python3.11/site-packages/airflow/example_dags/example_xcomargs.py
[2025-07-16T01:57:56.505-0700] {processor.py:839} INFO - DAG(s) dict_keys(['example_xcom_args', 'example_xcom_args_with_operators']) retrieved from /Volumes/Personal Drive/GitHub/gdpr-ccpa-risk-pipeline/venv/lib/python3.11/site-packages/airflow/example_dags/example_xcomargs.py
[2025-07-16T01:57:56.815-0700] {logging_mixin.py:151} INFO - [2025-07-16T01:57:56.814-0700] {dag.py:2915} INFO - Sync 2 DAGs
[2025-07-16T01:57:56.834-0700] {logging_mixin.py:151} INFO - [2025-07-16T01:57:56.834-0700] {dag.py:3696} INFO - Setting next_dagrun for example_xcom_args to None, run_after=None
[2025-07-16T01:57:56.845-0700] {logging_mixin.py:151} INFO - [2025-07-16T01:57:56.845-0700] {dag.py:3696} INFO - Setting next_dagrun for example_xcom_args_with_operators to None, run_after=None
[2025-07-16T01:57:56.874-0700] {processor.py:179} INFO - Processing /Volumes/Personal Drive/GitHub/gdpr-ccpa-risk-pipeline/venv/lib/python3.11/site-packages/airflow/example_dags/example_xcomargs.py took 0.468 seconds
[2025-07-16T02:00:56.346-0700] {processor.py:157} INFO - Started process (PID=85445) to work on /Volumes/Personal Drive/GitHub/gdpr-ccpa-risk-pipeline/venv/lib/python3.11/site-packages/airflow/example_dags/example_xcomargs.py
[2025-07-16T02:00:56.356-0700] {processor.py:829} INFO - Processing file /Volumes/Personal Drive/GitHub/gdpr-ccpa-risk-pipeline/venv/lib/python3.11/site-packages/airflow/example_dags/example_xcomargs.py for tasks to queue
[2025-07-16T02:00:56.357-0700] {logging_mixin.py:151} INFO - [2025-07-16T02:00:56.356-0700] {dagbag.py:539} INFO - Filling up the DagBag from /Volumes/Personal Drive/GitHub/gdpr-ccpa-risk-pipeline/venv/lib/python3.11/site-packages/airflow/example_dags/example_xcomargs.py
[2025-07-16T02:00:57.338-0700] {processor.py:839} INFO - DAG(s) dict_keys(['example_xcom_args', 'example_xcom_args_with_operators']) retrieved from /Volumes/Personal Drive/GitHub/gdpr-ccpa-risk-pipeline/venv/lib/python3.11/site-packages/airflow/example_dags/example_xcomargs.py
[2025-07-16T02:00:58.560-0700] {logging_mixin.py:151} INFO - [2025-07-16T02:00:58.560-0700] {dag.py:2915} INFO - Sync 2 DAGs
[2025-07-16T02:00:58.609-0700] {logging_mixin.py:151} INFO - [2025-07-16T02:00:58.609-0700] {dag.py:3696} INFO - Setting next_dagrun for example_xcom_args to None, run_after=None
[2025-07-16T02:00:58.615-0700] {logging_mixin.py:151} INFO - [2025-07-16T02:00:58.612-0700] {dag.py:3696} INFO - Setting next_dagrun for example_xcom_args_with_operators to None, run_after=None
[2025-07-16T02:00:58.650-0700] {processor.py:179} INFO - Processing /Volumes/Personal Drive/GitHub/gdpr-ccpa-risk-pipeline/venv/lib/python3.11/site-packages/airflow/example_dags/example_xcomargs.py took 2.338 seconds
