[2025-07-16T01:46:40.108-0700] {processor.py:157} INFO - Started process (PID=84775) to work on /Volumes/Personal Drive/GitHub/gdpr-ccpa-risk-pipeline/venv/lib/python3.11/site-packages/airflow/example_dags/example_xcom.py
[2025-07-16T01:46:40.109-0700] {processor.py:829} INFO - Processing file /Volumes/Personal Drive/GitHub/gdpr-ccpa-risk-pipeline/venv/lib/python3.11/site-packages/airflow/example_dags/example_xcom.py for tasks to queue
[2025-07-16T01:46:40.109-0700] {logging_mixin.py:151} INFO - [2025-07-16T01:46:40.109-0700] {dagbag.py:539} INFO - Filling up the DagBag from /Volumes/Personal Drive/GitHub/gdpr-ccpa-risk-pipeline/venv/lib/python3.11/site-packages/airflow/example_dags/example_xcom.py
[2025-07-16T01:46:40.213-0700] {processor.py:839} INFO - DAG(s) dict_keys(['example_xcom']) retrieved from /Volumes/Personal Drive/GitHub/gdpr-ccpa-risk-pipeline/venv/lib/python3.11/site-packages/airflow/example_dags/example_xcom.py
[2025-07-16T01:46:40.393-0700] {logging_mixin.py:151} INFO - [2025-07-16T01:46:40.393-0700] {dag.py:2915} INFO - Sync 1 DAGs
[2025-07-16T01:46:40.407-0700] {logging_mixin.py:151} INFO - [2025-07-16T01:46:40.407-0700] {dag.py:3696} INFO - Setting next_dagrun for example_xcom to 2021-01-01T00:00:00+00:00, run_after=2021-01-01T00:00:00+00:00
[2025-07-16T01:46:40.434-0700] {processor.py:179} INFO - Processing /Volumes/Personal Drive/GitHub/gdpr-ccpa-risk-pipeline/venv/lib/python3.11/site-packages/airflow/example_dags/example_xcom.py took 0.326 seconds
[2025-07-16T01:49:23.447-0700] {processor.py:157} INFO - Started process (PID=84899) to work on /Volumes/Personal Drive/GitHub/gdpr-ccpa-risk-pipeline/venv/lib/python3.11/site-packages/airflow/example_dags/example_xcom.py
[2025-07-16T01:49:23.459-0700] {processor.py:829} INFO - Processing file /Volumes/Personal Drive/GitHub/gdpr-ccpa-risk-pipeline/venv/lib/python3.11/site-packages/airflow/example_dags/example_xcom.py for tasks to queue
[2025-07-16T01:49:23.459-0700] {logging_mixin.py:151} INFO - [2025-07-16T01:49:23.459-0700] {dagbag.py:539} INFO - Filling up the DagBag from /Volumes/Personal Drive/GitHub/gdpr-ccpa-risk-pipeline/venv/lib/python3.11/site-packages/airflow/example_dags/example_xcom.py
[2025-07-16T01:49:23.529-0700] {processor.py:839} INFO - DAG(s) dict_keys(['example_xcom']) retrieved from /Volumes/Personal Drive/GitHub/gdpr-ccpa-risk-pipeline/venv/lib/python3.11/site-packages/airflow/example_dags/example_xcom.py
[2025-07-16T01:49:23.720-0700] {logging_mixin.py:151} INFO - [2025-07-16T01:49:23.720-0700] {dag.py:2915} INFO - Sync 1 DAGs
[2025-07-16T01:49:23.740-0700] {logging_mixin.py:151} INFO - [2025-07-16T01:49:23.740-0700] {dag.py:3696} INFO - Setting next_dagrun for example_xcom to 2021-01-01T00:00:00+00:00, run_after=2021-01-01T00:00:00+00:00
[2025-07-16T01:49:23.757-0700] {processor.py:179} INFO - Processing /Volumes/Personal Drive/GitHub/gdpr-ccpa-risk-pipeline/venv/lib/python3.11/site-packages/airflow/example_dags/example_xcom.py took 0.311 seconds
[2025-07-16T01:51:25.278-0700] {processor.py:157} INFO - Started process (PID=84994) to work on /Volumes/Personal Drive/GitHub/gdpr-ccpa-risk-pipeline/venv/lib/python3.11/site-packages/airflow/example_dags/example_xcom.py
[2025-07-16T01:51:25.279-0700] {processor.py:829} INFO - Processing file /Volumes/Personal Drive/GitHub/gdpr-ccpa-risk-pipeline/venv/lib/python3.11/site-packages/airflow/example_dags/example_xcom.py for tasks to queue
[2025-07-16T01:51:25.280-0700] {logging_mixin.py:151} INFO - [2025-07-16T01:51:25.280-0700] {dagbag.py:539} INFO - Filling up the DagBag from /Volumes/Personal Drive/GitHub/gdpr-ccpa-risk-pipeline/venv/lib/python3.11/site-packages/airflow/example_dags/example_xcom.py
[2025-07-16T01:51:25.341-0700] {processor.py:839} INFO - DAG(s) dict_keys(['example_xcom']) retrieved from /Volumes/Personal Drive/GitHub/gdpr-ccpa-risk-pipeline/venv/lib/python3.11/site-packages/airflow/example_dags/example_xcom.py
[2025-07-16T01:51:25.505-0700] {logging_mixin.py:151} INFO - [2025-07-16T01:51:25.505-0700] {dag.py:2915} INFO - Sync 1 DAGs
[2025-07-16T01:51:25.521-0700] {logging_mixin.py:151} INFO - [2025-07-16T01:51:25.519-0700] {dag.py:3696} INFO - Setting next_dagrun for example_xcom to 2021-01-01T00:00:00+00:00, run_after=2021-01-01T00:00:00+00:00
[2025-07-16T01:51:25.540-0700] {processor.py:179} INFO - Processing /Volumes/Personal Drive/GitHub/gdpr-ccpa-risk-pipeline/venv/lib/python3.11/site-packages/airflow/example_dags/example_xcom.py took 0.262 seconds
[2025-07-16T01:53:26.926-0700] {processor.py:157} INFO - Started process (PID=85084) to work on /Volumes/Personal Drive/GitHub/gdpr-ccpa-risk-pipeline/venv/lib/python3.11/site-packages/airflow/example_dags/example_xcom.py
[2025-07-16T01:53:26.926-0700] {processor.py:829} INFO - Processing file /Volumes/Personal Drive/GitHub/gdpr-ccpa-risk-pipeline/venv/lib/python3.11/site-packages/airflow/example_dags/example_xcom.py for tasks to queue
[2025-07-16T01:53:26.928-0700] {logging_mixin.py:151} INFO - [2025-07-16T01:53:26.927-0700] {dagbag.py:539} INFO - Filling up the DagBag from /Volumes/Personal Drive/GitHub/gdpr-ccpa-risk-pipeline/venv/lib/python3.11/site-packages/airflow/example_dags/example_xcom.py
[2025-07-16T01:53:27.032-0700] {processor.py:839} INFO - DAG(s) dict_keys(['example_xcom']) retrieved from /Volumes/Personal Drive/GitHub/gdpr-ccpa-risk-pipeline/venv/lib/python3.11/site-packages/airflow/example_dags/example_xcom.py
[2025-07-16T01:53:27.208-0700] {logging_mixin.py:151} INFO - [2025-07-16T01:53:27.208-0700] {dag.py:2915} INFO - Sync 1 DAGs
[2025-07-16T01:53:27.226-0700] {logging_mixin.py:151} INFO - [2025-07-16T01:53:27.226-0700] {dag.py:3696} INFO - Setting next_dagrun for example_xcom to 2021-01-01T00:00:00+00:00, run_after=2021-01-01T00:00:00+00:00
[2025-07-16T01:53:27.244-0700] {processor.py:179} INFO - Processing /Volumes/Personal Drive/GitHub/gdpr-ccpa-risk-pipeline/venv/lib/python3.11/site-packages/airflow/example_dags/example_xcom.py took 0.320 seconds
[2025-07-16T01:55:30.900-0700] {processor.py:157} INFO - Started process (PID=85194) to work on /Volumes/Personal Drive/GitHub/gdpr-ccpa-risk-pipeline/venv/lib/python3.11/site-packages/airflow/example_dags/example_xcom.py
[2025-07-16T01:55:30.921-0700] {processor.py:829} INFO - Processing file /Volumes/Personal Drive/GitHub/gdpr-ccpa-risk-pipeline/venv/lib/python3.11/site-packages/airflow/example_dags/example_xcom.py for tasks to queue
[2025-07-16T01:55:30.922-0700] {logging_mixin.py:151} INFO - [2025-07-16T01:55:30.922-0700] {dagbag.py:539} INFO - Filling up the DagBag from /Volumes/Personal Drive/GitHub/gdpr-ccpa-risk-pipeline/venv/lib/python3.11/site-packages/airflow/example_dags/example_xcom.py
[2025-07-16T01:55:30.993-0700] {processor.py:839} INFO - DAG(s) dict_keys(['example_xcom']) retrieved from /Volumes/Personal Drive/GitHub/gdpr-ccpa-risk-pipeline/venv/lib/python3.11/site-packages/airflow/example_dags/example_xcom.py
[2025-07-16T01:55:31.316-0700] {logging_mixin.py:151} INFO - [2025-07-16T01:55:31.316-0700] {dag.py:2915} INFO - Sync 1 DAGs
[2025-07-16T01:55:31.351-0700] {logging_mixin.py:151} INFO - [2025-07-16T01:55:31.351-0700] {dag.py:3696} INFO - Setting next_dagrun for example_xcom to 2021-01-01T00:00:00+00:00, run_after=2021-01-01T00:00:00+00:00
[2025-07-16T01:55:31.377-0700] {processor.py:179} INFO - Processing /Volumes/Personal Drive/GitHub/gdpr-ccpa-risk-pipeline/venv/lib/python3.11/site-packages/airflow/example_dags/example_xcom.py took 0.478 seconds
[2025-07-16T01:57:59.941-0700] {processor.py:157} INFO - Started process (PID=85307) to work on /Volumes/Personal Drive/GitHub/gdpr-ccpa-risk-pipeline/venv/lib/python3.11/site-packages/airflow/example_dags/example_xcom.py
[2025-07-16T01:57:59.955-0700] {processor.py:829} INFO - Processing file /Volumes/Personal Drive/GitHub/gdpr-ccpa-risk-pipeline/venv/lib/python3.11/site-packages/airflow/example_dags/example_xcom.py for tasks to queue
[2025-07-16T01:57:59.956-0700] {logging_mixin.py:151} INFO - [2025-07-16T01:57:59.955-0700] {dagbag.py:539} INFO - Filling up the DagBag from /Volumes/Personal Drive/GitHub/gdpr-ccpa-risk-pipeline/venv/lib/python3.11/site-packages/airflow/example_dags/example_xcom.py
[2025-07-16T01:58:00.058-0700] {processor.py:839} INFO - DAG(s) dict_keys(['example_xcom']) retrieved from /Volumes/Personal Drive/GitHub/gdpr-ccpa-risk-pipeline/venv/lib/python3.11/site-packages/airflow/example_dags/example_xcom.py
[2025-07-16T01:58:00.421-0700] {logging_mixin.py:151} INFO - [2025-07-16T01:58:00.420-0700] {dag.py:2915} INFO - Sync 1 DAGs
[2025-07-16T01:58:00.440-0700] {logging_mixin.py:151} INFO - [2025-07-16T01:58:00.440-0700] {dag.py:3696} INFO - Setting next_dagrun for example_xcom to 2021-01-01T00:00:00+00:00, run_after=2021-01-01T00:00:00+00:00
[2025-07-16T01:58:00.476-0700] {processor.py:179} INFO - Processing /Volumes/Personal Drive/GitHub/gdpr-ccpa-risk-pipeline/venv/lib/python3.11/site-packages/airflow/example_dags/example_xcom.py took 0.546 seconds
[2025-07-16T02:01:02.193-0700] {processor.py:157} INFO - Started process (PID=85453) to work on /Volumes/Personal Drive/GitHub/gdpr-ccpa-risk-pipeline/venv/lib/python3.11/site-packages/airflow/example_dags/example_xcom.py
[2025-07-16T02:01:02.197-0700] {processor.py:829} INFO - Processing file /Volumes/Personal Drive/GitHub/gdpr-ccpa-risk-pipeline/venv/lib/python3.11/site-packages/airflow/example_dags/example_xcom.py for tasks to queue
[2025-07-16T02:01:02.199-0700] {logging_mixin.py:151} INFO - [2025-07-16T02:01:02.199-0700] {dagbag.py:539} INFO - Filling up the DagBag from /Volumes/Personal Drive/GitHub/gdpr-ccpa-risk-pipeline/venv/lib/python3.11/site-packages/airflow/example_dags/example_xcom.py
[2025-07-16T02:01:02.274-0700] {processor.py:839} INFO - DAG(s) dict_keys(['example_xcom']) retrieved from /Volumes/Personal Drive/GitHub/gdpr-ccpa-risk-pipeline/venv/lib/python3.11/site-packages/airflow/example_dags/example_xcom.py
[2025-07-16T02:01:02.472-0700] {logging_mixin.py:151} INFO - [2025-07-16T02:01:02.471-0700] {dag.py:2915} INFO - Sync 1 DAGs
[2025-07-16T02:01:02.489-0700] {logging_mixin.py:151} INFO - [2025-07-16T02:01:02.489-0700] {dag.py:3696} INFO - Setting next_dagrun for example_xcom to 2021-01-01T00:00:00+00:00, run_after=2021-01-01T00:00:00+00:00
[2025-07-16T02:01:02.543-0700] {processor.py:179} INFO - Processing /Volumes/Personal Drive/GitHub/gdpr-ccpa-risk-pipeline/venv/lib/python3.11/site-packages/airflow/example_dags/example_xcom.py took 0.357 seconds
