[2025-07-16T01:46:58.100-0700] {processor.py:157} INFO - Started process (PID=84787) to work on /Volumes/Personal Drive/GitHub/gdpr-ccpa-risk-pipeline/venv/lib/python3.11/site-packages/airflow/example_dags/example_task_group.py
[2025-07-16T01:46:58.111-0700] {processor.py:829} INFO - Processing file /Volumes/Personal Drive/GitHub/gdpr-ccpa-risk-pipeline/venv/lib/python3.11/site-packages/airflow/example_dags/example_task_group.py for tasks to queue
[2025-07-16T01:46:58.112-0700] {logging_mixin.py:151} INFO - [2025-07-16T01:46:58.112-0700] {dagbag.py:539} INFO - Filling up the DagBag from /Volumes/Personal Drive/GitHub/gdpr-ccpa-risk-pipeline/venv/lib/python3.11/site-packages/airflow/example_dags/example_task_group.py
[2025-07-16T01:46:58.146-0700] {processor.py:839} INFO - DAG(s) dict_keys(['example_task_group']) retrieved from /Volumes/Personal Drive/GitHub/gdpr-ccpa-risk-pipeline/venv/lib/python3.11/site-packages/airflow/example_dags/example_task_group.py
[2025-07-16T01:46:58.345-0700] {logging_mixin.py:151} INFO - [2025-07-16T01:46:58.344-0700] {dag.py:2915} INFO - Sync 1 DAGs
[2025-07-16T01:46:58.367-0700] {logging_mixin.py:151} INFO - [2025-07-16T01:46:58.367-0700] {dag.py:3696} INFO - Setting next_dagrun for example_task_group to 2025-07-15T08:46:58.367669+00:00, run_after=2025-07-16T08:46:58.367669+00:00
[2025-07-16T01:46:58.389-0700] {processor.py:179} INFO - Processing /Volumes/Personal Drive/GitHub/gdpr-ccpa-risk-pipeline/venv/lib/python3.11/site-packages/airflow/example_dags/example_task_group.py took 0.290 seconds
[2025-07-16T01:49:39.482-0700] {processor.py:157} INFO - Started process (PID=84912) to work on /Volumes/Personal Drive/GitHub/gdpr-ccpa-risk-pipeline/venv/lib/python3.11/site-packages/airflow/example_dags/example_task_group.py
[2025-07-16T01:49:39.490-0700] {processor.py:829} INFO - Processing file /Volumes/Personal Drive/GitHub/gdpr-ccpa-risk-pipeline/venv/lib/python3.11/site-packages/airflow/example_dags/example_task_group.py for tasks to queue
[2025-07-16T01:49:39.490-0700] {logging_mixin.py:151} INFO - [2025-07-16T01:49:39.490-0700] {dagbag.py:539} INFO - Filling up the DagBag from /Volumes/Personal Drive/GitHub/gdpr-ccpa-risk-pipeline/venv/lib/python3.11/site-packages/airflow/example_dags/example_task_group.py
[2025-07-16T01:49:39.525-0700] {processor.py:839} INFO - DAG(s) dict_keys(['example_task_group']) retrieved from /Volumes/Personal Drive/GitHub/gdpr-ccpa-risk-pipeline/venv/lib/python3.11/site-packages/airflow/example_dags/example_task_group.py
[2025-07-16T01:49:39.700-0700] {logging_mixin.py:151} INFO - [2025-07-16T01:49:39.700-0700] {dag.py:2915} INFO - Sync 1 DAGs
[2025-07-16T01:49:39.722-0700] {logging_mixin.py:151} INFO - [2025-07-16T01:49:39.721-0700] {dag.py:3696} INFO - Setting next_dagrun for example_task_group to 2025-07-15T08:49:39.721349+00:00, run_after=2025-07-16T08:49:39.721349+00:00
[2025-07-16T01:49:39.748-0700] {processor.py:179} INFO - Processing /Volumes/Personal Drive/GitHub/gdpr-ccpa-risk-pipeline/venv/lib/python3.11/site-packages/airflow/example_dags/example_task_group.py took 0.267 seconds
[2025-07-16T01:51:40.928-0700] {processor.py:157} INFO - Started process (PID=85007) to work on /Volumes/Personal Drive/GitHub/gdpr-ccpa-risk-pipeline/venv/lib/python3.11/site-packages/airflow/example_dags/example_task_group.py
[2025-07-16T01:51:40.930-0700] {processor.py:829} INFO - Processing file /Volumes/Personal Drive/GitHub/gdpr-ccpa-risk-pipeline/venv/lib/python3.11/site-packages/airflow/example_dags/example_task_group.py for tasks to queue
[2025-07-16T01:51:40.930-0700] {logging_mixin.py:151} INFO - [2025-07-16T01:51:40.930-0700] {dagbag.py:539} INFO - Filling up the DagBag from /Volumes/Personal Drive/GitHub/gdpr-ccpa-risk-pipeline/venv/lib/python3.11/site-packages/airflow/example_dags/example_task_group.py
[2025-07-16T01:51:40.981-0700] {processor.py:839} INFO - DAG(s) dict_keys(['example_task_group']) retrieved from /Volumes/Personal Drive/GitHub/gdpr-ccpa-risk-pipeline/venv/lib/python3.11/site-packages/airflow/example_dags/example_task_group.py
[2025-07-16T01:51:41.187-0700] {logging_mixin.py:151} INFO - [2025-07-16T01:51:41.187-0700] {dag.py:2915} INFO - Sync 1 DAGs
[2025-07-16T01:51:41.201-0700] {logging_mixin.py:151} INFO - [2025-07-16T01:51:41.201-0700] {dag.py:3696} INFO - Setting next_dagrun for example_task_group to 2025-07-15T08:51:41.201743+00:00, run_after=2025-07-16T08:51:41.201743+00:00
[2025-07-16T01:51:41.234-0700] {processor.py:179} INFO - Processing /Volumes/Personal Drive/GitHub/gdpr-ccpa-risk-pipeline/venv/lib/python3.11/site-packages/airflow/example_dags/example_task_group.py took 0.309 seconds
[2025-07-16T01:53:42.749-0700] {processor.py:157} INFO - Started process (PID=85097) to work on /Volumes/Personal Drive/GitHub/gdpr-ccpa-risk-pipeline/venv/lib/python3.11/site-packages/airflow/example_dags/example_task_group.py
[2025-07-16T01:53:42.749-0700] {processor.py:829} INFO - Processing file /Volumes/Personal Drive/GitHub/gdpr-ccpa-risk-pipeline/venv/lib/python3.11/site-packages/airflow/example_dags/example_task_group.py for tasks to queue
[2025-07-16T01:53:42.750-0700] {logging_mixin.py:151} INFO - [2025-07-16T01:53:42.750-0700] {dagbag.py:539} INFO - Filling up the DagBag from /Volumes/Personal Drive/GitHub/gdpr-ccpa-risk-pipeline/venv/lib/python3.11/site-packages/airflow/example_dags/example_task_group.py
[2025-07-16T01:53:42.791-0700] {processor.py:839} INFO - DAG(s) dict_keys(['example_task_group']) retrieved from /Volumes/Personal Drive/GitHub/gdpr-ccpa-risk-pipeline/venv/lib/python3.11/site-packages/airflow/example_dags/example_task_group.py
[2025-07-16T01:53:43.005-0700] {logging_mixin.py:151} INFO - [2025-07-16T01:53:43.004-0700] {dag.py:2915} INFO - Sync 1 DAGs
[2025-07-16T01:53:43.021-0700] {logging_mixin.py:151} INFO - [2025-07-16T01:53:43.021-0700] {dag.py:3696} INFO - Setting next_dagrun for example_task_group to 2025-07-15T08:53:43.020973+00:00, run_after=2025-07-16T08:53:43.020973+00:00
[2025-07-16T01:53:43.041-0700] {processor.py:179} INFO - Processing /Volumes/Personal Drive/GitHub/gdpr-ccpa-risk-pipeline/venv/lib/python3.11/site-packages/airflow/example_dags/example_task_group.py took 0.291 seconds
[2025-07-16T01:55:50.634-0700] {processor.py:157} INFO - Started process (PID=85206) to work on /Volumes/Personal Drive/GitHub/gdpr-ccpa-risk-pipeline/venv/lib/python3.11/site-packages/airflow/example_dags/example_task_group.py
[2025-07-16T01:55:50.637-0700] {processor.py:829} INFO - Processing file /Volumes/Personal Drive/GitHub/gdpr-ccpa-risk-pipeline/venv/lib/python3.11/site-packages/airflow/example_dags/example_task_group.py for tasks to queue
[2025-07-16T01:55:50.638-0700] {logging_mixin.py:151} INFO - [2025-07-16T01:55:50.637-0700] {dagbag.py:539} INFO - Filling up the DagBag from /Volumes/Personal Drive/GitHub/gdpr-ccpa-risk-pipeline/venv/lib/python3.11/site-packages/airflow/example_dags/example_task_group.py
[2025-07-16T01:55:50.665-0700] {processor.py:839} INFO - DAG(s) dict_keys(['example_task_group']) retrieved from /Volumes/Personal Drive/GitHub/gdpr-ccpa-risk-pipeline/venv/lib/python3.11/site-packages/airflow/example_dags/example_task_group.py
[2025-07-16T01:55:50.871-0700] {logging_mixin.py:151} INFO - [2025-07-16T01:55:50.871-0700] {dag.py:2915} INFO - Sync 1 DAGs
[2025-07-16T01:55:50.891-0700] {logging_mixin.py:151} INFO - [2025-07-16T01:55:50.889-0700] {dag.py:3696} INFO - Setting next_dagrun for example_task_group to 2025-07-15T08:55:50.889658+00:00, run_after=2025-07-16T08:55:50.889658+00:00
[2025-07-16T01:55:50.965-0700] {processor.py:179} INFO - Processing /Volumes/Personal Drive/GitHub/gdpr-ccpa-risk-pipeline/venv/lib/python3.11/site-packages/airflow/example_dags/example_task_group.py took 0.332 seconds
[2025-07-16T01:58:23.218-0700] {processor.py:157} INFO - Started process (PID=85319) to work on /Volumes/Personal Drive/GitHub/gdpr-ccpa-risk-pipeline/venv/lib/python3.11/site-packages/airflow/example_dags/example_task_group.py
[2025-07-16T01:58:23.226-0700] {processor.py:829} INFO - Processing file /Volumes/Personal Drive/GitHub/gdpr-ccpa-risk-pipeline/venv/lib/python3.11/site-packages/airflow/example_dags/example_task_group.py for tasks to queue
[2025-07-16T01:58:23.227-0700] {logging_mixin.py:151} INFO - [2025-07-16T01:58:23.227-0700] {dagbag.py:539} INFO - Filling up the DagBag from /Volumes/Personal Drive/GitHub/gdpr-ccpa-risk-pipeline/venv/lib/python3.11/site-packages/airflow/example_dags/example_task_group.py
[2025-07-16T01:58:23.365-0700] {processor.py:839} INFO - DAG(s) dict_keys(['example_task_group']) retrieved from /Volumes/Personal Drive/GitHub/gdpr-ccpa-risk-pipeline/venv/lib/python3.11/site-packages/airflow/example_dags/example_task_group.py
[2025-07-16T01:58:23.954-0700] {logging_mixin.py:151} INFO - [2025-07-16T01:58:23.954-0700] {dag.py:2915} INFO - Sync 1 DAGs
[2025-07-16T01:58:24.061-0700] {logging_mixin.py:151} INFO - [2025-07-16T01:58:24.055-0700] {dag.py:3696} INFO - Setting next_dagrun for example_task_group to 2025-07-15T08:58:24.055490+00:00, run_after=2025-07-16T08:58:24.055490+00:00
[2025-07-16T01:58:24.150-0700] {processor.py:179} INFO - Processing /Volumes/Personal Drive/GitHub/gdpr-ccpa-risk-pipeline/venv/lib/python3.11/site-packages/airflow/example_dags/example_task_group.py took 0.933 seconds
[2025-07-16T02:01:18.936-0700] {processor.py:157} INFO - Started process (PID=85465) to work on /Volumes/Personal Drive/GitHub/gdpr-ccpa-risk-pipeline/venv/lib/python3.11/site-packages/airflow/example_dags/example_task_group.py
[2025-07-16T02:01:18.952-0700] {processor.py:829} INFO - Processing file /Volumes/Personal Drive/GitHub/gdpr-ccpa-risk-pipeline/venv/lib/python3.11/site-packages/airflow/example_dags/example_task_group.py for tasks to queue
[2025-07-16T02:01:18.952-0700] {logging_mixin.py:151} INFO - [2025-07-16T02:01:18.952-0700] {dagbag.py:539} INFO - Filling up the DagBag from /Volumes/Personal Drive/GitHub/gdpr-ccpa-risk-pipeline/venv/lib/python3.11/site-packages/airflow/example_dags/example_task_group.py
[2025-07-16T02:01:18.984-0700] {processor.py:839} INFO - DAG(s) dict_keys(['example_task_group']) retrieved from /Volumes/Personal Drive/GitHub/gdpr-ccpa-risk-pipeline/venv/lib/python3.11/site-packages/airflow/example_dags/example_task_group.py
[2025-07-16T02:01:19.202-0700] {logging_mixin.py:151} INFO - [2025-07-16T02:01:19.202-0700] {dag.py:2915} INFO - Sync 1 DAGs
[2025-07-16T02:01:19.216-0700] {logging_mixin.py:151} INFO - [2025-07-16T02:01:19.216-0700] {dag.py:3696} INFO - Setting next_dagrun for example_task_group to 2025-07-15T09:01:19.216624+00:00, run_after=2025-07-16T09:01:19.216624+00:00
[2025-07-16T02:01:19.236-0700] {processor.py:179} INFO - Processing /Volumes/Personal Drive/GitHub/gdpr-ccpa-risk-pipeline/venv/lib/python3.11/site-packages/airflow/example_dags/example_task_group.py took 0.307 seconds
