[2025-07-16T01:48:52.628-0700] {processor.py:157} INFO - Started process (PID=84874) to work on /Volumes/Personal Drive/GitHub/gdpr-ccpa-risk-pipeline/venv/lib/python3.11/site-packages/airflow/example_dags/example_bash_operator.py
[2025-07-16T01:48:52.634-0700] {processor.py:829} INFO - Processing file /Volumes/Personal Drive/GitHub/gdpr-ccpa-risk-pipeline/venv/lib/python3.11/site-packages/airflow/example_dags/example_bash_operator.py for tasks to queue
[2025-07-16T01:48:52.635-0700] {logging_mixin.py:151} INFO - [2025-07-16T01:48:52.635-0700] {dagbag.py:539} INFO - Filling up the DagBag from /Volumes/Personal Drive/GitHub/gdpr-ccpa-risk-pipeline/venv/lib/python3.11/site-packages/airflow/example_dags/example_bash_operator.py
[2025-07-16T01:48:52.736-0700] {processor.py:839} INFO - DAG(s) dict_keys(['example_bash_operator']) retrieved from /Volumes/Personal Drive/GitHub/gdpr-ccpa-risk-pipeline/venv/lib/python3.11/site-packages/airflow/example_dags/example_bash_operator.py
[2025-07-16T01:48:52.884-0700] {logging_mixin.py:151} INFO - [2025-07-16T01:48:52.884-0700] {dag.py:2915} INFO - Sync 1 DAGs
[2025-07-16T01:48:52.900-0700] {logging_mixin.py:151} INFO - [2025-07-16T01:48:52.900-0700] {dag.py:3696} INFO - Setting next_dagrun for example_bash_operator to 2025-07-15T00:00:00+00:00, run_after=2025-07-16T00:00:00+00:00
[2025-07-16T01:48:52.920-0700] {processor.py:179} INFO - Processing /Volumes/Personal Drive/GitHub/gdpr-ccpa-risk-pipeline/venv/lib/python3.11/site-packages/airflow/example_dags/example_bash_operator.py took 0.294 seconds
[2025-07-16T01:52:54.959-0700] {processor.py:157} INFO - Started process (PID=85059) to work on /Volumes/Personal Drive/GitHub/gdpr-ccpa-risk-pipeline/venv/lib/python3.11/site-packages/airflow/example_dags/example_bash_operator.py
[2025-07-16T01:52:54.972-0700] {processor.py:829} INFO - Processing file /Volumes/Personal Drive/GitHub/gdpr-ccpa-risk-pipeline/venv/lib/python3.11/site-packages/airflow/example_dags/example_bash_operator.py for tasks to queue
[2025-07-16T01:52:54.977-0700] {logging_mixin.py:151} INFO - [2025-07-16T01:52:54.977-0700] {dagbag.py:539} INFO - Filling up the DagBag from /Volumes/Personal Drive/GitHub/gdpr-ccpa-risk-pipeline/venv/lib/python3.11/site-packages/airflow/example_dags/example_bash_operator.py
[2025-07-16T01:52:55.085-0700] {processor.py:839} INFO - DAG(s) dict_keys(['example_bash_operator']) retrieved from /Volumes/Personal Drive/GitHub/gdpr-ccpa-risk-pipeline/venv/lib/python3.11/site-packages/airflow/example_dags/example_bash_operator.py
[2025-07-16T01:52:55.231-0700] {logging_mixin.py:151} INFO - [2025-07-16T01:52:55.231-0700] {dag.py:2915} INFO - Sync 1 DAGs
[2025-07-16T01:52:55.246-0700] {logging_mixin.py:151} INFO - [2025-07-16T01:52:55.246-0700] {dag.py:3696} INFO - Setting next_dagrun for example_bash_operator to 2025-07-15T00:00:00+00:00, run_after=2025-07-16T00:00:00+00:00
[2025-07-16T01:52:55.268-0700] {processor.py:179} INFO - Processing /Volumes/Personal Drive/GitHub/gdpr-ccpa-risk-pipeline/venv/lib/python3.11/site-packages/airflow/example_dags/example_bash_operator.py took 0.311 seconds
[2025-07-16T01:57:18.507-0700] {processor.py:157} INFO - Started process (PID=85280) to work on /Volumes/Personal Drive/GitHub/gdpr-ccpa-risk-pipeline/venv/lib/python3.11/site-packages/airflow/example_dags/example_bash_operator.py
[2025-07-16T01:57:18.517-0700] {processor.py:829} INFO - Processing file /Volumes/Personal Drive/GitHub/gdpr-ccpa-risk-pipeline/venv/lib/python3.11/site-packages/airflow/example_dags/example_bash_operator.py for tasks to queue
[2025-07-16T01:57:18.517-0700] {logging_mixin.py:151} INFO - [2025-07-16T01:57:18.517-0700] {dagbag.py:539} INFO - Filling up the DagBag from /Volumes/Personal Drive/GitHub/gdpr-ccpa-risk-pipeline/venv/lib/python3.11/site-packages/airflow/example_dags/example_bash_operator.py
[2025-07-16T01:57:18.659-0700] {processor.py:839} INFO - DAG(s) dict_keys(['example_bash_operator']) retrieved from /Volumes/Personal Drive/GitHub/gdpr-ccpa-risk-pipeline/venv/lib/python3.11/site-packages/airflow/example_dags/example_bash_operator.py
[2025-07-16T01:57:18.827-0700] {logging_mixin.py:151} INFO - [2025-07-16T01:57:18.827-0700] {dag.py:2915} INFO - Sync 1 DAGs
[2025-07-16T01:57:18.846-0700] {logging_mixin.py:151} INFO - [2025-07-16T01:57:18.845-0700] {dag.py:3696} INFO - Setting next_dagrun for example_bash_operator to 2025-07-15T00:00:00+00:00, run_after=2025-07-16T00:00:00+00:00
[2025-07-16T01:57:18.867-0700] {processor.py:179} INFO - Processing /Volumes/Personal Drive/GitHub/gdpr-ccpa-risk-pipeline/venv/lib/python3.11/site-packages/airflow/example_dags/example_bash_operator.py took 0.362 seconds
[2025-07-16T02:02:45.812-0700] {processor.py:157} INFO - Started process (PID=85530) to work on /Volumes/Personal Drive/GitHub/gdpr-ccpa-risk-pipeline/venv/lib/python3.11/site-packages/airflow/example_dags/example_bash_operator.py
[2025-07-16T02:02:45.831-0700] {processor.py:829} INFO - Processing file /Volumes/Personal Drive/GitHub/gdpr-ccpa-risk-pipeline/venv/lib/python3.11/site-packages/airflow/example_dags/example_bash_operator.py for tasks to queue
[2025-07-16T02:02:45.833-0700] {logging_mixin.py:151} INFO - [2025-07-16T02:02:45.833-0700] {dagbag.py:539} INFO - Filling up the DagBag from /Volumes/Personal Drive/GitHub/gdpr-ccpa-risk-pipeline/venv/lib/python3.11/site-packages/airflow/example_dags/example_bash_operator.py
[2025-07-16T02:02:45.917-0700] {processor.py:839} INFO - DAG(s) dict_keys(['example_bash_operator']) retrieved from /Volumes/Personal Drive/GitHub/gdpr-ccpa-risk-pipeline/venv/lib/python3.11/site-packages/airflow/example_dags/example_bash_operator.py
[2025-07-16T02:02:46.086-0700] {logging_mixin.py:151} INFO - [2025-07-16T02:02:46.085-0700] {dag.py:2915} INFO - Sync 1 DAGs
[2025-07-16T02:02:46.108-0700] {logging_mixin.py:151} INFO - [2025-07-16T02:02:46.108-0700] {dag.py:3696} INFO - Setting next_dagrun for example_bash_operator to 2025-07-15T00:00:00+00:00, run_after=2025-07-16T00:00:00+00:00
[2025-07-16T02:02:46.124-0700] {processor.py:179} INFO - Processing /Volumes/Personal Drive/GitHub/gdpr-ccpa-risk-pipeline/venv/lib/python3.11/site-packages/airflow/example_dags/example_bash_operator.py took 0.312 seconds
