[2025-07-16T01:47:13.004-0700] {processor.py:157} INFO - Started process (PID=84798) to work on /Volumes/Personal Drive/GitHub/gdpr-ccpa-risk-pipeline/venv/lib/python3.11/site-packages/airflow/example_dags/example_short_circuit_operator.py
[2025-07-16T01:47:13.005-0700] {processor.py:829} INFO - Processing file /Volumes/Personal Drive/GitHub/gdpr-ccpa-risk-pipeline/venv/lib/python3.11/site-packages/airflow/example_dags/example_short_circuit_operator.py for tasks to queue
[2025-07-16T01:47:13.006-0700] {logging_mixin.py:151} INFO - [2025-07-16T01:47:13.006-0700] {dagbag.py:539} INFO - Filling up the DagBag from /Volumes/Personal Drive/GitHub/gdpr-ccpa-risk-pipeline/venv/lib/python3.11/site-packages/airflow/example_dags/example_short_circuit_operator.py
[2025-07-16T01:47:13.080-0700] {processor.py:839} INFO - DAG(s) dict_keys(['example_short_circuit_operator']) retrieved from /Volumes/Personal Drive/GitHub/gdpr-ccpa-risk-pipeline/venv/lib/python3.11/site-packages/airflow/example_dags/example_short_circuit_operator.py
[2025-07-16T01:47:13.319-0700] {logging_mixin.py:151} INFO - [2025-07-16T01:47:13.319-0700] {dag.py:2915} INFO - Sync 1 DAGs
[2025-07-16T01:47:13.339-0700] {logging_mixin.py:151} INFO - [2025-07-16T01:47:13.339-0700] {dag.py:3696} INFO - Setting next_dagrun for example_short_circuit_operator to 2025-07-15T08:47:13.339022+00:00, run_after=2025-07-16T08:47:13.339022+00:00
[2025-07-16T01:47:13.362-0700] {processor.py:179} INFO - Processing /Volumes/Personal Drive/GitHub/gdpr-ccpa-risk-pipeline/venv/lib/python3.11/site-packages/airflow/example_dags/example_short_circuit_operator.py took 0.380 seconds
[2025-07-16T01:49:51.625-0700] {processor.py:157} INFO - Started process (PID=84923) to work on /Volumes/Personal Drive/GitHub/gdpr-ccpa-risk-pipeline/venv/lib/python3.11/site-packages/airflow/example_dags/example_short_circuit_operator.py
[2025-07-16T01:49:51.636-0700] {processor.py:829} INFO - Processing file /Volumes/Personal Drive/GitHub/gdpr-ccpa-risk-pipeline/venv/lib/python3.11/site-packages/airflow/example_dags/example_short_circuit_operator.py for tasks to queue
[2025-07-16T01:49:51.638-0700] {logging_mixin.py:151} INFO - [2025-07-16T01:49:51.637-0700] {dagbag.py:539} INFO - Filling up the DagBag from /Volumes/Personal Drive/GitHub/gdpr-ccpa-risk-pipeline/venv/lib/python3.11/site-packages/airflow/example_dags/example_short_circuit_operator.py
[2025-07-16T01:49:51.688-0700] {processor.py:839} INFO - DAG(s) dict_keys(['example_short_circuit_operator']) retrieved from /Volumes/Personal Drive/GitHub/gdpr-ccpa-risk-pipeline/venv/lib/python3.11/site-packages/airflow/example_dags/example_short_circuit_operator.py
[2025-07-16T01:49:51.882-0700] {logging_mixin.py:151} INFO - [2025-07-16T01:49:51.882-0700] {dag.py:2915} INFO - Sync 1 DAGs
[2025-07-16T01:49:51.897-0700] {logging_mixin.py:151} INFO - [2025-07-16T01:49:51.897-0700] {dag.py:3696} INFO - Setting next_dagrun for example_short_circuit_operator to 2025-07-15T08:49:51.897525+00:00, run_after=2025-07-16T08:49:51.897525+00:00
[2025-07-16T01:49:51.947-0700] {processor.py:179} INFO - Processing /Volumes/Personal Drive/GitHub/gdpr-ccpa-risk-pipeline/venv/lib/python3.11/site-packages/airflow/example_dags/example_short_circuit_operator.py took 0.323 seconds
[2025-07-16T01:51:55.199-0700] {processor.py:157} INFO - Started process (PID=85014) to work on /Volumes/Personal Drive/GitHub/gdpr-ccpa-risk-pipeline/venv/lib/python3.11/site-packages/airflow/example_dags/example_short_circuit_operator.py
[2025-07-16T01:51:55.200-0700] {processor.py:829} INFO - Processing file /Volumes/Personal Drive/GitHub/gdpr-ccpa-risk-pipeline/venv/lib/python3.11/site-packages/airflow/example_dags/example_short_circuit_operator.py for tasks to queue
[2025-07-16T01:51:55.202-0700] {logging_mixin.py:151} INFO - [2025-07-16T01:51:55.200-0700] {dagbag.py:539} INFO - Filling up the DagBag from /Volumes/Personal Drive/GitHub/gdpr-ccpa-risk-pipeline/venv/lib/python3.11/site-packages/airflow/example_dags/example_short_circuit_operator.py
[2025-07-16T01:51:55.324-0700] {processor.py:839} INFO - DAG(s) dict_keys(['example_short_circuit_operator']) retrieved from /Volumes/Personal Drive/GitHub/gdpr-ccpa-risk-pipeline/venv/lib/python3.11/site-packages/airflow/example_dags/example_short_circuit_operator.py
[2025-07-16T01:51:55.500-0700] {logging_mixin.py:151} INFO - [2025-07-16T01:51:55.500-0700] {dag.py:2915} INFO - Sync 1 DAGs
[2025-07-16T01:51:55.520-0700] {logging_mixin.py:151} INFO - [2025-07-16T01:51:55.520-0700] {dag.py:3696} INFO - Setting next_dagrun for example_short_circuit_operator to 2025-07-15T08:51:55.520542+00:00, run_after=2025-07-16T08:51:55.520542+00:00
[2025-07-16T01:51:55.535-0700] {processor.py:179} INFO - Processing /Volumes/Personal Drive/GitHub/gdpr-ccpa-risk-pipeline/venv/lib/python3.11/site-packages/airflow/example_dags/example_short_circuit_operator.py took 0.349 seconds
[2025-07-16T01:53:55.918-0700] {processor.py:157} INFO - Started process (PID=85108) to work on /Volumes/Personal Drive/GitHub/gdpr-ccpa-risk-pipeline/venv/lib/python3.11/site-packages/airflow/example_dags/example_short_circuit_operator.py
[2025-07-16T01:53:55.918-0700] {processor.py:829} INFO - Processing file /Volumes/Personal Drive/GitHub/gdpr-ccpa-risk-pipeline/venv/lib/python3.11/site-packages/airflow/example_dags/example_short_circuit_operator.py for tasks to queue
[2025-07-16T01:53:55.919-0700] {logging_mixin.py:151} INFO - [2025-07-16T01:53:55.919-0700] {dagbag.py:539} INFO - Filling up the DagBag from /Volumes/Personal Drive/GitHub/gdpr-ccpa-risk-pipeline/venv/lib/python3.11/site-packages/airflow/example_dags/example_short_circuit_operator.py
[2025-07-16T01:53:55.968-0700] {processor.py:839} INFO - DAG(s) dict_keys(['example_short_circuit_operator']) retrieved from /Volumes/Personal Drive/GitHub/gdpr-ccpa-risk-pipeline/venv/lib/python3.11/site-packages/airflow/example_dags/example_short_circuit_operator.py
[2025-07-16T01:53:56.165-0700] {logging_mixin.py:151} INFO - [2025-07-16T01:53:56.164-0700] {dag.py:2915} INFO - Sync 1 DAGs
[2025-07-16T01:53:56.178-0700] {logging_mixin.py:151} INFO - [2025-07-16T01:53:56.178-0700] {dag.py:3696} INFO - Setting next_dagrun for example_short_circuit_operator to 2025-07-15T08:53:56.178615+00:00, run_after=2025-07-16T08:53:56.178615+00:00
[2025-07-16T01:53:56.194-0700] {processor.py:179} INFO - Processing /Volumes/Personal Drive/GitHub/gdpr-ccpa-risk-pipeline/venv/lib/python3.11/site-packages/airflow/example_dags/example_short_circuit_operator.py took 0.277 seconds
[2025-07-16T01:56:05.988-0700] {processor.py:157} INFO - Started process (PID=85221) to work on /Volumes/Personal Drive/GitHub/gdpr-ccpa-risk-pipeline/venv/lib/python3.11/site-packages/airflow/example_dags/example_short_circuit_operator.py
[2025-07-16T01:56:05.989-0700] {processor.py:829} INFO - Processing file /Volumes/Personal Drive/GitHub/gdpr-ccpa-risk-pipeline/venv/lib/python3.11/site-packages/airflow/example_dags/example_short_circuit_operator.py for tasks to queue
[2025-07-16T01:56:05.990-0700] {logging_mixin.py:151} INFO - [2025-07-16T01:56:05.990-0700] {dagbag.py:539} INFO - Filling up the DagBag from /Volumes/Personal Drive/GitHub/gdpr-ccpa-risk-pipeline/venv/lib/python3.11/site-packages/airflow/example_dags/example_short_circuit_operator.py
[2025-07-16T01:56:06.034-0700] {processor.py:839} INFO - DAG(s) dict_keys(['example_short_circuit_operator']) retrieved from /Volumes/Personal Drive/GitHub/gdpr-ccpa-risk-pipeline/venv/lib/python3.11/site-packages/airflow/example_dags/example_short_circuit_operator.py
[2025-07-16T01:56:06.210-0700] {logging_mixin.py:151} INFO - [2025-07-16T01:56:06.209-0700] {dag.py:2915} INFO - Sync 1 DAGs
[2025-07-16T01:56:06.228-0700] {logging_mixin.py:151} INFO - [2025-07-16T01:56:06.228-0700] {dag.py:3696} INFO - Setting next_dagrun for example_short_circuit_operator to 2025-07-15T08:56:06.227903+00:00, run_after=2025-07-16T08:56:06.227903+00:00
[2025-07-16T01:56:06.276-0700] {processor.py:179} INFO - Processing /Volumes/Personal Drive/GitHub/gdpr-ccpa-risk-pipeline/venv/lib/python3.11/site-packages/airflow/example_dags/example_short_circuit_operator.py took 0.300 seconds
[2025-07-16T01:58:56.019-0700] {processor.py:157} INFO - Started process (PID=85356) to work on /Volumes/Personal Drive/GitHub/gdpr-ccpa-risk-pipeline/venv/lib/python3.11/site-packages/airflow/example_dags/example_short_circuit_operator.py
[2025-07-16T01:58:56.025-0700] {processor.py:829} INFO - Processing file /Volumes/Personal Drive/GitHub/gdpr-ccpa-risk-pipeline/venv/lib/python3.11/site-packages/airflow/example_dags/example_short_circuit_operator.py for tasks to queue
[2025-07-16T01:58:56.025-0700] {logging_mixin.py:151} INFO - [2025-07-16T01:58:56.025-0700] {dagbag.py:539} INFO - Filling up the DagBag from /Volumes/Personal Drive/GitHub/gdpr-ccpa-risk-pipeline/venv/lib/python3.11/site-packages/airflow/example_dags/example_short_circuit_operator.py
[2025-07-16T01:58:56.071-0700] {processor.py:839} INFO - DAG(s) dict_keys(['example_short_circuit_operator']) retrieved from /Volumes/Personal Drive/GitHub/gdpr-ccpa-risk-pipeline/venv/lib/python3.11/site-packages/airflow/example_dags/example_short_circuit_operator.py
[2025-07-16T01:58:56.290-0700] {logging_mixin.py:151} INFO - [2025-07-16T01:58:56.290-0700] {dag.py:2915} INFO - Sync 1 DAGs
[2025-07-16T01:58:56.336-0700] {logging_mixin.py:151} INFO - [2025-07-16T01:58:56.334-0700] {dag.py:3696} INFO - Setting next_dagrun for example_short_circuit_operator to 2025-07-15T08:58:56.330534+00:00, run_after=2025-07-16T08:58:56.330534+00:00
[2025-07-16T01:58:56.355-0700] {processor.py:179} INFO - Processing /Volumes/Personal Drive/GitHub/gdpr-ccpa-risk-pipeline/venv/lib/python3.11/site-packages/airflow/example_dags/example_short_circuit_operator.py took 0.339 seconds
[2025-07-16T02:01:33.965-0700] {processor.py:157} INFO - Started process (PID=85476) to work on /Volumes/Personal Drive/GitHub/gdpr-ccpa-risk-pipeline/venv/lib/python3.11/site-packages/airflow/example_dags/example_short_circuit_operator.py
[2025-07-16T02:01:33.977-0700] {processor.py:829} INFO - Processing file /Volumes/Personal Drive/GitHub/gdpr-ccpa-risk-pipeline/venv/lib/python3.11/site-packages/airflow/example_dags/example_short_circuit_operator.py for tasks to queue
[2025-07-16T02:01:33.985-0700] {logging_mixin.py:151} INFO - [2025-07-16T02:01:33.985-0700] {dagbag.py:539} INFO - Filling up the DagBag from /Volumes/Personal Drive/GitHub/gdpr-ccpa-risk-pipeline/venv/lib/python3.11/site-packages/airflow/example_dags/example_short_circuit_operator.py
[2025-07-16T02:01:34.089-0700] {processor.py:839} INFO - DAG(s) dict_keys(['example_short_circuit_operator']) retrieved from /Volumes/Personal Drive/GitHub/gdpr-ccpa-risk-pipeline/venv/lib/python3.11/site-packages/airflow/example_dags/example_short_circuit_operator.py
[2025-07-16T02:01:34.410-0700] {logging_mixin.py:151} INFO - [2025-07-16T02:01:34.410-0700] {dag.py:2915} INFO - Sync 1 DAGs
[2025-07-16T02:01:34.431-0700] {logging_mixin.py:151} INFO - [2025-07-16T02:01:34.431-0700] {dag.py:3696} INFO - Setting next_dagrun for example_short_circuit_operator to 2025-07-15T09:01:34.431615+00:00, run_after=2025-07-16T09:01:34.431615+00:00
[2025-07-16T02:01:34.447-0700] {processor.py:179} INFO - Processing /Volumes/Personal Drive/GitHub/gdpr-ccpa-risk-pipeline/venv/lib/python3.11/site-packages/airflow/example_dags/example_short_circuit_operator.py took 0.483 seconds
