[2025-07-16T01:47:26.649-0700] {processor.py:157} INFO - Started process (PID=84810) to work on /Volumes/Personal Drive/GitHub/gdpr-ccpa-risk-pipeline/venv/lib/python3.11/site-packages/airflow/example_dags/example_sensors.py
[2025-07-16T01:47:26.665-0700] {processor.py:829} INFO - Processing file /Volumes/Personal Drive/GitHub/gdpr-ccpa-risk-pipeline/venv/lib/python3.11/site-packages/airflow/example_dags/example_sensors.py for tasks to queue
[2025-07-16T01:47:26.669-0700] {logging_mixin.py:151} INFO - [2025-07-16T01:47:26.669-0700] {dagbag.py:539} INFO - Filling up the DagBag from /Volumes/Personal Drive/GitHub/gdpr-ccpa-risk-pipeline/venv/lib/python3.11/site-packages/airflow/example_dags/example_sensors.py
[2025-07-16T01:47:26.724-0700] {processor.py:839} INFO - DAG(s) dict_keys(['example_sensors']) retrieved from /Volumes/Personal Drive/GitHub/gdpr-ccpa-risk-pipeline/venv/lib/python3.11/site-packages/airflow/example_dags/example_sensors.py
[2025-07-16T01:47:26.957-0700] {logging_mixin.py:151} INFO - [2025-07-16T01:47:26.957-0700] {dag.py:2915} INFO - Sync 1 DAGs
[2025-07-16T01:47:26.967-0700] {logging_mixin.py:151} INFO - [2025-07-16T01:47:26.967-0700] {dag.py:3696} INFO - Setting next_dagrun for example_sensors to None, run_after=None
[2025-07-16T01:47:26.986-0700] {processor.py:179} INFO - Processing /Volumes/Personal Drive/GitHub/gdpr-ccpa-risk-pipeline/venv/lib/python3.11/site-packages/airflow/example_dags/example_sensors.py took 0.338 seconds
[2025-07-16T01:50:02.664-0700] {processor.py:157} INFO - Started process (PID=84927) to work on /Volumes/Personal Drive/GitHub/gdpr-ccpa-risk-pipeline/venv/lib/python3.11/site-packages/airflow/example_dags/example_sensors.py
[2025-07-16T01:50:02.740-0700] {processor.py:829} INFO - Processing file /Volumes/Personal Drive/GitHub/gdpr-ccpa-risk-pipeline/venv/lib/python3.11/site-packages/airflow/example_dags/example_sensors.py for tasks to queue
[2025-07-16T01:50:02.754-0700] {logging_mixin.py:151} INFO - [2025-07-16T01:50:02.754-0700] {dagbag.py:539} INFO - Filling up the DagBag from /Volumes/Personal Drive/GitHub/gdpr-ccpa-risk-pipeline/venv/lib/python3.11/site-packages/airflow/example_dags/example_sensors.py
[2025-07-16T01:50:02.833-0700] {processor.py:839} INFO - DAG(s) dict_keys(['example_sensors']) retrieved from /Volumes/Personal Drive/GitHub/gdpr-ccpa-risk-pipeline/venv/lib/python3.11/site-packages/airflow/example_dags/example_sensors.py
[2025-07-16T01:50:03.098-0700] {logging_mixin.py:151} INFO - [2025-07-16T01:50:03.097-0700] {dag.py:2915} INFO - Sync 1 DAGs
[2025-07-16T01:50:03.110-0700] {logging_mixin.py:151} INFO - [2025-07-16T01:50:03.110-0700] {dag.py:3696} INFO - Setting next_dagrun for example_sensors to None, run_after=None
[2025-07-16T01:50:03.144-0700] {processor.py:179} INFO - Processing /Volumes/Personal Drive/GitHub/gdpr-ccpa-risk-pipeline/venv/lib/python3.11/site-packages/airflow/example_dags/example_sensors.py took 0.484 seconds
[2025-07-16T01:52:07.791-0700] {processor.py:157} INFO - Started process (PID=85022) to work on /Volumes/Personal Drive/GitHub/gdpr-ccpa-risk-pipeline/venv/lib/python3.11/site-packages/airflow/example_dags/example_sensors.py
[2025-07-16T01:52:07.791-0700] {processor.py:829} INFO - Processing file /Volumes/Personal Drive/GitHub/gdpr-ccpa-risk-pipeline/venv/lib/python3.11/site-packages/airflow/example_dags/example_sensors.py for tasks to queue
[2025-07-16T01:52:07.792-0700] {logging_mixin.py:151} INFO - [2025-07-16T01:52:07.792-0700] {dagbag.py:539} INFO - Filling up the DagBag from /Volumes/Personal Drive/GitHub/gdpr-ccpa-risk-pipeline/venv/lib/python3.11/site-packages/airflow/example_dags/example_sensors.py
[2025-07-16T01:52:07.829-0700] {processor.py:839} INFO - DAG(s) dict_keys(['example_sensors']) retrieved from /Volumes/Personal Drive/GitHub/gdpr-ccpa-risk-pipeline/venv/lib/python3.11/site-packages/airflow/example_dags/example_sensors.py
[2025-07-16T01:52:08.038-0700] {logging_mixin.py:151} INFO - [2025-07-16T01:52:08.038-0700] {dag.py:2915} INFO - Sync 1 DAGs
[2025-07-16T01:52:08.046-0700] {logging_mixin.py:151} INFO - [2025-07-16T01:52:08.046-0700] {dag.py:3696} INFO - Setting next_dagrun for example_sensors to None, run_after=None
[2025-07-16T01:52:08.103-0700] {processor.py:179} INFO - Processing /Volumes/Personal Drive/GitHub/gdpr-ccpa-risk-pipeline/venv/lib/python3.11/site-packages/airflow/example_dags/example_sensors.py took 0.313 seconds
[2025-07-16T01:54:08.869-0700] {processor.py:157} INFO - Started process (PID=85122) to work on /Volumes/Personal Drive/GitHub/gdpr-ccpa-risk-pipeline/venv/lib/python3.11/site-packages/airflow/example_dags/example_sensors.py
[2025-07-16T01:54:08.874-0700] {processor.py:829} INFO - Processing file /Volumes/Personal Drive/GitHub/gdpr-ccpa-risk-pipeline/venv/lib/python3.11/site-packages/airflow/example_dags/example_sensors.py for tasks to queue
[2025-07-16T01:54:08.881-0700] {logging_mixin.py:151} INFO - [2025-07-16T01:54:08.880-0700] {dagbag.py:539} INFO - Filling up the DagBag from /Volumes/Personal Drive/GitHub/gdpr-ccpa-risk-pipeline/venv/lib/python3.11/site-packages/airflow/example_dags/example_sensors.py
[2025-07-16T01:54:08.939-0700] {processor.py:839} INFO - DAG(s) dict_keys(['example_sensors']) retrieved from /Volumes/Personal Drive/GitHub/gdpr-ccpa-risk-pipeline/venv/lib/python3.11/site-packages/airflow/example_dags/example_sensors.py
[2025-07-16T01:54:09.155-0700] {logging_mixin.py:151} INFO - [2025-07-16T01:54:09.154-0700] {dag.py:2915} INFO - Sync 1 DAGs
[2025-07-16T01:54:09.167-0700] {logging_mixin.py:151} INFO - [2025-07-16T01:54:09.167-0700] {dag.py:3696} INFO - Setting next_dagrun for example_sensors to None, run_after=None
[2025-07-16T01:54:09.187-0700] {processor.py:179} INFO - Processing /Volumes/Personal Drive/GitHub/gdpr-ccpa-risk-pipeline/venv/lib/python3.11/site-packages/airflow/example_dags/example_sensors.py took 0.319 seconds
[2025-07-16T01:56:26.739-0700] {processor.py:157} INFO - Started process (PID=85234) to work on /Volumes/Personal Drive/GitHub/gdpr-ccpa-risk-pipeline/venv/lib/python3.11/site-packages/airflow/example_dags/example_sensors.py
[2025-07-16T01:56:26.753-0700] {processor.py:829} INFO - Processing file /Volumes/Personal Drive/GitHub/gdpr-ccpa-risk-pipeline/venv/lib/python3.11/site-packages/airflow/example_dags/example_sensors.py for tasks to queue
[2025-07-16T01:56:26.754-0700] {logging_mixin.py:151} INFO - [2025-07-16T01:56:26.754-0700] {dagbag.py:539} INFO - Filling up the DagBag from /Volumes/Personal Drive/GitHub/gdpr-ccpa-risk-pipeline/venv/lib/python3.11/site-packages/airflow/example_dags/example_sensors.py
[2025-07-16T01:56:26.933-0700] {processor.py:839} INFO - DAG(s) dict_keys(['example_sensors']) retrieved from /Volumes/Personal Drive/GitHub/gdpr-ccpa-risk-pipeline/venv/lib/python3.11/site-packages/airflow/example_dags/example_sensors.py
[2025-07-16T01:56:27.690-0700] {logging_mixin.py:151} INFO - [2025-07-16T01:56:27.690-0700] {dag.py:2915} INFO - Sync 1 DAGs
[2025-07-16T01:56:27.710-0700] {logging_mixin.py:151} INFO - [2025-07-16T01:56:27.704-0700] {dag.py:3696} INFO - Setting next_dagrun for example_sensors to None, run_after=None
[2025-07-16T01:56:27.769-0700] {processor.py:179} INFO - Processing /Volumes/Personal Drive/GitHub/gdpr-ccpa-risk-pipeline/venv/lib/python3.11/site-packages/airflow/example_dags/example_sensors.py took 1.036 seconds
[2025-07-16T01:59:11.014-0700] {processor.py:157} INFO - Started process (PID=85367) to work on /Volumes/Personal Drive/GitHub/gdpr-ccpa-risk-pipeline/venv/lib/python3.11/site-packages/airflow/example_dags/example_sensors.py
[2025-07-16T01:59:11.030-0700] {processor.py:829} INFO - Processing file /Volumes/Personal Drive/GitHub/gdpr-ccpa-risk-pipeline/venv/lib/python3.11/site-packages/airflow/example_dags/example_sensors.py for tasks to queue
[2025-07-16T01:59:11.032-0700] {logging_mixin.py:151} INFO - [2025-07-16T01:59:11.032-0700] {dagbag.py:539} INFO - Filling up the DagBag from /Volumes/Personal Drive/GitHub/gdpr-ccpa-risk-pipeline/venv/lib/python3.11/site-packages/airflow/example_dags/example_sensors.py
[2025-07-16T01:59:11.083-0700] {processor.py:839} INFO - DAG(s) dict_keys(['example_sensors']) retrieved from /Volumes/Personal Drive/GitHub/gdpr-ccpa-risk-pipeline/venv/lib/python3.11/site-packages/airflow/example_dags/example_sensors.py
[2025-07-16T01:59:11.337-0700] {logging_mixin.py:151} INFO - [2025-07-16T01:59:11.337-0700] {dag.py:2915} INFO - Sync 1 DAGs
[2025-07-16T01:59:11.344-0700] {logging_mixin.py:151} INFO - [2025-07-16T01:59:11.344-0700] {dag.py:3696} INFO - Setting next_dagrun for example_sensors to None, run_after=None
[2025-07-16T01:59:11.378-0700] {processor.py:179} INFO - Processing /Volumes/Personal Drive/GitHub/gdpr-ccpa-risk-pipeline/venv/lib/python3.11/site-packages/airflow/example_dags/example_sensors.py took 0.365 seconds
[2025-07-16T02:01:48.250-0700] {processor.py:157} INFO - Started process (PID=85489) to work on /Volumes/Personal Drive/GitHub/gdpr-ccpa-risk-pipeline/venv/lib/python3.11/site-packages/airflow/example_dags/example_sensors.py
[2025-07-16T02:01:48.257-0700] {processor.py:829} INFO - Processing file /Volumes/Personal Drive/GitHub/gdpr-ccpa-risk-pipeline/venv/lib/python3.11/site-packages/airflow/example_dags/example_sensors.py for tasks to queue
[2025-07-16T02:01:48.258-0700] {logging_mixin.py:151} INFO - [2025-07-16T02:01:48.258-0700] {dagbag.py:539} INFO - Filling up the DagBag from /Volumes/Personal Drive/GitHub/gdpr-ccpa-risk-pipeline/venv/lib/python3.11/site-packages/airflow/example_dags/example_sensors.py
[2025-07-16T02:01:48.311-0700] {processor.py:839} INFO - DAG(s) dict_keys(['example_sensors']) retrieved from /Volumes/Personal Drive/GitHub/gdpr-ccpa-risk-pipeline/venv/lib/python3.11/site-packages/airflow/example_dags/example_sensors.py
[2025-07-16T02:01:48.587-0700] {logging_mixin.py:151} INFO - [2025-07-16T02:01:48.586-0700] {dag.py:2915} INFO - Sync 1 DAGs
[2025-07-16T02:01:48.599-0700] {logging_mixin.py:151} INFO - [2025-07-16T02:01:48.599-0700] {dag.py:3696} INFO - Setting next_dagrun for example_sensors to None, run_after=None
[2025-07-16T02:01:48.628-0700] {processor.py:179} INFO - Processing /Volumes/Personal Drive/GitHub/gdpr-ccpa-risk-pipeline/venv/lib/python3.11/site-packages/airflow/example_dags/example_sensors.py took 0.378 seconds
