[2025-07-16T01:48:36.429-0700] {processor.py:157} INFO - Started process (PID=84862) to work on /Volumes/Personal Drive/GitHub/gdpr-ccpa-risk-pipeline/venv/lib/python3.11/site-packages/airflow/example_dags/example_branch_operator_decorator.py
[2025-07-16T01:48:36.436-0700] {processor.py:829} INFO - Processing file /Volumes/Personal Drive/GitHub/gdpr-ccpa-risk-pipeline/venv/lib/python3.11/site-packages/airflow/example_dags/example_branch_operator_decorator.py for tasks to queue
[2025-07-16T01:48:36.437-0700] {logging_mixin.py:151} INFO - [2025-07-16T01:48:36.437-0700] {dagbag.py:539} INFO - Filling up the DagBag from /Volumes/Personal Drive/GitHub/gdpr-ccpa-risk-pipeline/venv/lib/python3.11/site-packages/airflow/example_dags/example_branch_operator_decorator.py
[2025-07-16T01:48:36.515-0700] {processor.py:839} INFO - DAG(s) dict_keys(['example_branch_python_operator_decorator']) retrieved from /Volumes/Personal Drive/GitHub/gdpr-ccpa-risk-pipeline/venv/lib/python3.11/site-packages/airflow/example_dags/example_branch_operator_decorator.py
[2025-07-16T01:48:36.681-0700] {logging_mixin.py:151} INFO - [2025-07-16T01:48:36.681-0700] {dag.py:2915} INFO - Sync 1 DAGs
[2025-07-16T01:48:36.700-0700] {logging_mixin.py:151} INFO - [2025-07-16T01:48:36.700-0700] {dag.py:3696} INFO - Setting next_dagrun for example_branch_python_operator_decorator to 2025-07-15T00:00:00+00:00, run_after=2025-07-16T00:00:00+00:00
[2025-07-16T01:48:36.717-0700] {processor.py:179} INFO - Processing /Volumes/Personal Drive/GitHub/gdpr-ccpa-risk-pipeline/venv/lib/python3.11/site-packages/airflow/example_dags/example_branch_operator_decorator.py took 0.288 seconds
[2025-07-16T01:52:39.048-0700] {processor.py:157} INFO - Started process (PID=85044) to work on /Volumes/Personal Drive/GitHub/gdpr-ccpa-risk-pipeline/venv/lib/python3.11/site-packages/airflow/example_dags/example_branch_operator_decorator.py
[2025-07-16T01:52:39.049-0700] {processor.py:829} INFO - Processing file /Volumes/Personal Drive/GitHub/gdpr-ccpa-risk-pipeline/venv/lib/python3.11/site-packages/airflow/example_dags/example_branch_operator_decorator.py for tasks to queue
[2025-07-16T01:52:39.053-0700] {logging_mixin.py:151} INFO - [2025-07-16T01:52:39.053-0700] {dagbag.py:539} INFO - Filling up the DagBag from /Volumes/Personal Drive/GitHub/gdpr-ccpa-risk-pipeline/venv/lib/python3.11/site-packages/airflow/example_dags/example_branch_operator_decorator.py
[2025-07-16T01:52:39.149-0700] {processor.py:839} INFO - DAG(s) dict_keys(['example_branch_python_operator_decorator']) retrieved from /Volumes/Personal Drive/GitHub/gdpr-ccpa-risk-pipeline/venv/lib/python3.11/site-packages/airflow/example_dags/example_branch_operator_decorator.py
[2025-07-16T01:52:39.347-0700] {logging_mixin.py:151} INFO - [2025-07-16T01:52:39.345-0700] {dag.py:2915} INFO - Sync 1 DAGs
[2025-07-16T01:52:39.363-0700] {logging_mixin.py:151} INFO - [2025-07-16T01:52:39.362-0700] {dag.py:3696} INFO - Setting next_dagrun for example_branch_python_operator_decorator to 2025-07-15T00:00:00+00:00, run_after=2025-07-16T00:00:00+00:00
[2025-07-16T01:52:39.386-0700] {processor.py:179} INFO - Processing /Volumes/Personal Drive/GitHub/gdpr-ccpa-risk-pipeline/venv/lib/python3.11/site-packages/airflow/example_dags/example_branch_operator_decorator.py took 0.338 seconds
[2025-07-16T01:56:59.069-0700] {processor.py:157} INFO - Started process (PID=85261) to work on /Volumes/Personal Drive/GitHub/gdpr-ccpa-risk-pipeline/venv/lib/python3.11/site-packages/airflow/example_dags/example_branch_operator_decorator.py
[2025-07-16T01:56:59.096-0700] {processor.py:829} INFO - Processing file /Volumes/Personal Drive/GitHub/gdpr-ccpa-risk-pipeline/venv/lib/python3.11/site-packages/airflow/example_dags/example_branch_operator_decorator.py for tasks to queue
[2025-07-16T01:56:59.098-0700] {logging_mixin.py:151} INFO - [2025-07-16T01:56:59.097-0700] {dagbag.py:539} INFO - Filling up the DagBag from /Volumes/Personal Drive/GitHub/gdpr-ccpa-risk-pipeline/venv/lib/python3.11/site-packages/airflow/example_dags/example_branch_operator_decorator.py
[2025-07-16T01:56:59.185-0700] {processor.py:839} INFO - DAG(s) dict_keys(['example_branch_python_operator_decorator']) retrieved from /Volumes/Personal Drive/GitHub/gdpr-ccpa-risk-pipeline/venv/lib/python3.11/site-packages/airflow/example_dags/example_branch_operator_decorator.py
[2025-07-16T01:56:59.507-0700] {logging_mixin.py:151} INFO - [2025-07-16T01:56:59.506-0700] {dag.py:2915} INFO - Sync 1 DAGs
[2025-07-16T01:56:59.525-0700] {logging_mixin.py:151} INFO - [2025-07-16T01:56:59.525-0700] {dag.py:3696} INFO - Setting next_dagrun for example_branch_python_operator_decorator to 2025-07-15T00:00:00+00:00, run_after=2025-07-16T00:00:00+00:00
[2025-07-16T01:56:59.539-0700] {processor.py:179} INFO - Processing /Volumes/Personal Drive/GitHub/gdpr-ccpa-risk-pipeline/venv/lib/python3.11/site-packages/airflow/example_dags/example_branch_operator_decorator.py took 0.475 seconds
[2025-07-16T02:02:30.188-0700] {processor.py:157} INFO - Started process (PID=85517) to work on /Volumes/Personal Drive/GitHub/gdpr-ccpa-risk-pipeline/venv/lib/python3.11/site-packages/airflow/example_dags/example_branch_operator_decorator.py
[2025-07-16T02:02:30.231-0700] {processor.py:829} INFO - Processing file /Volumes/Personal Drive/GitHub/gdpr-ccpa-risk-pipeline/venv/lib/python3.11/site-packages/airflow/example_dags/example_branch_operator_decorator.py for tasks to queue
[2025-07-16T02:02:30.233-0700] {logging_mixin.py:151} INFO - [2025-07-16T02:02:30.232-0700] {dagbag.py:539} INFO - Filling up the DagBag from /Volumes/Personal Drive/GitHub/gdpr-ccpa-risk-pipeline/venv/lib/python3.11/site-packages/airflow/example_dags/example_branch_operator_decorator.py
[2025-07-16T02:02:30.461-0700] {processor.py:839} INFO - DAG(s) dict_keys(['example_branch_python_operator_decorator']) retrieved from /Volumes/Personal Drive/GitHub/gdpr-ccpa-risk-pipeline/venv/lib/python3.11/site-packages/airflow/example_dags/example_branch_operator_decorator.py
[2025-07-16T02:02:30.775-0700] {logging_mixin.py:151} INFO - [2025-07-16T02:02:30.774-0700] {dag.py:2915} INFO - Sync 1 DAGs
[2025-07-16T02:02:30.803-0700] {logging_mixin.py:151} INFO - [2025-07-16T02:02:30.802-0700] {dag.py:3696} INFO - Setting next_dagrun for example_branch_python_operator_decorator to 2025-07-15T00:00:00+00:00, run_after=2025-07-16T00:00:00+00:00
[2025-07-16T02:02:30.829-0700] {processor.py:179} INFO - Processing /Volumes/Personal Drive/GitHub/gdpr-ccpa-risk-pipeline/venv/lib/python3.11/site-packages/airflow/example_dags/example_branch_operator_decorator.py took 0.644 seconds
