[2025-07-16T01:48:43.184-0700] {processor.py:157} INFO - Started process (PID=84865) to work on /Volumes/Personal Drive/GitHub/gdpr-ccpa-risk-pipeline/venv/lib/python3.11/site-packages/airflow/example_dags/example_branch_labels.py
[2025-07-16T01:48:43.187-0700] {processor.py:829} INFO - Processing file /Volumes/Personal Drive/GitHub/gdpr-ccpa-risk-pipeline/venv/lib/python3.11/site-packages/airflow/example_dags/example_branch_labels.py for tasks to queue
[2025-07-16T01:48:43.189-0700] {logging_mixin.py:151} INFO - [2025-07-16T01:48:43.188-0700] {dagbag.py:539} INFO - Filling up the DagBag from /Volumes/Personal Drive/GitHub/gdpr-ccpa-risk-pipeline/venv/lib/python3.11/site-packages/airflow/example_dags/example_branch_labels.py
[2025-07-16T01:48:43.223-0700] {processor.py:839} INFO - DAG(s) dict_keys(['example_branch_labels']) retrieved from /Volumes/Personal Drive/GitHub/gdpr-ccpa-risk-pipeline/venv/lib/python3.11/site-packages/airflow/example_dags/example_branch_labels.py
[2025-07-16T01:48:43.431-0700] {logging_mixin.py:151} INFO - [2025-07-16T01:48:43.431-0700] {dag.py:2915} INFO - Sync 1 DAGs
[2025-07-16T01:48:43.448-0700] {logging_mixin.py:151} INFO - [2025-07-16T01:48:43.448-0700] {dag.py:3696} INFO - Setting next_dagrun for example_branch_labels to 2025-07-15T00:00:00+00:00, run_after=2025-07-16T00:00:00+00:00
[2025-07-16T01:48:43.484-0700] {processor.py:179} INFO - Processing /Volumes/Personal Drive/GitHub/gdpr-ccpa-risk-pipeline/venv/lib/python3.11/site-packages/airflow/example_dags/example_branch_labels.py took 0.301 seconds
[2025-07-16T01:52:46.184-0700] {processor.py:157} INFO - Started process (PID=85054) to work on /Volumes/Personal Drive/GitHub/gdpr-ccpa-risk-pipeline/venv/lib/python3.11/site-packages/airflow/example_dags/example_branch_labels.py
[2025-07-16T01:52:46.185-0700] {processor.py:829} INFO - Processing file /Volumes/Personal Drive/GitHub/gdpr-ccpa-risk-pipeline/venv/lib/python3.11/site-packages/airflow/example_dags/example_branch_labels.py for tasks to queue
[2025-07-16T01:52:46.185-0700] {logging_mixin.py:151} INFO - [2025-07-16T01:52:46.185-0700] {dagbag.py:539} INFO - Filling up the DagBag from /Volumes/Personal Drive/GitHub/gdpr-ccpa-risk-pipeline/venv/lib/python3.11/site-packages/airflow/example_dags/example_branch_labels.py
[2025-07-16T01:52:46.247-0700] {processor.py:839} INFO - DAG(s) dict_keys(['example_branch_labels']) retrieved from /Volumes/Personal Drive/GitHub/gdpr-ccpa-risk-pipeline/venv/lib/python3.11/site-packages/airflow/example_dags/example_branch_labels.py
[2025-07-16T01:52:46.436-0700] {logging_mixin.py:151} INFO - [2025-07-16T01:52:46.435-0700] {dag.py:2915} INFO - Sync 1 DAGs
[2025-07-16T01:52:46.453-0700] {logging_mixin.py:151} INFO - [2025-07-16T01:52:46.453-0700] {dag.py:3696} INFO - Setting next_dagrun for example_branch_labels to 2025-07-15T00:00:00+00:00, run_after=2025-07-16T00:00:00+00:00
[2025-07-16T01:52:46.488-0700] {processor.py:179} INFO - Processing /Volumes/Personal Drive/GitHub/gdpr-ccpa-risk-pipeline/venv/lib/python3.11/site-packages/airflow/example_dags/example_branch_labels.py took 0.309 seconds
[2025-07-16T01:57:05.690-0700] {processor.py:157} INFO - Started process (PID=85270) to work on /Volumes/Personal Drive/GitHub/gdpr-ccpa-risk-pipeline/venv/lib/python3.11/site-packages/airflow/example_dags/example_branch_labels.py
[2025-07-16T01:57:05.698-0700] {processor.py:829} INFO - Processing file /Volumes/Personal Drive/GitHub/gdpr-ccpa-risk-pipeline/venv/lib/python3.11/site-packages/airflow/example_dags/example_branch_labels.py for tasks to queue
[2025-07-16T01:57:05.700-0700] {logging_mixin.py:151} INFO - [2025-07-16T01:57:05.700-0700] {dagbag.py:539} INFO - Filling up the DagBag from /Volumes/Personal Drive/GitHub/gdpr-ccpa-risk-pipeline/venv/lib/python3.11/site-packages/airflow/example_dags/example_branch_labels.py
[2025-07-16T01:57:05.743-0700] {processor.py:839} INFO - DAG(s) dict_keys(['example_branch_labels']) retrieved from /Volumes/Personal Drive/GitHub/gdpr-ccpa-risk-pipeline/venv/lib/python3.11/site-packages/airflow/example_dags/example_branch_labels.py
[2025-07-16T01:57:06.092-0700] {logging_mixin.py:151} INFO - [2025-07-16T01:57:06.091-0700] {dag.py:2915} INFO - Sync 1 DAGs
[2025-07-16T01:57:06.112-0700] {logging_mixin.py:151} INFO - [2025-07-16T01:57:06.112-0700] {dag.py:3696} INFO - Setting next_dagrun for example_branch_labels to 2025-07-15T00:00:00+00:00, run_after=2025-07-16T00:00:00+00:00
[2025-07-16T01:57:06.137-0700] {processor.py:179} INFO - Processing /Volumes/Personal Drive/GitHub/gdpr-ccpa-risk-pipeline/venv/lib/python3.11/site-packages/airflow/example_dags/example_branch_labels.py took 0.453 seconds
[2025-07-16T02:02:37.741-0700] {processor.py:157} INFO - Started process (PID=85527) to work on /Volumes/Personal Drive/GitHub/gdpr-ccpa-risk-pipeline/venv/lib/python3.11/site-packages/airflow/example_dags/example_branch_labels.py
[2025-07-16T02:02:37.742-0700] {processor.py:829} INFO - Processing file /Volumes/Personal Drive/GitHub/gdpr-ccpa-risk-pipeline/venv/lib/python3.11/site-packages/airflow/example_dags/example_branch_labels.py for tasks to queue
[2025-07-16T02:02:37.743-0700] {logging_mixin.py:151} INFO - [2025-07-16T02:02:37.743-0700] {dagbag.py:539} INFO - Filling up the DagBag from /Volumes/Personal Drive/GitHub/gdpr-ccpa-risk-pipeline/venv/lib/python3.11/site-packages/airflow/example_dags/example_branch_labels.py
[2025-07-16T02:02:37.780-0700] {processor.py:839} INFO - DAG(s) dict_keys(['example_branch_labels']) retrieved from /Volumes/Personal Drive/GitHub/gdpr-ccpa-risk-pipeline/venv/lib/python3.11/site-packages/airflow/example_dags/example_branch_labels.py
[2025-07-16T02:02:37.948-0700] {logging_mixin.py:151} INFO - [2025-07-16T02:02:37.948-0700] {dag.py:2915} INFO - Sync 1 DAGs
[2025-07-16T02:02:37.963-0700] {logging_mixin.py:151} INFO - [2025-07-16T02:02:37.963-0700] {dag.py:3696} INFO - Setting next_dagrun for example_branch_labels to 2025-07-15T00:00:00+00:00, run_after=2025-07-16T00:00:00+00:00
[2025-07-16T02:02:37.989-0700] {processor.py:179} INFO - Processing /Volumes/Personal Drive/GitHub/gdpr-ccpa-risk-pipeline/venv/lib/python3.11/site-packages/airflow/example_dags/example_branch_labels.py took 0.249 seconds
