[2025-07-16T01:48:21.242-0700] {processor.py:157} INFO - Started process (PID=84851) to work on /Volumes/Personal Drive/GitHub/gdpr-ccpa-risk-pipeline/venv/lib/python3.11/site-packages/airflow/example_dags/example_datasets.py
[2025-07-16T01:48:21.244-0700] {processor.py:829} INFO - Processing file /Volumes/Personal Drive/GitHub/gdpr-ccpa-risk-pipeline/venv/lib/python3.11/site-packages/airflow/example_dags/example_datasets.py for tasks to queue
[2025-07-16T01:48:21.244-0700] {logging_mixin.py:151} INFO - [2025-07-16T01:48:21.244-0700] {dagbag.py:539} INFO - Filling up the DagBag from /Volumes/Personal Drive/GitHub/gdpr-ccpa-risk-pipeline/venv/lib/python3.11/site-packages/airflow/example_dags/example_datasets.py
[2025-07-16T01:48:21.290-0700] {processor.py:839} INFO - DAG(s) dict_keys(['dataset_consumes_1', 'dataset_consumes_1_and_2', 'dataset_consumes_1_never_scheduled', 'dataset_produces_1', 'dataset_consumes_unknown_never_scheduled', 'dataset_produces_2']) retrieved from /Volumes/Personal Drive/GitHub/gdpr-ccpa-risk-pipeline/venv/lib/python3.11/site-packages/airflow/example_dags/example_datasets.py
[2025-07-16T01:48:21.492-0700] {logging_mixin.py:151} INFO - [2025-07-16T01:48:21.492-0700] {dag.py:2915} INFO - Sync 6 DAGs
[2025-07-16T01:48:21.507-0700] {logging_mixin.py:151} INFO - [2025-07-16T01:48:21.507-0700] {dag.py:3696} INFO - Setting next_dagrun for dataset_consumes_1 to None, run_after=None
[2025-07-16T01:48:21.510-0700] {logging_mixin.py:151} INFO - [2025-07-16T01:48:21.510-0700] {dag.py:3696} INFO - Setting next_dagrun for dataset_consumes_1_and_2 to None, run_after=None
[2025-07-16T01:48:21.511-0700] {logging_mixin.py:151} INFO - [2025-07-16T01:48:21.511-0700] {dag.py:3696} INFO - Setting next_dagrun for dataset_consumes_1_never_scheduled to None, run_after=None
[2025-07-16T01:48:21.511-0700] {logging_mixin.py:151} INFO - [2025-07-16T01:48:21.511-0700] {dag.py:3696} INFO - Setting next_dagrun for dataset_consumes_unknown_never_scheduled to None, run_after=None
[2025-07-16T01:48:21.514-0700] {logging_mixin.py:151} INFO - [2025-07-16T01:48:21.514-0700] {dag.py:3696} INFO - Setting next_dagrun for dataset_produces_1 to 2025-07-15T00:00:00+00:00, run_after=2025-07-16T00:00:00+00:00
[2025-07-16T01:48:21.515-0700] {logging_mixin.py:151} INFO - [2025-07-16T01:48:21.515-0700] {dag.py:3696} INFO - Setting next_dagrun for dataset_produces_2 to None, run_after=None
[2025-07-16T01:48:21.548-0700] {processor.py:179} INFO - Processing /Volumes/Personal Drive/GitHub/gdpr-ccpa-risk-pipeline/venv/lib/python3.11/site-packages/airflow/example_dags/example_datasets.py took 0.316 seconds
[2025-07-16T01:50:43.899-0700] {processor.py:157} INFO - Started process (PID=84962) to work on /Volumes/Personal Drive/GitHub/gdpr-ccpa-risk-pipeline/venv/lib/python3.11/site-packages/airflow/example_dags/example_datasets.py
[2025-07-16T01:50:43.900-0700] {processor.py:829} INFO - Processing file /Volumes/Personal Drive/GitHub/gdpr-ccpa-risk-pipeline/venv/lib/python3.11/site-packages/airflow/example_dags/example_datasets.py for tasks to queue
[2025-07-16T01:50:43.904-0700] {logging_mixin.py:151} INFO - [2025-07-16T01:50:43.903-0700] {dagbag.py:539} INFO - Filling up the DagBag from /Volumes/Personal Drive/GitHub/gdpr-ccpa-risk-pipeline/venv/lib/python3.11/site-packages/airflow/example_dags/example_datasets.py
[2025-07-16T01:50:43.944-0700] {processor.py:839} INFO - DAG(s) dict_keys(['dataset_consumes_1_and_2', 'dataset_produces_1', 'dataset_consumes_unknown_never_scheduled', 'dataset_produces_2', 'dataset_consumes_1_never_scheduled', 'dataset_consumes_1']) retrieved from /Volumes/Personal Drive/GitHub/gdpr-ccpa-risk-pipeline/venv/lib/python3.11/site-packages/airflow/example_dags/example_datasets.py
[2025-07-16T01:50:44.155-0700] {logging_mixin.py:151} INFO - [2025-07-16T01:50:44.154-0700] {dag.py:2915} INFO - Sync 6 DAGs
[2025-07-16T01:50:44.169-0700] {logging_mixin.py:151} INFO - [2025-07-16T01:50:44.169-0700] {dag.py:3696} INFO - Setting next_dagrun for dataset_consumes_1 to None, run_after=None
[2025-07-16T01:50:44.172-0700] {logging_mixin.py:151} INFO - [2025-07-16T01:50:44.172-0700] {dag.py:3696} INFO - Setting next_dagrun for dataset_consumes_1_and_2 to None, run_after=None
[2025-07-16T01:50:44.173-0700] {logging_mixin.py:151} INFO - [2025-07-16T01:50:44.173-0700] {dag.py:3696} INFO - Setting next_dagrun for dataset_consumes_1_never_scheduled to None, run_after=None
[2025-07-16T01:50:44.173-0700] {logging_mixin.py:151} INFO - [2025-07-16T01:50:44.173-0700] {dag.py:3696} INFO - Setting next_dagrun for dataset_consumes_unknown_never_scheduled to None, run_after=None
[2025-07-16T01:50:44.175-0700] {logging_mixin.py:151} INFO - [2025-07-16T01:50:44.175-0700] {dag.py:3696} INFO - Setting next_dagrun for dataset_produces_1 to 2025-07-15T00:00:00+00:00, run_after=2025-07-16T00:00:00+00:00
[2025-07-16T01:50:44.176-0700] {logging_mixin.py:151} INFO - [2025-07-16T01:50:44.175-0700] {dag.py:3696} INFO - Setting next_dagrun for dataset_produces_2 to None, run_after=None
[2025-07-16T01:50:44.204-0700] {processor.py:179} INFO - Processing /Volumes/Personal Drive/GitHub/gdpr-ccpa-risk-pipeline/venv/lib/python3.11/site-packages/airflow/example_dags/example_datasets.py took 0.308 seconds
[2025-07-16T01:54:53.700-0700] {processor.py:157} INFO - Started process (PID=85167) to work on /Volumes/Personal Drive/GitHub/gdpr-ccpa-risk-pipeline/venv/lib/python3.11/site-packages/airflow/example_dags/example_datasets.py
[2025-07-16T01:54:53.707-0700] {processor.py:829} INFO - Processing file /Volumes/Personal Drive/GitHub/gdpr-ccpa-risk-pipeline/venv/lib/python3.11/site-packages/airflow/example_dags/example_datasets.py for tasks to queue
[2025-07-16T01:54:53.708-0700] {logging_mixin.py:151} INFO - [2025-07-16T01:54:53.708-0700] {dagbag.py:539} INFO - Filling up the DagBag from /Volumes/Personal Drive/GitHub/gdpr-ccpa-risk-pipeline/venv/lib/python3.11/site-packages/airflow/example_dags/example_datasets.py
[2025-07-16T01:54:53.754-0700] {processor.py:839} INFO - DAG(s) dict_keys(['dataset_produces_2', 'dataset_consumes_1_never_scheduled', 'dataset_consumes_unknown_never_scheduled', 'dataset_consumes_1_and_2', 'dataset_consumes_1', 'dataset_produces_1']) retrieved from /Volumes/Personal Drive/GitHub/gdpr-ccpa-risk-pipeline/venv/lib/python3.11/site-packages/airflow/example_dags/example_datasets.py
[2025-07-16T01:54:53.976-0700] {logging_mixin.py:151} INFO - [2025-07-16T01:54:53.976-0700] {dag.py:2915} INFO - Sync 6 DAGs
[2025-07-16T01:54:53.998-0700] {logging_mixin.py:151} INFO - [2025-07-16T01:54:53.997-0700] {dag.py:3696} INFO - Setting next_dagrun for dataset_consumes_1 to None, run_after=None
[2025-07-16T01:54:54.000-0700] {logging_mixin.py:151} INFO - [2025-07-16T01:54:54.000-0700] {dag.py:3696} INFO - Setting next_dagrun for dataset_consumes_1_and_2 to None, run_after=None
[2025-07-16T01:54:54.001-0700] {logging_mixin.py:151} INFO - [2025-07-16T01:54:54.000-0700] {dag.py:3696} INFO - Setting next_dagrun for dataset_consumes_1_never_scheduled to None, run_after=None
[2025-07-16T01:54:54.002-0700] {logging_mixin.py:151} INFO - [2025-07-16T01:54:54.002-0700] {dag.py:3696} INFO - Setting next_dagrun for dataset_consumes_unknown_never_scheduled to None, run_after=None
[2025-07-16T01:54:54.004-0700] {logging_mixin.py:151} INFO - [2025-07-16T01:54:54.004-0700] {dag.py:3696} INFO - Setting next_dagrun for dataset_produces_1 to 2025-07-15T00:00:00+00:00, run_after=2025-07-16T00:00:00+00:00
[2025-07-16T01:54:54.005-0700] {logging_mixin.py:151} INFO - [2025-07-16T01:54:54.005-0700] {dag.py:3696} INFO - Setting next_dagrun for dataset_produces_2 to None, run_after=None
[2025-07-16T01:54:54.033-0700] {processor.py:179} INFO - Processing /Volumes/Personal Drive/GitHub/gdpr-ccpa-risk-pipeline/venv/lib/python3.11/site-packages/airflow/example_dags/example_datasets.py took 0.335 seconds
[2025-07-16T02:00:02.348-0700] {processor.py:157} INFO - Started process (PID=85404) to work on /Volumes/Personal Drive/GitHub/gdpr-ccpa-risk-pipeline/venv/lib/python3.11/site-packages/airflow/example_dags/example_datasets.py
[2025-07-16T02:00:02.360-0700] {processor.py:829} INFO - Processing file /Volumes/Personal Drive/GitHub/gdpr-ccpa-risk-pipeline/venv/lib/python3.11/site-packages/airflow/example_dags/example_datasets.py for tasks to queue
[2025-07-16T02:00:02.361-0700] {logging_mixin.py:151} INFO - [2025-07-16T02:00:02.361-0700] {dagbag.py:539} INFO - Filling up the DagBag from /Volumes/Personal Drive/GitHub/gdpr-ccpa-risk-pipeline/venv/lib/python3.11/site-packages/airflow/example_dags/example_datasets.py
[2025-07-16T02:00:02.418-0700] {processor.py:839} INFO - DAG(s) dict_keys(['dataset_produces_1', 'dataset_produces_2', 'dataset_consumes_1_and_2', 'dataset_consumes_1', 'dataset_consumes_unknown_never_scheduled', 'dataset_consumes_1_never_scheduled']) retrieved from /Volumes/Personal Drive/GitHub/gdpr-ccpa-risk-pipeline/venv/lib/python3.11/site-packages/airflow/example_dags/example_datasets.py
[2025-07-16T02:00:02.637-0700] {logging_mixin.py:151} INFO - [2025-07-16T02:00:02.637-0700] {dag.py:2915} INFO - Sync 6 DAGs
[2025-07-16T02:00:02.683-0700] {logging_mixin.py:151} INFO - [2025-07-16T02:00:02.683-0700] {dag.py:3696} INFO - Setting next_dagrun for dataset_consumes_1 to None, run_after=None
[2025-07-16T02:00:02.686-0700] {logging_mixin.py:151} INFO - [2025-07-16T02:00:02.686-0700] {dag.py:3696} INFO - Setting next_dagrun for dataset_consumes_1_and_2 to None, run_after=None
[2025-07-16T02:00:02.687-0700] {logging_mixin.py:151} INFO - [2025-07-16T02:00:02.687-0700] {dag.py:3696} INFO - Setting next_dagrun for dataset_consumes_1_never_scheduled to None, run_after=None
[2025-07-16T02:00:02.687-0700] {logging_mixin.py:151} INFO - [2025-07-16T02:00:02.687-0700] {dag.py:3696} INFO - Setting next_dagrun for dataset_consumes_unknown_never_scheduled to None, run_after=None
[2025-07-16T02:00:02.689-0700] {logging_mixin.py:151} INFO - [2025-07-16T02:00:02.689-0700] {dag.py:3696} INFO - Setting next_dagrun for dataset_produces_1 to 2025-07-15T00:00:00+00:00, run_after=2025-07-16T00:00:00+00:00
[2025-07-16T02:00:02.692-0700] {logging_mixin.py:151} INFO - [2025-07-16T02:00:02.692-0700] {dag.py:3696} INFO - Setting next_dagrun for dataset_produces_2 to None, run_after=None
[2025-07-16T02:00:02.986-0700] {processor.py:179} INFO - Processing /Volumes/Personal Drive/GitHub/gdpr-ccpa-risk-pipeline/venv/lib/python3.11/site-packages/airflow/example_dags/example_datasets.py took 0.639 seconds
