[2025-07-16T01:46:42.535-0700] {processor.py:157} INFO - Started process (PID=84776) to work on /Volumes/Personal Drive/GitHub/gdpr-ccpa-risk-pipeline/venv/lib/python3.11/site-packages/airflow/example_dags/example_trigger_target_dag.py
[2025-07-16T01:46:42.535-0700] {processor.py:829} INFO - Processing file /Volumes/Personal Drive/GitHub/gdpr-ccpa-risk-pipeline/venv/lib/python3.11/site-packages/airflow/example_dags/example_trigger_target_dag.py for tasks to queue
[2025-07-16T01:46:42.537-0700] {logging_mixin.py:151} INFO - [2025-07-16T01:46:42.537-0700] {dagbag.py:539} INFO - Filling up the DagBag from /Volumes/Personal Drive/GitHub/gdpr-ccpa-risk-pipeline/venv/lib/python3.11/site-packages/airflow/example_dags/example_trigger_target_dag.py
[2025-07-16T01:46:42.672-0700] {processor.py:839} INFO - DAG(s) dict_keys(['example_trigger_target_dag']) retrieved from /Volumes/Personal Drive/GitHub/gdpr-ccpa-risk-pipeline/venv/lib/python3.11/site-packages/airflow/example_dags/example_trigger_target_dag.py
[2025-07-16T01:46:42.942-0700] {logging_mixin.py:151} INFO - [2025-07-16T01:46:42.940-0700] {dag.py:2915} INFO - Sync 1 DAGs
[2025-07-16T01:46:42.960-0700] {logging_mixin.py:151} INFO - [2025-07-16T01:46:42.960-0700] {dag.py:3696} INFO - Setting next_dagrun for example_trigger_target_dag to None, run_after=None
[2025-07-16T01:46:42.988-0700] {processor.py:179} INFO - Processing /Volumes/Personal Drive/GitHub/gdpr-ccpa-risk-pipeline/venv/lib/python3.11/site-packages/airflow/example_dags/example_trigger_target_dag.py took 0.454 seconds
[2025-07-16T01:49:26.542-0700] {processor.py:157} INFO - Started process (PID=84900) to work on /Volumes/Personal Drive/GitHub/gdpr-ccpa-risk-pipeline/venv/lib/python3.11/site-packages/airflow/example_dags/example_trigger_target_dag.py
[2025-07-16T01:49:26.554-0700] {processor.py:829} INFO - Processing file /Volumes/Personal Drive/GitHub/gdpr-ccpa-risk-pipeline/venv/lib/python3.11/site-packages/airflow/example_dags/example_trigger_target_dag.py for tasks to queue
[2025-07-16T01:49:26.556-0700] {logging_mixin.py:151} INFO - [2025-07-16T01:49:26.556-0700] {dagbag.py:539} INFO - Filling up the DagBag from /Volumes/Personal Drive/GitHub/gdpr-ccpa-risk-pipeline/venv/lib/python3.11/site-packages/airflow/example_dags/example_trigger_target_dag.py
[2025-07-16T01:49:26.620-0700] {processor.py:839} INFO - DAG(s) dict_keys(['example_trigger_target_dag']) retrieved from /Volumes/Personal Drive/GitHub/gdpr-ccpa-risk-pipeline/venv/lib/python3.11/site-packages/airflow/example_dags/example_trigger_target_dag.py
[2025-07-16T01:49:26.833-0700] {logging_mixin.py:151} INFO - [2025-07-16T01:49:26.833-0700] {dag.py:2915} INFO - Sync 1 DAGs
[2025-07-16T01:49:26.844-0700] {logging_mixin.py:151} INFO - [2025-07-16T01:49:26.843-0700] {dag.py:3696} INFO - Setting next_dagrun for example_trigger_target_dag to None, run_after=None
[2025-07-16T01:49:26.860-0700] {processor.py:179} INFO - Processing /Volumes/Personal Drive/GitHub/gdpr-ccpa-risk-pipeline/venv/lib/python3.11/site-packages/airflow/example_dags/example_trigger_target_dag.py took 0.319 seconds
[2025-07-16T01:51:27.455-0700] {processor.py:157} INFO - Started process (PID=84996) to work on /Volumes/Personal Drive/GitHub/gdpr-ccpa-risk-pipeline/venv/lib/python3.11/site-packages/airflow/example_dags/example_trigger_target_dag.py
[2025-07-16T01:51:27.456-0700] {processor.py:829} INFO - Processing file /Volumes/Personal Drive/GitHub/gdpr-ccpa-risk-pipeline/venv/lib/python3.11/site-packages/airflow/example_dags/example_trigger_target_dag.py for tasks to queue
[2025-07-16T01:51:27.456-0700] {logging_mixin.py:151} INFO - [2025-07-16T01:51:27.456-0700] {dagbag.py:539} INFO - Filling up the DagBag from /Volumes/Personal Drive/GitHub/gdpr-ccpa-risk-pipeline/venv/lib/python3.11/site-packages/airflow/example_dags/example_trigger_target_dag.py
[2025-07-16T01:51:27.523-0700] {processor.py:839} INFO - DAG(s) dict_keys(['example_trigger_target_dag']) retrieved from /Volumes/Personal Drive/GitHub/gdpr-ccpa-risk-pipeline/venv/lib/python3.11/site-packages/airflow/example_dags/example_trigger_target_dag.py
[2025-07-16T01:51:27.758-0700] {logging_mixin.py:151} INFO - [2025-07-16T01:51:27.758-0700] {dag.py:2915} INFO - Sync 1 DAGs
[2025-07-16T01:51:27.775-0700] {logging_mixin.py:151} INFO - [2025-07-16T01:51:27.771-0700] {dag.py:3696} INFO - Setting next_dagrun for example_trigger_target_dag to None, run_after=None
[2025-07-16T01:51:27.844-0700] {processor.py:179} INFO - Processing /Volumes/Personal Drive/GitHub/gdpr-ccpa-risk-pipeline/venv/lib/python3.11/site-packages/airflow/example_dags/example_trigger_target_dag.py took 0.392 seconds
[2025-07-16T01:53:30.948-0700] {processor.py:157} INFO - Started process (PID=85085) to work on /Volumes/Personal Drive/GitHub/gdpr-ccpa-risk-pipeline/venv/lib/python3.11/site-packages/airflow/example_dags/example_trigger_target_dag.py
[2025-07-16T01:53:30.948-0700] {processor.py:829} INFO - Processing file /Volumes/Personal Drive/GitHub/gdpr-ccpa-risk-pipeline/venv/lib/python3.11/site-packages/airflow/example_dags/example_trigger_target_dag.py for tasks to queue
[2025-07-16T01:53:30.952-0700] {logging_mixin.py:151} INFO - [2025-07-16T01:53:30.952-0700] {dagbag.py:539} INFO - Filling up the DagBag from /Volumes/Personal Drive/GitHub/gdpr-ccpa-risk-pipeline/venv/lib/python3.11/site-packages/airflow/example_dags/example_trigger_target_dag.py
[2025-07-16T01:53:31.127-0700] {processor.py:839} INFO - DAG(s) dict_keys(['example_trigger_target_dag']) retrieved from /Volumes/Personal Drive/GitHub/gdpr-ccpa-risk-pipeline/venv/lib/python3.11/site-packages/airflow/example_dags/example_trigger_target_dag.py
[2025-07-16T01:53:31.309-0700] {logging_mixin.py:151} INFO - [2025-07-16T01:53:31.309-0700] {dag.py:2915} INFO - Sync 1 DAGs
[2025-07-16T01:53:31.320-0700] {logging_mixin.py:151} INFO - [2025-07-16T01:53:31.320-0700] {dag.py:3696} INFO - Setting next_dagrun for example_trigger_target_dag to None, run_after=None
[2025-07-16T01:53:31.335-0700] {processor.py:179} INFO - Processing /Volumes/Personal Drive/GitHub/gdpr-ccpa-risk-pipeline/venv/lib/python3.11/site-packages/airflow/example_dags/example_trigger_target_dag.py took 0.388 seconds
[2025-07-16T01:55:34.126-0700] {processor.py:157} INFO - Started process (PID=85195) to work on /Volumes/Personal Drive/GitHub/gdpr-ccpa-risk-pipeline/venv/lib/python3.11/site-packages/airflow/example_dags/example_trigger_target_dag.py
[2025-07-16T01:55:34.137-0700] {processor.py:829} INFO - Processing file /Volumes/Personal Drive/GitHub/gdpr-ccpa-risk-pipeline/venv/lib/python3.11/site-packages/airflow/example_dags/example_trigger_target_dag.py for tasks to queue
[2025-07-16T01:55:34.138-0700] {logging_mixin.py:151} INFO - [2025-07-16T01:55:34.138-0700] {dagbag.py:539} INFO - Filling up the DagBag from /Volumes/Personal Drive/GitHub/gdpr-ccpa-risk-pipeline/venv/lib/python3.11/site-packages/airflow/example_dags/example_trigger_target_dag.py
[2025-07-16T01:55:34.204-0700] {processor.py:839} INFO - DAG(s) dict_keys(['example_trigger_target_dag']) retrieved from /Volumes/Personal Drive/GitHub/gdpr-ccpa-risk-pipeline/venv/lib/python3.11/site-packages/airflow/example_dags/example_trigger_target_dag.py
[2025-07-16T01:55:34.378-0700] {logging_mixin.py:151} INFO - [2025-07-16T01:55:34.377-0700] {dag.py:2915} INFO - Sync 1 DAGs
[2025-07-16T01:55:34.388-0700] {logging_mixin.py:151} INFO - [2025-07-16T01:55:34.388-0700] {dag.py:3696} INFO - Setting next_dagrun for example_trigger_target_dag to None, run_after=None
[2025-07-16T01:55:34.410-0700] {processor.py:179} INFO - Processing /Volumes/Personal Drive/GitHub/gdpr-ccpa-risk-pipeline/venv/lib/python3.11/site-packages/airflow/example_dags/example_trigger_target_dag.py took 0.288 seconds
[2025-07-16T01:58:04.230-0700] {processor.py:157} INFO - Started process (PID=85311) to work on /Volumes/Personal Drive/GitHub/gdpr-ccpa-risk-pipeline/venv/lib/python3.11/site-packages/airflow/example_dags/example_trigger_target_dag.py
[2025-07-16T01:58:04.239-0700] {processor.py:829} INFO - Processing file /Volumes/Personal Drive/GitHub/gdpr-ccpa-risk-pipeline/venv/lib/python3.11/site-packages/airflow/example_dags/example_trigger_target_dag.py for tasks to queue
[2025-07-16T01:58:04.240-0700] {logging_mixin.py:151} INFO - [2025-07-16T01:58:04.240-0700] {dagbag.py:539} INFO - Filling up the DagBag from /Volumes/Personal Drive/GitHub/gdpr-ccpa-risk-pipeline/venv/lib/python3.11/site-packages/airflow/example_dags/example_trigger_target_dag.py
[2025-07-16T01:58:04.326-0700] {processor.py:839} INFO - DAG(s) dict_keys(['example_trigger_target_dag']) retrieved from /Volumes/Personal Drive/GitHub/gdpr-ccpa-risk-pipeline/venv/lib/python3.11/site-packages/airflow/example_dags/example_trigger_target_dag.py
[2025-07-16T01:58:04.555-0700] {logging_mixin.py:151} INFO - [2025-07-16T01:58:04.555-0700] {dag.py:2915} INFO - Sync 1 DAGs
[2025-07-16T01:58:04.566-0700] {logging_mixin.py:151} INFO - [2025-07-16T01:58:04.566-0700] {dag.py:3696} INFO - Setting next_dagrun for example_trigger_target_dag to None, run_after=None
[2025-07-16T01:58:04.589-0700] {processor.py:179} INFO - Processing /Volumes/Personal Drive/GitHub/gdpr-ccpa-risk-pipeline/venv/lib/python3.11/site-packages/airflow/example_dags/example_trigger_target_dag.py took 0.360 seconds
[2025-07-16T02:01:04.821-0700] {processor.py:157} INFO - Started process (PID=85454) to work on /Volumes/Personal Drive/GitHub/gdpr-ccpa-risk-pipeline/venv/lib/python3.11/site-packages/airflow/example_dags/example_trigger_target_dag.py
[2025-07-16T02:01:04.829-0700] {processor.py:829} INFO - Processing file /Volumes/Personal Drive/GitHub/gdpr-ccpa-risk-pipeline/venv/lib/python3.11/site-packages/airflow/example_dags/example_trigger_target_dag.py for tasks to queue
[2025-07-16T02:01:04.830-0700] {logging_mixin.py:151} INFO - [2025-07-16T02:01:04.829-0700] {dagbag.py:539} INFO - Filling up the DagBag from /Volumes/Personal Drive/GitHub/gdpr-ccpa-risk-pipeline/venv/lib/python3.11/site-packages/airflow/example_dags/example_trigger_target_dag.py
[2025-07-16T02:01:04.893-0700] {processor.py:839} INFO - DAG(s) dict_keys(['example_trigger_target_dag']) retrieved from /Volumes/Personal Drive/GitHub/gdpr-ccpa-risk-pipeline/venv/lib/python3.11/site-packages/airflow/example_dags/example_trigger_target_dag.py
[2025-07-16T02:01:05.062-0700] {logging_mixin.py:151} INFO - [2025-07-16T02:01:05.062-0700] {dag.py:2915} INFO - Sync 1 DAGs
[2025-07-16T02:01:05.081-0700] {logging_mixin.py:151} INFO - [2025-07-16T02:01:05.081-0700] {dag.py:3696} INFO - Setting next_dagrun for example_trigger_target_dag to None, run_after=None
[2025-07-16T02:01:05.134-0700] {processor.py:179} INFO - Processing /Volumes/Personal Drive/GitHub/gdpr-ccpa-risk-pipeline/venv/lib/python3.11/site-packages/airflow/example_dags/example_trigger_target_dag.py took 0.317 seconds
