[2025-07-16T01:48:33.487-0700] {processor.py:157} INFO - Started process (PID=84861) to work on /Volumes/Personal Drive/GitHub/gdpr-ccpa-risk-pipeline/venv/lib/python3.11/site-packages/airflow/example_dags/example_branch_python_dop_operator_3.py
[2025-07-16T01:48:33.488-0700] {processor.py:829} INFO - Processing file /Volumes/Personal Drive/GitHub/gdpr-ccpa-risk-pipeline/venv/lib/python3.11/site-packages/airflow/example_dags/example_branch_python_dop_operator_3.py for tasks to queue
[2025-07-16T01:48:33.489-0700] {logging_mixin.py:151} INFO - [2025-07-16T01:48:33.489-0700] {dagbag.py:539} INFO - Filling up the DagBag from /Volumes/Personal Drive/GitHub/gdpr-ccpa-risk-pipeline/venv/lib/python3.11/site-packages/airflow/example_dags/example_branch_python_dop_operator_3.py
[2025-07-16T01:48:33.572-0700] {processor.py:839} INFO - DAG(s) dict_keys(['example_branch_dop_operator_v3']) retrieved from /Volumes/Personal Drive/GitHub/gdpr-ccpa-risk-pipeline/venv/lib/python3.11/site-packages/airflow/example_dags/example_branch_python_dop_operator_3.py
[2025-07-16T01:48:33.757-0700] {logging_mixin.py:151} INFO - [2025-07-16T01:48:33.757-0700] {dag.py:2915} INFO - Sync 1 DAGs
[2025-07-16T01:48:33.810-0700] {logging_mixin.py:151} INFO - [2025-07-16T01:48:33.810-0700] {dag.py:3696} INFO - Setting next_dagrun for example_branch_dop_operator_v3 to 2025-07-16T08:47:00+00:00, run_after=2025-07-16T08:48:00+00:00
[2025-07-16T01:48:33.834-0700] {processor.py:179} INFO - Processing /Volumes/Personal Drive/GitHub/gdpr-ccpa-risk-pipeline/venv/lib/python3.11/site-packages/airflow/example_dags/example_branch_python_dop_operator_3.py took 0.357 seconds
[2025-07-16T01:52:36.068-0700] {processor.py:157} INFO - Started process (PID=85043) to work on /Volumes/Personal Drive/GitHub/gdpr-ccpa-risk-pipeline/venv/lib/python3.11/site-packages/airflow/example_dags/example_branch_python_dop_operator_3.py
[2025-07-16T01:52:36.068-0700] {processor.py:829} INFO - Processing file /Volumes/Personal Drive/GitHub/gdpr-ccpa-risk-pipeline/venv/lib/python3.11/site-packages/airflow/example_dags/example_branch_python_dop_operator_3.py for tasks to queue
[2025-07-16T01:52:36.069-0700] {logging_mixin.py:151} INFO - [2025-07-16T01:52:36.069-0700] {dagbag.py:539} INFO - Filling up the DagBag from /Volumes/Personal Drive/GitHub/gdpr-ccpa-risk-pipeline/venv/lib/python3.11/site-packages/airflow/example_dags/example_branch_python_dop_operator_3.py
[2025-07-16T01:52:36.126-0700] {processor.py:839} INFO - DAG(s) dict_keys(['example_branch_dop_operator_v3']) retrieved from /Volumes/Personal Drive/GitHub/gdpr-ccpa-risk-pipeline/venv/lib/python3.11/site-packages/airflow/example_dags/example_branch_python_dop_operator_3.py
[2025-07-16T01:52:36.303-0700] {logging_mixin.py:151} INFO - [2025-07-16T01:52:36.303-0700] {dag.py:2915} INFO - Sync 1 DAGs
[2025-07-16T01:52:36.326-0700] {logging_mixin.py:151} INFO - [2025-07-16T01:52:36.326-0700] {dag.py:3696} INFO - Setting next_dagrun for example_branch_dop_operator_v3 to 2025-07-16T08:51:00+00:00, run_after=2025-07-16T08:52:00+00:00
[2025-07-16T01:52:36.352-0700] {processor.py:179} INFO - Processing /Volumes/Personal Drive/GitHub/gdpr-ccpa-risk-pipeline/venv/lib/python3.11/site-packages/airflow/example_dags/example_branch_python_dop_operator_3.py took 0.297 seconds
[2025-07-16T01:56:53.561-0700] {processor.py:157} INFO - Started process (PID=85257) to work on /Volumes/Personal Drive/GitHub/gdpr-ccpa-risk-pipeline/venv/lib/python3.11/site-packages/airflow/example_dags/example_branch_python_dop_operator_3.py
[2025-07-16T01:56:53.562-0700] {processor.py:829} INFO - Processing file /Volumes/Personal Drive/GitHub/gdpr-ccpa-risk-pipeline/venv/lib/python3.11/site-packages/airflow/example_dags/example_branch_python_dop_operator_3.py for tasks to queue
[2025-07-16T01:56:53.580-0700] {logging_mixin.py:151} INFO - [2025-07-16T01:56:53.580-0700] {dagbag.py:539} INFO - Filling up the DagBag from /Volumes/Personal Drive/GitHub/gdpr-ccpa-risk-pipeline/venv/lib/python3.11/site-packages/airflow/example_dags/example_branch_python_dop_operator_3.py
[2025-07-16T01:56:53.952-0700] {processor.py:839} INFO - DAG(s) dict_keys(['example_branch_dop_operator_v3']) retrieved from /Volumes/Personal Drive/GitHub/gdpr-ccpa-risk-pipeline/venv/lib/python3.11/site-packages/airflow/example_dags/example_branch_python_dop_operator_3.py
[2025-07-16T01:56:54.156-0700] {logging_mixin.py:151} INFO - [2025-07-16T01:56:54.155-0700] {dag.py:2915} INFO - Sync 1 DAGs
[2025-07-16T01:56:54.181-0700] {logging_mixin.py:151} INFO - [2025-07-16T01:56:54.180-0700] {dag.py:3696} INFO - Setting next_dagrun for example_branch_dop_operator_v3 to 2025-07-16T08:55:00+00:00, run_after=2025-07-16T08:56:00+00:00
[2025-07-16T01:56:54.202-0700] {processor.py:179} INFO - Processing /Volumes/Personal Drive/GitHub/gdpr-ccpa-risk-pipeline/venv/lib/python3.11/site-packages/airflow/example_dags/example_branch_python_dop_operator_3.py took 0.642 seconds
[2025-07-16T02:02:19.775-0700] {processor.py:157} INFO - Started process (PID=85515) to work on /Volumes/Personal Drive/GitHub/gdpr-ccpa-risk-pipeline/venv/lib/python3.11/site-packages/airflow/example_dags/example_branch_python_dop_operator_3.py
[2025-07-16T02:02:19.791-0700] {processor.py:829} INFO - Processing file /Volumes/Personal Drive/GitHub/gdpr-ccpa-risk-pipeline/venv/lib/python3.11/site-packages/airflow/example_dags/example_branch_python_dop_operator_3.py for tasks to queue
[2025-07-16T02:02:19.792-0700] {logging_mixin.py:151} INFO - [2025-07-16T02:02:19.792-0700] {dagbag.py:539} INFO - Filling up the DagBag from /Volumes/Personal Drive/GitHub/gdpr-ccpa-risk-pipeline/venv/lib/python3.11/site-packages/airflow/example_dags/example_branch_python_dop_operator_3.py
[2025-07-16T02:02:19.863-0700] {processor.py:839} INFO - DAG(s) dict_keys(['example_branch_dop_operator_v3']) retrieved from /Volumes/Personal Drive/GitHub/gdpr-ccpa-risk-pipeline/venv/lib/python3.11/site-packages/airflow/example_dags/example_branch_python_dop_operator_3.py
[2025-07-16T02:02:20.114-0700] {logging_mixin.py:151} INFO - [2025-07-16T02:02:20.114-0700] {dag.py:2915} INFO - Sync 1 DAGs
[2025-07-16T02:02:20.148-0700] {logging_mixin.py:151} INFO - [2025-07-16T02:02:20.148-0700] {dag.py:3696} INFO - Setting next_dagrun for example_branch_dop_operator_v3 to 2025-07-16T09:01:00+00:00, run_after=2025-07-16T09:02:00+00:00
[2025-07-16T02:02:20.174-0700] {processor.py:179} INFO - Processing /Volumes/Personal Drive/GitHub/gdpr-ccpa-risk-pipeline/venv/lib/python3.11/site-packages/airflow/example_dags/example_branch_python_dop_operator_3.py took 0.400 seconds
