[2025-07-16T01:48:15.150-0700] {processor.py:157} INFO - Started process (PID=84849) to work on /Volumes/Personal Drive/GitHub/gdpr-ccpa-risk-pipeline/venv/lib/python3.11/site-packages/airflow/example_dags/example_dynamic_task_mapping_with_no_taskflow_operators.py
[2025-07-16T01:48:15.151-0700] {processor.py:829} INFO - Processing file /Volumes/Personal Drive/GitHub/gdpr-ccpa-risk-pipeline/venv/lib/python3.11/site-packages/airflow/example_dags/example_dynamic_task_mapping_with_no_taskflow_operators.py for tasks to queue
[2025-07-16T01:48:15.153-0700] {logging_mixin.py:151} INFO - [2025-07-16T01:48:15.153-0700] {dagbag.py:539} INFO - Filling up the DagBag from /Volumes/Personal Drive/GitHub/gdpr-ccpa-risk-pipeline/venv/lib/python3.11/site-packages/airflow/example_dags/example_dynamic_task_mapping_with_no_taskflow_operators.py
[2025-07-16T01:48:15.237-0700] {processor.py:839} INFO - DAG(s) dict_keys(['example_dynamic_task_mapping_with_no_taskflow_operators']) retrieved from /Volumes/Personal Drive/GitHub/gdpr-ccpa-risk-pipeline/venv/lib/python3.11/site-packages/airflow/example_dags/example_dynamic_task_mapping_with_no_taskflow_operators.py
[2025-07-16T01:48:15.418-0700] {logging_mixin.py:151} INFO - [2025-07-16T01:48:15.418-0700] {dag.py:2915} INFO - Sync 1 DAGs
[2025-07-16T01:48:15.436-0700] {logging_mixin.py:151} INFO - [2025-07-16T01:48:15.436-0700] {dag.py:3696} INFO - Setting next_dagrun for example_dynamic_task_mapping_with_no_taskflow_operators to 2025-07-15T08:48:15.435931+00:00, run_after=2025-07-16T08:48:15.435931+00:00
[2025-07-16T01:48:15.452-0700] {processor.py:179} INFO - Processing /Volumes/Personal Drive/GitHub/gdpr-ccpa-risk-pipeline/venv/lib/python3.11/site-packages/airflow/example_dags/example_dynamic_task_mapping_with_no_taskflow_operators.py took 0.305 seconds
[2025-07-16T01:50:38.087-0700] {processor.py:157} INFO - Started process (PID=84960) to work on /Volumes/Personal Drive/GitHub/gdpr-ccpa-risk-pipeline/venv/lib/python3.11/site-packages/airflow/example_dags/example_dynamic_task_mapping_with_no_taskflow_operators.py
[2025-07-16T01:50:38.088-0700] {processor.py:829} INFO - Processing file /Volumes/Personal Drive/GitHub/gdpr-ccpa-risk-pipeline/venv/lib/python3.11/site-packages/airflow/example_dags/example_dynamic_task_mapping_with_no_taskflow_operators.py for tasks to queue
[2025-07-16T01:50:38.091-0700] {logging_mixin.py:151} INFO - [2025-07-16T01:50:38.091-0700] {dagbag.py:539} INFO - Filling up the DagBag from /Volumes/Personal Drive/GitHub/gdpr-ccpa-risk-pipeline/venv/lib/python3.11/site-packages/airflow/example_dags/example_dynamic_task_mapping_with_no_taskflow_operators.py
[2025-07-16T01:50:38.121-0700] {processor.py:839} INFO - DAG(s) dict_keys(['example_dynamic_task_mapping_with_no_taskflow_operators']) retrieved from /Volumes/Personal Drive/GitHub/gdpr-ccpa-risk-pipeline/venv/lib/python3.11/site-packages/airflow/example_dags/example_dynamic_task_mapping_with_no_taskflow_operators.py
[2025-07-16T01:50:38.333-0700] {logging_mixin.py:151} INFO - [2025-07-16T01:50:38.333-0700] {dag.py:2915} INFO - Sync 1 DAGs
[2025-07-16T01:50:38.349-0700] {logging_mixin.py:151} INFO - [2025-07-16T01:50:38.349-0700] {dag.py:3696} INFO - Setting next_dagrun for example_dynamic_task_mapping_with_no_taskflow_operators to 2025-07-15T08:50:38.349017+00:00, run_after=2025-07-16T08:50:38.349017+00:00
[2025-07-16T01:50:38.369-0700] {processor.py:179} INFO - Processing /Volumes/Personal Drive/GitHub/gdpr-ccpa-risk-pipeline/venv/lib/python3.11/site-packages/airflow/example_dags/example_dynamic_task_mapping_with_no_taskflow_operators.py took 0.286 seconds
[2025-07-16T01:54:46.459-0700] {processor.py:157} INFO - Started process (PID=85158) to work on /Volumes/Personal Drive/GitHub/gdpr-ccpa-risk-pipeline/venv/lib/python3.11/site-packages/airflow/example_dags/example_dynamic_task_mapping_with_no_taskflow_operators.py
[2025-07-16T01:54:46.466-0700] {processor.py:829} INFO - Processing file /Volumes/Personal Drive/GitHub/gdpr-ccpa-risk-pipeline/venv/lib/python3.11/site-packages/airflow/example_dags/example_dynamic_task_mapping_with_no_taskflow_operators.py for tasks to queue
[2025-07-16T01:54:46.467-0700] {logging_mixin.py:151} INFO - [2025-07-16T01:54:46.467-0700] {dagbag.py:539} INFO - Filling up the DagBag from /Volumes/Personal Drive/GitHub/gdpr-ccpa-risk-pipeline/venv/lib/python3.11/site-packages/airflow/example_dags/example_dynamic_task_mapping_with_no_taskflow_operators.py
[2025-07-16T01:54:46.502-0700] {processor.py:839} INFO - DAG(s) dict_keys(['example_dynamic_task_mapping_with_no_taskflow_operators']) retrieved from /Volumes/Personal Drive/GitHub/gdpr-ccpa-risk-pipeline/venv/lib/python3.11/site-packages/airflow/example_dags/example_dynamic_task_mapping_with_no_taskflow_operators.py
[2025-07-16T01:54:46.675-0700] {logging_mixin.py:151} INFO - [2025-07-16T01:54:46.675-0700] {dag.py:2915} INFO - Sync 1 DAGs
[2025-07-16T01:54:46.712-0700] {logging_mixin.py:151} INFO - [2025-07-16T01:54:46.712-0700] {dag.py:3696} INFO - Setting next_dagrun for example_dynamic_task_mapping_with_no_taskflow_operators to 2025-07-15T08:54:46.712210+00:00, run_after=2025-07-16T08:54:46.712210+00:00
[2025-07-16T01:54:46.733-0700] {processor.py:179} INFO - Processing /Volumes/Personal Drive/GitHub/gdpr-ccpa-risk-pipeline/venv/lib/python3.11/site-packages/airflow/example_dags/example_dynamic_task_mapping_with_no_taskflow_operators.py took 0.275 seconds
[2025-07-16T01:59:55.538-0700] {processor.py:157} INFO - Started process (PID=85395) to work on /Volumes/Personal Drive/GitHub/gdpr-ccpa-risk-pipeline/venv/lib/python3.11/site-packages/airflow/example_dags/example_dynamic_task_mapping_with_no_taskflow_operators.py
[2025-07-16T01:59:55.542-0700] {processor.py:829} INFO - Processing file /Volumes/Personal Drive/GitHub/gdpr-ccpa-risk-pipeline/venv/lib/python3.11/site-packages/airflow/example_dags/example_dynamic_task_mapping_with_no_taskflow_operators.py for tasks to queue
[2025-07-16T01:59:55.542-0700] {logging_mixin.py:151} INFO - [2025-07-16T01:59:55.542-0700] {dagbag.py:539} INFO - Filling up the DagBag from /Volumes/Personal Drive/GitHub/gdpr-ccpa-risk-pipeline/venv/lib/python3.11/site-packages/airflow/example_dags/example_dynamic_task_mapping_with_no_taskflow_operators.py
[2025-07-16T01:59:55.666-0700] {processor.py:839} INFO - DAG(s) dict_keys(['example_dynamic_task_mapping_with_no_taskflow_operators']) retrieved from /Volumes/Personal Drive/GitHub/gdpr-ccpa-risk-pipeline/venv/lib/python3.11/site-packages/airflow/example_dags/example_dynamic_task_mapping_with_no_taskflow_operators.py
[2025-07-16T01:59:56.015-0700] {logging_mixin.py:151} INFO - [2025-07-16T01:59:56.015-0700] {dag.py:2915} INFO - Sync 1 DAGs
[2025-07-16T01:59:56.038-0700] {logging_mixin.py:151} INFO - [2025-07-16T01:59:56.038-0700] {dag.py:3696} INFO - Setting next_dagrun for example_dynamic_task_mapping_with_no_taskflow_operators to 2025-07-15T08:59:56.038696+00:00, run_after=2025-07-16T08:59:56.038696+00:00
[2025-07-16T01:59:56.068-0700] {processor.py:179} INFO - Processing /Volumes/Personal Drive/GitHub/gdpr-ccpa-risk-pipeline/venv/lib/python3.11/site-packages/airflow/example_dags/example_dynamic_task_mapping_with_no_taskflow_operators.py took 0.552 seconds
