[2025-07-16T01:47:33.151-0700] {processor.py:157} INFO - Started process (PID=84812) to work on /Volumes/Personal Drive/GitHub/gdpr-ccpa-risk-pipeline/venv/lib/python3.11/site-packages/airflow/example_dags/example_python_operator.py
[2025-07-16T01:47:33.153-0700] {processor.py:829} INFO - Processing file /Volumes/Personal Drive/GitHub/gdpr-ccpa-risk-pipeline/venv/lib/python3.11/site-packages/airflow/example_dags/example_python_operator.py for tasks to queue
[2025-07-16T01:47:33.154-0700] {logging_mixin.py:151} INFO - [2025-07-16T01:47:33.154-0700] {dagbag.py:539} INFO - Filling up the DagBag from /Volumes/Personal Drive/GitHub/gdpr-ccpa-risk-pipeline/venv/lib/python3.11/site-packages/airflow/example_dags/example_python_operator.py
[2025-07-16T01:47:33.224-0700] {logging_mixin.py:151} INFO - [2025-07-16T01:47:33.224-0700] {example_python_operator.py:89} WARNING - The virtalenv_python example task requires virtualenv, please install it.
[2025-07-16T01:47:33.232-0700] {processor.py:839} INFO - DAG(s) dict_keys(['example_python_operator']) retrieved from /Volumes/Personal Drive/GitHub/gdpr-ccpa-risk-pipeline/venv/lib/python3.11/site-packages/airflow/example_dags/example_python_operator.py
[2025-07-16T01:47:33.642-0700] {logging_mixin.py:151} INFO - [2025-07-16T01:47:33.642-0700] {dag.py:2915} INFO - Sync 1 DAGs
[2025-07-16T01:47:33.653-0700] {logging_mixin.py:151} INFO - [2025-07-16T01:47:33.653-0700] {dag.py:3696} INFO - Setting next_dagrun for example_python_operator to None, run_after=None
[2025-07-16T01:47:33.668-0700] {processor.py:179} INFO - Processing /Volumes/Personal Drive/GitHub/gdpr-ccpa-risk-pipeline/venv/lib/python3.11/site-packages/airflow/example_dags/example_python_operator.py took 0.518 seconds
[2025-07-16T01:50:08.693-0700] {processor.py:157} INFO - Started process (PID=84936) to work on /Volumes/Personal Drive/GitHub/gdpr-ccpa-risk-pipeline/venv/lib/python3.11/site-packages/airflow/example_dags/example_python_operator.py
[2025-07-16T01:50:08.711-0700] {processor.py:829} INFO - Processing file /Volumes/Personal Drive/GitHub/gdpr-ccpa-risk-pipeline/venv/lib/python3.11/site-packages/airflow/example_dags/example_python_operator.py for tasks to queue
[2025-07-16T01:50:08.712-0700] {logging_mixin.py:151} INFO - [2025-07-16T01:50:08.712-0700] {dagbag.py:539} INFO - Filling up the DagBag from /Volumes/Personal Drive/GitHub/gdpr-ccpa-risk-pipeline/venv/lib/python3.11/site-packages/airflow/example_dags/example_python_operator.py
[2025-07-16T01:50:08.774-0700] {logging_mixin.py:151} INFO - [2025-07-16T01:50:08.774-0700] {example_python_operator.py:89} WARNING - The virtalenv_python example task requires virtualenv, please install it.
[2025-07-16T01:50:08.782-0700] {processor.py:839} INFO - DAG(s) dict_keys(['example_python_operator']) retrieved from /Volumes/Personal Drive/GitHub/gdpr-ccpa-risk-pipeline/venv/lib/python3.11/site-packages/airflow/example_dags/example_python_operator.py
[2025-07-16T01:50:08.965-0700] {logging_mixin.py:151} INFO - [2025-07-16T01:50:08.965-0700] {dag.py:2915} INFO - Sync 1 DAGs
[2025-07-16T01:50:08.974-0700] {logging_mixin.py:151} INFO - [2025-07-16T01:50:08.974-0700] {dag.py:3696} INFO - Setting next_dagrun for example_python_operator to None, run_after=None
[2025-07-16T01:50:08.994-0700] {processor.py:179} INFO - Processing /Volumes/Personal Drive/GitHub/gdpr-ccpa-risk-pipeline/venv/lib/python3.11/site-packages/airflow/example_dags/example_python_operator.py took 0.302 seconds
[2025-07-16T01:52:15.360-0700] {processor.py:157} INFO - Started process (PID=85031) to work on /Volumes/Personal Drive/GitHub/gdpr-ccpa-risk-pipeline/venv/lib/python3.11/site-packages/airflow/example_dags/example_python_operator.py
[2025-07-16T01:52:15.361-0700] {processor.py:829} INFO - Processing file /Volumes/Personal Drive/GitHub/gdpr-ccpa-risk-pipeline/venv/lib/python3.11/site-packages/airflow/example_dags/example_python_operator.py for tasks to queue
[2025-07-16T01:52:15.364-0700] {logging_mixin.py:151} INFO - [2025-07-16T01:52:15.363-0700] {dagbag.py:539} INFO - Filling up the DagBag from /Volumes/Personal Drive/GitHub/gdpr-ccpa-risk-pipeline/venv/lib/python3.11/site-packages/airflow/example_dags/example_python_operator.py
[2025-07-16T01:52:15.461-0700] {logging_mixin.py:151} INFO - [2025-07-16T01:52:15.461-0700] {example_python_operator.py:89} WARNING - The virtalenv_python example task requires virtualenv, please install it.
[2025-07-16T01:52:15.474-0700] {processor.py:839} INFO - DAG(s) dict_keys(['example_python_operator']) retrieved from /Volumes/Personal Drive/GitHub/gdpr-ccpa-risk-pipeline/venv/lib/python3.11/site-packages/airflow/example_dags/example_python_operator.py
[2025-07-16T01:52:15.761-0700] {logging_mixin.py:151} INFO - [2025-07-16T01:52:15.760-0700] {dag.py:2915} INFO - Sync 1 DAGs
[2025-07-16T01:52:15.775-0700] {logging_mixin.py:151} INFO - [2025-07-16T01:52:15.774-0700] {dag.py:3696} INFO - Setting next_dagrun for example_python_operator to None, run_after=None
[2025-07-16T01:52:15.806-0700] {processor.py:179} INFO - Processing /Volumes/Personal Drive/GitHub/gdpr-ccpa-risk-pipeline/venv/lib/python3.11/site-packages/airflow/example_dags/example_python_operator.py took 0.457 seconds
[2025-07-16T01:54:14.743-0700] {processor.py:157} INFO - Started process (PID=85124) to work on /Volumes/Personal Drive/GitHub/gdpr-ccpa-risk-pipeline/venv/lib/python3.11/site-packages/airflow/example_dags/example_python_operator.py
[2025-07-16T01:54:14.745-0700] {processor.py:829} INFO - Processing file /Volumes/Personal Drive/GitHub/gdpr-ccpa-risk-pipeline/venv/lib/python3.11/site-packages/airflow/example_dags/example_python_operator.py for tasks to queue
[2025-07-16T01:54:14.748-0700] {logging_mixin.py:151} INFO - [2025-07-16T01:54:14.748-0700] {dagbag.py:539} INFO - Filling up the DagBag from /Volumes/Personal Drive/GitHub/gdpr-ccpa-risk-pipeline/venv/lib/python3.11/site-packages/airflow/example_dags/example_python_operator.py
[2025-07-16T01:54:14.847-0700] {logging_mixin.py:151} INFO - [2025-07-16T01:54:14.847-0700] {example_python_operator.py:89} WARNING - The virtalenv_python example task requires virtualenv, please install it.
[2025-07-16T01:54:14.856-0700] {processor.py:839} INFO - DAG(s) dict_keys(['example_python_operator']) retrieved from /Volumes/Personal Drive/GitHub/gdpr-ccpa-risk-pipeline/venv/lib/python3.11/site-packages/airflow/example_dags/example_python_operator.py
[2025-07-16T01:54:15.086-0700] {logging_mixin.py:151} INFO - [2025-07-16T01:54:15.086-0700] {dag.py:2915} INFO - Sync 1 DAGs
[2025-07-16T01:54:15.101-0700] {logging_mixin.py:151} INFO - [2025-07-16T01:54:15.101-0700] {dag.py:3696} INFO - Setting next_dagrun for example_python_operator to None, run_after=None
[2025-07-16T01:54:15.155-0700] {processor.py:179} INFO - Processing /Volumes/Personal Drive/GitHub/gdpr-ccpa-risk-pipeline/venv/lib/python3.11/site-packages/airflow/example_dags/example_python_operator.py took 0.413 seconds
[2025-07-16T01:56:34.035-0700] {processor.py:157} INFO - Started process (PID=85243) to work on /Volumes/Personal Drive/GitHub/gdpr-ccpa-risk-pipeline/venv/lib/python3.11/site-packages/airflow/example_dags/example_python_operator.py
[2025-07-16T01:56:34.038-0700] {processor.py:829} INFO - Processing file /Volumes/Personal Drive/GitHub/gdpr-ccpa-risk-pipeline/venv/lib/python3.11/site-packages/airflow/example_dags/example_python_operator.py for tasks to queue
[2025-07-16T01:56:34.040-0700] {logging_mixin.py:151} INFO - [2025-07-16T01:56:34.039-0700] {dagbag.py:539} INFO - Filling up the DagBag from /Volumes/Personal Drive/GitHub/gdpr-ccpa-risk-pipeline/venv/lib/python3.11/site-packages/airflow/example_dags/example_python_operator.py
[2025-07-16T01:56:34.107-0700] {logging_mixin.py:151} INFO - [2025-07-16T01:56:34.107-0700] {example_python_operator.py:89} WARNING - The virtalenv_python example task requires virtualenv, please install it.
[2025-07-16T01:56:34.115-0700] {processor.py:839} INFO - DAG(s) dict_keys(['example_python_operator']) retrieved from /Volumes/Personal Drive/GitHub/gdpr-ccpa-risk-pipeline/venv/lib/python3.11/site-packages/airflow/example_dags/example_python_operator.py
[2025-07-16T01:56:34.320-0700] {logging_mixin.py:151} INFO - [2025-07-16T01:56:34.319-0700] {dag.py:2915} INFO - Sync 1 DAGs
[2025-07-16T01:56:34.361-0700] {logging_mixin.py:151} INFO - [2025-07-16T01:56:34.361-0700] {dag.py:3696} INFO - Setting next_dagrun for example_python_operator to None, run_after=None
[2025-07-16T01:56:34.384-0700] {processor.py:179} INFO - Processing /Volumes/Personal Drive/GitHub/gdpr-ccpa-risk-pipeline/venv/lib/python3.11/site-packages/airflow/example_dags/example_python_operator.py took 0.353 seconds
[2025-07-16T01:59:16.559-0700] {processor.py:157} INFO - Started process (PID=85369) to work on /Volumes/Personal Drive/GitHub/gdpr-ccpa-risk-pipeline/venv/lib/python3.11/site-packages/airflow/example_dags/example_python_operator.py
[2025-07-16T01:59:16.566-0700] {processor.py:829} INFO - Processing file /Volumes/Personal Drive/GitHub/gdpr-ccpa-risk-pipeline/venv/lib/python3.11/site-packages/airflow/example_dags/example_python_operator.py for tasks to queue
[2025-07-16T01:59:16.567-0700] {logging_mixin.py:151} INFO - [2025-07-16T01:59:16.567-0700] {dagbag.py:539} INFO - Filling up the DagBag from /Volumes/Personal Drive/GitHub/gdpr-ccpa-risk-pipeline/venv/lib/python3.11/site-packages/airflow/example_dags/example_python_operator.py
[2025-07-16T01:59:16.637-0700] {logging_mixin.py:151} INFO - [2025-07-16T01:59:16.637-0700] {example_python_operator.py:89} WARNING - The virtalenv_python example task requires virtualenv, please install it.
[2025-07-16T01:59:16.643-0700] {processor.py:839} INFO - DAG(s) dict_keys(['example_python_operator']) retrieved from /Volumes/Personal Drive/GitHub/gdpr-ccpa-risk-pipeline/venv/lib/python3.11/site-packages/airflow/example_dags/example_python_operator.py
[2025-07-16T01:59:16.903-0700] {logging_mixin.py:151} INFO - [2025-07-16T01:59:16.903-0700] {dag.py:2915} INFO - Sync 1 DAGs
[2025-07-16T01:59:16.917-0700] {logging_mixin.py:151} INFO - [2025-07-16T01:59:16.917-0700] {dag.py:3696} INFO - Setting next_dagrun for example_python_operator to None, run_after=None
[2025-07-16T01:59:16.937-0700] {processor.py:179} INFO - Processing /Volumes/Personal Drive/GitHub/gdpr-ccpa-risk-pipeline/venv/lib/python3.11/site-packages/airflow/example_dags/example_python_operator.py took 0.379 seconds
[2025-07-16T02:01:54.344-0700] {processor.py:157} INFO - Started process (PID=85491) to work on /Volumes/Personal Drive/GitHub/gdpr-ccpa-risk-pipeline/venv/lib/python3.11/site-packages/airflow/example_dags/example_python_operator.py
[2025-07-16T02:01:54.348-0700] {processor.py:829} INFO - Processing file /Volumes/Personal Drive/GitHub/gdpr-ccpa-risk-pipeline/venv/lib/python3.11/site-packages/airflow/example_dags/example_python_operator.py for tasks to queue
[2025-07-16T02:01:54.350-0700] {logging_mixin.py:151} INFO - [2025-07-16T02:01:54.350-0700] {dagbag.py:539} INFO - Filling up the DagBag from /Volumes/Personal Drive/GitHub/gdpr-ccpa-risk-pipeline/venv/lib/python3.11/site-packages/airflow/example_dags/example_python_operator.py
[2025-07-16T02:01:54.436-0700] {logging_mixin.py:151} INFO - [2025-07-16T02:01:54.436-0700] {example_python_operator.py:89} WARNING - The virtalenv_python example task requires virtualenv, please install it.
[2025-07-16T02:01:54.445-0700] {processor.py:839} INFO - DAG(s) dict_keys(['example_python_operator']) retrieved from /Volumes/Personal Drive/GitHub/gdpr-ccpa-risk-pipeline/venv/lib/python3.11/site-packages/airflow/example_dags/example_python_operator.py
[2025-07-16T02:01:54.632-0700] {logging_mixin.py:151} INFO - [2025-07-16T02:01:54.632-0700] {dag.py:2915} INFO - Sync 1 DAGs
[2025-07-16T02:01:54.644-0700] {logging_mixin.py:151} INFO - [2025-07-16T02:01:54.644-0700] {dag.py:3696} INFO - Setting next_dagrun for example_python_operator to None, run_after=None
[2025-07-16T02:01:54.669-0700] {processor.py:179} INFO - Processing /Volumes/Personal Drive/GitHub/gdpr-ccpa-risk-pipeline/venv/lib/python3.11/site-packages/airflow/example_dags/example_python_operator.py took 0.326 seconds
