[2025-07-16T01:47:19.967-0700] {processor.py:157} INFO - Started process (PID=84800) to work on /Volumes/Personal Drive/GitHub/gdpr-ccpa-risk-pipeline/venv/lib/python3.11/site-packages/airflow/example_dags/example_setup_teardown_taskflow.py
[2025-07-16T01:47:19.967-0700] {processor.py:829} INFO - Processing file /Volumes/Personal Drive/GitHub/gdpr-ccpa-risk-pipeline/venv/lib/python3.11/site-packages/airflow/example_dags/example_setup_teardown_taskflow.py for tasks to queue
[2025-07-16T01:47:19.968-0700] {logging_mixin.py:151} INFO - [2025-07-16T01:47:19.968-0700] {dagbag.py:539} INFO - Filling up the DagBag from /Volumes/Personal Drive/GitHub/gdpr-ccpa-risk-pipeline/venv/lib/python3.11/site-packages/airflow/example_dags/example_setup_teardown_taskflow.py
[2025-07-16T01:47:20.071-0700] {processor.py:839} INFO - DAG(s) dict_keys(['example_setup_teardown_taskflow']) retrieved from /Volumes/Personal Drive/GitHub/gdpr-ccpa-risk-pipeline/venv/lib/python3.11/site-packages/airflow/example_dags/example_setup_teardown_taskflow.py
[2025-07-16T01:47:20.256-0700] {logging_mixin.py:151} INFO - [2025-07-16T01:47:20.256-0700] {dag.py:2915} INFO - Sync 1 DAGs
[2025-07-16T01:47:20.283-0700] {logging_mixin.py:151} INFO - [2025-07-16T01:47:20.283-0700] {dag.py:3696} INFO - Setting next_dagrun for example_setup_teardown_taskflow to 2025-07-15T08:47:20.283547+00:00, run_after=2025-07-16T08:47:20.283547+00:00
[2025-07-16T01:47:20.297-0700] {processor.py:179} INFO - Processing /Volumes/Personal Drive/GitHub/gdpr-ccpa-risk-pipeline/venv/lib/python3.11/site-packages/airflow/example_dags/example_setup_teardown_taskflow.py took 0.331 seconds
[2025-07-16T01:49:56.633-0700] {processor.py:157} INFO - Started process (PID=84925) to work on /Volumes/Personal Drive/GitHub/gdpr-ccpa-risk-pipeline/venv/lib/python3.11/site-packages/airflow/example_dags/example_setup_teardown_taskflow.py
[2025-07-16T01:49:56.639-0700] {processor.py:829} INFO - Processing file /Volumes/Personal Drive/GitHub/gdpr-ccpa-risk-pipeline/venv/lib/python3.11/site-packages/airflow/example_dags/example_setup_teardown_taskflow.py for tasks to queue
[2025-07-16T01:49:56.642-0700] {logging_mixin.py:151} INFO - [2025-07-16T01:49:56.642-0700] {dagbag.py:539} INFO - Filling up the DagBag from /Volumes/Personal Drive/GitHub/gdpr-ccpa-risk-pipeline/venv/lib/python3.11/site-packages/airflow/example_dags/example_setup_teardown_taskflow.py
[2025-07-16T01:49:56.699-0700] {processor.py:839} INFO - DAG(s) dict_keys(['example_setup_teardown_taskflow']) retrieved from /Volumes/Personal Drive/GitHub/gdpr-ccpa-risk-pipeline/venv/lib/python3.11/site-packages/airflow/example_dags/example_setup_teardown_taskflow.py
[2025-07-16T01:49:56.884-0700] {logging_mixin.py:151} INFO - [2025-07-16T01:49:56.883-0700] {dag.py:2915} INFO - Sync 1 DAGs
[2025-07-16T01:49:56.898-0700] {logging_mixin.py:151} INFO - [2025-07-16T01:49:56.898-0700] {dag.py:3696} INFO - Setting next_dagrun for example_setup_teardown_taskflow to 2025-07-15T08:49:56.898096+00:00, run_after=2025-07-16T08:49:56.898096+00:00
[2025-07-16T01:49:56.918-0700] {processor.py:179} INFO - Processing /Volumes/Personal Drive/GitHub/gdpr-ccpa-risk-pipeline/venv/lib/python3.11/site-packages/airflow/example_dags/example_setup_teardown_taskflow.py took 0.291 seconds
[2025-07-16T01:52:01.346-0700] {processor.py:157} INFO - Started process (PID=85020) to work on /Volumes/Personal Drive/GitHub/gdpr-ccpa-risk-pipeline/venv/lib/python3.11/site-packages/airflow/example_dags/example_setup_teardown_taskflow.py
[2025-07-16T01:52:01.347-0700] {processor.py:829} INFO - Processing file /Volumes/Personal Drive/GitHub/gdpr-ccpa-risk-pipeline/venv/lib/python3.11/site-packages/airflow/example_dags/example_setup_teardown_taskflow.py for tasks to queue
[2025-07-16T01:52:01.348-0700] {logging_mixin.py:151} INFO - [2025-07-16T01:52:01.348-0700] {dagbag.py:539} INFO - Filling up the DagBag from /Volumes/Personal Drive/GitHub/gdpr-ccpa-risk-pipeline/venv/lib/python3.11/site-packages/airflow/example_dags/example_setup_teardown_taskflow.py
[2025-07-16T01:52:01.434-0700] {processor.py:839} INFO - DAG(s) dict_keys(['example_setup_teardown_taskflow']) retrieved from /Volumes/Personal Drive/GitHub/gdpr-ccpa-risk-pipeline/venv/lib/python3.11/site-packages/airflow/example_dags/example_setup_teardown_taskflow.py
[2025-07-16T01:52:01.644-0700] {logging_mixin.py:151} INFO - [2025-07-16T01:52:01.643-0700] {dag.py:2915} INFO - Sync 1 DAGs
[2025-07-16T01:52:01.661-0700] {logging_mixin.py:151} INFO - [2025-07-16T01:52:01.661-0700] {dag.py:3696} INFO - Setting next_dagrun for example_setup_teardown_taskflow to 2025-07-15T08:52:01.661185+00:00, run_after=2025-07-16T08:52:01.661185+00:00
[2025-07-16T01:52:01.682-0700] {processor.py:179} INFO - Processing /Volumes/Personal Drive/GitHub/gdpr-ccpa-risk-pipeline/venv/lib/python3.11/site-packages/airflow/example_dags/example_setup_teardown_taskflow.py took 0.338 seconds
[2025-07-16T01:54:03.011-0700] {processor.py:157} INFO - Started process (PID=85113) to work on /Volumes/Personal Drive/GitHub/gdpr-ccpa-risk-pipeline/venv/lib/python3.11/site-packages/airflow/example_dags/example_setup_teardown_taskflow.py
[2025-07-16T01:54:03.013-0700] {processor.py:829} INFO - Processing file /Volumes/Personal Drive/GitHub/gdpr-ccpa-risk-pipeline/venv/lib/python3.11/site-packages/airflow/example_dags/example_setup_teardown_taskflow.py for tasks to queue
[2025-07-16T01:54:03.017-0700] {logging_mixin.py:151} INFO - [2025-07-16T01:54:03.017-0700] {dagbag.py:539} INFO - Filling up the DagBag from /Volumes/Personal Drive/GitHub/gdpr-ccpa-risk-pipeline/venv/lib/python3.11/site-packages/airflow/example_dags/example_setup_teardown_taskflow.py
[2025-07-16T01:54:03.209-0700] {processor.py:839} INFO - DAG(s) dict_keys(['example_setup_teardown_taskflow']) retrieved from /Volumes/Personal Drive/GitHub/gdpr-ccpa-risk-pipeline/venv/lib/python3.11/site-packages/airflow/example_dags/example_setup_teardown_taskflow.py
[2025-07-16T01:54:03.401-0700] {logging_mixin.py:151} INFO - [2025-07-16T01:54:03.401-0700] {dag.py:2915} INFO - Sync 1 DAGs
[2025-07-16T01:54:03.419-0700] {logging_mixin.py:151} INFO - [2025-07-16T01:54:03.419-0700] {dag.py:3696} INFO - Setting next_dagrun for example_setup_teardown_taskflow to 2025-07-15T08:54:03.418995+00:00, run_after=2025-07-16T08:54:03.418995+00:00
[2025-07-16T01:54:03.437-0700] {processor.py:179} INFO - Processing /Volumes/Personal Drive/GitHub/gdpr-ccpa-risk-pipeline/venv/lib/python3.11/site-packages/airflow/example_dags/example_setup_teardown_taskflow.py took 0.426 seconds
[2025-07-16T01:56:15.003-0700] {processor.py:157} INFO - Started process (PID=85232) to work on /Volumes/Personal Drive/GitHub/gdpr-ccpa-risk-pipeline/venv/lib/python3.11/site-packages/airflow/example_dags/example_setup_teardown_taskflow.py
[2025-07-16T01:56:15.007-0700] {processor.py:829} INFO - Processing file /Volumes/Personal Drive/GitHub/gdpr-ccpa-risk-pipeline/venv/lib/python3.11/site-packages/airflow/example_dags/example_setup_teardown_taskflow.py for tasks to queue
[2025-07-16T01:56:15.008-0700] {logging_mixin.py:151} INFO - [2025-07-16T01:56:15.008-0700] {dagbag.py:539} INFO - Filling up the DagBag from /Volumes/Personal Drive/GitHub/gdpr-ccpa-risk-pipeline/venv/lib/python3.11/site-packages/airflow/example_dags/example_setup_teardown_taskflow.py
[2025-07-16T01:56:15.098-0700] {processor.py:839} INFO - DAG(s) dict_keys(['example_setup_teardown_taskflow']) retrieved from /Volumes/Personal Drive/GitHub/gdpr-ccpa-risk-pipeline/venv/lib/python3.11/site-packages/airflow/example_dags/example_setup_teardown_taskflow.py
[2025-07-16T01:56:15.324-0700] {logging_mixin.py:151} INFO - [2025-07-16T01:56:15.324-0700] {dag.py:2915} INFO - Sync 1 DAGs
[2025-07-16T01:56:15.340-0700] {logging_mixin.py:151} INFO - [2025-07-16T01:56:15.340-0700] {dag.py:3696} INFO - Setting next_dagrun for example_setup_teardown_taskflow to 2025-07-15T08:56:15.340445+00:00, run_after=2025-07-16T08:56:15.340445+00:00
[2025-07-16T01:56:15.362-0700] {processor.py:179} INFO - Processing /Volumes/Personal Drive/GitHub/gdpr-ccpa-risk-pipeline/venv/lib/python3.11/site-packages/airflow/example_dags/example_setup_teardown_taskflow.py took 0.407 seconds
[2025-07-16T01:59:04.217-0700] {processor.py:157} INFO - Started process (PID=85358) to work on /Volumes/Personal Drive/GitHub/gdpr-ccpa-risk-pipeline/venv/lib/python3.11/site-packages/airflow/example_dags/example_setup_teardown_taskflow.py
[2025-07-16T01:59:04.225-0700] {processor.py:829} INFO - Processing file /Volumes/Personal Drive/GitHub/gdpr-ccpa-risk-pipeline/venv/lib/python3.11/site-packages/airflow/example_dags/example_setup_teardown_taskflow.py for tasks to queue
[2025-07-16T01:59:04.227-0700] {logging_mixin.py:151} INFO - [2025-07-16T01:59:04.227-0700] {dagbag.py:539} INFO - Filling up the DagBag from /Volumes/Personal Drive/GitHub/gdpr-ccpa-risk-pipeline/venv/lib/python3.11/site-packages/airflow/example_dags/example_setup_teardown_taskflow.py
[2025-07-16T01:59:04.309-0700] {processor.py:839} INFO - DAG(s) dict_keys(['example_setup_teardown_taskflow']) retrieved from /Volumes/Personal Drive/GitHub/gdpr-ccpa-risk-pipeline/venv/lib/python3.11/site-packages/airflow/example_dags/example_setup_teardown_taskflow.py
[2025-07-16T01:59:04.749-0700] {logging_mixin.py:151} INFO - [2025-07-16T01:59:04.749-0700] {dag.py:2915} INFO - Sync 1 DAGs
[2025-07-16T01:59:04.768-0700] {logging_mixin.py:151} INFO - [2025-07-16T01:59:04.767-0700] {dag.py:3696} INFO - Setting next_dagrun for example_setup_teardown_taskflow to 2025-07-15T08:59:04.767654+00:00, run_after=2025-07-16T08:59:04.767654+00:00
[2025-07-16T01:59:04.790-0700] {processor.py:179} INFO - Processing /Volumes/Personal Drive/GitHub/gdpr-ccpa-risk-pipeline/venv/lib/python3.11/site-packages/airflow/example_dags/example_setup_teardown_taskflow.py took 0.575 seconds
[2025-07-16T02:01:40.604-0700] {processor.py:157} INFO - Started process (PID=85480) to work on /Volumes/Personal Drive/GitHub/gdpr-ccpa-risk-pipeline/venv/lib/python3.11/site-packages/airflow/example_dags/example_setup_teardown_taskflow.py
[2025-07-16T02:01:40.606-0700] {processor.py:829} INFO - Processing file /Volumes/Personal Drive/GitHub/gdpr-ccpa-risk-pipeline/venv/lib/python3.11/site-packages/airflow/example_dags/example_setup_teardown_taskflow.py for tasks to queue
[2025-07-16T02:01:40.607-0700] {logging_mixin.py:151} INFO - [2025-07-16T02:01:40.606-0700] {dagbag.py:539} INFO - Filling up the DagBag from /Volumes/Personal Drive/GitHub/gdpr-ccpa-risk-pipeline/venv/lib/python3.11/site-packages/airflow/example_dags/example_setup_teardown_taskflow.py
[2025-07-16T02:01:40.682-0700] {processor.py:839} INFO - DAG(s) dict_keys(['example_setup_teardown_taskflow']) retrieved from /Volumes/Personal Drive/GitHub/gdpr-ccpa-risk-pipeline/venv/lib/python3.11/site-packages/airflow/example_dags/example_setup_teardown_taskflow.py
[2025-07-16T02:01:40.885-0700] {logging_mixin.py:151} INFO - [2025-07-16T02:01:40.885-0700] {dag.py:2915} INFO - Sync 1 DAGs
[2025-07-16T02:01:40.901-0700] {logging_mixin.py:151} INFO - [2025-07-16T02:01:40.901-0700] {dag.py:3696} INFO - Setting next_dagrun for example_setup_teardown_taskflow to 2025-07-15T09:01:40.901539+00:00, run_after=2025-07-16T09:01:40.901539+00:00
[2025-07-16T02:01:40.919-0700] {processor.py:179} INFO - Processing /Volumes/Personal Drive/GitHub/gdpr-ccpa-risk-pipeline/venv/lib/python3.11/site-packages/airflow/example_dags/example_setup_teardown_taskflow.py took 0.317 seconds
