[2025-07-16T01:47:49.814-0700] {processor.py:157} INFO - Started process (PID=84824) to work on /Volumes/Personal Drive/GitHub/gdpr-ccpa-risk-pipeline/venv/lib/python3.11/site-packages/airflow/example_dags/example_nested_branch_dag.py
[2025-07-16T01:47:49.816-0700] {processor.py:829} INFO - Processing file /Volumes/Personal Drive/GitHub/gdpr-ccpa-risk-pipeline/venv/lib/python3.11/site-packages/airflow/example_dags/example_nested_branch_dag.py for tasks to queue
[2025-07-16T01:47:49.817-0700] {logging_mixin.py:151} INFO - [2025-07-16T01:47:49.817-0700] {dagbag.py:539} INFO - Filling up the DagBag from /Volumes/Personal Drive/GitHub/gdpr-ccpa-risk-pipeline/venv/lib/python3.11/site-packages/airflow/example_dags/example_nested_branch_dag.py
[2025-07-16T01:47:49.903-0700] {processor.py:839} INFO - DAG(s) dict_keys(['example_nested_branch_dag']) retrieved from /Volumes/Personal Drive/GitHub/gdpr-ccpa-risk-pipeline/venv/lib/python3.11/site-packages/airflow/example_dags/example_nested_branch_dag.py
[2025-07-16T01:47:50.162-0700] {logging_mixin.py:151} INFO - [2025-07-16T01:47:50.161-0700] {dag.py:2915} INFO - Sync 1 DAGs
[2025-07-16T01:47:50.190-0700] {logging_mixin.py:151} INFO - [2025-07-16T01:47:50.187-0700] {dag.py:3696} INFO - Setting next_dagrun for example_nested_branch_dag to 2025-07-15T00:00:00+00:00, run_after=2025-07-16T00:00:00+00:00
[2025-07-16T01:47:50.218-0700] {processor.py:179} INFO - Processing /Volumes/Personal Drive/GitHub/gdpr-ccpa-risk-pipeline/venv/lib/python3.11/site-packages/airflow/example_dags/example_nested_branch_dag.py took 0.405 seconds
[2025-07-16T01:50:21.446-0700] {processor.py:157} INFO - Started process (PID=84947) to work on /Volumes/Personal Drive/GitHub/gdpr-ccpa-risk-pipeline/venv/lib/python3.11/site-packages/airflow/example_dags/example_nested_branch_dag.py
[2025-07-16T01:50:21.452-0700] {processor.py:829} INFO - Processing file /Volumes/Personal Drive/GitHub/gdpr-ccpa-risk-pipeline/venv/lib/python3.11/site-packages/airflow/example_dags/example_nested_branch_dag.py for tasks to queue
[2025-07-16T01:50:21.452-0700] {logging_mixin.py:151} INFO - [2025-07-16T01:50:21.452-0700] {dagbag.py:539} INFO - Filling up the DagBag from /Volumes/Personal Drive/GitHub/gdpr-ccpa-risk-pipeline/venv/lib/python3.11/site-packages/airflow/example_dags/example_nested_branch_dag.py
[2025-07-16T01:50:21.533-0700] {processor.py:839} INFO - DAG(s) dict_keys(['example_nested_branch_dag']) retrieved from /Volumes/Personal Drive/GitHub/gdpr-ccpa-risk-pipeline/venv/lib/python3.11/site-packages/airflow/example_dags/example_nested_branch_dag.py
[2025-07-16T01:50:21.692-0700] {logging_mixin.py:151} INFO - [2025-07-16T01:50:21.692-0700] {dag.py:2915} INFO - Sync 1 DAGs
[2025-07-16T01:50:21.709-0700] {logging_mixin.py:151} INFO - [2025-07-16T01:50:21.709-0700] {dag.py:3696} INFO - Setting next_dagrun for example_nested_branch_dag to 2025-07-15T00:00:00+00:00, run_after=2025-07-16T00:00:00+00:00
[2025-07-16T01:50:21.740-0700] {processor.py:179} INFO - Processing /Volumes/Personal Drive/GitHub/gdpr-ccpa-risk-pipeline/venv/lib/python3.11/site-packages/airflow/example_dags/example_nested_branch_dag.py took 0.295 seconds
[2025-07-16T01:54:28.650-0700] {processor.py:157} INFO - Started process (PID=85135) to work on /Volumes/Personal Drive/GitHub/gdpr-ccpa-risk-pipeline/venv/lib/python3.11/site-packages/airflow/example_dags/example_nested_branch_dag.py
[2025-07-16T01:54:28.654-0700] {processor.py:829} INFO - Processing file /Volumes/Personal Drive/GitHub/gdpr-ccpa-risk-pipeline/venv/lib/python3.11/site-packages/airflow/example_dags/example_nested_branch_dag.py for tasks to queue
[2025-07-16T01:54:28.654-0700] {logging_mixin.py:151} INFO - [2025-07-16T01:54:28.654-0700] {dagbag.py:539} INFO - Filling up the DagBag from /Volumes/Personal Drive/GitHub/gdpr-ccpa-risk-pipeline/venv/lib/python3.11/site-packages/airflow/example_dags/example_nested_branch_dag.py
[2025-07-16T01:54:28.732-0700] {processor.py:839} INFO - DAG(s) dict_keys(['example_nested_branch_dag']) retrieved from /Volumes/Personal Drive/GitHub/gdpr-ccpa-risk-pipeline/venv/lib/python3.11/site-packages/airflow/example_dags/example_nested_branch_dag.py
[2025-07-16T01:54:29.092-0700] {logging_mixin.py:151} INFO - [2025-07-16T01:54:29.091-0700] {dag.py:2915} INFO - Sync 1 DAGs
[2025-07-16T01:54:29.110-0700] {logging_mixin.py:151} INFO - [2025-07-16T01:54:29.110-0700] {dag.py:3696} INFO - Setting next_dagrun for example_nested_branch_dag to 2025-07-15T00:00:00+00:00, run_after=2025-07-16T00:00:00+00:00
[2025-07-16T01:54:29.133-0700] {processor.py:179} INFO - Processing /Volumes/Personal Drive/GitHub/gdpr-ccpa-risk-pipeline/venv/lib/python3.11/site-packages/airflow/example_dags/example_nested_branch_dag.py took 0.483 seconds
[2025-07-16T01:59:34.588-0700] {processor.py:157} INFO - Started process (PID=85381) to work on /Volumes/Personal Drive/GitHub/gdpr-ccpa-risk-pipeline/venv/lib/python3.11/site-packages/airflow/example_dags/example_nested_branch_dag.py
[2025-07-16T01:59:34.596-0700] {processor.py:829} INFO - Processing file /Volumes/Personal Drive/GitHub/gdpr-ccpa-risk-pipeline/venv/lib/python3.11/site-packages/airflow/example_dags/example_nested_branch_dag.py for tasks to queue
[2025-07-16T01:59:34.597-0700] {logging_mixin.py:151} INFO - [2025-07-16T01:59:34.597-0700] {dagbag.py:539} INFO - Filling up the DagBag from /Volumes/Personal Drive/GitHub/gdpr-ccpa-risk-pipeline/venv/lib/python3.11/site-packages/airflow/example_dags/example_nested_branch_dag.py
[2025-07-16T01:59:34.670-0700] {processor.py:839} INFO - DAG(s) dict_keys(['example_nested_branch_dag']) retrieved from /Volumes/Personal Drive/GitHub/gdpr-ccpa-risk-pipeline/venv/lib/python3.11/site-packages/airflow/example_dags/example_nested_branch_dag.py
[2025-07-16T01:59:34.862-0700] {logging_mixin.py:151} INFO - [2025-07-16T01:59:34.862-0700] {dag.py:2915} INFO - Sync 1 DAGs
[2025-07-16T01:59:34.896-0700] {logging_mixin.py:151} INFO - [2025-07-16T01:59:34.895-0700] {dag.py:3696} INFO - Setting next_dagrun for example_nested_branch_dag to 2025-07-15T00:00:00+00:00, run_after=2025-07-16T00:00:00+00:00
[2025-07-16T01:59:34.965-0700] {processor.py:179} INFO - Processing /Volumes/Personal Drive/GitHub/gdpr-ccpa-risk-pipeline/venv/lib/python3.11/site-packages/airflow/example_dags/example_nested_branch_dag.py took 0.379 seconds
[2025-07-16T02:02:07.398-0700] {processor.py:157} INFO - Started process (PID=85504) to work on /Volumes/Personal Drive/GitHub/gdpr-ccpa-risk-pipeline/venv/lib/python3.11/site-packages/airflow/example_dags/example_nested_branch_dag.py
[2025-07-16T02:02:07.412-0700] {processor.py:829} INFO - Processing file /Volumes/Personal Drive/GitHub/gdpr-ccpa-risk-pipeline/venv/lib/python3.11/site-packages/airflow/example_dags/example_nested_branch_dag.py for tasks to queue
[2025-07-16T02:02:07.414-0700] {logging_mixin.py:151} INFO - [2025-07-16T02:02:07.414-0700] {dagbag.py:539} INFO - Filling up the DagBag from /Volumes/Personal Drive/GitHub/gdpr-ccpa-risk-pipeline/venv/lib/python3.11/site-packages/airflow/example_dags/example_nested_branch_dag.py
[2025-07-16T02:02:07.480-0700] {processor.py:839} INFO - DAG(s) dict_keys(['example_nested_branch_dag']) retrieved from /Volumes/Personal Drive/GitHub/gdpr-ccpa-risk-pipeline/venv/lib/python3.11/site-packages/airflow/example_dags/example_nested_branch_dag.py
[2025-07-16T02:02:07.657-0700] {logging_mixin.py:151} INFO - [2025-07-16T02:02:07.657-0700] {dag.py:2915} INFO - Sync 1 DAGs
[2025-07-16T02:02:07.677-0700] {logging_mixin.py:151} INFO - [2025-07-16T02:02:07.677-0700] {dag.py:3696} INFO - Setting next_dagrun for example_nested_branch_dag to 2025-07-15T00:00:00+00:00, run_after=2025-07-16T00:00:00+00:00
[2025-07-16T02:02:07.693-0700] {processor.py:179} INFO - Processing /Volumes/Personal Drive/GitHub/gdpr-ccpa-risk-pipeline/venv/lib/python3.11/site-packages/airflow/example_dags/example_nested_branch_dag.py took 0.302 seconds
