[2025-07-16T01:48:46.077-0700] {processor.py:157} INFO - Started process (PID=84872) to work on /Volumes/Personal Drive/GitHub/gdpr-ccpa-risk-pipeline/venv/lib/python3.11/site-packages/airflow/example_dags/example_branch_day_of_week_operator.py
[2025-07-16T01:48:46.080-0700] {processor.py:829} INFO - Processing file /Volumes/Personal Drive/GitHub/gdpr-ccpa-risk-pipeline/venv/lib/python3.11/site-packages/airflow/example_dags/example_branch_day_of_week_operator.py for tasks to queue
[2025-07-16T01:48:46.080-0700] {logging_mixin.py:151} INFO - [2025-07-16T01:48:46.080-0700] {dagbag.py:539} INFO - Filling up the DagBag from /Volumes/Personal Drive/GitHub/gdpr-ccpa-risk-pipeline/venv/lib/python3.11/site-packages/airflow/example_dags/example_branch_day_of_week_operator.py
[2025-07-16T01:48:46.134-0700] {processor.py:839} INFO - DAG(s) dict_keys(['example_weekday_branch_operator']) retrieved from /Volumes/Personal Drive/GitHub/gdpr-ccpa-risk-pipeline/venv/lib/python3.11/site-packages/airflow/example_dags/example_branch_day_of_week_operator.py
[2025-07-16T01:48:46.323-0700] {logging_mixin.py:151} INFO - [2025-07-16T01:48:46.323-0700] {dag.py:2915} INFO - Sync 1 DAGs
[2025-07-16T01:48:46.339-0700] {logging_mixin.py:151} INFO - [2025-07-16T01:48:46.339-0700] {dag.py:3696} INFO - Setting next_dagrun for example_weekday_branch_operator to 2025-07-15T00:00:00+00:00, run_after=2025-07-16T00:00:00+00:00
[2025-07-16T01:48:46.362-0700] {processor.py:179} INFO - Processing /Volumes/Personal Drive/GitHub/gdpr-ccpa-risk-pipeline/venv/lib/python3.11/site-packages/airflow/example_dags/example_branch_day_of_week_operator.py took 0.287 seconds
[2025-07-16T01:52:49.073-0700] {processor.py:157} INFO - Started process (PID=85055) to work on /Volumes/Personal Drive/GitHub/gdpr-ccpa-risk-pipeline/venv/lib/python3.11/site-packages/airflow/example_dags/example_branch_day_of_week_operator.py
[2025-07-16T01:52:49.096-0700] {processor.py:829} INFO - Processing file /Volumes/Personal Drive/GitHub/gdpr-ccpa-risk-pipeline/venv/lib/python3.11/site-packages/airflow/example_dags/example_branch_day_of_week_operator.py for tasks to queue
[2025-07-16T01:52:49.096-0700] {logging_mixin.py:151} INFO - [2025-07-16T01:52:49.096-0700] {dagbag.py:539} INFO - Filling up the DagBag from /Volumes/Personal Drive/GitHub/gdpr-ccpa-risk-pipeline/venv/lib/python3.11/site-packages/airflow/example_dags/example_branch_day_of_week_operator.py
[2025-07-16T01:52:49.129-0700] {processor.py:839} INFO - DAG(s) dict_keys(['example_weekday_branch_operator']) retrieved from /Volumes/Personal Drive/GitHub/gdpr-ccpa-risk-pipeline/venv/lib/python3.11/site-packages/airflow/example_dags/example_branch_day_of_week_operator.py
[2025-07-16T01:52:49.324-0700] {logging_mixin.py:151} INFO - [2025-07-16T01:52:49.324-0700] {dag.py:2915} INFO - Sync 1 DAGs
[2025-07-16T01:52:49.341-0700] {logging_mixin.py:151} INFO - [2025-07-16T01:52:49.340-0700] {dag.py:3696} INFO - Setting next_dagrun for example_weekday_branch_operator to 2025-07-15T00:00:00+00:00, run_after=2025-07-16T00:00:00+00:00
[2025-07-16T01:52:49.364-0700] {processor.py:179} INFO - Processing /Volumes/Personal Drive/GitHub/gdpr-ccpa-risk-pipeline/venv/lib/python3.11/site-packages/airflow/example_dags/example_branch_day_of_week_operator.py took 0.291 seconds
[2025-07-16T01:57:09.663-0700] {processor.py:157} INFO - Started process (PID=85271) to work on /Volumes/Personal Drive/GitHub/gdpr-ccpa-risk-pipeline/venv/lib/python3.11/site-packages/airflow/example_dags/example_branch_day_of_week_operator.py
[2025-07-16T01:57:09.675-0700] {processor.py:829} INFO - Processing file /Volumes/Personal Drive/GitHub/gdpr-ccpa-risk-pipeline/venv/lib/python3.11/site-packages/airflow/example_dags/example_branch_day_of_week_operator.py for tasks to queue
[2025-07-16T01:57:09.677-0700] {logging_mixin.py:151} INFO - [2025-07-16T01:57:09.677-0700] {dagbag.py:539} INFO - Filling up the DagBag from /Volumes/Personal Drive/GitHub/gdpr-ccpa-risk-pipeline/venv/lib/python3.11/site-packages/airflow/example_dags/example_branch_day_of_week_operator.py
[2025-07-16T01:57:09.711-0700] {processor.py:839} INFO - DAG(s) dict_keys(['example_weekday_branch_operator']) retrieved from /Volumes/Personal Drive/GitHub/gdpr-ccpa-risk-pipeline/venv/lib/python3.11/site-packages/airflow/example_dags/example_branch_day_of_week_operator.py
[2025-07-16T01:57:09.940-0700] {logging_mixin.py:151} INFO - [2025-07-16T01:57:09.940-0700] {dag.py:2915} INFO - Sync 1 DAGs
[2025-07-16T01:57:09.960-0700] {logging_mixin.py:151} INFO - [2025-07-16T01:57:09.959-0700] {dag.py:3696} INFO - Setting next_dagrun for example_weekday_branch_operator to 2025-07-15T00:00:00+00:00, run_after=2025-07-16T00:00:00+00:00
[2025-07-16T01:57:09.981-0700] {processor.py:179} INFO - Processing /Volumes/Personal Drive/GitHub/gdpr-ccpa-risk-pipeline/venv/lib/python3.11/site-packages/airflow/example_dags/example_branch_day_of_week_operator.py took 0.318 seconds
[2025-07-16T02:02:40.656-0700] {processor.py:157} INFO - Started process (PID=85528) to work on /Volumes/Personal Drive/GitHub/gdpr-ccpa-risk-pipeline/venv/lib/python3.11/site-packages/airflow/example_dags/example_branch_day_of_week_operator.py
[2025-07-16T02:02:40.673-0700] {processor.py:829} INFO - Processing file /Volumes/Personal Drive/GitHub/gdpr-ccpa-risk-pipeline/venv/lib/python3.11/site-packages/airflow/example_dags/example_branch_day_of_week_operator.py for tasks to queue
[2025-07-16T02:02:40.674-0700] {logging_mixin.py:151} INFO - [2025-07-16T02:02:40.674-0700] {dagbag.py:539} INFO - Filling up the DagBag from /Volumes/Personal Drive/GitHub/gdpr-ccpa-risk-pipeline/venv/lib/python3.11/site-packages/airflow/example_dags/example_branch_day_of_week_operator.py
[2025-07-16T02:02:40.708-0700] {processor.py:839} INFO - DAG(s) dict_keys(['example_weekday_branch_operator']) retrieved from /Volumes/Personal Drive/GitHub/gdpr-ccpa-risk-pipeline/venv/lib/python3.11/site-packages/airflow/example_dags/example_branch_day_of_week_operator.py
[2025-07-16T02:02:40.880-0700] {logging_mixin.py:151} INFO - [2025-07-16T02:02:40.880-0700] {dag.py:2915} INFO - Sync 1 DAGs
[2025-07-16T02:02:40.896-0700] {logging_mixin.py:151} INFO - [2025-07-16T02:02:40.896-0700] {dag.py:3696} INFO - Setting next_dagrun for example_weekday_branch_operator to 2025-07-15T00:00:00+00:00, run_after=2025-07-16T00:00:00+00:00
[2025-07-16T02:02:40.931-0700] {processor.py:179} INFO - Processing /Volumes/Personal Drive/GitHub/gdpr-ccpa-risk-pipeline/venv/lib/python3.11/site-packages/airflow/example_dags/example_branch_day_of_week_operator.py took 0.278 seconds
