[2025-07-16T01:47:44.647-0700] {processor.py:157} INFO - Started process (PID=84823) to work on /Volumes/Personal Drive/GitHub/gdpr-ccpa-risk-pipeline/venv/lib/python3.11/site-packages/airflow/example_dags/example_params_trigger_ui.py
[2025-07-16T01:47:44.647-0700] {processor.py:829} INFO - Processing file /Volumes/Personal Drive/GitHub/gdpr-ccpa-risk-pipeline/venv/lib/python3.11/site-packages/airflow/example_dags/example_params_trigger_ui.py for tasks to queue
[2025-07-16T01:47:44.666-0700] {logging_mixin.py:151} INFO - [2025-07-16T01:47:44.665-0700] {dagbag.py:539} INFO - Filling up the DagBag from /Volumes/Personal Drive/GitHub/gdpr-ccpa-risk-pipeline/venv/lib/python3.11/site-packages/airflow/example_dags/example_params_trigger_ui.py
[2025-07-16T01:47:45.010-0700] {processor.py:839} INFO - DAG(s) dict_keys(['example_params_trigger_ui']) retrieved from /Volumes/Personal Drive/GitHub/gdpr-ccpa-risk-pipeline/venv/lib/python3.11/site-packages/airflow/example_dags/example_params_trigger_ui.py
[2025-07-16T01:47:45.350-0700] {logging_mixin.py:151} INFO - [2025-07-16T01:47:45.350-0700] {dag.py:2915} INFO - Sync 1 DAGs
[2025-07-16T01:47:45.375-0700] {logging_mixin.py:151} INFO - [2025-07-16T01:47:45.375-0700] {dag.py:3696} INFO - Setting next_dagrun for example_params_trigger_ui to None, run_after=None
[2025-07-16T01:47:45.423-0700] {processor.py:179} INFO - Processing /Volumes/Personal Drive/GitHub/gdpr-ccpa-risk-pipeline/venv/lib/python3.11/site-packages/airflow/example_dags/example_params_trigger_ui.py took 0.778 seconds
[2025-07-16T01:50:18.523-0700] {processor.py:157} INFO - Started process (PID=84939) to work on /Volumes/Personal Drive/GitHub/gdpr-ccpa-risk-pipeline/venv/lib/python3.11/site-packages/airflow/example_dags/example_params_trigger_ui.py
[2025-07-16T01:50:18.531-0700] {processor.py:829} INFO - Processing file /Volumes/Personal Drive/GitHub/gdpr-ccpa-risk-pipeline/venv/lib/python3.11/site-packages/airflow/example_dags/example_params_trigger_ui.py for tasks to queue
[2025-07-16T01:50:18.531-0700] {logging_mixin.py:151} INFO - [2025-07-16T01:50:18.531-0700] {dagbag.py:539} INFO - Filling up the DagBag from /Volumes/Personal Drive/GitHub/gdpr-ccpa-risk-pipeline/venv/lib/python3.11/site-packages/airflow/example_dags/example_params_trigger_ui.py
[2025-07-16T01:50:18.751-0700] {processor.py:839} INFO - DAG(s) dict_keys(['example_params_trigger_ui']) retrieved from /Volumes/Personal Drive/GitHub/gdpr-ccpa-risk-pipeline/venv/lib/python3.11/site-packages/airflow/example_dags/example_params_trigger_ui.py
[2025-07-16T01:50:18.923-0700] {logging_mixin.py:151} INFO - [2025-07-16T01:50:18.923-0700] {dag.py:2915} INFO - Sync 1 DAGs
[2025-07-16T01:50:18.931-0700] {logging_mixin.py:151} INFO - [2025-07-16T01:50:18.931-0700] {dag.py:3696} INFO - Setting next_dagrun for example_params_trigger_ui to None, run_after=None
[2025-07-16T01:50:18.951-0700] {processor.py:179} INFO - Processing /Volumes/Personal Drive/GitHub/gdpr-ccpa-risk-pipeline/venv/lib/python3.11/site-packages/airflow/example_dags/example_params_trigger_ui.py took 0.429 seconds
[2025-07-16T01:54:25.501-0700] {processor.py:157} INFO - Started process (PID=85134) to work on /Volumes/Personal Drive/GitHub/gdpr-ccpa-risk-pipeline/venv/lib/python3.11/site-packages/airflow/example_dags/example_params_trigger_ui.py
[2025-07-16T01:54:25.502-0700] {processor.py:829} INFO - Processing file /Volumes/Personal Drive/GitHub/gdpr-ccpa-risk-pipeline/venv/lib/python3.11/site-packages/airflow/example_dags/example_params_trigger_ui.py for tasks to queue
[2025-07-16T01:54:25.503-0700] {logging_mixin.py:151} INFO - [2025-07-16T01:54:25.503-0700] {dagbag.py:539} INFO - Filling up the DagBag from /Volumes/Personal Drive/GitHub/gdpr-ccpa-risk-pipeline/venv/lib/python3.11/site-packages/airflow/example_dags/example_params_trigger_ui.py
[2025-07-16T01:54:25.625-0700] {processor.py:839} INFO - DAG(s) dict_keys(['example_params_trigger_ui']) retrieved from /Volumes/Personal Drive/GitHub/gdpr-ccpa-risk-pipeline/venv/lib/python3.11/site-packages/airflow/example_dags/example_params_trigger_ui.py
[2025-07-16T01:54:25.786-0700] {logging_mixin.py:151} INFO - [2025-07-16T01:54:25.786-0700] {dag.py:2915} INFO - Sync 1 DAGs
[2025-07-16T01:54:25.797-0700] {logging_mixin.py:151} INFO - [2025-07-16T01:54:25.797-0700] {dag.py:3696} INFO - Setting next_dagrun for example_params_trigger_ui to None, run_after=None
[2025-07-16T01:54:25.818-0700] {processor.py:179} INFO - Processing /Volumes/Personal Drive/GitHub/gdpr-ccpa-risk-pipeline/venv/lib/python3.11/site-packages/airflow/example_dags/example_params_trigger_ui.py took 0.318 seconds
[2025-07-16T01:59:31.217-0700] {processor.py:157} INFO - Started process (PID=85380) to work on /Volumes/Personal Drive/GitHub/gdpr-ccpa-risk-pipeline/venv/lib/python3.11/site-packages/airflow/example_dags/example_params_trigger_ui.py
[2025-07-16T01:59:31.245-0700] {processor.py:829} INFO - Processing file /Volumes/Personal Drive/GitHub/gdpr-ccpa-risk-pipeline/venv/lib/python3.11/site-packages/airflow/example_dags/example_params_trigger_ui.py for tasks to queue
[2025-07-16T01:59:31.250-0700] {logging_mixin.py:151} INFO - [2025-07-16T01:59:31.249-0700] {dagbag.py:539} INFO - Filling up the DagBag from /Volumes/Personal Drive/GitHub/gdpr-ccpa-risk-pipeline/venv/lib/python3.11/site-packages/airflow/example_dags/example_params_trigger_ui.py
[2025-07-16T01:59:31.403-0700] {processor.py:839} INFO - DAG(s) dict_keys(['example_params_trigger_ui']) retrieved from /Volumes/Personal Drive/GitHub/gdpr-ccpa-risk-pipeline/venv/lib/python3.11/site-packages/airflow/example_dags/example_params_trigger_ui.py
[2025-07-16T01:59:31.582-0700] {logging_mixin.py:151} INFO - [2025-07-16T01:59:31.582-0700] {dag.py:2915} INFO - Sync 1 DAGs
[2025-07-16T01:59:31.596-0700] {logging_mixin.py:151} INFO - [2025-07-16T01:59:31.595-0700] {dag.py:3696} INFO - Setting next_dagrun for example_params_trigger_ui to None, run_after=None
[2025-07-16T01:59:31.637-0700] {processor.py:179} INFO - Processing /Volumes/Personal Drive/GitHub/gdpr-ccpa-risk-pipeline/venv/lib/python3.11/site-packages/airflow/example_dags/example_params_trigger_ui.py took 0.421 seconds
[2025-07-16T02:02:04.394-0700] {processor.py:157} INFO - Started process (PID=85503) to work on /Volumes/Personal Drive/GitHub/gdpr-ccpa-risk-pipeline/venv/lib/python3.11/site-packages/airflow/example_dags/example_params_trigger_ui.py
[2025-07-16T02:02:04.410-0700] {processor.py:829} INFO - Processing file /Volumes/Personal Drive/GitHub/gdpr-ccpa-risk-pipeline/venv/lib/python3.11/site-packages/airflow/example_dags/example_params_trigger_ui.py for tasks to queue
[2025-07-16T02:02:04.411-0700] {logging_mixin.py:151} INFO - [2025-07-16T02:02:04.411-0700] {dagbag.py:539} INFO - Filling up the DagBag from /Volumes/Personal Drive/GitHub/gdpr-ccpa-risk-pipeline/venv/lib/python3.11/site-packages/airflow/example_dags/example_params_trigger_ui.py
[2025-07-16T02:02:04.537-0700] {processor.py:839} INFO - DAG(s) dict_keys(['example_params_trigger_ui']) retrieved from /Volumes/Personal Drive/GitHub/gdpr-ccpa-risk-pipeline/venv/lib/python3.11/site-packages/airflow/example_dags/example_params_trigger_ui.py
[2025-07-16T02:02:04.685-0700] {logging_mixin.py:151} INFO - [2025-07-16T02:02:04.685-0700] {dag.py:2915} INFO - Sync 1 DAGs
[2025-07-16T02:02:04.696-0700] {logging_mixin.py:151} INFO - [2025-07-16T02:02:04.696-0700] {dag.py:3696} INFO - Setting next_dagrun for example_params_trigger_ui to None, run_after=None
[2025-07-16T02:02:04.722-0700] {processor.py:179} INFO - Processing /Volumes/Personal Drive/GitHub/gdpr-ccpa-risk-pipeline/venv/lib/python3.11/site-packages/airflow/example_dags/example_params_trigger_ui.py took 0.332 seconds
