[2025-07-16T01:47:06.448-0700] {processor.py:157} INFO - Started process (PID=84789) to work on /Volumes/Personal Drive/GitHub/gdpr-ccpa-risk-pipeline/venv/lib/python3.11/site-packages/airflow/example_dags/example_sla_dag.py
[2025-07-16T01:47:06.513-0700] {processor.py:829} INFO - Processing file /Volumes/Personal Drive/GitHub/gdpr-ccpa-risk-pipeline/venv/lib/python3.11/site-packages/airflow/example_dags/example_sla_dag.py for tasks to queue
[2025-07-16T01:47:06.524-0700] {logging_mixin.py:151} INFO - [2025-07-16T01:47:06.524-0700] {dagbag.py:539} INFO - Filling up the DagBag from /Volumes/Personal Drive/GitHub/gdpr-ccpa-risk-pipeline/venv/lib/python3.11/site-packages/airflow/example_dags/example_sla_dag.py
[2025-07-16T01:47:06.648-0700] {processor.py:839} INFO - DAG(s) dict_keys(['example_sla_dag']) retrieved from /Volumes/Personal Drive/GitHub/gdpr-ccpa-risk-pipeline/venv/lib/python3.11/site-packages/airflow/example_dags/example_sla_dag.py
[2025-07-16T01:47:06.849-0700] {logging_mixin.py:151} INFO - [2025-07-16T01:47:06.848-0700] {dag.py:2915} INFO - Sync 1 DAGs
[2025-07-16T01:47:06.875-0700] {logging_mixin.py:151} INFO - [2025-07-16T01:47:06.874-0700] {dag.py:3696} INFO - Setting next_dagrun for example_sla_dag to 2025-07-16T08:44:00+00:00, run_after=2025-07-16T08:46:00+00:00
[2025-07-16T01:47:06.891-0700] {processor.py:179} INFO - Processing /Volumes/Personal Drive/GitHub/gdpr-ccpa-risk-pipeline/venv/lib/python3.11/site-packages/airflow/example_dags/example_sla_dag.py took 0.453 seconds
[2025-07-16T01:49:46.336-0700] {processor.py:157} INFO - Started process (PID=84914) to work on /Volumes/Personal Drive/GitHub/gdpr-ccpa-risk-pipeline/venv/lib/python3.11/site-packages/airflow/example_dags/example_sla_dag.py
[2025-07-16T01:49:46.356-0700] {processor.py:829} INFO - Processing file /Volumes/Personal Drive/GitHub/gdpr-ccpa-risk-pipeline/venv/lib/python3.11/site-packages/airflow/example_dags/example_sla_dag.py for tasks to queue
[2025-07-16T01:49:46.357-0700] {logging_mixin.py:151} INFO - [2025-07-16T01:49:46.357-0700] {dagbag.py:539} INFO - Filling up the DagBag from /Volumes/Personal Drive/GitHub/gdpr-ccpa-risk-pipeline/venv/lib/python3.11/site-packages/airflow/example_dags/example_sla_dag.py
[2025-07-16T01:49:46.485-0700] {processor.py:839} INFO - DAG(s) dict_keys(['example_sla_dag']) retrieved from /Volumes/Personal Drive/GitHub/gdpr-ccpa-risk-pipeline/venv/lib/python3.11/site-packages/airflow/example_dags/example_sla_dag.py
[2025-07-16T01:49:46.723-0700] {logging_mixin.py:151} INFO - [2025-07-16T01:49:46.722-0700] {dag.py:2915} INFO - Sync 1 DAGs
[2025-07-16T01:49:46.753-0700] {logging_mixin.py:151} INFO - [2025-07-16T01:49:46.753-0700] {dag.py:3696} INFO - Setting next_dagrun for example_sla_dag to 2025-07-16T08:46:00+00:00, run_after=2025-07-16T08:48:00+00:00
[2025-07-16T01:49:46.774-0700] {processor.py:179} INFO - Processing /Volumes/Personal Drive/GitHub/gdpr-ccpa-risk-pipeline/venv/lib/python3.11/site-packages/airflow/example_dags/example_sla_dag.py took 0.439 seconds
[2025-07-16T01:51:48.626-0700] {processor.py:157} INFO - Started process (PID=85009) to work on /Volumes/Personal Drive/GitHub/gdpr-ccpa-risk-pipeline/venv/lib/python3.11/site-packages/airflow/example_dags/example_sla_dag.py
[2025-07-16T01:51:48.627-0700] {processor.py:829} INFO - Processing file /Volumes/Personal Drive/GitHub/gdpr-ccpa-risk-pipeline/venv/lib/python3.11/site-packages/airflow/example_dags/example_sla_dag.py for tasks to queue
[2025-07-16T01:51:48.628-0700] {logging_mixin.py:151} INFO - [2025-07-16T01:51:48.628-0700] {dagbag.py:539} INFO - Filling up the DagBag from /Volumes/Personal Drive/GitHub/gdpr-ccpa-risk-pipeline/venv/lib/python3.11/site-packages/airflow/example_dags/example_sla_dag.py
[2025-07-16T01:51:48.710-0700] {processor.py:839} INFO - DAG(s) dict_keys(['example_sla_dag']) retrieved from /Volumes/Personal Drive/GitHub/gdpr-ccpa-risk-pipeline/venv/lib/python3.11/site-packages/airflow/example_dags/example_sla_dag.py
[2025-07-16T01:51:49.013-0700] {logging_mixin.py:151} INFO - [2025-07-16T01:51:49.013-0700] {dag.py:2915} INFO - Sync 1 DAGs
[2025-07-16T01:51:49.074-0700] {logging_mixin.py:151} INFO - [2025-07-16T01:51:49.074-0700] {dag.py:3696} INFO - Setting next_dagrun for example_sla_dag to 2025-07-16T08:48:00+00:00, run_after=2025-07-16T08:50:00+00:00
[2025-07-16T01:51:49.134-0700] {processor.py:179} INFO - Processing /Volumes/Personal Drive/GitHub/gdpr-ccpa-risk-pipeline/venv/lib/python3.11/site-packages/airflow/example_dags/example_sla_dag.py took 0.532 seconds
[2025-07-16T01:53:49.823-0700] {processor.py:157} INFO - Started process (PID=85106) to work on /Volumes/Personal Drive/GitHub/gdpr-ccpa-risk-pipeline/venv/lib/python3.11/site-packages/airflow/example_dags/example_sla_dag.py
[2025-07-16T01:53:49.823-0700] {processor.py:829} INFO - Processing file /Volumes/Personal Drive/GitHub/gdpr-ccpa-risk-pipeline/venv/lib/python3.11/site-packages/airflow/example_dags/example_sla_dag.py for tasks to queue
[2025-07-16T01:53:49.824-0700] {logging_mixin.py:151} INFO - [2025-07-16T01:53:49.824-0700] {dagbag.py:539} INFO - Filling up the DagBag from /Volumes/Personal Drive/GitHub/gdpr-ccpa-risk-pipeline/venv/lib/python3.11/site-packages/airflow/example_dags/example_sla_dag.py
[2025-07-16T01:53:49.889-0700] {processor.py:839} INFO - DAG(s) dict_keys(['example_sla_dag']) retrieved from /Volumes/Personal Drive/GitHub/gdpr-ccpa-risk-pipeline/venv/lib/python3.11/site-packages/airflow/example_dags/example_sla_dag.py
[2025-07-16T01:53:50.080-0700] {logging_mixin.py:151} INFO - [2025-07-16T01:53:50.080-0700] {dag.py:2915} INFO - Sync 1 DAGs
[2025-07-16T01:53:50.102-0700] {logging_mixin.py:151} INFO - [2025-07-16T01:53:50.102-0700] {dag.py:3696} INFO - Setting next_dagrun for example_sla_dag to 2025-07-16T08:50:00+00:00, run_after=2025-07-16T08:52:00+00:00
[2025-07-16T01:53:50.117-0700] {processor.py:179} INFO - Processing /Volumes/Personal Drive/GitHub/gdpr-ccpa-risk-pipeline/venv/lib/python3.11/site-packages/airflow/example_dags/example_sla_dag.py took 0.297 seconds
[2025-07-16T01:55:58.853-0700] {processor.py:157} INFO - Started process (PID=85219) to work on /Volumes/Personal Drive/GitHub/gdpr-ccpa-risk-pipeline/venv/lib/python3.11/site-packages/airflow/example_dags/example_sla_dag.py
[2025-07-16T01:55:58.854-0700] {processor.py:829} INFO - Processing file /Volumes/Personal Drive/GitHub/gdpr-ccpa-risk-pipeline/venv/lib/python3.11/site-packages/airflow/example_dags/example_sla_dag.py for tasks to queue
[2025-07-16T01:55:58.857-0700] {logging_mixin.py:151} INFO - [2025-07-16T01:55:58.857-0700] {dagbag.py:539} INFO - Filling up the DagBag from /Volumes/Personal Drive/GitHub/gdpr-ccpa-risk-pipeline/venv/lib/python3.11/site-packages/airflow/example_dags/example_sla_dag.py
[2025-07-16T01:55:58.972-0700] {processor.py:839} INFO - DAG(s) dict_keys(['example_sla_dag']) retrieved from /Volumes/Personal Drive/GitHub/gdpr-ccpa-risk-pipeline/venv/lib/python3.11/site-packages/airflow/example_dags/example_sla_dag.py
[2025-07-16T01:55:59.338-0700] {logging_mixin.py:151} INFO - [2025-07-16T01:55:59.334-0700] {dag.py:2915} INFO - Sync 1 DAGs
[2025-07-16T01:55:59.417-0700] {logging_mixin.py:151} INFO - [2025-07-16T01:55:59.416-0700] {dag.py:3696} INFO - Setting next_dagrun for example_sla_dag to 2025-07-16T08:52:00+00:00, run_after=2025-07-16T08:54:00+00:00
[2025-07-16T01:55:59.454-0700] {processor.py:179} INFO - Processing /Volumes/Personal Drive/GitHub/gdpr-ccpa-risk-pipeline/venv/lib/python3.11/site-packages/airflow/example_dags/example_sla_dag.py took 0.624 seconds
[2025-07-16T01:58:45.750-0700] {processor.py:157} INFO - Started process (PID=85347) to work on /Volumes/Personal Drive/GitHub/gdpr-ccpa-risk-pipeline/venv/lib/python3.11/site-packages/airflow/example_dags/example_sla_dag.py
[2025-07-16T01:58:45.758-0700] {processor.py:829} INFO - Processing file /Volumes/Personal Drive/GitHub/gdpr-ccpa-risk-pipeline/venv/lib/python3.11/site-packages/airflow/example_dags/example_sla_dag.py for tasks to queue
[2025-07-16T01:58:45.758-0700] {logging_mixin.py:151} INFO - [2025-07-16T01:58:45.758-0700] {dagbag.py:539} INFO - Filling up the DagBag from /Volumes/Personal Drive/GitHub/gdpr-ccpa-risk-pipeline/venv/lib/python3.11/site-packages/airflow/example_dags/example_sla_dag.py
[2025-07-16T01:58:45.846-0700] {processor.py:839} INFO - DAG(s) dict_keys(['example_sla_dag']) retrieved from /Volumes/Personal Drive/GitHub/gdpr-ccpa-risk-pipeline/venv/lib/python3.11/site-packages/airflow/example_dags/example_sla_dag.py
[2025-07-16T01:58:46.230-0700] {logging_mixin.py:151} INFO - [2025-07-16T01:58:46.229-0700] {dag.py:2915} INFO - Sync 1 DAGs
[2025-07-16T01:58:46.296-0700] {logging_mixin.py:151} INFO - [2025-07-16T01:58:46.296-0700] {dag.py:3696} INFO - Setting next_dagrun for example_sla_dag to 2025-07-16T08:56:00+00:00, run_after=2025-07-16T08:58:00+00:00
[2025-07-16T01:58:46.391-0700] {processor.py:179} INFO - Processing /Volumes/Personal Drive/GitHub/gdpr-ccpa-risk-pipeline/venv/lib/python3.11/site-packages/airflow/example_dags/example_sla_dag.py took 0.648 seconds
[2025-07-16T02:01:26.096-0700] {processor.py:157} INFO - Started process (PID=85467) to work on /Volumes/Personal Drive/GitHub/gdpr-ccpa-risk-pipeline/venv/lib/python3.11/site-packages/airflow/example_dags/example_sla_dag.py
[2025-07-16T02:01:26.100-0700] {processor.py:829} INFO - Processing file /Volumes/Personal Drive/GitHub/gdpr-ccpa-risk-pipeline/venv/lib/python3.11/site-packages/airflow/example_dags/example_sla_dag.py for tasks to queue
[2025-07-16T02:01:26.101-0700] {logging_mixin.py:151} INFO - [2025-07-16T02:01:26.101-0700] {dagbag.py:539} INFO - Filling up the DagBag from /Volumes/Personal Drive/GitHub/gdpr-ccpa-risk-pipeline/venv/lib/python3.11/site-packages/airflow/example_dags/example_sla_dag.py
[2025-07-16T02:01:26.204-0700] {processor.py:839} INFO - DAG(s) dict_keys(['example_sla_dag']) retrieved from /Volumes/Personal Drive/GitHub/gdpr-ccpa-risk-pipeline/venv/lib/python3.11/site-packages/airflow/example_dags/example_sla_dag.py
[2025-07-16T02:01:26.444-0700] {logging_mixin.py:151} INFO - [2025-07-16T02:01:26.444-0700] {dag.py:2915} INFO - Sync 1 DAGs
[2025-07-16T02:01:26.463-0700] {logging_mixin.py:151} INFO - [2025-07-16T02:01:26.463-0700] {dag.py:3696} INFO - Setting next_dagrun for example_sla_dag to 2025-07-16T08:58:00+00:00, run_after=2025-07-16T09:00:00+00:00
[2025-07-16T02:01:26.479-0700] {processor.py:179} INFO - Processing /Volumes/Personal Drive/GitHub/gdpr-ccpa-risk-pipeline/venv/lib/python3.11/site-packages/airflow/example_dags/example_sla_dag.py took 0.387 seconds
