[2025-07-16T01:48:24.642-0700] {processor.py:157} INFO - Started process (PID=84852) to work on /Volumes/Personal Drive/GitHub/gdpr-ccpa-risk-pipeline/venv/lib/python3.11/site-packages/airflow/example_dags/example_dag_decorator.py
[2025-07-16T01:48:24.655-0700] {processor.py:829} INFO - Processing file /Volumes/Personal Drive/GitHub/gdpr-ccpa-risk-pipeline/venv/lib/python3.11/site-packages/airflow/example_dags/example_dag_decorator.py for tasks to queue
[2025-07-16T01:48:24.656-0700] {logging_mixin.py:151} INFO - [2025-07-16T01:48:24.656-0700] {dagbag.py:539} INFO - Filling up the DagBag from /Volumes/Personal Drive/GitHub/gdpr-ccpa-risk-pipeline/venv/lib/python3.11/site-packages/airflow/example_dags/example_dag_decorator.py
[2025-07-16T01:48:26.053-0700] {processor.py:839} INFO - DAG(s) dict_keys(['example_dag_decorator']) retrieved from /Volumes/Personal Drive/GitHub/gdpr-ccpa-risk-pipeline/venv/lib/python3.11/site-packages/airflow/example_dags/example_dag_decorator.py
[2025-07-16T01:48:27.607-0700] {logging_mixin.py:151} INFO - [2025-07-16T01:48:27.606-0700] {security.py:708} INFO - Not syncing DAG-level permissions for DAG 'DAG:example_dag_decorator' as access control is unset.
[2025-07-16T01:48:27.607-0700] {logging_mixin.py:151} INFO - [2025-07-16T01:48:27.607-0700] {dag.py:2915} INFO - Sync 1 DAGs
[2025-07-16T01:48:27.613-0700] {logging_mixin.py:151} INFO - [2025-07-16T01:48:27.613-0700] {dag.py:3696} INFO - Setting next_dagrun for example_dag_decorator to None, run_after=None
[2025-07-16T01:48:27.628-0700] {processor.py:179} INFO - Processing /Volumes/Personal Drive/GitHub/gdpr-ccpa-risk-pipeline/venv/lib/python3.11/site-packages/airflow/example_dags/example_dag_decorator.py took 2.987 seconds
[2025-07-16T01:52:28.946-0700] {processor.py:157} INFO - Started process (PID=85041) to work on /Volumes/Personal Drive/GitHub/gdpr-ccpa-risk-pipeline/venv/lib/python3.11/site-packages/airflow/example_dags/example_dag_decorator.py
[2025-07-16T01:52:28.946-0700] {processor.py:829} INFO - Processing file /Volumes/Personal Drive/GitHub/gdpr-ccpa-risk-pipeline/venv/lib/python3.11/site-packages/airflow/example_dags/example_dag_decorator.py for tasks to queue
[2025-07-16T01:52:28.947-0700] {logging_mixin.py:151} INFO - [2025-07-16T01:52:28.947-0700] {dagbag.py:539} INFO - Filling up the DagBag from /Volumes/Personal Drive/GitHub/gdpr-ccpa-risk-pipeline/venv/lib/python3.11/site-packages/airflow/example_dags/example_dag_decorator.py
[2025-07-16T01:52:29.269-0700] {processor.py:839} INFO - DAG(s) dict_keys(['example_dag_decorator']) retrieved from /Volumes/Personal Drive/GitHub/gdpr-ccpa-risk-pipeline/venv/lib/python3.11/site-packages/airflow/example_dags/example_dag_decorator.py
[2025-07-16T01:52:30.145-0700] {logging_mixin.py:151} INFO - [2025-07-16T01:52:30.145-0700] {security.py:708} INFO - Not syncing DAG-level permissions for DAG 'DAG:example_dag_decorator' as access control is unset.
[2025-07-16T01:52:30.146-0700] {logging_mixin.py:151} INFO - [2025-07-16T01:52:30.145-0700] {dag.py:2915} INFO - Sync 1 DAGs
[2025-07-16T01:52:30.154-0700] {logging_mixin.py:151} INFO - [2025-07-16T01:52:30.153-0700] {dag.py:3696} INFO - Setting next_dagrun for example_dag_decorator to None, run_after=None
[2025-07-16T01:52:30.169-0700] {processor.py:179} INFO - Processing /Volumes/Personal Drive/GitHub/gdpr-ccpa-risk-pipeline/venv/lib/python3.11/site-packages/airflow/example_dags/example_dag_decorator.py took 1.228 seconds
[2025-07-16T01:56:44.685-0700] {processor.py:157} INFO - Started process (PID=85253) to work on /Volumes/Personal Drive/GitHub/gdpr-ccpa-risk-pipeline/venv/lib/python3.11/site-packages/airflow/example_dags/example_dag_decorator.py
[2025-07-16T01:56:44.694-0700] {processor.py:829} INFO - Processing file /Volumes/Personal Drive/GitHub/gdpr-ccpa-risk-pipeline/venv/lib/python3.11/site-packages/airflow/example_dags/example_dag_decorator.py for tasks to queue
[2025-07-16T01:56:44.695-0700] {logging_mixin.py:151} INFO - [2025-07-16T01:56:44.695-0700] {dagbag.py:539} INFO - Filling up the DagBag from /Volumes/Personal Drive/GitHub/gdpr-ccpa-risk-pipeline/venv/lib/python3.11/site-packages/airflow/example_dags/example_dag_decorator.py
[2025-07-16T01:56:45.135-0700] {processor.py:839} INFO - DAG(s) dict_keys(['example_dag_decorator']) retrieved from /Volumes/Personal Drive/GitHub/gdpr-ccpa-risk-pipeline/venv/lib/python3.11/site-packages/airflow/example_dags/example_dag_decorator.py
[2025-07-16T01:56:46.569-0700] {logging_mixin.py:151} INFO - [2025-07-16T01:56:46.568-0700] {security.py:708} INFO - Not syncing DAG-level permissions for DAG 'DAG:example_dag_decorator' as access control is unset.
[2025-07-16T01:56:46.569-0700] {logging_mixin.py:151} INFO - [2025-07-16T01:56:46.569-0700] {dag.py:2915} INFO - Sync 1 DAGs
[2025-07-16T01:56:46.578-0700] {logging_mixin.py:151} INFO - [2025-07-16T01:56:46.578-0700] {dag.py:3696} INFO - Setting next_dagrun for example_dag_decorator to None, run_after=None
[2025-07-16T01:56:46.600-0700] {processor.py:179} INFO - Processing /Volumes/Personal Drive/GitHub/gdpr-ccpa-risk-pipeline/venv/lib/python3.11/site-packages/airflow/example_dags/example_dag_decorator.py took 1.918 seconds
[2025-07-16T02:00:07.537-0700] {processor.py:157} INFO - Started process (PID=85407) to work on /Volumes/Personal Drive/GitHub/gdpr-ccpa-risk-pipeline/venv/lib/python3.11/site-packages/airflow/example_dags/example_dag_decorator.py
[2025-07-16T02:00:07.547-0700] {processor.py:829} INFO - Processing file /Volumes/Personal Drive/GitHub/gdpr-ccpa-risk-pipeline/venv/lib/python3.11/site-packages/airflow/example_dags/example_dag_decorator.py for tasks to queue
[2025-07-16T02:00:07.547-0700] {logging_mixin.py:151} INFO - [2025-07-16T02:00:07.547-0700] {dagbag.py:539} INFO - Filling up the DagBag from /Volumes/Personal Drive/GitHub/gdpr-ccpa-risk-pipeline/venv/lib/python3.11/site-packages/airflow/example_dags/example_dag_decorator.py
[2025-07-16T02:00:08.163-0700] {processor.py:839} INFO - DAG(s) dict_keys(['example_dag_decorator']) retrieved from /Volumes/Personal Drive/GitHub/gdpr-ccpa-risk-pipeline/venv/lib/python3.11/site-packages/airflow/example_dags/example_dag_decorator.py
[2025-07-16T02:00:10.472-0700] {logging_mixin.py:151} INFO - [2025-07-16T02:00:10.472-0700] {security.py:708} INFO - Not syncing DAG-level permissions for DAG 'DAG:example_dag_decorator' as access control is unset.
[2025-07-16T02:00:10.472-0700] {logging_mixin.py:151} INFO - [2025-07-16T02:00:10.472-0700] {dag.py:2915} INFO - Sync 1 DAGs
[2025-07-16T02:00:10.482-0700] {logging_mixin.py:151} INFO - [2025-07-16T02:00:10.482-0700] {dag.py:3696} INFO - Setting next_dagrun for example_dag_decorator to None, run_after=None
[2025-07-16T02:00:10.506-0700] {processor.py:179} INFO - Processing /Volumes/Personal Drive/GitHub/gdpr-ccpa-risk-pipeline/venv/lib/python3.11/site-packages/airflow/example_dags/example_dag_decorator.py took 2.969 seconds
