[2025-07-16T01:46:32.688-0700] {processor.py:157} INFO - Started process (PID=84766) to work on /Volumes/Personal Drive/GitHub/gdpr-ccpa-risk-pipeline/venv/lib/python3.11/site-packages/airflow/example_dags/tutorial.py
[2025-07-16T01:46:32.690-0700] {processor.py:829} INFO - Processing file /Volumes/Personal Drive/GitHub/gdpr-ccpa-risk-pipeline/venv/lib/python3.11/site-packages/airflow/example_dags/tutorial.py for tasks to queue
[2025-07-16T01:46:32.697-0700] {logging_mixin.py:151} INFO - [2025-07-16T01:46:32.697-0700] {dagbag.py:539} INFO - Filling up the DagBag from /Volumes/Personal Drive/GitHub/gdpr-ccpa-risk-pipeline/venv/lib/python3.11/site-packages/airflow/example_dags/tutorial.py
[2025-07-16T01:46:32.743-0700] {processor.py:839} INFO - DAG(s) dict_keys(['tutorial']) retrieved from /Volumes/Personal Drive/GitHub/gdpr-ccpa-risk-pipeline/venv/lib/python3.11/site-packages/airflow/example_dags/tutorial.py
[2025-07-16T01:46:33.436-0700] {logging_mixin.py:151} INFO - [2025-07-16T01:46:33.429-0700] {dag.py:2915} INFO - Sync 1 DAGs
[2025-07-16T01:46:33.645-0700] {logging_mixin.py:151} INFO - [2025-07-16T01:46:33.645-0700] {dag.py:3696} INFO - Setting next_dagrun for tutorial to 2025-07-15T08:46:33.644853+00:00, run_after=2025-07-16T08:46:33.644853+00:00
[2025-07-16T01:46:33.692-0700] {processor.py:179} INFO - Processing /Volumes/Personal Drive/GitHub/gdpr-ccpa-risk-pipeline/venv/lib/python3.11/site-packages/airflow/example_dags/tutorial.py took 1.005 seconds
[2025-07-16T01:49:17.668-0700] {processor.py:157} INFO - Started process (PID=84897) to work on /Volumes/Personal Drive/GitHub/gdpr-ccpa-risk-pipeline/venv/lib/python3.11/site-packages/airflow/example_dags/tutorial.py
[2025-07-16T01:49:17.680-0700] {processor.py:829} INFO - Processing file /Volumes/Personal Drive/GitHub/gdpr-ccpa-risk-pipeline/venv/lib/python3.11/site-packages/airflow/example_dags/tutorial.py for tasks to queue
[2025-07-16T01:49:17.682-0700] {logging_mixin.py:151} INFO - [2025-07-16T01:49:17.682-0700] {dagbag.py:539} INFO - Filling up the DagBag from /Volumes/Personal Drive/GitHub/gdpr-ccpa-risk-pipeline/venv/lib/python3.11/site-packages/airflow/example_dags/tutorial.py
[2025-07-16T01:49:17.712-0700] {processor.py:839} INFO - DAG(s) dict_keys(['tutorial']) retrieved from /Volumes/Personal Drive/GitHub/gdpr-ccpa-risk-pipeline/venv/lib/python3.11/site-packages/airflow/example_dags/tutorial.py
[2025-07-16T01:49:17.902-0700] {logging_mixin.py:151} INFO - [2025-07-16T01:49:17.901-0700] {dag.py:2915} INFO - Sync 1 DAGs
[2025-07-16T01:49:17.916-0700] {logging_mixin.py:151} INFO - [2025-07-16T01:49:17.916-0700] {dag.py:3696} INFO - Setting next_dagrun for tutorial to 2025-07-15T08:49:17.916516+00:00, run_after=2025-07-16T08:49:17.916516+00:00
[2025-07-16T01:49:17.933-0700] {processor.py:179} INFO - Processing /Volumes/Personal Drive/GitHub/gdpr-ccpa-risk-pipeline/venv/lib/python3.11/site-packages/airflow/example_dags/tutorial.py took 0.266 seconds
[2025-07-16T01:51:18.407-0700] {processor.py:157} INFO - Started process (PID=84985) to work on /Volumes/Personal Drive/GitHub/gdpr-ccpa-risk-pipeline/venv/lib/python3.11/site-packages/airflow/example_dags/tutorial.py
[2025-07-16T01:51:18.419-0700] {processor.py:829} INFO - Processing file /Volumes/Personal Drive/GitHub/gdpr-ccpa-risk-pipeline/venv/lib/python3.11/site-packages/airflow/example_dags/tutorial.py for tasks to queue
[2025-07-16T01:51:18.420-0700] {logging_mixin.py:151} INFO - [2025-07-16T01:51:18.419-0700] {dagbag.py:539} INFO - Filling up the DagBag from /Volumes/Personal Drive/GitHub/gdpr-ccpa-risk-pipeline/venv/lib/python3.11/site-packages/airflow/example_dags/tutorial.py
[2025-07-16T01:51:18.464-0700] {processor.py:839} INFO - DAG(s) dict_keys(['tutorial']) retrieved from /Volumes/Personal Drive/GitHub/gdpr-ccpa-risk-pipeline/venv/lib/python3.11/site-packages/airflow/example_dags/tutorial.py
[2025-07-16T01:51:18.632-0700] {logging_mixin.py:151} INFO - [2025-07-16T01:51:18.632-0700] {dag.py:2915} INFO - Sync 1 DAGs
[2025-07-16T01:51:18.648-0700] {logging_mixin.py:151} INFO - [2025-07-16T01:51:18.648-0700] {dag.py:3696} INFO - Setting next_dagrun for tutorial to 2025-07-15T08:51:18.648374+00:00, run_after=2025-07-16T08:51:18.648374+00:00
[2025-07-16T01:51:18.677-0700] {processor.py:179} INFO - Processing /Volumes/Personal Drive/GitHub/gdpr-ccpa-risk-pipeline/venv/lib/python3.11/site-packages/airflow/example_dags/tutorial.py took 0.271 seconds
[2025-07-16T01:53:21.056-0700] {processor.py:157} INFO - Started process (PID=85082) to work on /Volumes/Personal Drive/GitHub/gdpr-ccpa-risk-pipeline/venv/lib/python3.11/site-packages/airflow/example_dags/tutorial.py
[2025-07-16T01:53:21.057-0700] {processor.py:829} INFO - Processing file /Volumes/Personal Drive/GitHub/gdpr-ccpa-risk-pipeline/venv/lib/python3.11/site-packages/airflow/example_dags/tutorial.py for tasks to queue
[2025-07-16T01:53:21.058-0700] {logging_mixin.py:151} INFO - [2025-07-16T01:53:21.058-0700] {dagbag.py:539} INFO - Filling up the DagBag from /Volumes/Personal Drive/GitHub/gdpr-ccpa-risk-pipeline/venv/lib/python3.11/site-packages/airflow/example_dags/tutorial.py
[2025-07-16T01:53:21.113-0700] {processor.py:839} INFO - DAG(s) dict_keys(['tutorial']) retrieved from /Volumes/Personal Drive/GitHub/gdpr-ccpa-risk-pipeline/venv/lib/python3.11/site-packages/airflow/example_dags/tutorial.py
[2025-07-16T01:53:21.295-0700] {logging_mixin.py:151} INFO - [2025-07-16T01:53:21.295-0700] {dag.py:2915} INFO - Sync 1 DAGs
[2025-07-16T01:53:21.317-0700] {logging_mixin.py:151} INFO - [2025-07-16T01:53:21.317-0700] {dag.py:3696} INFO - Setting next_dagrun for tutorial to 2025-07-15T08:53:21.317169+00:00, run_after=2025-07-16T08:53:21.317169+00:00
[2025-07-16T01:53:21.341-0700] {processor.py:179} INFO - Processing /Volumes/Personal Drive/GitHub/gdpr-ccpa-risk-pipeline/venv/lib/python3.11/site-packages/airflow/example_dags/tutorial.py took 0.295 seconds
[2025-07-16T01:55:24.568-0700] {processor.py:157} INFO - Started process (PID=85190) to work on /Volumes/Personal Drive/GitHub/gdpr-ccpa-risk-pipeline/venv/lib/python3.11/site-packages/airflow/example_dags/tutorial.py
[2025-07-16T01:55:24.577-0700] {processor.py:829} INFO - Processing file /Volumes/Personal Drive/GitHub/gdpr-ccpa-risk-pipeline/venv/lib/python3.11/site-packages/airflow/example_dags/tutorial.py for tasks to queue
[2025-07-16T01:55:24.577-0700] {logging_mixin.py:151} INFO - [2025-07-16T01:55:24.577-0700] {dagbag.py:539} INFO - Filling up the DagBag from /Volumes/Personal Drive/GitHub/gdpr-ccpa-risk-pipeline/venv/lib/python3.11/site-packages/airflow/example_dags/tutorial.py
[2025-07-16T01:55:24.616-0700] {processor.py:839} INFO - DAG(s) dict_keys(['tutorial']) retrieved from /Volumes/Personal Drive/GitHub/gdpr-ccpa-risk-pipeline/venv/lib/python3.11/site-packages/airflow/example_dags/tutorial.py
[2025-07-16T01:55:24.831-0700] {logging_mixin.py:151} INFO - [2025-07-16T01:55:24.831-0700] {dag.py:2915} INFO - Sync 1 DAGs
[2025-07-16T01:55:24.847-0700] {logging_mixin.py:151} INFO - [2025-07-16T01:55:24.847-0700] {dag.py:3696} INFO - Setting next_dagrun for tutorial to 2025-07-15T08:55:24.847750+00:00, run_after=2025-07-16T08:55:24.847750+00:00
[2025-07-16T01:55:24.861-0700] {processor.py:179} INFO - Processing /Volumes/Personal Drive/GitHub/gdpr-ccpa-risk-pipeline/venv/lib/python3.11/site-packages/airflow/example_dags/tutorial.py took 0.294 seconds
[2025-07-16T01:57:53.235-0700] {processor.py:157} INFO - Started process (PID=85305) to work on /Volumes/Personal Drive/GitHub/gdpr-ccpa-risk-pipeline/venv/lib/python3.11/site-packages/airflow/example_dags/tutorial.py
[2025-07-16T01:57:53.239-0700] {processor.py:829} INFO - Processing file /Volumes/Personal Drive/GitHub/gdpr-ccpa-risk-pipeline/venv/lib/python3.11/site-packages/airflow/example_dags/tutorial.py for tasks to queue
[2025-07-16T01:57:53.239-0700] {logging_mixin.py:151} INFO - [2025-07-16T01:57:53.239-0700] {dagbag.py:539} INFO - Filling up the DagBag from /Volumes/Personal Drive/GitHub/gdpr-ccpa-risk-pipeline/venv/lib/python3.11/site-packages/airflow/example_dags/tutorial.py
[2025-07-16T01:57:53.270-0700] {processor.py:839} INFO - DAG(s) dict_keys(['tutorial']) retrieved from /Volumes/Personal Drive/GitHub/gdpr-ccpa-risk-pipeline/venv/lib/python3.11/site-packages/airflow/example_dags/tutorial.py
[2025-07-16T01:57:53.508-0700] {logging_mixin.py:151} INFO - [2025-07-16T01:57:53.507-0700] {dag.py:2915} INFO - Sync 1 DAGs
[2025-07-16T01:57:53.525-0700] {logging_mixin.py:151} INFO - [2025-07-16T01:57:53.525-0700] {dag.py:3696} INFO - Setting next_dagrun for tutorial to 2025-07-15T08:57:53.525199+00:00, run_after=2025-07-16T08:57:53.525199+00:00
[2025-07-16T01:57:53.555-0700] {processor.py:179} INFO - Processing /Volumes/Personal Drive/GitHub/gdpr-ccpa-risk-pipeline/venv/lib/python3.11/site-packages/airflow/example_dags/tutorial.py took 0.326 seconds
[2025-07-16T02:00:51.456-0700] {processor.py:157} INFO - Started process (PID=85444) to work on /Volumes/Personal Drive/GitHub/gdpr-ccpa-risk-pipeline/venv/lib/python3.11/site-packages/airflow/example_dags/tutorial.py
[2025-07-16T02:00:51.469-0700] {processor.py:829} INFO - Processing file /Volumes/Personal Drive/GitHub/gdpr-ccpa-risk-pipeline/venv/lib/python3.11/site-packages/airflow/example_dags/tutorial.py for tasks to queue
[2025-07-16T02:00:51.476-0700] {logging_mixin.py:151} INFO - [2025-07-16T02:00:51.473-0700] {dagbag.py:539} INFO - Filling up the DagBag from /Volumes/Personal Drive/GitHub/gdpr-ccpa-risk-pipeline/venv/lib/python3.11/site-packages/airflow/example_dags/tutorial.py
[2025-07-16T02:00:51.768-0700] {processor.py:839} INFO - DAG(s) dict_keys(['tutorial']) retrieved from /Volumes/Personal Drive/GitHub/gdpr-ccpa-risk-pipeline/venv/lib/python3.11/site-packages/airflow/example_dags/tutorial.py
[2025-07-16T02:00:52.292-0700] {logging_mixin.py:151} INFO - [2025-07-16T02:00:52.291-0700] {dag.py:2915} INFO - Sync 1 DAGs
[2025-07-16T02:00:52.323-0700] {logging_mixin.py:151} INFO - [2025-07-16T02:00:52.322-0700] {dag.py:3696} INFO - Setting next_dagrun for tutorial to 2025-07-15T09:00:52.322655+00:00, run_after=2025-07-16T09:00:52.322655+00:00
[2025-07-16T02:00:52.376-0700] {processor.py:179} INFO - Processing /Volumes/Personal Drive/GitHub/gdpr-ccpa-risk-pipeline/venv/lib/python3.11/site-packages/airflow/example_dags/tutorial.py took 0.923 seconds
