[2025-07-16T01:46:13.998-0700] {processor.py:157} INFO - Started process (PID=84753) to work on /Volumes/Personal Drive/GitHub/gdpr-ccpa-risk-pipeline/venv/lib/python3.11/site-packages/airflow/example_dags/tutorial_taskflow_api_virtualenv.py
[2025-07-16T01:46:14.001-0700] {processor.py:829} INFO - Processing file /Volumes/Personal Drive/GitHub/gdpr-ccpa-risk-pipeline/venv/lib/python3.11/site-packages/airflow/example_dags/tutorial_taskflow_api_virtualenv.py for tasks to queue
[2025-07-16T01:46:14.003-0700] {logging_mixin.py:151} INFO - [2025-07-16T01:46:14.002-0700] {dagbag.py:539} INFO - Filling up the DagBag from /Volumes/Personal Drive/GitHub/gdpr-ccpa-risk-pipeline/venv/lib/python3.11/site-packages/airflow/example_dags/tutorial_taskflow_api_virtualenv.py
[2025-07-16T01:46:14.063-0700] {logging_mixin.py:151} INFO - [2025-07-16T01:46:14.062-0700] {tutorial_taskflow_api_virtualenv.py:29} WARNING - The tutorial_taskflow_api_virtualenv example DAG requires virtualenv, please install it.
[2025-07-16T01:46:14.063-0700] {processor.py:841} WARNING - No viable dags retrieved from /Volumes/Personal Drive/GitHub/gdpr-ccpa-risk-pipeline/venv/lib/python3.11/site-packages/airflow/example_dags/tutorial_taskflow_api_virtualenv.py
[2025-07-16T01:46:14.176-0700] {processor.py:179} INFO - Processing /Volumes/Personal Drive/GitHub/gdpr-ccpa-risk-pipeline/venv/lib/python3.11/site-packages/airflow/example_dags/tutorial_taskflow_api_virtualenv.py took 0.179 seconds
[2025-07-16T01:49:09.356-0700] {processor.py:157} INFO - Started process (PID=84887) to work on /Volumes/Personal Drive/GitHub/gdpr-ccpa-risk-pipeline/venv/lib/python3.11/site-packages/airflow/example_dags/tutorial_taskflow_api_virtualenv.py
[2025-07-16T01:49:09.381-0700] {processor.py:829} INFO - Processing file /Volumes/Personal Drive/GitHub/gdpr-ccpa-risk-pipeline/venv/lib/python3.11/site-packages/airflow/example_dags/tutorial_taskflow_api_virtualenv.py for tasks to queue
[2025-07-16T01:49:09.382-0700] {logging_mixin.py:151} INFO - [2025-07-16T01:49:09.382-0700] {dagbag.py:539} INFO - Filling up the DagBag from /Volumes/Personal Drive/GitHub/gdpr-ccpa-risk-pipeline/venv/lib/python3.11/site-packages/airflow/example_dags/tutorial_taskflow_api_virtualenv.py
[2025-07-16T01:49:09.435-0700] {logging_mixin.py:151} INFO - [2025-07-16T01:49:09.435-0700] {tutorial_taskflow_api_virtualenv.py:29} WARNING - The tutorial_taskflow_api_virtualenv example DAG requires virtualenv, please install it.
[2025-07-16T01:49:09.435-0700] {processor.py:841} WARNING - No viable dags retrieved from /Volumes/Personal Drive/GitHub/gdpr-ccpa-risk-pipeline/venv/lib/python3.11/site-packages/airflow/example_dags/tutorial_taskflow_api_virtualenv.py
[2025-07-16T01:49:09.551-0700] {processor.py:179} INFO - Processing /Volumes/Personal Drive/GitHub/gdpr-ccpa-risk-pipeline/venv/lib/python3.11/site-packages/airflow/example_dags/tutorial_taskflow_api_virtualenv.py took 0.195 seconds
[2025-07-16T01:51:01.193-0700] {processor.py:157} INFO - Started process (PID=84975) to work on /Volumes/Personal Drive/GitHub/gdpr-ccpa-risk-pipeline/venv/lib/python3.11/site-packages/airflow/example_dags/tutorial_taskflow_api_virtualenv.py
[2025-07-16T01:51:01.204-0700] {processor.py:829} INFO - Processing file /Volumes/Personal Drive/GitHub/gdpr-ccpa-risk-pipeline/venv/lib/python3.11/site-packages/airflow/example_dags/tutorial_taskflow_api_virtualenv.py for tasks to queue
[2025-07-16T01:51:01.230-0700] {logging_mixin.py:151} INFO - [2025-07-16T01:51:01.222-0700] {dagbag.py:539} INFO - Filling up the DagBag from /Volumes/Personal Drive/GitHub/gdpr-ccpa-risk-pipeline/venv/lib/python3.11/site-packages/airflow/example_dags/tutorial_taskflow_api_virtualenv.py
[2025-07-16T01:51:01.390-0700] {logging_mixin.py:151} INFO - [2025-07-16T01:51:01.389-0700] {tutorial_taskflow_api_virtualenv.py:29} WARNING - The tutorial_taskflow_api_virtualenv example DAG requires virtualenv, please install it.
[2025-07-16T01:51:01.393-0700] {processor.py:841} WARNING - No viable dags retrieved from /Volumes/Personal Drive/GitHub/gdpr-ccpa-risk-pipeline/venv/lib/python3.11/site-packages/airflow/example_dags/tutorial_taskflow_api_virtualenv.py
[2025-07-16T01:51:01.556-0700] {processor.py:179} INFO - Processing /Volumes/Personal Drive/GitHub/gdpr-ccpa-risk-pipeline/venv/lib/python3.11/site-packages/airflow/example_dags/tutorial_taskflow_api_virtualenv.py took 0.370 seconds
[2025-07-16T01:53:11.535-0700] {processor.py:157} INFO - Started process (PID=85072) to work on /Volumes/Personal Drive/GitHub/gdpr-ccpa-risk-pipeline/venv/lib/python3.11/site-packages/airflow/example_dags/tutorial_taskflow_api_virtualenv.py
[2025-07-16T01:53:11.535-0700] {processor.py:829} INFO - Processing file /Volumes/Personal Drive/GitHub/gdpr-ccpa-risk-pipeline/venv/lib/python3.11/site-packages/airflow/example_dags/tutorial_taskflow_api_virtualenv.py for tasks to queue
[2025-07-16T01:53:11.538-0700] {logging_mixin.py:151} INFO - [2025-07-16T01:53:11.537-0700] {dagbag.py:539} INFO - Filling up the DagBag from /Volumes/Personal Drive/GitHub/gdpr-ccpa-risk-pipeline/venv/lib/python3.11/site-packages/airflow/example_dags/tutorial_taskflow_api_virtualenv.py
[2025-07-16T01:53:11.605-0700] {logging_mixin.py:151} INFO - [2025-07-16T01:53:11.604-0700] {tutorial_taskflow_api_virtualenv.py:29} WARNING - The tutorial_taskflow_api_virtualenv example DAG requires virtualenv, please install it.
[2025-07-16T01:53:11.605-0700] {processor.py:841} WARNING - No viable dags retrieved from /Volumes/Personal Drive/GitHub/gdpr-ccpa-risk-pipeline/venv/lib/python3.11/site-packages/airflow/example_dags/tutorial_taskflow_api_virtualenv.py
[2025-07-16T01:53:11.707-0700] {processor.py:179} INFO - Processing /Volumes/Personal Drive/GitHub/gdpr-ccpa-risk-pipeline/venv/lib/python3.11/site-packages/airflow/example_dags/tutorial_taskflow_api_virtualenv.py took 0.180 seconds
[2025-07-16T01:55:13.786-0700] {processor.py:157} INFO - Started process (PID=85180) to work on /Volumes/Personal Drive/GitHub/gdpr-ccpa-risk-pipeline/venv/lib/python3.11/site-packages/airflow/example_dags/tutorial_taskflow_api_virtualenv.py
[2025-07-16T01:55:13.801-0700] {processor.py:829} INFO - Processing file /Volumes/Personal Drive/GitHub/gdpr-ccpa-risk-pipeline/venv/lib/python3.11/site-packages/airflow/example_dags/tutorial_taskflow_api_virtualenv.py for tasks to queue
[2025-07-16T01:55:13.802-0700] {logging_mixin.py:151} INFO - [2025-07-16T01:55:13.802-0700] {dagbag.py:539} INFO - Filling up the DagBag from /Volumes/Personal Drive/GitHub/gdpr-ccpa-risk-pipeline/venv/lib/python3.11/site-packages/airflow/example_dags/tutorial_taskflow_api_virtualenv.py
[2025-07-16T01:55:13.871-0700] {logging_mixin.py:151} INFO - [2025-07-16T01:55:13.871-0700] {tutorial_taskflow_api_virtualenv.py:29} WARNING - The tutorial_taskflow_api_virtualenv example DAG requires virtualenv, please install it.
[2025-07-16T01:55:13.871-0700] {processor.py:841} WARNING - No viable dags retrieved from /Volumes/Personal Drive/GitHub/gdpr-ccpa-risk-pipeline/venv/lib/python3.11/site-packages/airflow/example_dags/tutorial_taskflow_api_virtualenv.py
[2025-07-16T01:55:14.017-0700] {processor.py:179} INFO - Processing /Volumes/Personal Drive/GitHub/gdpr-ccpa-risk-pipeline/venv/lib/python3.11/site-packages/airflow/example_dags/tutorial_taskflow_api_virtualenv.py took 0.232 seconds
[2025-07-16T01:57:42.095-0700] {processor.py:157} INFO - Started process (PID=85295) to work on /Volumes/Personal Drive/GitHub/gdpr-ccpa-risk-pipeline/venv/lib/python3.11/site-packages/airflow/example_dags/tutorial_taskflow_api_virtualenv.py
[2025-07-16T01:57:42.096-0700] {processor.py:829} INFO - Processing file /Volumes/Personal Drive/GitHub/gdpr-ccpa-risk-pipeline/venv/lib/python3.11/site-packages/airflow/example_dags/tutorial_taskflow_api_virtualenv.py for tasks to queue
[2025-07-16T01:57:42.096-0700] {logging_mixin.py:151} INFO - [2025-07-16T01:57:42.096-0700] {dagbag.py:539} INFO - Filling up the DagBag from /Volumes/Personal Drive/GitHub/gdpr-ccpa-risk-pipeline/venv/lib/python3.11/site-packages/airflow/example_dags/tutorial_taskflow_api_virtualenv.py
[2025-07-16T01:57:42.192-0700] {logging_mixin.py:151} INFO - [2025-07-16T01:57:42.192-0700] {tutorial_taskflow_api_virtualenv.py:29} WARNING - The tutorial_taskflow_api_virtualenv example DAG requires virtualenv, please install it.
[2025-07-16T01:57:42.193-0700] {processor.py:841} WARNING - No viable dags retrieved from /Volumes/Personal Drive/GitHub/gdpr-ccpa-risk-pipeline/venv/lib/python3.11/site-packages/airflow/example_dags/tutorial_taskflow_api_virtualenv.py
[2025-07-16T01:57:42.355-0700] {processor.py:179} INFO - Processing /Volumes/Personal Drive/GitHub/gdpr-ccpa-risk-pipeline/venv/lib/python3.11/site-packages/airflow/example_dags/tutorial_taskflow_api_virtualenv.py took 0.265 seconds
[2025-07-16T02:00:40.633-0700] {processor.py:157} INFO - Started process (PID=85434) to work on /Volumes/Personal Drive/GitHub/gdpr-ccpa-risk-pipeline/venv/lib/python3.11/site-packages/airflow/example_dags/tutorial_taskflow_api_virtualenv.py
[2025-07-16T02:00:40.640-0700] {processor.py:829} INFO - Processing file /Volumes/Personal Drive/GitHub/gdpr-ccpa-risk-pipeline/venv/lib/python3.11/site-packages/airflow/example_dags/tutorial_taskflow_api_virtualenv.py for tasks to queue
[2025-07-16T02:00:40.641-0700] {logging_mixin.py:151} INFO - [2025-07-16T02:00:40.641-0700] {dagbag.py:539} INFO - Filling up the DagBag from /Volumes/Personal Drive/GitHub/gdpr-ccpa-risk-pipeline/venv/lib/python3.11/site-packages/airflow/example_dags/tutorial_taskflow_api_virtualenv.py
[2025-07-16T02:00:40.734-0700] {logging_mixin.py:151} INFO - [2025-07-16T02:00:40.733-0700] {tutorial_taskflow_api_virtualenv.py:29} WARNING - The tutorial_taskflow_api_virtualenv example DAG requires virtualenv, please install it.
[2025-07-16T02:00:40.734-0700] {processor.py:841} WARNING - No viable dags retrieved from /Volumes/Personal Drive/GitHub/gdpr-ccpa-risk-pipeline/venv/lib/python3.11/site-packages/airflow/example_dags/tutorial_taskflow_api_virtualenv.py
[2025-07-16T02:00:40.958-0700] {processor.py:179} INFO - Processing /Volumes/Personal Drive/GitHub/gdpr-ccpa-risk-pipeline/venv/lib/python3.11/site-packages/airflow/example_dags/tutorial_taskflow_api_virtualenv.py took 0.331 seconds
[2025-07-16T02:03:03.789-0700] {processor.py:157} INFO - Started process (PID=85543) to work on /Volumes/Personal Drive/GitHub/gdpr-ccpa-risk-pipeline/venv/lib/python3.11/site-packages/airflow/example_dags/tutorial_taskflow_api_virtualenv.py
[2025-07-16T02:03:03.805-0700] {processor.py:829} INFO - Processing file /Volumes/Personal Drive/GitHub/gdpr-ccpa-risk-pipeline/venv/lib/python3.11/site-packages/airflow/example_dags/tutorial_taskflow_api_virtualenv.py for tasks to queue
[2025-07-16T02:03:03.806-0700] {logging_mixin.py:151} INFO - [2025-07-16T02:03:03.805-0700] {dagbag.py:539} INFO - Filling up the DagBag from /Volumes/Personal Drive/GitHub/gdpr-ccpa-risk-pipeline/venv/lib/python3.11/site-packages/airflow/example_dags/tutorial_taskflow_api_virtualenv.py
[2025-07-16T02:03:03.894-0700] {logging_mixin.py:151} INFO - [2025-07-16T02:03:03.894-0700] {tutorial_taskflow_api_virtualenv.py:29} WARNING - The tutorial_taskflow_api_virtualenv example DAG requires virtualenv, please install it.
[2025-07-16T02:03:03.894-0700] {processor.py:841} WARNING - No viable dags retrieved from /Volumes/Personal Drive/GitHub/gdpr-ccpa-risk-pipeline/venv/lib/python3.11/site-packages/airflow/example_dags/tutorial_taskflow_api_virtualenv.py
[2025-07-16T02:03:04.064-0700] {processor.py:179} INFO - Processing /Volumes/Personal Drive/GitHub/gdpr-ccpa-risk-pipeline/venv/lib/python3.11/site-packages/airflow/example_dags/tutorial_taskflow_api_virtualenv.py took 0.276 seconds
