[2025-07-16T01:46:21.463-0700] {processor.py:157} INFO - Started process (PID=84754) to work on /Volumes/Personal Drive/GitHub/gdpr-ccpa-risk-pipeline/venv/lib/python3.11/site-packages/airflow/example_dags/tutorial_taskflow_api.py
[2025-07-16T01:46:21.465-0700] {processor.py:829} INFO - Processing file /Volumes/Personal Drive/GitHub/gdpr-ccpa-risk-pipeline/venv/lib/python3.11/site-packages/airflow/example_dags/tutorial_taskflow_api.py for tasks to queue
[2025-07-16T01:46:21.491-0700] {logging_mixin.py:151} INFO - [2025-07-16T01:46:21.491-0700] {dagbag.py:539} INFO - Filling up the DagBag from /Volumes/Personal Drive/GitHub/gdpr-ccpa-risk-pipeline/venv/lib/python3.11/site-packages/airflow/example_dags/tutorial_taskflow_api.py
[2025-07-16T01:46:22.248-0700] {processor.py:839} INFO - DAG(s) dict_keys(['tutorial_taskflow_api']) retrieved from /Volumes/Personal Drive/GitHub/gdpr-ccpa-risk-pipeline/venv/lib/python3.11/site-packages/airflow/example_dags/tutorial_taskflow_api.py
[2025-07-16T01:46:25.037-0700] {logging_mixin.py:151} INFO - [2025-07-16T01:46:25.035-0700] {dag.py:2915} INFO - Sync 1 DAGs
[2025-07-16T01:46:25.129-0700] {logging_mixin.py:151} INFO - [2025-07-16T01:46:25.129-0700] {dag.py:3696} INFO - Setting next_dagrun for tutorial_taskflow_api to None, run_after=None
[2025-07-16T01:46:25.211-0700] {processor.py:179} INFO - Processing /Volumes/Personal Drive/GitHub/gdpr-ccpa-risk-pipeline/venv/lib/python3.11/site-packages/airflow/example_dags/tutorial_taskflow_api.py took 3.774 seconds
[2025-07-16T01:49:11.333-0700] {processor.py:157} INFO - Started process (PID=84888) to work on /Volumes/Personal Drive/GitHub/gdpr-ccpa-risk-pipeline/venv/lib/python3.11/site-packages/airflow/example_dags/tutorial_taskflow_api.py
[2025-07-16T01:49:11.335-0700] {processor.py:829} INFO - Processing file /Volumes/Personal Drive/GitHub/gdpr-ccpa-risk-pipeline/venv/lib/python3.11/site-packages/airflow/example_dags/tutorial_taskflow_api.py for tasks to queue
[2025-07-16T01:49:11.335-0700] {logging_mixin.py:151} INFO - [2025-07-16T01:49:11.335-0700] {dagbag.py:539} INFO - Filling up the DagBag from /Volumes/Personal Drive/GitHub/gdpr-ccpa-risk-pipeline/venv/lib/python3.11/site-packages/airflow/example_dags/tutorial_taskflow_api.py
[2025-07-16T01:49:11.399-0700] {processor.py:839} INFO - DAG(s) dict_keys(['tutorial_taskflow_api']) retrieved from /Volumes/Personal Drive/GitHub/gdpr-ccpa-risk-pipeline/venv/lib/python3.11/site-packages/airflow/example_dags/tutorial_taskflow_api.py
[2025-07-16T01:49:11.586-0700] {logging_mixin.py:151} INFO - [2025-07-16T01:49:11.586-0700] {dag.py:2915} INFO - Sync 1 DAGs
[2025-07-16T01:49:11.635-0700] {logging_mixin.py:151} INFO - [2025-07-16T01:49:11.634-0700] {dag.py:3696} INFO - Setting next_dagrun for tutorial_taskflow_api to None, run_after=None
[2025-07-16T01:49:11.658-0700] {processor.py:179} INFO - Processing /Volumes/Personal Drive/GitHub/gdpr-ccpa-risk-pipeline/venv/lib/python3.11/site-packages/airflow/example_dags/tutorial_taskflow_api.py took 0.326 seconds
[2025-07-16T01:51:06.633-0700] {processor.py:157} INFO - Started process (PID=84976) to work on /Volumes/Personal Drive/GitHub/gdpr-ccpa-risk-pipeline/venv/lib/python3.11/site-packages/airflow/example_dags/tutorial_taskflow_api.py
[2025-07-16T01:51:06.637-0700] {processor.py:829} INFO - Processing file /Volumes/Personal Drive/GitHub/gdpr-ccpa-risk-pipeline/venv/lib/python3.11/site-packages/airflow/example_dags/tutorial_taskflow_api.py for tasks to queue
[2025-07-16T01:51:06.645-0700] {logging_mixin.py:151} INFO - [2025-07-16T01:51:06.644-0700] {dagbag.py:539} INFO - Filling up the DagBag from /Volumes/Personal Drive/GitHub/gdpr-ccpa-risk-pipeline/venv/lib/python3.11/site-packages/airflow/example_dags/tutorial_taskflow_api.py
[2025-07-16T01:51:06.785-0700] {processor.py:839} INFO - DAG(s) dict_keys(['tutorial_taskflow_api']) retrieved from /Volumes/Personal Drive/GitHub/gdpr-ccpa-risk-pipeline/venv/lib/python3.11/site-packages/airflow/example_dags/tutorial_taskflow_api.py
[2025-07-16T01:51:07.045-0700] {logging_mixin.py:151} INFO - [2025-07-16T01:51:07.042-0700] {dag.py:2915} INFO - Sync 1 DAGs
[2025-07-16T01:51:07.075-0700] {logging_mixin.py:151} INFO - [2025-07-16T01:51:07.075-0700] {dag.py:3696} INFO - Setting next_dagrun for tutorial_taskflow_api to None, run_after=None
[2025-07-16T01:51:07.178-0700] {processor.py:179} INFO - Processing /Volumes/Personal Drive/GitHub/gdpr-ccpa-risk-pipeline/venv/lib/python3.11/site-packages/airflow/example_dags/tutorial_taskflow_api.py took 0.597 seconds
[2025-07-16T01:53:14.889-0700] {processor.py:157} INFO - Started process (PID=85074) to work on /Volumes/Personal Drive/GitHub/gdpr-ccpa-risk-pipeline/venv/lib/python3.11/site-packages/airflow/example_dags/tutorial_taskflow_api.py
[2025-07-16T01:53:14.891-0700] {processor.py:829} INFO - Processing file /Volumes/Personal Drive/GitHub/gdpr-ccpa-risk-pipeline/venv/lib/python3.11/site-packages/airflow/example_dags/tutorial_taskflow_api.py for tasks to queue
[2025-07-16T01:53:14.894-0700] {logging_mixin.py:151} INFO - [2025-07-16T01:53:14.894-0700] {dagbag.py:539} INFO - Filling up the DagBag from /Volumes/Personal Drive/GitHub/gdpr-ccpa-risk-pipeline/venv/lib/python3.11/site-packages/airflow/example_dags/tutorial_taskflow_api.py
[2025-07-16T01:53:15.096-0700] {processor.py:839} INFO - DAG(s) dict_keys(['tutorial_taskflow_api']) retrieved from /Volumes/Personal Drive/GitHub/gdpr-ccpa-risk-pipeline/venv/lib/python3.11/site-packages/airflow/example_dags/tutorial_taskflow_api.py
[2025-07-16T01:53:15.372-0700] {logging_mixin.py:151} INFO - [2025-07-16T01:53:15.371-0700] {dag.py:2915} INFO - Sync 1 DAGs
[2025-07-16T01:53:15.387-0700] {logging_mixin.py:151} INFO - [2025-07-16T01:53:15.387-0700] {dag.py:3696} INFO - Setting next_dagrun for tutorial_taskflow_api to None, run_after=None
[2025-07-16T01:53:15.422-0700] {processor.py:179} INFO - Processing /Volumes/Personal Drive/GitHub/gdpr-ccpa-risk-pipeline/venv/lib/python3.11/site-packages/airflow/example_dags/tutorial_taskflow_api.py took 0.540 seconds
[2025-07-16T01:55:17.425-0700] {processor.py:157} INFO - Started process (PID=85181) to work on /Volumes/Personal Drive/GitHub/gdpr-ccpa-risk-pipeline/venv/lib/python3.11/site-packages/airflow/example_dags/tutorial_taskflow_api.py
[2025-07-16T01:55:17.427-0700] {processor.py:829} INFO - Processing file /Volumes/Personal Drive/GitHub/gdpr-ccpa-risk-pipeline/venv/lib/python3.11/site-packages/airflow/example_dags/tutorial_taskflow_api.py for tasks to queue
[2025-07-16T01:55:17.427-0700] {logging_mixin.py:151} INFO - [2025-07-16T01:55:17.427-0700] {dagbag.py:539} INFO - Filling up the DagBag from /Volumes/Personal Drive/GitHub/gdpr-ccpa-risk-pipeline/venv/lib/python3.11/site-packages/airflow/example_dags/tutorial_taskflow_api.py
[2025-07-16T01:55:17.530-0700] {processor.py:839} INFO - DAG(s) dict_keys(['tutorial_taskflow_api']) retrieved from /Volumes/Personal Drive/GitHub/gdpr-ccpa-risk-pipeline/venv/lib/python3.11/site-packages/airflow/example_dags/tutorial_taskflow_api.py
[2025-07-16T01:55:17.732-0700] {logging_mixin.py:151} INFO - [2025-07-16T01:55:17.732-0700] {dag.py:2915} INFO - Sync 1 DAGs
[2025-07-16T01:55:17.742-0700] {logging_mixin.py:151} INFO - [2025-07-16T01:55:17.742-0700] {dag.py:3696} INFO - Setting next_dagrun for tutorial_taskflow_api to None, run_after=None
[2025-07-16T01:55:17.786-0700] {processor.py:179} INFO - Processing /Volumes/Personal Drive/GitHub/gdpr-ccpa-risk-pipeline/venv/lib/python3.11/site-packages/airflow/example_dags/tutorial_taskflow_api.py took 0.372 seconds
[2025-07-16T01:57:46.190-0700] {processor.py:157} INFO - Started process (PID=85296) to work on /Volumes/Personal Drive/GitHub/gdpr-ccpa-risk-pipeline/venv/lib/python3.11/site-packages/airflow/example_dags/tutorial_taskflow_api.py
[2025-07-16T01:57:46.197-0700] {processor.py:829} INFO - Processing file /Volumes/Personal Drive/GitHub/gdpr-ccpa-risk-pipeline/venv/lib/python3.11/site-packages/airflow/example_dags/tutorial_taskflow_api.py for tasks to queue
[2025-07-16T01:57:46.199-0700] {logging_mixin.py:151} INFO - [2025-07-16T01:57:46.199-0700] {dagbag.py:539} INFO - Filling up the DagBag from /Volumes/Personal Drive/GitHub/gdpr-ccpa-risk-pipeline/venv/lib/python3.11/site-packages/airflow/example_dags/tutorial_taskflow_api.py
[2025-07-16T01:57:46.383-0700] {processor.py:839} INFO - DAG(s) dict_keys(['tutorial_taskflow_api']) retrieved from /Volumes/Personal Drive/GitHub/gdpr-ccpa-risk-pipeline/venv/lib/python3.11/site-packages/airflow/example_dags/tutorial_taskflow_api.py
[2025-07-16T01:57:46.836-0700] {logging_mixin.py:151} INFO - [2025-07-16T01:57:46.836-0700] {dag.py:2915} INFO - Sync 1 DAGs
[2025-07-16T01:57:46.857-0700] {logging_mixin.py:151} INFO - [2025-07-16T01:57:46.857-0700] {dag.py:3696} INFO - Setting next_dagrun for tutorial_taskflow_api to None, run_after=None
[2025-07-16T01:57:46.930-0700] {processor.py:179} INFO - Processing /Volumes/Personal Drive/GitHub/gdpr-ccpa-risk-pipeline/venv/lib/python3.11/site-packages/airflow/example_dags/tutorial_taskflow_api.py took 0.763 seconds
[2025-07-16T02:00:45.142-0700] {processor.py:157} INFO - Started process (PID=85442) to work on /Volumes/Personal Drive/GitHub/gdpr-ccpa-risk-pipeline/venv/lib/python3.11/site-packages/airflow/example_dags/tutorial_taskflow_api.py
[2025-07-16T02:00:45.147-0700] {processor.py:829} INFO - Processing file /Volumes/Personal Drive/GitHub/gdpr-ccpa-risk-pipeline/venv/lib/python3.11/site-packages/airflow/example_dags/tutorial_taskflow_api.py for tasks to queue
[2025-07-16T02:00:45.148-0700] {logging_mixin.py:151} INFO - [2025-07-16T02:00:45.148-0700] {dagbag.py:539} INFO - Filling up the DagBag from /Volumes/Personal Drive/GitHub/gdpr-ccpa-risk-pipeline/venv/lib/python3.11/site-packages/airflow/example_dags/tutorial_taskflow_api.py
[2025-07-16T02:00:45.224-0700] {processor.py:839} INFO - DAG(s) dict_keys(['tutorial_taskflow_api']) retrieved from /Volumes/Personal Drive/GitHub/gdpr-ccpa-risk-pipeline/venv/lib/python3.11/site-packages/airflow/example_dags/tutorial_taskflow_api.py
[2025-07-16T02:00:45.497-0700] {logging_mixin.py:151} INFO - [2025-07-16T02:00:45.497-0700] {dag.py:2915} INFO - Sync 1 DAGs
[2025-07-16T02:00:45.515-0700] {logging_mixin.py:151} INFO - [2025-07-16T02:00:45.515-0700] {dag.py:3696} INFO - Setting next_dagrun for tutorial_taskflow_api to None, run_after=None
[2025-07-16T02:00:45.534-0700] {processor.py:179} INFO - Processing /Volumes/Personal Drive/GitHub/gdpr-ccpa-risk-pipeline/venv/lib/python3.11/site-packages/airflow/example_dags/tutorial_taskflow_api.py took 0.393 seconds
[2025-07-16T02:03:07.283-0700] {processor.py:157} INFO - Started process (PID=85547) to work on /Volumes/Personal Drive/GitHub/gdpr-ccpa-risk-pipeline/venv/lib/python3.11/site-packages/airflow/example_dags/tutorial_taskflow_api.py
[2025-07-16T02:03:07.289-0700] {processor.py:829} INFO - Processing file /Volumes/Personal Drive/GitHub/gdpr-ccpa-risk-pipeline/venv/lib/python3.11/site-packages/airflow/example_dags/tutorial_taskflow_api.py for tasks to queue
[2025-07-16T02:03:07.291-0700] {logging_mixin.py:151} INFO - [2025-07-16T02:03:07.291-0700] {dagbag.py:539} INFO - Filling up the DagBag from /Volumes/Personal Drive/GitHub/gdpr-ccpa-risk-pipeline/venv/lib/python3.11/site-packages/airflow/example_dags/tutorial_taskflow_api.py
[2025-07-16T02:03:07.440-0700] {processor.py:839} INFO - DAG(s) dict_keys(['tutorial_taskflow_api']) retrieved from /Volumes/Personal Drive/GitHub/gdpr-ccpa-risk-pipeline/venv/lib/python3.11/site-packages/airflow/example_dags/tutorial_taskflow_api.py
[2025-07-16T02:03:08.402-0700] {logging_mixin.py:151} INFO - [2025-07-16T02:03:08.402-0700] {dag.py:2915} INFO - Sync 1 DAGs
[2025-07-16T02:03:08.436-0700] {logging_mixin.py:151} INFO - [2025-07-16T02:03:08.435-0700] {dag.py:3696} INFO - Setting next_dagrun for tutorial_taskflow_api to None, run_after=None
[2025-07-16T02:03:08.493-0700] {processor.py:179} INFO - Processing /Volumes/Personal Drive/GitHub/gdpr-ccpa-risk-pipeline/venv/lib/python3.11/site-packages/airflow/example_dags/tutorial_taskflow_api.py took 1.212 seconds
