[2025-07-16T01:46:29.209-0700] {processor.py:157} INFO - Started process (PID=84763) to work on /Volumes/Personal Drive/GitHub/gdpr-ccpa-risk-pipeline/venv/lib/python3.11/site-packages/airflow/example_dags/tutorial_dag.py
[2025-07-16T01:46:29.210-0700] {processor.py:829} INFO - Processing file /Volumes/Personal Drive/GitHub/gdpr-ccpa-risk-pipeline/venv/lib/python3.11/site-packages/airflow/example_dags/tutorial_dag.py for tasks to queue
[2025-07-16T01:46:29.213-0700] {logging_mixin.py:151} INFO - [2025-07-16T01:46:29.210-0700] {dagbag.py:539} INFO - Filling up the DagBag from /Volumes/Personal Drive/GitHub/gdpr-ccpa-risk-pipeline/venv/lib/python3.11/site-packages/airflow/example_dags/tutorial_dag.py
[2025-07-16T01:46:29.282-0700] {processor.py:839} INFO - DAG(s) dict_keys(['tutorial_dag']) retrieved from /Volumes/Personal Drive/GitHub/gdpr-ccpa-risk-pipeline/venv/lib/python3.11/site-packages/airflow/example_dags/tutorial_dag.py
[2025-07-16T01:46:29.626-0700] {logging_mixin.py:151} INFO - [2025-07-16T01:46:29.625-0700] {dag.py:2915} INFO - Sync 1 DAGs
[2025-07-16T01:46:29.642-0700] {logging_mixin.py:151} INFO - [2025-07-16T01:46:29.642-0700] {dag.py:3696} INFO - Setting next_dagrun for tutorial_dag to None, run_after=None
[2025-07-16T01:46:29.684-0700] {processor.py:179} INFO - Processing /Volumes/Personal Drive/GitHub/gdpr-ccpa-risk-pipeline/venv/lib/python3.11/site-packages/airflow/example_dags/tutorial_dag.py took 0.476 seconds
[2025-07-16T01:49:14.677-0700] {processor.py:157} INFO - Started process (PID=84889) to work on /Volumes/Personal Drive/GitHub/gdpr-ccpa-risk-pipeline/venv/lib/python3.11/site-packages/airflow/example_dags/tutorial_dag.py
[2025-07-16T01:49:14.700-0700] {processor.py:829} INFO - Processing file /Volumes/Personal Drive/GitHub/gdpr-ccpa-risk-pipeline/venv/lib/python3.11/site-packages/airflow/example_dags/tutorial_dag.py for tasks to queue
[2025-07-16T01:49:14.701-0700] {logging_mixin.py:151} INFO - [2025-07-16T01:49:14.701-0700] {dagbag.py:539} INFO - Filling up the DagBag from /Volumes/Personal Drive/GitHub/gdpr-ccpa-risk-pipeline/venv/lib/python3.11/site-packages/airflow/example_dags/tutorial_dag.py
[2025-07-16T01:49:14.764-0700] {processor.py:839} INFO - DAG(s) dict_keys(['tutorial_dag']) retrieved from /Volumes/Personal Drive/GitHub/gdpr-ccpa-risk-pipeline/venv/lib/python3.11/site-packages/airflow/example_dags/tutorial_dag.py
[2025-07-16T01:49:14.961-0700] {logging_mixin.py:151} INFO - [2025-07-16T01:49:14.960-0700] {dag.py:2915} INFO - Sync 1 DAGs
[2025-07-16T01:49:14.970-0700] {logging_mixin.py:151} INFO - [2025-07-16T01:49:14.970-0700] {dag.py:3696} INFO - Setting next_dagrun for tutorial_dag to None, run_after=None
[2025-07-16T01:49:14.995-0700] {processor.py:179} INFO - Processing /Volumes/Personal Drive/GitHub/gdpr-ccpa-risk-pipeline/venv/lib/python3.11/site-packages/airflow/example_dags/tutorial_dag.py took 0.319 seconds
[2025-07-16T01:51:15.376-0700] {processor.py:157} INFO - Started process (PID=84984) to work on /Volumes/Personal Drive/GitHub/gdpr-ccpa-risk-pipeline/venv/lib/python3.11/site-packages/airflow/example_dags/tutorial_dag.py
[2025-07-16T01:51:15.376-0700] {processor.py:829} INFO - Processing file /Volumes/Personal Drive/GitHub/gdpr-ccpa-risk-pipeline/venv/lib/python3.11/site-packages/airflow/example_dags/tutorial_dag.py for tasks to queue
[2025-07-16T01:51:15.377-0700] {logging_mixin.py:151} INFO - [2025-07-16T01:51:15.377-0700] {dagbag.py:539} INFO - Filling up the DagBag from /Volumes/Personal Drive/GitHub/gdpr-ccpa-risk-pipeline/venv/lib/python3.11/site-packages/airflow/example_dags/tutorial_dag.py
[2025-07-16T01:51:15.442-0700] {processor.py:839} INFO - DAG(s) dict_keys(['tutorial_dag']) retrieved from /Volumes/Personal Drive/GitHub/gdpr-ccpa-risk-pipeline/venv/lib/python3.11/site-packages/airflow/example_dags/tutorial_dag.py
[2025-07-16T01:51:15.668-0700] {logging_mixin.py:151} INFO - [2025-07-16T01:51:15.668-0700] {dag.py:2915} INFO - Sync 1 DAGs
[2025-07-16T01:51:15.678-0700] {logging_mixin.py:151} INFO - [2025-07-16T01:51:15.678-0700] {dag.py:3696} INFO - Setting next_dagrun for tutorial_dag to None, run_after=None
[2025-07-16T01:51:15.709-0700] {processor.py:179} INFO - Processing /Volumes/Personal Drive/GitHub/gdpr-ccpa-risk-pipeline/venv/lib/python3.11/site-packages/airflow/example_dags/tutorial_dag.py took 0.337 seconds
[2025-07-16T01:53:18.216-0700] {processor.py:157} INFO - Started process (PID=85081) to work on /Volumes/Personal Drive/GitHub/gdpr-ccpa-risk-pipeline/venv/lib/python3.11/site-packages/airflow/example_dags/tutorial_dag.py
[2025-07-16T01:53:18.218-0700] {processor.py:829} INFO - Processing file /Volumes/Personal Drive/GitHub/gdpr-ccpa-risk-pipeline/venv/lib/python3.11/site-packages/airflow/example_dags/tutorial_dag.py for tasks to queue
[2025-07-16T01:53:18.221-0700] {logging_mixin.py:151} INFO - [2025-07-16T01:53:18.221-0700] {dagbag.py:539} INFO - Filling up the DagBag from /Volumes/Personal Drive/GitHub/gdpr-ccpa-risk-pipeline/venv/lib/python3.11/site-packages/airflow/example_dags/tutorial_dag.py
[2025-07-16T01:53:18.277-0700] {processor.py:839} INFO - DAG(s) dict_keys(['tutorial_dag']) retrieved from /Volumes/Personal Drive/GitHub/gdpr-ccpa-risk-pipeline/venv/lib/python3.11/site-packages/airflow/example_dags/tutorial_dag.py
[2025-07-16T01:53:18.460-0700] {logging_mixin.py:151} INFO - [2025-07-16T01:53:18.460-0700] {dag.py:2915} INFO - Sync 1 DAGs
[2025-07-16T01:53:18.468-0700] {logging_mixin.py:151} INFO - [2025-07-16T01:53:18.468-0700] {dag.py:3696} INFO - Setting next_dagrun for tutorial_dag to None, run_after=None
[2025-07-16T01:53:18.496-0700] {processor.py:179} INFO - Processing /Volumes/Personal Drive/GitHub/gdpr-ccpa-risk-pipeline/venv/lib/python3.11/site-packages/airflow/example_dags/tutorial_dag.py took 0.285 seconds
[2025-07-16T01:55:20.563-0700] {processor.py:157} INFO - Started process (PID=85182) to work on /Volumes/Personal Drive/GitHub/gdpr-ccpa-risk-pipeline/venv/lib/python3.11/site-packages/airflow/example_dags/tutorial_dag.py
[2025-07-16T01:55:20.567-0700] {processor.py:829} INFO - Processing file /Volumes/Personal Drive/GitHub/gdpr-ccpa-risk-pipeline/venv/lib/python3.11/site-packages/airflow/example_dags/tutorial_dag.py for tasks to queue
[2025-07-16T01:55:20.570-0700] {logging_mixin.py:151} INFO - [2025-07-16T01:55:20.568-0700] {dagbag.py:539} INFO - Filling up the DagBag from /Volumes/Personal Drive/GitHub/gdpr-ccpa-risk-pipeline/venv/lib/python3.11/site-packages/airflow/example_dags/tutorial_dag.py
[2025-07-16T01:55:20.634-0700] {processor.py:839} INFO - DAG(s) dict_keys(['tutorial_dag']) retrieved from /Volumes/Personal Drive/GitHub/gdpr-ccpa-risk-pipeline/venv/lib/python3.11/site-packages/airflow/example_dags/tutorial_dag.py
[2025-07-16T01:55:20.826-0700] {logging_mixin.py:151} INFO - [2025-07-16T01:55:20.826-0700] {dag.py:2915} INFO - Sync 1 DAGs
[2025-07-16T01:55:20.906-0700] {logging_mixin.py:151} INFO - [2025-07-16T01:55:20.901-0700] {dag.py:3696} INFO - Setting next_dagrun for tutorial_dag to None, run_after=None
[2025-07-16T01:55:21.095-0700] {processor.py:179} INFO - Processing /Volumes/Personal Drive/GitHub/gdpr-ccpa-risk-pipeline/venv/lib/python3.11/site-packages/airflow/example_dags/tutorial_dag.py took 0.555 seconds
[2025-07-16T01:57:49.750-0700] {processor.py:157} INFO - Started process (PID=85304) to work on /Volumes/Personal Drive/GitHub/gdpr-ccpa-risk-pipeline/venv/lib/python3.11/site-packages/airflow/example_dags/tutorial_dag.py
[2025-07-16T01:57:49.757-0700] {processor.py:829} INFO - Processing file /Volumes/Personal Drive/GitHub/gdpr-ccpa-risk-pipeline/venv/lib/python3.11/site-packages/airflow/example_dags/tutorial_dag.py for tasks to queue
[2025-07-16T01:57:49.758-0700] {logging_mixin.py:151} INFO - [2025-07-16T01:57:49.758-0700] {dagbag.py:539} INFO - Filling up the DagBag from /Volumes/Personal Drive/GitHub/gdpr-ccpa-risk-pipeline/venv/lib/python3.11/site-packages/airflow/example_dags/tutorial_dag.py
[2025-07-16T01:57:49.811-0700] {processor.py:839} INFO - DAG(s) dict_keys(['tutorial_dag']) retrieved from /Volumes/Personal Drive/GitHub/gdpr-ccpa-risk-pipeline/venv/lib/python3.11/site-packages/airflow/example_dags/tutorial_dag.py
[2025-07-16T01:57:50.009-0700] {logging_mixin.py:151} INFO - [2025-07-16T01:57:50.009-0700] {dag.py:2915} INFO - Sync 1 DAGs
[2025-07-16T01:57:50.018-0700] {logging_mixin.py:151} INFO - [2025-07-16T01:57:50.018-0700] {dag.py:3696} INFO - Setting next_dagrun for tutorial_dag to None, run_after=None
[2025-07-16T01:57:50.063-0700] {processor.py:179} INFO - Processing /Volumes/Personal Drive/GitHub/gdpr-ccpa-risk-pipeline/venv/lib/python3.11/site-packages/airflow/example_dags/tutorial_dag.py took 0.313 seconds
[2025-07-16T02:00:48.354-0700] {processor.py:157} INFO - Started process (PID=85443) to work on /Volumes/Personal Drive/GitHub/gdpr-ccpa-risk-pipeline/venv/lib/python3.11/site-packages/airflow/example_dags/tutorial_dag.py
[2025-07-16T02:00:48.356-0700] {processor.py:829} INFO - Processing file /Volumes/Personal Drive/GitHub/gdpr-ccpa-risk-pipeline/venv/lib/python3.11/site-packages/airflow/example_dags/tutorial_dag.py for tasks to queue
[2025-07-16T02:00:48.356-0700] {logging_mixin.py:151} INFO - [2025-07-16T02:00:48.356-0700] {dagbag.py:539} INFO - Filling up the DagBag from /Volumes/Personal Drive/GitHub/gdpr-ccpa-risk-pipeline/venv/lib/python3.11/site-packages/airflow/example_dags/tutorial_dag.py
[2025-07-16T02:00:48.426-0700] {processor.py:839} INFO - DAG(s) dict_keys(['tutorial_dag']) retrieved from /Volumes/Personal Drive/GitHub/gdpr-ccpa-risk-pipeline/venv/lib/python3.11/site-packages/airflow/example_dags/tutorial_dag.py
[2025-07-16T02:00:48.674-0700] {logging_mixin.py:151} INFO - [2025-07-16T02:00:48.674-0700] {dag.py:2915} INFO - Sync 1 DAGs
[2025-07-16T02:00:48.684-0700] {logging_mixin.py:151} INFO - [2025-07-16T02:00:48.684-0700] {dag.py:3696} INFO - Setting next_dagrun for tutorial_dag to None, run_after=None
[2025-07-16T02:00:48.714-0700] {processor.py:179} INFO - Processing /Volumes/Personal Drive/GitHub/gdpr-ccpa-risk-pipeline/venv/lib/python3.11/site-packages/airflow/example_dags/tutorial_dag.py took 0.361 seconds
