[2025-07-16T01:46:11.270-0700] {processor.py:157} INFO - Started process (PID=84752) to work on /Volumes/Personal Drive/GitHub/gdpr-ccpa-risk-pipeline/venv/lib/python3.11/site-packages/airflow/example_dags/plugins/event_listener.py
[2025-07-16T01:46:11.271-0700] {processor.py:829} INFO - Processing file /Volumes/Personal Drive/GitHub/gdpr-ccpa-risk-pipeline/venv/lib/python3.11/site-packages/airflow/example_dags/plugins/event_listener.py for tasks to queue
[2025-07-16T01:46:11.274-0700] {logging_mixin.py:151} INFO - [2025-07-16T01:46:11.274-0700] {dagbag.py:539} INFO - Filling up the DagBag from /Volumes/Personal Drive/GitHub/gdpr-ccpa-risk-pipeline/venv/lib/python3.11/site-packages/airflow/example_dags/plugins/event_listener.py
[2025-07-16T01:46:11.276-0700] {processor.py:841} WARNING - No viable dags retrieved from /Volumes/Personal Drive/GitHub/gdpr-ccpa-risk-pipeline/venv/lib/python3.11/site-packages/airflow/example_dags/plugins/event_listener.py
[2025-07-16T01:46:11.445-0700] {processor.py:179} INFO - Processing /Volumes/Personal Drive/GitHub/gdpr-ccpa-risk-pipeline/venv/lib/python3.11/site-packages/airflow/example_dags/plugins/event_listener.py took 0.177 seconds
[2025-07-16T01:49:06.634-0700] {processor.py:157} INFO - Started process (PID=84886) to work on /Volumes/Personal Drive/GitHub/gdpr-ccpa-risk-pipeline/venv/lib/python3.11/site-packages/airflow/example_dags/plugins/event_listener.py
[2025-07-16T01:49:06.639-0700] {processor.py:829} INFO - Processing file /Volumes/Personal Drive/GitHub/gdpr-ccpa-risk-pipeline/venv/lib/python3.11/site-packages/airflow/example_dags/plugins/event_listener.py for tasks to queue
[2025-07-16T01:49:06.640-0700] {logging_mixin.py:151} INFO - [2025-07-16T01:49:06.640-0700] {dagbag.py:539} INFO - Filling up the DagBag from /Volumes/Personal Drive/GitHub/gdpr-ccpa-risk-pipeline/venv/lib/python3.11/site-packages/airflow/example_dags/plugins/event_listener.py
[2025-07-16T01:49:06.641-0700] {processor.py:841} WARNING - No viable dags retrieved from /Volumes/Personal Drive/GitHub/gdpr-ccpa-risk-pipeline/venv/lib/python3.11/site-packages/airflow/example_dags/plugins/event_listener.py
[2025-07-16T01:49:06.774-0700] {processor.py:179} INFO - Processing /Volumes/Personal Drive/GitHub/gdpr-ccpa-risk-pipeline/venv/lib/python3.11/site-packages/airflow/example_dags/plugins/event_listener.py took 0.143 seconds
[2025-07-16T01:50:58.846-0700] {processor.py:157} INFO - Started process (PID=84974) to work on /Volumes/Personal Drive/GitHub/gdpr-ccpa-risk-pipeline/venv/lib/python3.11/site-packages/airflow/example_dags/plugins/event_listener.py
[2025-07-16T01:50:58.853-0700] {processor.py:829} INFO - Processing file /Volumes/Personal Drive/GitHub/gdpr-ccpa-risk-pipeline/venv/lib/python3.11/site-packages/airflow/example_dags/plugins/event_listener.py for tasks to queue
[2025-07-16T01:50:58.855-0700] {logging_mixin.py:151} INFO - [2025-07-16T01:50:58.854-0700] {dagbag.py:539} INFO - Filling up the DagBag from /Volumes/Personal Drive/GitHub/gdpr-ccpa-risk-pipeline/venv/lib/python3.11/site-packages/airflow/example_dags/plugins/event_listener.py
[2025-07-16T01:50:58.856-0700] {processor.py:841} WARNING - No viable dags retrieved from /Volumes/Personal Drive/GitHub/gdpr-ccpa-risk-pipeline/venv/lib/python3.11/site-packages/airflow/example_dags/plugins/event_listener.py
[2025-07-16T01:50:59.005-0700] {processor.py:179} INFO - Processing /Volumes/Personal Drive/GitHub/gdpr-ccpa-risk-pipeline/venv/lib/python3.11/site-packages/airflow/example_dags/plugins/event_listener.py took 0.160 seconds
[2025-07-16T01:53:08.682-0700] {processor.py:157} INFO - Started process (PID=85071) to work on /Volumes/Personal Drive/GitHub/gdpr-ccpa-risk-pipeline/venv/lib/python3.11/site-packages/airflow/example_dags/plugins/event_listener.py
[2025-07-16T01:53:08.684-0700] {processor.py:829} INFO - Processing file /Volumes/Personal Drive/GitHub/gdpr-ccpa-risk-pipeline/venv/lib/python3.11/site-packages/airflow/example_dags/plugins/event_listener.py for tasks to queue
[2025-07-16T01:53:08.684-0700] {logging_mixin.py:151} INFO - [2025-07-16T01:53:08.684-0700] {dagbag.py:539} INFO - Filling up the DagBag from /Volumes/Personal Drive/GitHub/gdpr-ccpa-risk-pipeline/venv/lib/python3.11/site-packages/airflow/example_dags/plugins/event_listener.py
[2025-07-16T01:53:08.688-0700] {processor.py:841} WARNING - No viable dags retrieved from /Volumes/Personal Drive/GitHub/gdpr-ccpa-risk-pipeline/venv/lib/python3.11/site-packages/airflow/example_dags/plugins/event_listener.py
[2025-07-16T01:53:08.873-0700] {processor.py:179} INFO - Processing /Volumes/Personal Drive/GitHub/gdpr-ccpa-risk-pipeline/venv/lib/python3.11/site-packages/airflow/example_dags/plugins/event_listener.py took 0.192 seconds
[2025-07-16T01:55:09.694-0700] {processor.py:157} INFO - Started process (PID=85179) to work on /Volumes/Personal Drive/GitHub/gdpr-ccpa-risk-pipeline/venv/lib/python3.11/site-packages/airflow/example_dags/plugins/event_listener.py
[2025-07-16T01:55:09.696-0700] {processor.py:829} INFO - Processing file /Volumes/Personal Drive/GitHub/gdpr-ccpa-risk-pipeline/venv/lib/python3.11/site-packages/airflow/example_dags/plugins/event_listener.py for tasks to queue
[2025-07-16T01:55:09.697-0700] {logging_mixin.py:151} INFO - [2025-07-16T01:55:09.696-0700] {dagbag.py:539} INFO - Filling up the DagBag from /Volumes/Personal Drive/GitHub/gdpr-ccpa-risk-pipeline/venv/lib/python3.11/site-packages/airflow/example_dags/plugins/event_listener.py
[2025-07-16T01:55:09.698-0700] {processor.py:841} WARNING - No viable dags retrieved from /Volumes/Personal Drive/GitHub/gdpr-ccpa-risk-pipeline/venv/lib/python3.11/site-packages/airflow/example_dags/plugins/event_listener.py
[2025-07-16T01:55:09.886-0700] {processor.py:179} INFO - Processing /Volumes/Personal Drive/GitHub/gdpr-ccpa-risk-pipeline/venv/lib/python3.11/site-packages/airflow/example_dags/plugins/event_listener.py took 0.193 seconds
[2025-07-16T01:57:38.147-0700] {processor.py:157} INFO - Started process (PID=85294) to work on /Volumes/Personal Drive/GitHub/gdpr-ccpa-risk-pipeline/venv/lib/python3.11/site-packages/airflow/example_dags/plugins/event_listener.py
[2025-07-16T01:57:38.161-0700] {processor.py:829} INFO - Processing file /Volumes/Personal Drive/GitHub/gdpr-ccpa-risk-pipeline/venv/lib/python3.11/site-packages/airflow/example_dags/plugins/event_listener.py for tasks to queue
[2025-07-16T01:57:38.163-0700] {logging_mixin.py:151} INFO - [2025-07-16T01:57:38.163-0700] {dagbag.py:539} INFO - Filling up the DagBag from /Volumes/Personal Drive/GitHub/gdpr-ccpa-risk-pipeline/venv/lib/python3.11/site-packages/airflow/example_dags/plugins/event_listener.py
[2025-07-16T01:57:38.164-0700] {processor.py:841} WARNING - No viable dags retrieved from /Volumes/Personal Drive/GitHub/gdpr-ccpa-risk-pipeline/venv/lib/python3.11/site-packages/airflow/example_dags/plugins/event_listener.py
[2025-07-16T01:57:38.322-0700] {processor.py:179} INFO - Processing /Volumes/Personal Drive/GitHub/gdpr-ccpa-risk-pipeline/venv/lib/python3.11/site-packages/airflow/example_dags/plugins/event_listener.py took 0.175 seconds
[2025-07-16T02:00:36.128-0700] {processor.py:157} INFO - Started process (PID=85433) to work on /Volumes/Personal Drive/GitHub/gdpr-ccpa-risk-pipeline/venv/lib/python3.11/site-packages/airflow/example_dags/plugins/event_listener.py
[2025-07-16T02:00:36.133-0700] {processor.py:829} INFO - Processing file /Volumes/Personal Drive/GitHub/gdpr-ccpa-risk-pipeline/venv/lib/python3.11/site-packages/airflow/example_dags/plugins/event_listener.py for tasks to queue
[2025-07-16T02:00:36.134-0700] {logging_mixin.py:151} INFO - [2025-07-16T02:00:36.134-0700] {dagbag.py:539} INFO - Filling up the DagBag from /Volumes/Personal Drive/GitHub/gdpr-ccpa-risk-pipeline/venv/lib/python3.11/site-packages/airflow/example_dags/plugins/event_listener.py
[2025-07-16T02:00:36.136-0700] {processor.py:841} WARNING - No viable dags retrieved from /Volumes/Personal Drive/GitHub/gdpr-ccpa-risk-pipeline/venv/lib/python3.11/site-packages/airflow/example_dags/plugins/event_listener.py
[2025-07-16T02:00:36.557-0700] {processor.py:179} INFO - Processing /Volumes/Personal Drive/GitHub/gdpr-ccpa-risk-pipeline/venv/lib/python3.11/site-packages/airflow/example_dags/plugins/event_listener.py took 0.432 seconds
[2025-07-16T02:03:00.492-0700] {processor.py:157} INFO - Started process (PID=85542) to work on /Volumes/Personal Drive/GitHub/gdpr-ccpa-risk-pipeline/venv/lib/python3.11/site-packages/airflow/example_dags/plugins/event_listener.py
[2025-07-16T02:03:00.505-0700] {processor.py:829} INFO - Processing file /Volumes/Personal Drive/GitHub/gdpr-ccpa-risk-pipeline/venv/lib/python3.11/site-packages/airflow/example_dags/plugins/event_listener.py for tasks to queue
[2025-07-16T02:03:00.508-0700] {logging_mixin.py:151} INFO - [2025-07-16T02:03:00.508-0700] {dagbag.py:539} INFO - Filling up the DagBag from /Volumes/Personal Drive/GitHub/gdpr-ccpa-risk-pipeline/venv/lib/python3.11/site-packages/airflow/example_dags/plugins/event_listener.py
[2025-07-16T02:03:00.509-0700] {processor.py:841} WARNING - No viable dags retrieved from /Volumes/Personal Drive/GitHub/gdpr-ccpa-risk-pipeline/venv/lib/python3.11/site-packages/airflow/example_dags/plugins/event_listener.py
[2025-07-16T02:03:00.665-0700] {processor.py:179} INFO - Processing /Volumes/Personal Drive/GitHub/gdpr-ccpa-risk-pipeline/venv/lib/python3.11/site-packages/airflow/example_dags/plugins/event_listener.py took 0.176 seconds
