[2025-07-16T01:46:08.578-0700] {processor.py:157} INFO - Started process (PID=84751) to work on /Volumes/Personal Drive/GitHub/gdpr-ccpa-risk-pipeline/venv/lib/python3.11/site-packages/airflow/example_dags/plugins/listener_plugin.py
[2025-07-16T01:46:08.580-0700] {processor.py:829} INFO - Processing file /Volumes/Personal Drive/GitHub/gdpr-ccpa-risk-pipeline/venv/lib/python3.11/site-packages/airflow/example_dags/plugins/listener_plugin.py for tasks to queue
[2025-07-16T01:46:08.582-0700] {logging_mixin.py:151} INFO - [2025-07-16T01:46:08.581-0700] {dagbag.py:539} INFO - Filling up the DagBag from /Volumes/Personal Drive/GitHub/gdpr-ccpa-risk-pipeline/venv/lib/python3.11/site-packages/airflow/example_dags/plugins/listener_plugin.py
[2025-07-16T01:46:08.590-0700] {processor.py:841} WARNING - No viable dags retrieved from /Volumes/Personal Drive/GitHub/gdpr-ccpa-risk-pipeline/venv/lib/python3.11/site-packages/airflow/example_dags/plugins/listener_plugin.py
[2025-07-16T01:46:08.730-0700] {processor.py:179} INFO - Processing /Volumes/Personal Drive/GitHub/gdpr-ccpa-risk-pipeline/venv/lib/python3.11/site-packages/airflow/example_dags/plugins/listener_plugin.py took 0.152 seconds
[2025-07-16T01:49:04.497-0700] {processor.py:157} INFO - Started process (PID=84885) to work on /Volumes/Personal Drive/GitHub/gdpr-ccpa-risk-pipeline/venv/lib/python3.11/site-packages/airflow/example_dags/plugins/listener_plugin.py
[2025-07-16T01:49:04.515-0700] {processor.py:829} INFO - Processing file /Volumes/Personal Drive/GitHub/gdpr-ccpa-risk-pipeline/venv/lib/python3.11/site-packages/airflow/example_dags/plugins/listener_plugin.py for tasks to queue
[2025-07-16T01:49:04.516-0700] {logging_mixin.py:151} INFO - [2025-07-16T01:49:04.516-0700] {dagbag.py:539} INFO - Filling up the DagBag from /Volumes/Personal Drive/GitHub/gdpr-ccpa-risk-pipeline/venv/lib/python3.11/site-packages/airflow/example_dags/plugins/listener_plugin.py
[2025-07-16T01:49:04.519-0700] {processor.py:841} WARNING - No viable dags retrieved from /Volumes/Personal Drive/GitHub/gdpr-ccpa-risk-pipeline/venv/lib/python3.11/site-packages/airflow/example_dags/plugins/listener_plugin.py
[2025-07-16T01:49:04.645-0700] {processor.py:179} INFO - Processing /Volumes/Personal Drive/GitHub/gdpr-ccpa-risk-pipeline/venv/lib/python3.11/site-packages/airflow/example_dags/plugins/listener_plugin.py took 0.151 seconds
[2025-07-16T01:50:56.589-0700] {processor.py:157} INFO - Started process (PID=84973) to work on /Volumes/Personal Drive/GitHub/gdpr-ccpa-risk-pipeline/venv/lib/python3.11/site-packages/airflow/example_dags/plugins/listener_plugin.py
[2025-07-16T01:50:56.590-0700] {processor.py:829} INFO - Processing file /Volumes/Personal Drive/GitHub/gdpr-ccpa-risk-pipeline/venv/lib/python3.11/site-packages/airflow/example_dags/plugins/listener_plugin.py for tasks to queue
[2025-07-16T01:50:56.591-0700] {logging_mixin.py:151} INFO - [2025-07-16T01:50:56.590-0700] {dagbag.py:539} INFO - Filling up the DagBag from /Volumes/Personal Drive/GitHub/gdpr-ccpa-risk-pipeline/venv/lib/python3.11/site-packages/airflow/example_dags/plugins/listener_plugin.py
[2025-07-16T01:50:56.604-0700] {processor.py:841} WARNING - No viable dags retrieved from /Volumes/Personal Drive/GitHub/gdpr-ccpa-risk-pipeline/venv/lib/python3.11/site-packages/airflow/example_dags/plugins/listener_plugin.py
[2025-07-16T01:50:56.755-0700] {processor.py:179} INFO - Processing /Volumes/Personal Drive/GitHub/gdpr-ccpa-risk-pipeline/venv/lib/python3.11/site-packages/airflow/example_dags/plugins/listener_plugin.py took 0.167 seconds
[2025-07-16T01:53:06.869-0700] {processor.py:157} INFO - Started process (PID=85070) to work on /Volumes/Personal Drive/GitHub/gdpr-ccpa-risk-pipeline/venv/lib/python3.11/site-packages/airflow/example_dags/plugins/listener_plugin.py
[2025-07-16T01:53:06.870-0700] {processor.py:829} INFO - Processing file /Volumes/Personal Drive/GitHub/gdpr-ccpa-risk-pipeline/venv/lib/python3.11/site-packages/airflow/example_dags/plugins/listener_plugin.py for tasks to queue
[2025-07-16T01:53:06.870-0700] {logging_mixin.py:151} INFO - [2025-07-16T01:53:06.870-0700] {dagbag.py:539} INFO - Filling up the DagBag from /Volumes/Personal Drive/GitHub/gdpr-ccpa-risk-pipeline/venv/lib/python3.11/site-packages/airflow/example_dags/plugins/listener_plugin.py
[2025-07-16T01:53:06.881-0700] {processor.py:841} WARNING - No viable dags retrieved from /Volumes/Personal Drive/GitHub/gdpr-ccpa-risk-pipeline/venv/lib/python3.11/site-packages/airflow/example_dags/plugins/listener_plugin.py
[2025-07-16T01:53:07.032-0700] {processor.py:179} INFO - Processing /Volumes/Personal Drive/GitHub/gdpr-ccpa-risk-pipeline/venv/lib/python3.11/site-packages/airflow/example_dags/plugins/listener_plugin.py took 0.167 seconds
[2025-07-16T01:55:06.333-0700] {processor.py:157} INFO - Started process (PID=85171) to work on /Volumes/Personal Drive/GitHub/gdpr-ccpa-risk-pipeline/venv/lib/python3.11/site-packages/airflow/example_dags/plugins/listener_plugin.py
[2025-07-16T01:55:06.335-0700] {processor.py:829} INFO - Processing file /Volumes/Personal Drive/GitHub/gdpr-ccpa-risk-pipeline/venv/lib/python3.11/site-packages/airflow/example_dags/plugins/listener_plugin.py for tasks to queue
[2025-07-16T01:55:06.339-0700] {logging_mixin.py:151} INFO - [2025-07-16T01:55:06.339-0700] {dagbag.py:539} INFO - Filling up the DagBag from /Volumes/Personal Drive/GitHub/gdpr-ccpa-risk-pipeline/venv/lib/python3.11/site-packages/airflow/example_dags/plugins/listener_plugin.py
[2025-07-16T01:55:06.358-0700] {processor.py:841} WARNING - No viable dags retrieved from /Volumes/Personal Drive/GitHub/gdpr-ccpa-risk-pipeline/venv/lib/python3.11/site-packages/airflow/example_dags/plugins/listener_plugin.py
[2025-07-16T01:55:06.669-0700] {processor.py:179} INFO - Processing /Volumes/Personal Drive/GitHub/gdpr-ccpa-risk-pipeline/venv/lib/python3.11/site-packages/airflow/example_dags/plugins/listener_plugin.py took 0.342 seconds
[2025-07-16T01:57:34.478-0700] {processor.py:157} INFO - Started process (PID=85293) to work on /Volumes/Personal Drive/GitHub/gdpr-ccpa-risk-pipeline/venv/lib/python3.11/site-packages/airflow/example_dags/plugins/listener_plugin.py
[2025-07-16T01:57:34.480-0700] {processor.py:829} INFO - Processing file /Volumes/Personal Drive/GitHub/gdpr-ccpa-risk-pipeline/venv/lib/python3.11/site-packages/airflow/example_dags/plugins/listener_plugin.py for tasks to queue
[2025-07-16T01:57:34.481-0700] {logging_mixin.py:151} INFO - [2025-07-16T01:57:34.481-0700] {dagbag.py:539} INFO - Filling up the DagBag from /Volumes/Personal Drive/GitHub/gdpr-ccpa-risk-pipeline/venv/lib/python3.11/site-packages/airflow/example_dags/plugins/listener_plugin.py
[2025-07-16T01:57:34.487-0700] {processor.py:841} WARNING - No viable dags retrieved from /Volumes/Personal Drive/GitHub/gdpr-ccpa-risk-pipeline/venv/lib/python3.11/site-packages/airflow/example_dags/plugins/listener_plugin.py
[2025-07-16T01:57:34.881-0700] {processor.py:179} INFO - Processing /Volumes/Personal Drive/GitHub/gdpr-ccpa-risk-pipeline/venv/lib/python3.11/site-packages/airflow/example_dags/plugins/listener_plugin.py took 0.412 seconds
[2025-07-16T02:00:30.944-0700] {processor.py:157} INFO - Started process (PID=85432) to work on /Volumes/Personal Drive/GitHub/gdpr-ccpa-risk-pipeline/venv/lib/python3.11/site-packages/airflow/example_dags/plugins/listener_plugin.py
[2025-07-16T02:00:30.952-0700] {processor.py:829} INFO - Processing file /Volumes/Personal Drive/GitHub/gdpr-ccpa-risk-pipeline/venv/lib/python3.11/site-packages/airflow/example_dags/plugins/listener_plugin.py for tasks to queue
[2025-07-16T02:00:30.952-0700] {logging_mixin.py:151} INFO - [2025-07-16T02:00:30.952-0700] {dagbag.py:539} INFO - Filling up the DagBag from /Volumes/Personal Drive/GitHub/gdpr-ccpa-risk-pipeline/venv/lib/python3.11/site-packages/airflow/example_dags/plugins/listener_plugin.py
[2025-07-16T02:00:30.960-0700] {processor.py:841} WARNING - No viable dags retrieved from /Volumes/Personal Drive/GitHub/gdpr-ccpa-risk-pipeline/venv/lib/python3.11/site-packages/airflow/example_dags/plugins/listener_plugin.py
[2025-07-16T02:00:31.319-0700] {processor.py:179} INFO - Processing /Volumes/Personal Drive/GitHub/gdpr-ccpa-risk-pipeline/venv/lib/python3.11/site-packages/airflow/example_dags/plugins/listener_plugin.py took 0.376 seconds
[2025-07-16T02:02:57.259-0700] {processor.py:157} INFO - Started process (PID=85541) to work on /Volumes/Personal Drive/GitHub/gdpr-ccpa-risk-pipeline/venv/lib/python3.11/site-packages/airflow/example_dags/plugins/listener_plugin.py
[2025-07-16T02:02:57.272-0700] {processor.py:829} INFO - Processing file /Volumes/Personal Drive/GitHub/gdpr-ccpa-risk-pipeline/venv/lib/python3.11/site-packages/airflow/example_dags/plugins/listener_plugin.py for tasks to queue
[2025-07-16T02:02:57.273-0700] {logging_mixin.py:151} INFO - [2025-07-16T02:02:57.273-0700] {dagbag.py:539} INFO - Filling up the DagBag from /Volumes/Personal Drive/GitHub/gdpr-ccpa-risk-pipeline/venv/lib/python3.11/site-packages/airflow/example_dags/plugins/listener_plugin.py
[2025-07-16T02:02:57.275-0700] {processor.py:841} WARNING - No viable dags retrieved from /Volumes/Personal Drive/GitHub/gdpr-ccpa-risk-pipeline/venv/lib/python3.11/site-packages/airflow/example_dags/plugins/listener_plugin.py
[2025-07-16T02:02:57.426-0700] {processor.py:179} INFO - Processing /Volumes/Personal Drive/GitHub/gdpr-ccpa-risk-pipeline/venv/lib/python3.11/site-packages/airflow/example_dags/plugins/listener_plugin.py took 0.167 seconds
