[2025-07-16T01:46:05.722-0700] {processor.py:157} INFO - Started process (PID=84750) to work on /Volumes/Personal Drive/GitHub/gdpr-ccpa-risk-pipeline/venv/lib/python3.11/site-packages/airflow/example_dags/plugins/workday.py
[2025-07-16T01:46:05.723-0700] {processor.py:829} INFO - Processing file /Volumes/Personal Drive/GitHub/gdpr-ccpa-risk-pipeline/venv/lib/python3.11/site-packages/airflow/example_dags/plugins/workday.py for tasks to queue
[2025-07-16T01:46:05.732-0700] {logging_mixin.py:151} INFO - [2025-07-16T01:46:05.732-0700] {dagbag.py:539} INFO - Filling up the DagBag from /Volumes/Personal Drive/GitHub/gdpr-ccpa-risk-pipeline/venv/lib/python3.11/site-packages/airflow/example_dags/plugins/workday.py
[2025-07-16T01:46:05.735-0700] {logging_mixin.py:151} INFO - [2025-07-16T01:46:05.735-0700] {workday.py:36} WARNING - Could not import pandas. Holidays will not be considered.
[2025-07-16T01:46:05.735-0700] {processor.py:841} WARNING - No viable dags retrieved from /Volumes/Personal Drive/GitHub/gdpr-ccpa-risk-pipeline/venv/lib/python3.11/site-packages/airflow/example_dags/plugins/workday.py
[2025-07-16T01:46:05.885-0700] {processor.py:179} INFO - Processing /Volumes/Personal Drive/GitHub/gdpr-ccpa-risk-pipeline/venv/lib/python3.11/site-packages/airflow/example_dags/plugins/workday.py took 0.170 seconds
[2025-07-16T01:49:01.753-0700] {processor.py:157} INFO - Started process (PID=84884) to work on /Volumes/Personal Drive/GitHub/gdpr-ccpa-risk-pipeline/venv/lib/python3.11/site-packages/airflow/example_dags/plugins/workday.py
[2025-07-16T01:49:01.759-0700] {processor.py:829} INFO - Processing file /Volumes/Personal Drive/GitHub/gdpr-ccpa-risk-pipeline/venv/lib/python3.11/site-packages/airflow/example_dags/plugins/workday.py for tasks to queue
[2025-07-16T01:49:01.760-0700] {logging_mixin.py:151} INFO - [2025-07-16T01:49:01.760-0700] {dagbag.py:539} INFO - Filling up the DagBag from /Volumes/Personal Drive/GitHub/gdpr-ccpa-risk-pipeline/venv/lib/python3.11/site-packages/airflow/example_dags/plugins/workday.py
[2025-07-16T01:49:01.764-0700] {logging_mixin.py:151} INFO - [2025-07-16T01:49:01.764-0700] {workday.py:36} WARNING - Could not import pandas. Holidays will not be considered.
[2025-07-16T01:49:01.764-0700] {processor.py:841} WARNING - No viable dags retrieved from /Volumes/Personal Drive/GitHub/gdpr-ccpa-risk-pipeline/venv/lib/python3.11/site-packages/airflow/example_dags/plugins/workday.py
[2025-07-16T01:49:01.915-0700] {processor.py:179} INFO - Processing /Volumes/Personal Drive/GitHub/gdpr-ccpa-risk-pipeline/venv/lib/python3.11/site-packages/airflow/example_dags/plugins/workday.py took 0.167 seconds
[2025-07-16T01:50:53.637-0700] {processor.py:157} INFO - Started process (PID=84972) to work on /Volumes/Personal Drive/GitHub/gdpr-ccpa-risk-pipeline/venv/lib/python3.11/site-packages/airflow/example_dags/plugins/workday.py
[2025-07-16T01:50:53.638-0700] {processor.py:829} INFO - Processing file /Volumes/Personal Drive/GitHub/gdpr-ccpa-risk-pipeline/venv/lib/python3.11/site-packages/airflow/example_dags/plugins/workday.py for tasks to queue
[2025-07-16T01:50:53.639-0700] {logging_mixin.py:151} INFO - [2025-07-16T01:50:53.638-0700] {dagbag.py:539} INFO - Filling up the DagBag from /Volumes/Personal Drive/GitHub/gdpr-ccpa-risk-pipeline/venv/lib/python3.11/site-packages/airflow/example_dags/plugins/workday.py
[2025-07-16T01:50:53.648-0700] {logging_mixin.py:151} INFO - [2025-07-16T01:50:53.648-0700] {workday.py:36} WARNING - Could not import pandas. Holidays will not be considered.
[2025-07-16T01:50:53.648-0700] {processor.py:841} WARNING - No viable dags retrieved from /Volumes/Personal Drive/GitHub/gdpr-ccpa-risk-pipeline/venv/lib/python3.11/site-packages/airflow/example_dags/plugins/workday.py
[2025-07-16T01:50:53.794-0700] {processor.py:179} INFO - Processing /Volumes/Personal Drive/GitHub/gdpr-ccpa-risk-pipeline/venv/lib/python3.11/site-packages/airflow/example_dags/plugins/workday.py took 0.162 seconds
[2025-07-16T01:53:04.744-0700] {processor.py:157} INFO - Started process (PID=85069) to work on /Volumes/Personal Drive/GitHub/gdpr-ccpa-risk-pipeline/venv/lib/python3.11/site-packages/airflow/example_dags/plugins/workday.py
[2025-07-16T01:53:04.744-0700] {processor.py:829} INFO - Processing file /Volumes/Personal Drive/GitHub/gdpr-ccpa-risk-pipeline/venv/lib/python3.11/site-packages/airflow/example_dags/plugins/workday.py for tasks to queue
[2025-07-16T01:53:04.745-0700] {logging_mixin.py:151} INFO - [2025-07-16T01:53:04.745-0700] {dagbag.py:539} INFO - Filling up the DagBag from /Volumes/Personal Drive/GitHub/gdpr-ccpa-risk-pipeline/venv/lib/python3.11/site-packages/airflow/example_dags/plugins/workday.py
[2025-07-16T01:53:04.747-0700] {logging_mixin.py:151} INFO - [2025-07-16T01:53:04.747-0700] {workday.py:36} WARNING - Could not import pandas. Holidays will not be considered.
[2025-07-16T01:53:04.747-0700] {processor.py:841} WARNING - No viable dags retrieved from /Volumes/Personal Drive/GitHub/gdpr-ccpa-risk-pipeline/venv/lib/python3.11/site-packages/airflow/example_dags/plugins/workday.py
[2025-07-16T01:53:04.874-0700] {processor.py:179} INFO - Processing /Volumes/Personal Drive/GitHub/gdpr-ccpa-risk-pipeline/venv/lib/python3.11/site-packages/airflow/example_dags/plugins/workday.py took 0.132 seconds
[2025-07-16T01:55:02.449-0700] {processor.py:157} INFO - Started process (PID=85170) to work on /Volumes/Personal Drive/GitHub/gdpr-ccpa-risk-pipeline/venv/lib/python3.11/site-packages/airflow/example_dags/plugins/workday.py
[2025-07-16T01:55:02.466-0700] {processor.py:829} INFO - Processing file /Volumes/Personal Drive/GitHub/gdpr-ccpa-risk-pipeline/venv/lib/python3.11/site-packages/airflow/example_dags/plugins/workday.py for tasks to queue
[2025-07-16T01:55:02.467-0700] {logging_mixin.py:151} INFO - [2025-07-16T01:55:02.467-0700] {dagbag.py:539} INFO - Filling up the DagBag from /Volumes/Personal Drive/GitHub/gdpr-ccpa-risk-pipeline/venv/lib/python3.11/site-packages/airflow/example_dags/plugins/workday.py
[2025-07-16T01:55:02.470-0700] {logging_mixin.py:151} INFO - [2025-07-16T01:55:02.470-0700] {workday.py:36} WARNING - Could not import pandas. Holidays will not be considered.
[2025-07-16T01:55:02.471-0700] {processor.py:841} WARNING - No viable dags retrieved from /Volumes/Personal Drive/GitHub/gdpr-ccpa-risk-pipeline/venv/lib/python3.11/site-packages/airflow/example_dags/plugins/workday.py
[2025-07-16T01:55:02.705-0700] {processor.py:179} INFO - Processing /Volumes/Personal Drive/GitHub/gdpr-ccpa-risk-pipeline/venv/lib/python3.11/site-packages/airflow/example_dags/plugins/workday.py took 0.257 seconds
[2025-07-16T01:57:30.161-0700] {processor.py:157} INFO - Started process (PID=85285) to work on /Volumes/Personal Drive/GitHub/gdpr-ccpa-risk-pipeline/venv/lib/python3.11/site-packages/airflow/example_dags/plugins/workday.py
[2025-07-16T01:57:30.166-0700] {processor.py:829} INFO - Processing file /Volumes/Personal Drive/GitHub/gdpr-ccpa-risk-pipeline/venv/lib/python3.11/site-packages/airflow/example_dags/plugins/workday.py for tasks to queue
[2025-07-16T01:57:30.169-0700] {logging_mixin.py:151} INFO - [2025-07-16T01:57:30.168-0700] {dagbag.py:539} INFO - Filling up the DagBag from /Volumes/Personal Drive/GitHub/gdpr-ccpa-risk-pipeline/venv/lib/python3.11/site-packages/airflow/example_dags/plugins/workday.py
[2025-07-16T01:57:30.179-0700] {logging_mixin.py:151} INFO - [2025-07-16T01:57:30.178-0700] {workday.py:36} WARNING - Could not import pandas. Holidays will not be considered.
[2025-07-16T01:57:30.179-0700] {processor.py:841} WARNING - No viable dags retrieved from /Volumes/Personal Drive/GitHub/gdpr-ccpa-risk-pipeline/venv/lib/python3.11/site-packages/airflow/example_dags/plugins/workday.py
[2025-07-16T01:57:30.568-0700] {processor.py:179} INFO - Processing /Volumes/Personal Drive/GitHub/gdpr-ccpa-risk-pipeline/venv/lib/python3.11/site-packages/airflow/example_dags/plugins/workday.py took 0.424 seconds
[2025-07-16T02:00:25.029-0700] {processor.py:157} INFO - Started process (PID=85418) to work on /Volumes/Personal Drive/GitHub/gdpr-ccpa-risk-pipeline/venv/lib/python3.11/site-packages/airflow/example_dags/plugins/workday.py
[2025-07-16T02:00:25.043-0700] {processor.py:829} INFO - Processing file /Volumes/Personal Drive/GitHub/gdpr-ccpa-risk-pipeline/venv/lib/python3.11/site-packages/airflow/example_dags/plugins/workday.py for tasks to queue
[2025-07-16T02:00:25.043-0700] {logging_mixin.py:151} INFO - [2025-07-16T02:00:25.043-0700] {dagbag.py:539} INFO - Filling up the DagBag from /Volumes/Personal Drive/GitHub/gdpr-ccpa-risk-pipeline/venv/lib/python3.11/site-packages/airflow/example_dags/plugins/workday.py
[2025-07-16T02:00:25.045-0700] {logging_mixin.py:151} INFO - [2025-07-16T02:00:25.045-0700] {workday.py:36} WARNING - Could not import pandas. Holidays will not be considered.
[2025-07-16T02:00:25.045-0700] {processor.py:841} WARNING - No viable dags retrieved from /Volumes/Personal Drive/GitHub/gdpr-ccpa-risk-pipeline/venv/lib/python3.11/site-packages/airflow/example_dags/plugins/workday.py
[2025-07-16T02:00:26.099-0700] {processor.py:179} INFO - Processing /Volumes/Personal Drive/GitHub/gdpr-ccpa-risk-pipeline/venv/lib/python3.11/site-packages/airflow/example_dags/plugins/workday.py took 1.072 seconds
[2025-07-16T02:02:54.878-0700] {processor.py:157} INFO - Started process (PID=85540) to work on /Volumes/Personal Drive/GitHub/gdpr-ccpa-risk-pipeline/venv/lib/python3.11/site-packages/airflow/example_dags/plugins/workday.py
[2025-07-16T02:02:54.887-0700] {processor.py:829} INFO - Processing file /Volumes/Personal Drive/GitHub/gdpr-ccpa-risk-pipeline/venv/lib/python3.11/site-packages/airflow/example_dags/plugins/workday.py for tasks to queue
[2025-07-16T02:02:54.888-0700] {logging_mixin.py:151} INFO - [2025-07-16T02:02:54.887-0700] {dagbag.py:539} INFO - Filling up the DagBag from /Volumes/Personal Drive/GitHub/gdpr-ccpa-risk-pipeline/venv/lib/python3.11/site-packages/airflow/example_dags/plugins/workday.py
[2025-07-16T02:02:54.888-0700] {logging_mixin.py:151} INFO - [2025-07-16T02:02:54.888-0700] {workday.py:36} WARNING - Could not import pandas. Holidays will not be considered.
[2025-07-16T02:02:54.889-0700] {processor.py:841} WARNING - No viable dags retrieved from /Volumes/Personal Drive/GitHub/gdpr-ccpa-risk-pipeline/venv/lib/python3.11/site-packages/airflow/example_dags/plugins/workday.py
[2025-07-16T02:02:55.076-0700] {processor.py:179} INFO - Processing /Volumes/Personal Drive/GitHub/gdpr-ccpa-risk-pipeline/venv/lib/python3.11/site-packages/airflow/example_dags/plugins/workday.py took 0.198 seconds
